<?xml version="1.0" encoding="UTF-8"?>
<testsuite xmlns:xsi="http://www.w3.org/2001/XMLSchema-instance" xsi:noNamespaceSchemaLocation="https://maven.apache.org/surefire/maven-surefire-plugin/xsd/surefire-test-report-3.0.xsd" version="3.0" name="TestSuite" time="331.63" tests="8" errors="0" skipped="0" failures="3">
  <properties>
    <property name="sun.desktop" value="windows"/>
    <property name="awt.toolkit" value="sun.awt.windows.WToolkit"/>
    <property name="file.encoding.pkg" value="sun.io"/>
    <property name="java.specification.version" value="1.8"/>
    <property name="sun.cpu.isalist" value="amd64"/>
    <property name="sun.jnu.encoding" value="Cp1252"/>
    <property name="java.class.path" value="C:\Users\John Mumo\Desktop\Agencify_App\Agencify_App_Test\target\test-classes;C:\Users\John Mumo\Desktop\Agencify_App\Agencify_App_Test\target\classes;C:\Users\John Mumo\.m2\repository\junit\junit\4.11\junit-4.11.jar;C:\Users\John Mumo\.m2\repository\org\hamcrest\hamcrest-core\1.3\hamcrest-core-1.3.jar;C:\Users\John Mumo\.m2\repository\io\appium\java-client\7.5.1\java-client-7.5.1.jar;C:\Users\John Mumo\.m2\repository\org\seleniumhq\selenium\selenium-support\3.141.59\selenium-support-3.141.59.jar;C:\Users\John Mumo\.m2\repository\org\seleniumhq\selenium\selenium-api\3.141.59\selenium-api-3.141.59.jar;C:\Users\John Mumo\.m2\repository\com\google\code\gson\gson\2.8.6\gson-2.8.6.jar;C:\Users\John Mumo\.m2\repository\org\apache\httpcomponents\httpclient\4.5.13\httpclient-4.5.13.jar;C:\Users\John Mumo\.m2\repository\org\apache\httpcomponents\httpcore\4.4.13\httpcore-4.4.13.jar;C:\Users\John Mumo\.m2\repository\commons-codec\commons-codec\1.11\commons-codec-1.11.jar;C:\Users\John Mumo\.m2\repository\cglib\cglib\3.3.0\cglib-3.3.0.jar;C:\Users\John Mumo\.m2\repository\org\ow2\asm\asm\7.1\asm-7.1.jar;C:\Users\John Mumo\.m2\repository\commons-io\commons-io\2.8.0\commons-io-2.8.0.jar;C:\Users\John Mumo\.m2\repository\org\springframework\spring-context\5.3.4\spring-context-5.3.4.jar;C:\Users\John Mumo\.m2\repository\org\springframework\spring-aop\5.3.4\spring-aop-5.3.4.jar;C:\Users\John Mumo\.m2\repository\org\springframework\spring-beans\5.3.4\spring-beans-5.3.4.jar;C:\Users\John Mumo\.m2\repository\org\springframework\spring-core\5.3.4\spring-core-5.3.4.jar;C:\Users\John Mumo\.m2\repository\org\springframework\spring-jcl\5.3.4\spring-jcl-5.3.4.jar;C:\Users\John Mumo\.m2\repository\org\springframework\spring-expression\5.3.4\spring-expression-5.3.4.jar;C:\Users\John Mumo\.m2\repository\org\aspectj\aspectjweaver\1.9.6\aspectjweaver-1.9.6.jar;C:\Users\John Mumo\.m2\repository\org\seleniumhq\selenium\selenium-java\3.141.59\selenium-java-3.141.59.jar;C:\Users\John Mumo\.m2\repository\org\seleniumhq\selenium\selenium-chrome-driver\3.141.59\selenium-chrome-driver-3.141.59.jar;C:\Users\John Mumo\.m2\repository\org\seleniumhq\selenium\selenium-edge-driver\3.141.59\selenium-edge-driver-3.141.59.jar;C:\Users\John Mumo\.m2\repository\org\seleniumhq\selenium\selenium-firefox-driver\3.141.59\selenium-firefox-driver-3.141.59.jar;C:\Users\John Mumo\.m2\repository\org\seleniumhq\selenium\selenium-ie-driver\3.141.59\selenium-ie-driver-3.141.59.jar;C:\Users\John Mumo\.m2\repository\org\seleniumhq\selenium\selenium-opera-driver\3.141.59\selenium-opera-driver-3.141.59.jar;C:\Users\John Mumo\.m2\repository\org\seleniumhq\selenium\selenium-remote-driver\3.141.59\selenium-remote-driver-3.141.59.jar;C:\Users\John Mumo\.m2\repository\org\seleniumhq\selenium\selenium-safari-driver\3.141.59\selenium-safari-driver-3.141.59.jar;C:\Users\John Mumo\.m2\repository\net\bytebuddy\byte-buddy\1.8.15\byte-buddy-1.8.15.jar;C:\Users\John Mumo\.m2\repository\org\apache\commons\commons-exec\1.3\commons-exec-1.3.jar;C:\Users\John Mumo\.m2\repository\com\google\guava\guava\25.0-jre\guava-25.0-jre.jar;C:\Users\John Mumo\.m2\repository\com\google\code\findbugs\jsr305\1.3.9\jsr305-1.3.9.jar;C:\Users\John Mumo\.m2\repository\org\checkerframework\checker-compat-qual\2.0.0\checker-compat-qual-2.0.0.jar;C:\Users\John Mumo\.m2\repository\com\google\errorprone\error_prone_annotations\2.1.3\error_prone_annotations-2.1.3.jar;C:\Users\John Mumo\.m2\repository\com\google\j2objc\j2objc-annotations\1.1\j2objc-annotations-1.1.jar;C:\Users\John Mumo\.m2\repository\org\codehaus\mojo\animal-sniffer-annotations\1.14\animal-sniffer-annotations-1.14.jar;C:\Users\John Mumo\.m2\repository\com\squareup\okhttp3\okhttp\3.11.0\okhttp-3.11.0.jar;C:\Users\John Mumo\.m2\repository\com\squareup\okio\okio\1.14.0\okio-1.14.0.jar;C:\Users\John Mumo\.m2\repository\com\aventstack\extentreports\4.0.0\extentreports-4.0.0.jar;C:\Users\John Mumo\.m2\repository\org\freemarker\freemarker\2.3.23\freemarker-2.3.23.jar;C:\Users\John Mumo\.m2\repository\org\mongodb\mongodb-driver\3.3.0\mongodb-driver-3.3.0.jar;C:\Users\John Mumo\.m2\repository\org\mongodb\mongodb-driver-core\3.3.0\mongodb-driver-core-3.3.0.jar;C:\Users\John Mumo\.m2\repository\org\mongodb\bson\3.3.0\bson-3.3.0.jar;C:\Users\John Mumo\.m2\repository\org\apache\httpcomponents\httpmime\4.5.2\httpmime-4.5.2.jar;C:\Users\John Mumo\.m2\repository\org\testng\testng\6.14.3\testng-6.14.3.jar;C:\Users\John Mumo\.m2\repository\com\beust\jcommander\1.72\jcommander-1.72.jar;C:\Users\John Mumo\.m2\repository\org\apache-extras\beanshell\bsh\2.0b6\bsh-2.0b6.jar;C:\Users\John Mumo\.m2\repository\commons-validator\commons-validator\1.4.0\commons-validator-1.4.0.jar;C:\Users\John Mumo\.m2\repository\commons-beanutils\commons-beanutils\1.8.3\commons-beanutils-1.8.3.jar;C:\Users\John Mumo\.m2\repository\commons-digester\commons-digester\1.8\commons-digester-1.8.jar;C:\Users\John Mumo\.m2\repository\commons-logging\commons-logging\1.1.1\commons-logging-1.1.1.jar;C:\Users\John Mumo\.m2\repository\org\apache\directory\studio\org.apache.commons.io\2.4\org.apache.commons.io-2.4.jar;C:\Users\John Mumo\.m2\repository\org\slf4j\slf4j-api\1.7.28\slf4j-api-1.7.28.jar;C:\Users\John Mumo\.m2\repository\org\slf4j\slf4j-simple\1.7.30\slf4j-simple-1.7.30.jar;C:\Users\John Mumo\.m2\repository\org\apache\commons\commons-lang3\3.9\commons-lang3-3.9.jar;C:\Users\John Mumo\.m2\repository\org\jetbrains\annotations\22.0.0\annotations-22.0.0.jar;"/>
    <property name="java.vm.vendor" value="Oracle Corporation"/>
    <property name="sun.arch.data.model" value="64"/>
    <property name="user.variant" value=""/>
    <property name="java.vendor.url" value="http://java.oracle.com/"/>
    <property name="user.timezone" value="Africa/Nairobi"/>
    <property name="user.country.format" value="KE"/>
    <property name="java.vm.specification.version" value="1.8"/>
    <property name="os.name" value="Windows 10"/>
    <property name="user.country" value="US"/>
    <property name="sun.java.launcher" value="SUN_STANDARD"/>
    <property name="sun.boot.library.path" value="C:\Program Files\Java\jdk1.8.0_301\jre\bin"/>
    <property name="sun.java.command" value="C:\Users\John Mumo\AppData\Local\Temp\surefire2489880352699168887\surefirebooter6036014351661005166.jar C:\Users\John Mumo\AppData\Local\Temp\surefire2489880352699168887 2021-09-13T14-49-59_023-jvmRun1 surefire8909641930733970736tmp surefire_0817403550627849195tmp"/>
    <property name="surefire.test.class.path" value="C:\Users\John Mumo\Desktop\Agencify_App\Agencify_App_Test\target\test-classes;C:\Users\John Mumo\Desktop\Agencify_App\Agencify_App_Test\target\classes;C:\Users\John Mumo\.m2\repository\junit\junit\4.11\junit-4.11.jar;C:\Users\John Mumo\.m2\repository\org\hamcrest\hamcrest-core\1.3\hamcrest-core-1.3.jar;C:\Users\John Mumo\.m2\repository\io\appium\java-client\7.5.1\java-client-7.5.1.jar;C:\Users\John Mumo\.m2\repository\org\seleniumhq\selenium\selenium-support\3.141.59\selenium-support-3.141.59.jar;C:\Users\John Mumo\.m2\repository\org\seleniumhq\selenium\selenium-api\3.141.59\selenium-api-3.141.59.jar;C:\Users\John Mumo\.m2\repository\com\google\code\gson\gson\2.8.6\gson-2.8.6.jar;C:\Users\John Mumo\.m2\repository\org\apache\httpcomponents\httpclient\4.5.13\httpclient-4.5.13.jar;C:\Users\John Mumo\.m2\repository\org\apache\httpcomponents\httpcore\4.4.13\httpcore-4.4.13.jar;C:\Users\John Mumo\.m2\repository\commons-codec\commons-codec\1.11\commons-codec-1.11.jar;C:\Users\John Mumo\.m2\repository\cglib\cglib\3.3.0\cglib-3.3.0.jar;C:\Users\John Mumo\.m2\repository\org\ow2\asm\asm\7.1\asm-7.1.jar;C:\Users\John Mumo\.m2\repository\commons-io\commons-io\2.8.0\commons-io-2.8.0.jar;C:\Users\John Mumo\.m2\repository\org\springframework\spring-context\5.3.4\spring-context-5.3.4.jar;C:\Users\John Mumo\.m2\repository\org\springframework\spring-aop\5.3.4\spring-aop-5.3.4.jar;C:\Users\John Mumo\.m2\repository\org\springframework\spring-beans\5.3.4\spring-beans-5.3.4.jar;C:\Users\John Mumo\.m2\repository\org\springframework\spring-core\5.3.4\spring-core-5.3.4.jar;C:\Users\John Mumo\.m2\repository\org\springframework\spring-jcl\5.3.4\spring-jcl-5.3.4.jar;C:\Users\John Mumo\.m2\repository\org\springframework\spring-expression\5.3.4\spring-expression-5.3.4.jar;C:\Users\John Mumo\.m2\repository\org\aspectj\aspectjweaver\1.9.6\aspectjweaver-1.9.6.jar;C:\Users\John Mumo\.m2\repository\org\seleniumhq\selenium\selenium-java\3.141.59\selenium-java-3.141.59.jar;C:\Users\John Mumo\.m2\repository\org\seleniumhq\selenium\selenium-chrome-driver\3.141.59\selenium-chrome-driver-3.141.59.jar;C:\Users\John Mumo\.m2\repository\org\seleniumhq\selenium\selenium-edge-driver\3.141.59\selenium-edge-driver-3.141.59.jar;C:\Users\John Mumo\.m2\repository\org\seleniumhq\selenium\selenium-firefox-driver\3.141.59\selenium-firefox-driver-3.141.59.jar;C:\Users\John Mumo\.m2\repository\org\seleniumhq\selenium\selenium-ie-driver\3.141.59\selenium-ie-driver-3.141.59.jar;C:\Users\John Mumo\.m2\repository\org\seleniumhq\selenium\selenium-opera-driver\3.141.59\selenium-opera-driver-3.141.59.jar;C:\Users\John Mumo\.m2\repository\org\seleniumhq\selenium\selenium-remote-driver\3.141.59\selenium-remote-driver-3.141.59.jar;C:\Users\John Mumo\.m2\repository\org\seleniumhq\selenium\selenium-safari-driver\3.141.59\selenium-safari-driver-3.141.59.jar;C:\Users\John Mumo\.m2\repository\net\bytebuddy\byte-buddy\1.8.15\byte-buddy-1.8.15.jar;C:\Users\John Mumo\.m2\repository\org\apache\commons\commons-exec\1.3\commons-exec-1.3.jar;C:\Users\John Mumo\.m2\repository\com\google\guava\guava\25.0-jre\guava-25.0-jre.jar;C:\Users\John Mumo\.m2\repository\com\google\code\findbugs\jsr305\1.3.9\jsr305-1.3.9.jar;C:\Users\John Mumo\.m2\repository\org\checkerframework\checker-compat-qual\2.0.0\checker-compat-qual-2.0.0.jar;C:\Users\John Mumo\.m2\repository\com\google\errorprone\error_prone_annotations\2.1.3\error_prone_annotations-2.1.3.jar;C:\Users\John Mumo\.m2\repository\com\google\j2objc\j2objc-annotations\1.1\j2objc-annotations-1.1.jar;C:\Users\John Mumo\.m2\repository\org\codehaus\mojo\animal-sniffer-annotations\1.14\animal-sniffer-annotations-1.14.jar;C:\Users\John Mumo\.m2\repository\com\squareup\okhttp3\okhttp\3.11.0\okhttp-3.11.0.jar;C:\Users\John Mumo\.m2\repository\com\squareup\okio\okio\1.14.0\okio-1.14.0.jar;C:\Users\John Mumo\.m2\repository\com\aventstack\extentreports\4.0.0\extentreports-4.0.0.jar;C:\Users\John Mumo\.m2\repository\org\freemarker\freemarker\2.3.23\freemarker-2.3.23.jar;C:\Users\John Mumo\.m2\repository\org\mongodb\mongodb-driver\3.3.0\mongodb-driver-3.3.0.jar;C:\Users\John Mumo\.m2\repository\org\mongodb\mongodb-driver-core\3.3.0\mongodb-driver-core-3.3.0.jar;C:\Users\John Mumo\.m2\repository\org\mongodb\bson\3.3.0\bson-3.3.0.jar;C:\Users\John Mumo\.m2\repository\org\apache\httpcomponents\httpmime\4.5.2\httpmime-4.5.2.jar;C:\Users\John Mumo\.m2\repository\org\testng\testng\6.14.3\testng-6.14.3.jar;C:\Users\John Mumo\.m2\repository\com\beust\jcommander\1.72\jcommander-1.72.jar;C:\Users\John Mumo\.m2\repository\org\apache-extras\beanshell\bsh\2.0b6\bsh-2.0b6.jar;C:\Users\John Mumo\.m2\repository\commons-validator\commons-validator\1.4.0\commons-validator-1.4.0.jar;C:\Users\John Mumo\.m2\repository\commons-beanutils\commons-beanutils\1.8.3\commons-beanutils-1.8.3.jar;C:\Users\John Mumo\.m2\repository\commons-digester\commons-digester\1.8\commons-digester-1.8.jar;C:\Users\John Mumo\.m2\repository\commons-logging\commons-logging\1.1.1\commons-logging-1.1.1.jar;C:\Users\John Mumo\.m2\repository\org\apache\directory\studio\org.apache.commons.io\2.4\org.apache.commons.io-2.4.jar;C:\Users\John Mumo\.m2\repository\org\slf4j\slf4j-api\1.7.28\slf4j-api-1.7.28.jar;C:\Users\John Mumo\.m2\repository\org\slf4j\slf4j-simple\1.7.30\slf4j-simple-1.7.30.jar;C:\Users\John Mumo\.m2\repository\org\apache\commons\commons-lang3\3.9\commons-lang3-3.9.jar;C:\Users\John Mumo\.m2\repository\org\jetbrains\annotations\22.0.0\annotations-22.0.0.jar;"/>
    <property name="sun.cpu.endian" value="little"/>
    <property name="user.home" value="C:\Users\John Mumo"/>
    <property name="user.language" value="en"/>
    <property name="java.specification.vendor" value="Oracle Corporation"/>
    <property name="java.home" value="C:\Program Files\Java\jdk1.8.0_301\jre"/>
    <property name="basedir" value="C:\Users\John Mumo\Desktop\Agencify_App\Agencify_App_Test"/>
    <property name="file.separator" value="\"/>
    <property name="line.separator" value="&#10;"/>
    <property name="java.vm.specification.vendor" value="Oracle Corporation"/>
    <property name="java.specification.name" value="Java Platform API Specification"/>
    <property name="java.awt.graphicsenv" value="sun.awt.Win32GraphicsEnvironment"/>
    <property name="surefire.real.class.path" value="C:\Users\John Mumo\AppData\Local\Temp\surefire2489880352699168887\surefirebooter6036014351661005166.jar"/>
    <property name="sun.boot.class.path" value="C:\Program Files\Java\jdk1.8.0_301\jre\lib\resources.jar;C:\Program Files\Java\jdk1.8.0_301\jre\lib\rt.jar;C:\Program Files\Java\jdk1.8.0_301\jre\lib\sunrsasign.jar;C:\Program Files\Java\jdk1.8.0_301\jre\lib\jsse.jar;C:\Program Files\Java\jdk1.8.0_301\jre\lib\jce.jar;C:\Program Files\Java\jdk1.8.0_301\jre\lib\charsets.jar;C:\Program Files\Java\jdk1.8.0_301\jre\lib\jfr.jar;C:\Program Files\Java\jdk1.8.0_301\jre\classes"/>
    <property name="user.script" value=""/>
    <property name="sun.management.compiler" value="HotSpot 64-Bit Tiered Compilers"/>
    <property name="java.runtime.version" value="1.8.0_301-b09"/>
    <property name="user.name" value="John Mumo"/>
    <property name="path.separator" value=";"/>
    <property name="os.version" value="10.0"/>
    <property name="java.endorsed.dirs" value="C:\Program Files\Java\jdk1.8.0_301\jre\lib\endorsed"/>
    <property name="java.runtime.name" value="Java(TM) SE Runtime Environment"/>
    <property name="file.encoding" value="Cp1252"/>
    <property name="java.vm.name" value="Java HotSpot(TM) 64-Bit Server VM"/>
    <property name="localRepository" value="C:\Users\John Mumo\.m2\repository"/>
    <property name="java.vendor.url.bug" value="http://bugreport.sun.com/bugreport/"/>
    <property name="java.io.tmpdir" value="C:\Users\JOHNMU~1\AppData\Local\Temp\"/>
    <property name="java.version" value="1.8.0_301"/>
    <property name="user.dir" value="C:\Users\John Mumo\Desktop\Agencify_App\Agencify_App_Test"/>
    <property name="os.arch" value="amd64"/>
    <property name="java.vm.specification.name" value="Java Virtual Machine Specification"/>
    <property name="java.awt.printerjob" value="sun.awt.windows.WPrinterJob"/>
    <property name="sun.os.patch.level" value=""/>
    <property name="java.library.path" value="C:\Program Files\Java\jdk1.8.0_301\jre\bin;C:\Windows\Sun\Java\bin;C:\Windows\system32;C:\Windows;C:\Program Files (x86)\Common Files\Oracle\Java\javapath;C:\Python39\Scripts\;C:\Python39\;C:\Windows\system32;C:\Windows;C:\Windows\System32\Wbem;C:\Windows\System32\WindowsPowerShell\v1.0\;C:\Windows\System32\OpenSSH\;C:\Program Files\Git\cmd;C:\Program Files\nodejs\;C:\ProgramData\chocolatey\bin;C:\Program Files\nodejs\node_modules\npm\bin;C:\Users\John Mumo\AppData\Local\Android\Sdk\platform-tools;C:\Users\John Mumo\AppData\Local\Android\Sdk\tools\bin;C:\Users\John Mumo\AppData\Local\Android\Sdk\tools;C:\Program Files\Android\Android Studio\jre\bin;C:\Program Files (x86)\Common Files\Intuit\QBPOSSDKRuntime;C:\Program Files\apache-maven-3.8.2\bin;C:\Users\John Mumo\AppData\Local\Microsoft\WindowsApps;C:\Users\John Mumo\AppData\Roaming\npm;C:\Program Files\JetBrains\IntelliJ IDEA 2021.2.1\bin;;."/>
    <property name="java.vm.info" value="mixed mode"/>
    <property name="java.vendor" value="Oracle Corporation"/>
    <property name="java.vm.version" value="25.301-b09"/>
    <property name="java.ext.dirs" value="C:\Program Files\Java\jdk1.8.0_301\jre\lib\ext;C:\Windows\Sun\Java\lib\ext"/>
    <property name="sun.io.unicode.encoding" value="UnicodeLittle"/>
    <property name="java.class.version" value="52.0"/>
  </properties>
  <testcase name="Login" classname="Agencify.Login" time="42.903">
    <system-out><![CDATA[&amp#27;[35m[Appium]&amp#27;[39m Welcome to Appium v1.21.0
&amp#27;[35m[HTTP]&amp#27;[39m Could not start REST http interface listener. The requested port may already be in use. Please make sure there is no other instance of this server running already.
Fatal Error: listen EADDRINUSE: address already in use 0.0.0.0:4723
    at Server.setupListenHandle [as _listen2] (net.js:1320:16)
    at listenInCluster (net.js:1368:12)
    at doListen (net.js:1505:7)
    at processTicksAndRejections (internal/process/task_queues.js:83:21)
&amp#27;[35m[Appium]&amp#27;[39m Welcome to Appium v1.21.0
&amp#27;[35m[Appium]&amp#27;[39m Appium REST http interface listener started on 0.0.0.0:4723
[debug] &amp#27;[35m[HTTP]&amp#27;[39m Request idempotency key: a6d8baa4-b5ed-4fa7-92ad-4dc0b3bd998b
&amp#27;[35m[HTTP]&amp#27;[39m &amp#27;[37m-->&amp#27;[39m &amp#27;[37mPOST&amp#27;[39m &amp#27;[37m/wd/hub/session&amp#27;[39m
&amp#27;[35m[HTTP]&amp#27;[39m &amp#27;[90m{"desiredCapabilities":{"app":"C:\\Users\\John Mumo\\Desktop\\Agencify_App\\Agencify_App_Test\\src\\Agencify-universal-dev.apk","automationName":"uiautomator2","platformName":"Android","deviceName":"Android Device"},"capabilities":{"firstMatch":[{"appium:app":"C:\\Users\\John Mumo\\Desktop\\Agencify_App\\Agencify_App_Test\\src\\Agencify-universal-dev.apk","appium:automationName":"uiautomator2","appium:deviceName":"Android Device","platformName":"android"}]}}&amp#27;[39m
[debug] &amp#27;[35m[W3C]&amp#27;[39m Calling AppiumDriver.createSession() with args: [{"app":"C:\\Users\\John Mumo\\Desktop\\Agencify_App\\Agencify_App_Test\\src\\Agencify-universal-dev.apk","automationName":"uiautomator2","platformName":"Android","deviceName":"Android Device"},null,{"firstMatch":[{"appium:app":"C:\\Users\\John Mumo\\Desktop\\Agencify_App\\Agencify_App_Test\\src\\Agencify-universal-dev.apk","appium:automationName":"uiautomator2","appium:deviceName":"Android Device","platformName":"android"}]}]
[debug] &amp#27;[35m[BaseDriver]&amp#27;[39m Event 'newSessionRequested' logged at 1631533811486 (14:50:11 GMT+0300 (East Africa Time))
&amp#27;[35m[Appium]&amp#27;[39m Appium v1.21.0 creating new AndroidUiautomator2Driver (v1.65.0) session
[debug] &amp#27;[35m[BaseDriver]&amp#27;[39m W3C capabilities and MJSONWP desired capabilities were provided
[debug] &amp#27;[35m[BaseDriver]&amp#27;[39m Creating session with W3C capabilities: {
[debug] &amp#27;[35m[BaseDriver]&amp#27;[39m   "alwaysMatch": {
[debug] &amp#27;[35m[BaseDriver]&amp#27;[39m     "platformName": "android",
[debug] &amp#27;[35m[BaseDriver]&amp#27;[39m     "appium:app": "C:\\Users\\John Mumo\\Desktop\\Agencify_App\\Agencify_App_Test\\src\\Agencify-universal-dev.apk",
[debug] &amp#27;[35m[BaseDriver]&amp#27;[39m     "appium:automationName": "uiautomator2",
[debug] &amp#27;[35m[BaseDriver]&amp#27;[39m     "appium:deviceName": "Android Device"
[debug] &amp#27;[35m[BaseDriver]&amp#27;[39m   },
[debug] &amp#27;[35m[BaseDriver]&amp#27;[39m   "firstMatch": [
[debug] &amp#27;[35m[BaseDriver]&amp#27;[39m     {}
[debug] &amp#27;[35m[BaseDriver]&amp#27;[39m   ]
[debug] &amp#27;[35m[BaseDriver]&amp#27;[39m }
&amp#27;[35m[BaseDriver]&amp#27;[39m Session created with session id: 6d3c7c61-cbde-4799-be99-d7bef51c20db
&amp#27;[35m[BaseDriver]&amp#27;[39m Using local app 'C:\Users\John Mumo\Desktop\Agencify_App\Agencify_App_Test\src\Agencify-universal-dev.apk'
[debug] &amp#27;[35m[UiAutomator2]&amp#27;[39m Checking whether app is actually present
&amp#27;[35m[ADB]&amp#27;[39m Found 2 'build-tools' folders under 'C:\Users\John Mumo\AppData\Local\Android\Sdk' (newest first):
&amp#27;[35m[ADB]&amp#27;[39m     C:/Users/John Mumo/AppData/Local/Android/Sdk/build-tools/31.0.0
&amp#27;[35m[ADB]&amp#27;[39m     C:/Users/John Mumo/AppData/Local/Android/Sdk/build-tools/30.0.2
&amp#27;[35m[ADB]&amp#27;[39m Using 'adb.exe' from 'C:\Users\John Mumo\AppData\Local\Android\Sdk\platform-tools\adb.exe'
[debug] &amp#27;[35m[ADB]&amp#27;[39m Running 'C:\Users\John Mumo\AppData\Local\Android\Sdk\platform-tools\adb.exe -P 5037 start-server'
&amp#27;[35m[AndroidDriver]&amp#27;[39m Retrieving device list
[debug] &amp#27;[35m[ADB]&amp#27;[39m Trying to find a connected android device
[debug] &amp#27;[35m[ADB]&amp#27;[39m Getting connected devices
[debug] &amp#27;[35m[ADB]&amp#27;[39m Connected devices: [{"udid":"0329625863001980","state":"device"}]
&amp#27;[35m[AndroidDriver]&amp#27;[39m Using device: 0329625863001980
&amp#27;[35m[ADB]&amp#27;[39m Using 'adb.exe' from 'C:\Users\John Mumo\AppData\Local\Android\Sdk\platform-tools\adb.exe'
[debug] &amp#27;[35m[ADB]&amp#27;[39m Running 'C:\Users\John Mumo\AppData\Local\Android\Sdk\platform-tools\adb.exe -P 5037 start-server'
[debug] &amp#27;[35m[ADB]&amp#27;[39m Setting device id to 0329625863001980
[debug] &amp#27;[35m[ADB]&amp#27;[39m Running 'C:\Users\John Mumo\AppData\Local\Android\Sdk\platform-tools\adb.exe -P 5037 -s 0329625863001980 shell getprop ro.build.version.sdk'
[debug] &amp#27;[35m[ADB]&amp#27;[39m Current device property 'ro.build.version.sdk': 27
[debug] &amp#27;[35m[ADB]&amp#27;[39m Device API level: 27
[debug] &amp#27;[35m[AndroidDriver]&amp#27;[39m Parsing package and activity from app manifest
&amp#27;[35m[ADB]&amp#27;[39m Package name: 'com.turnkeyafrica.agencify'
&amp#27;[35m[ADB]&amp#27;[39m Main activity name: 'com.turnkeyafrica.agencify.ui.splash.Splash'
[debug] &amp#27;[35m[AndroidDriver]&amp#27;[39m Parsed package and activity are: com.turnkeyafrica.agencify/com.turnkeyafrica.agencify.ui.splash.Splash
[debug] &amp#27;[35m[ADB]&amp#27;[39m Running 'C:\Users\John Mumo\AppData\Local\Android\Sdk\platform-tools\adb.exe -P 5037 -s 0329625863001980 wait-for-device'
[debug] &amp#27;[35m[ADB]&amp#27;[39m Running 'C:\Users\John Mumo\AppData\Local\Android\Sdk\platform-tools\adb.exe -P 5037 -s 0329625863001980 shell echo ping'
[debug] &amp#27;[35m[AndroidDriver]&amp#27;[39m Pushing settings apk to device...
[debug] &amp#27;[35m[ADB]&amp#27;[39m Getting install status for io.appium.settings
[debug] &amp#27;[35m[ADB]&amp#27;[39m Running 'C:\Users\John Mumo\AppData\Local\Android\Sdk\platform-tools\adb.exe -P 5037 -s 0329625863001980 shell dumpsys package io.appium.settings'
[debug] &amp#27;[35m[ADB]&amp#27;[39m 'io.appium.settings' is installed
[debug] &amp#27;[35m[ADB]&amp#27;[39m Getting package info for 'io.appium.settings'
[debug] &amp#27;[35m[ADB]&amp#27;[39m Running 'C:\Users\John Mumo\AppData\Local\Android\Sdk\platform-tools\adb.exe -P 5037 -s 0329625863001980 shell dumpsys package io.appium.settings'
[debug] &amp#27;[35m[ADB]&amp#27;[39m The version name of the installed 'io.appium.settings' is greater or equal to the application version name ('3.3.0' >= '3.3.0')
[debug] &amp#27;[35m[ADB]&amp#27;[39m There is no need to install/upgrade 'C:\Users\John Mumo\AppData\Roaming\npm\node_modules\appium\node_modules\io.appium.settings\apks\settings_apk-debug.apk'
[debug] &amp#27;[35m[ADB]&amp#27;[39m Getting IDs of all 'io.appium.settings' processes
[debug] &amp#27;[35m[ADB]&amp#27;[39m Running 'C:\Users\John Mumo\AppData\Local\Android\Sdk\platform-tools\adb.exe -P 5037 -s 0329625863001980 shell 'pgrep --help; echo $?''
[debug] &amp#27;[35m[ADB]&amp#27;[39m Running 'C:\Users\John Mumo\AppData\Local\Android\Sdk\platform-tools\adb.exe -P 5037 -s 0329625863001980 shell pgrep -f \(\[\[:blank:\]\]\|\^\)io\.appium\.settings\(\[\[:blank:\]\]\|\$\)'
[debug] &amp#27;[35m[ADB]&amp#27;[39m Getting IDs of all 'io.appium.settings' processes
[debug] &amp#27;[35m[ADB]&amp#27;[39m Running 'C:\Users\John Mumo\AppData\Local\Android\Sdk\platform-tools\adb.exe -P 5037 -s 0329625863001980 shell pgrep -f \(\[\[:blank:\]\]\|\^\)io\.appium\.settings\(\[\[:blank:\]\]\|\$\)'
[debug] &amp#27;[35m[ADB]&amp#27;[39m Starting Appium Settings app
[debug] &amp#27;[35m[ADB]&amp#27;[39m Running 'C:\Users\John Mumo\AppData\Local\Android\Sdk\platform-tools\adb.exe -P 5037 -s 0329625863001980 shell am start -n io.appium.settings/.Settings -a android.intent.action.MAIN -c android.intent.category.LAUNCHER'
[debug] &amp#27;[35m[ADB]&amp#27;[39m Getting IDs of all 'io.appium.settings' processes
[debug] &amp#27;[35m[ADB]&amp#27;[39m Running 'C:\Users\John Mumo\AppData\Local\Android\Sdk\platform-tools\adb.exe -P 5037 -s 0329625863001980 shell pgrep -f \(\[\[:blank:\]\]\|\^\)io\.appium\.settings\(\[\[:blank:\]\]\|\$\)'
[debug] &amp#27;[35m[ADB]&amp#27;[39m Getting IDs of all 'io.appium.settings' processes
[debug] &amp#27;[35m[ADB]&amp#27;[39m Running 'C:\Users\John Mumo\AppData\Local\Android\Sdk\platform-tools\adb.exe -P 5037 -s 0329625863001980 shell pgrep -f \(\[\[:blank:\]\]\|\^\)io\.appium\.settings\(\[\[:blank:\]\]\|\$\)'
[debug] &amp#27;[35m[ADB]&amp#27;[39m Running 'C:\Users\John Mumo\AppData\Local\Android\Sdk\platform-tools\adb.exe -P 5037 -s 0329625863001980 shell appops set io.appium.settings android:mock_location allow'
[debug] &amp#27;[35m[Logcat]&amp#27;[39m Starting logs capture with command: 'C:\\Users\\John Mumo\\AppData\\Local\\Android\\Sdk\\platform-tools\\adb.exe' -P 5037 -s 0329625863001980 logcat -v threadtime
[debug] &amp#27;[35m[UiAutomator2]&amp#27;[39m Forwarding UiAutomator2 Server port 6790 to local port 8200
[debug] &amp#27;[35m[ADB]&amp#27;[39m Forwarding system: 8200 to device: 6790
[debug] &amp#27;[35m[ADB]&amp#27;[39m Running 'C:\Users\John Mumo\AppData\Local\Android\Sdk\platform-tools\adb.exe -P 5037 -s 0329625863001980 forward tcp:8200 tcp:6790'
[debug] &amp#27;[35m[ADB]&amp#27;[39m Getting install status for io.appium.uiautomator2.server
[debug] &amp#27;[35m[ADB]&amp#27;[39m Running 'C:\Users\John Mumo\AppData\Local\Android\Sdk\platform-tools\adb.exe -P 5037 -s 0329625863001980 shell dumpsys package io.appium.uiautomator2.server'
[debug] &amp#27;[35m[ADB]&amp#27;[39m 'io.appium.uiautomator2.server' is installed
[debug] &amp#27;[35m[ADB]&amp#27;[39m Getting package info for 'io.appium.uiautomator2.server'
[debug] &amp#27;[35m[ADB]&amp#27;[39m Running 'C:\Users\John Mumo\AppData\Local\Android\Sdk\platform-tools\adb.exe -P 5037 -s 0329625863001980 shell dumpsys package io.appium.uiautomator2.server'
[debug] &amp#27;[35m[ADB]&amp#27;[39m The version name of the installed 'io.appium.uiautomator2.server' is greater or equal to the application version name ('4.21.1' >= '4.21.1')
[debug] &amp#27;[35m[UiAutomator2]&amp#27;[39m io.appium.uiautomator2.server installation state: sameVersionInstalled
[debug] &amp#27;[35m[ADB]&amp#27;[39m Checking app cert for C:\Users\John Mumo\AppData\Roaming\npm\node_modules\appium\node_modules\appium-uiautomator2-server\apks\appium-uiautomator2-server-v4.21.1.apk
&amp#27;[35m[ADB]&amp#27;[39m Using 'apksigner.jar' from 'C:\Users\John Mumo\AppData\Local\Android\Sdk\build-tools\31.0.0\lib\apksigner.jar'
[debug] &amp#27;[35m[ADB]&amp#27;[39m Starting apksigner: 'C:\\Program Files\\Java\\jdk1.8.0_301\\bin\\java.exe' -Xmx1024M -Xss1m -jar 'C:\\Users\\John Mumo\\AppData\\Local\\Android\\Sdk\\build-tools\\31.0.0\\lib\\apksigner.jar' verify --print-certs 'C:\\Users\\John Mumo\\AppData\\Roaming\\npm\\node_modules\\appium\\node_modules\\appium-uiautomator2-server\\apks\\appium-uiautomator2-server-v4.21.1.apk'
[debug] &amp#27;[35m[ADB]&amp#27;[39m apksigner stdout: Signer #1 certificate DN: EMAILADDRESS=android@android.com, CN=Android, OU=Android, O=Android, L=Mountain View, ST=California, C=US
[debug] &amp#27;[35m[ADB]&amp#27;[39m Signer #1 certificate SHA-256 digest: a40da80a59d170caa950cf15c18c454d47a39b26989d8b640ecd745ba71bf5dc
[debug] &amp#27;[35m[ADB]&amp#27;[39m Signer #1 certificate SHA-1 digest: 61ed377e85d386a8dfee6b864bd85b0bfaa5af81
[debug] &amp#27;[35m[ADB]&amp#27;[39m Signer #1 certificate MD5 digest: e89b158e4bcf988ebd09eb83f5378e87
[debug] &amp#27;[35m[ADB]&amp#27;[39m 
[debug] &amp#27;[35m[ADB]&amp#27;[39m sha256 hash did match for 'appium-uiautomator2-server-v4.21.1.apk'
&amp#27;[35m[ADB]&amp#27;[39m 'C:\Users\John Mumo\AppData\Roaming\npm\node_modules\appium\node_modules\appium-uiautomator2-server\apks\appium-uiautomator2-server-v4.21.1.apk' is signed with the default certificate
[debug] &amp#27;[35m[ADB]&amp#27;[39m Getting install status for io.appium.uiautomator2.server.test
[debug] &amp#27;[35m[ADB]&amp#27;[39m Running 'C:\Users\John Mumo\AppData\Local\Android\Sdk\platform-tools\adb.exe -P 5037 -s 0329625863001980 shell dumpsys package io.appium.uiautomator2.server.test'
[debug] &amp#27;[35m[ADB]&amp#27;[39m 'io.appium.uiautomator2.server.test' is installed
[debug] &amp#27;[35m[ADB]&amp#27;[39m Checking app cert for C:\Users\John Mumo\AppData\Roaming\npm\node_modules\appium\node_modules\appium-uiautomator2-server\apks\appium-uiautomator2-server-debug-androidTest.apk
[debug] &amp#27;[35m[ADB]&amp#27;[39m Starting apksigner: 'C:\\Program Files\\Java\\jdk1.8.0_301\\bin\\java.exe' -Xmx1024M -Xss1m -jar 'C:\\Users\\John Mumo\\AppData\\Local\\Android\\Sdk\\build-tools\\31.0.0\\lib\\apksigner.jar' verify --print-certs 'C:\\Users\\John Mumo\\AppData\\Roaming\\npm\\node_modules\\appium\\node_modules\\appium-uiautomator2-server\\apks\\appium-uiautomator2-server-debug-androidTest.apk'
[debug] &amp#27;[35m[ADB]&amp#27;[39m apksigner stdout: Signer #1 certificate DN: EMAILADDRESS=android@android.com, CN=Android, OU=Android, O=Android, L=Mountain View, ST=California, C=US
[debug] &amp#27;[35m[ADB]&amp#27;[39m Signer #1 certificate SHA-256 digest: a40da80a59d170caa950cf15c18c454d47a39b26989d8b640ecd745ba71bf5dc
[debug] &amp#27;[35m[ADB]&amp#27;[39m Signer #1 certificate SHA-1 digest: 61ed377e85d386a8dfee6b864bd85b0bfaa5af81
[debug] &amp#27;[35m[ADB]&amp#27;[39m Signer #1 certificate MD5 digest: e89b158e4bcf988ebd09eb83f5378e87
[debug] &amp#27;[35m[ADB]&amp#27;[39m 
[debug] &amp#27;[35m[ADB]&amp#27;[39m sha256 hash did match for 'appium-uiautomator2-server-debug-androidTest.apk'
&amp#27;[35m[ADB]&amp#27;[39m 'C:\Users\John Mumo\AppData\Roaming\npm\node_modules\appium\node_modules\appium-uiautomator2-server\apks\appium-uiautomator2-server-debug-androidTest.apk' is signed with the default certificate
&amp#27;[35m[UiAutomator2]&amp#27;[39m Server packages are not going to be (re)installed
[debug] &amp#27;[35m[UiAutomator2]&amp#27;[39m Waiting up to 30000ms for services to be available
[debug] &amp#27;[35m[ADB]&amp#27;[39m Running 'C:\Users\John Mumo\AppData\Local\Android\Sdk\platform-tools\adb.exe -P 5037 -s 0329625863001980 shell pm list instrumentation'
[debug] &amp#27;[35m[UiAutomator2]&amp#27;[39m Instrumentation target 'io.appium.uiautomator2.server.test/androidx.test.runner.AndroidJUnitRunner' is available
&amp#27;[35m[ADB]&amp#27;[39m Adding packages ["io.appium.settings","io.appium.uiautomator2.server","io.appium.uiautomator2.server.test"] to Doze whitelist
[debug] &amp#27;[35m[ADB]&amp#27;[39m Got the following command chunks to execute: [["dumpsys","deviceidle","whitelist","+io.appium.settings",";","dumpsys","deviceidle","whitelist","+io.appium.uiautomator2.server",";","dumpsys","deviceidle","whitelist","+io.appium.uiautomator2.server.test",";"]]
[debug] &amp#27;[35m[ADB]&amp#27;[39m Running 'C:\Users\John Mumo\AppData\Local\Android\Sdk\platform-tools\adb.exe -P 5037 -s 0329625863001980 shell dumpsys deviceidle whitelist +io.appium.settings ; dumpsys deviceidle whitelist +io.appium.uiautomator2.server ; dumpsys deviceidle whitelist +io.appium.uiautomator2.server.test ;'
[debug] &amp#27;[35m[ADB]&amp#27;[39m Checking app cert for C:\Users\John Mumo\Desktop\Agencify_App\Agencify_App_Test\src\Agencify-universal-dev.apk
[debug] &amp#27;[35m[ADB]&amp#27;[39m Starting apksigner: 'C:\\Program Files\\Java\\jdk1.8.0_301\\bin\\java.exe' -Xmx1024M -Xss1m -jar 'C:\\Users\\John Mumo\\AppData\\Local\\Android\\Sdk\\build-tools\\31.0.0\\lib\\apksigner.jar' verify --print-certs 'C:\\Users\\John Mumo\\Desktop\\Agencify_App\\Agencify_App_Test\\src\\Agencify-universal-dev.apk'
[debug] &amp#27;[35m[ADB]&amp#27;[39m apksigner stdout: Signer #1 certificate DN: CN=Kelvin Macharia, OU=1, O=Turnkey Africa Ltd, L=Nairobi, ST=Nairobi, C=254
[debug] &amp#27;[35m[ADB]&amp#27;[39m Signer #1 certificate SHA-256 digest: bea01f45993c5444da0c012e5d2217651ee76b2920c5b0e47f40ddfcfb87035a
[debug] &amp#27;[35m[ADB]&amp#27;[39m Signer #1 certificate SHA-1 digest: 4294fd12d78ada03cb413c6008895e8972c7740b
[debug] &amp#27;[35m[ADB]&amp#27;[39m Signer #1 certificate MD5 digest: b5678b443b80dfdec285fc9379bf8baf
[debug] &amp#27;[35m[ADB]&amp#27;[39m 
&amp#27;[35m[ADB]&amp#27;[39m 'C:\Users\John Mumo\Desktop\Agencify_App\Agencify_App_Test\src\Agencify-universal-dev.apk' is signed with a non-default certificate
[debug] &amp#27;[35m[ADB]&amp#27;[39m Getting install status for com.turnkeyafrica.agencify
[debug] &amp#27;[35m[ADB]&amp#27;[39m Running 'C:\Users\John Mumo\AppData\Local\Android\Sdk\platform-tools\adb.exe -P 5037 -s 0329625863001980 shell dumpsys package com.turnkeyafrica.agencify'
[debug] &amp#27;[35m[ADB]&amp#27;[39m 'com.turnkeyafrica.agencify' is installed
[debug] &amp#27;[35m[ADB]&amp#27;[39m Getting package info for 'com.turnkeyafrica.agencify'
[debug] &amp#27;[35m[ADB]&amp#27;[39m Running 'C:\Users\John Mumo\AppData\Local\Android\Sdk\platform-tools\adb.exe -P 5037 -s 0329625863001980 shell dumpsys package com.turnkeyafrica.agencify'
[debug] &amp#27;[35m[ADB]&amp#27;[39m The version code of the installed 'com.turnkeyafrica.agencify' is greater than the application version code (96 > 95)
[debug] &amp#27;[35m[ADB]&amp#27;[39m There is no need to downgrade 'com.turnkeyafrica.agencify'
&amp#27;[35m[AndroidDriver]&amp#27;[39m Performing fast reset on 'com.turnkeyafrica.agencify'
[debug] &amp#27;[35m[ADB]&amp#27;[39m Getting install status for com.turnkeyafrica.agencify
[debug] &amp#27;[35m[ADB]&amp#27;[39m Running 'C:\Users\John Mumo\AppData\Local\Android\Sdk\platform-tools\adb.exe -P 5037 -s 0329625863001980 shell dumpsys package com.turnkeyafrica.agencify'
[debug] &amp#27;[35m[ADB]&amp#27;[39m 'com.turnkeyafrica.agencify' is installed
[debug] &amp#27;[35m[ADB]&amp#27;[39m Running 'C:\Users\John Mumo\AppData\Local\Android\Sdk\platform-tools\adb.exe -P 5037 -s 0329625863001980 shell am force-stop com.turnkeyafrica.agencify'
[debug] &amp#27;[35m[ADB]&amp#27;[39m Running 'C:\Users\John Mumo\AppData\Local\Android\Sdk\platform-tools\adb.exe -P 5037 -s 0329625863001980 shell pm clear com.turnkeyafrica.agencify'
[debug] &amp#27;[35m[AndroidDriver]&amp#27;[39m Performed fast reset on the installed 'com.turnkeyafrica.agencify' application (stop and clear)
[debug] &amp#27;[35m[UiAutomator2]&amp#27;[39m Performing shallow cleanup of automation leftovers
[debug] &amp#27;[35m[UiAutomator2]&amp#27;[39m No obsolete sessions have been detected (socket hang up)
[debug] &amp#27;[35m[ADB]&amp#27;[39m Running 'C:\Users\John Mumo\AppData\Local\Android\Sdk\platform-tools\adb.exe -P 5037 -s 0329625863001980 shell am force-stop io.appium.uiautomator2.server.test'
&amp#27;[35m[UiAutomator2]&amp#27;[39m Starting UIAutomator2 server 4.21.1
&amp#27;[35m[UiAutomator2]&amp#27;[39m Using UIAutomator2 server from 'C:\Users\John Mumo\AppData\Roaming\npm\node_modules\appium\node_modules\appium-uiautomator2-server\apks\appium-uiautomator2-server-v4.21.1.apk' and test from 'C:\Users\John Mumo\AppData\Roaming\npm\node_modules\appium\node_modules\appium-uiautomator2-server\apks\appium-uiautomator2-server-debug-androidTest.apk'
&amp#27;[35m[UiAutomator2]&amp#27;[39m Waiting up to 30000ms for UiAutomator2 to be online...
[debug] &amp#27;[35m[ADB]&amp#27;[39m Creating ADB subprocess with args: ["-P",5037,"-s","0329625863001980","shell","am","instrument","-w","-e","disableAnalytics",true,"io.appium.uiautomator2.server.test/androidx.test.runner.AndroidJUnitRunner"]
[debug] &amp#27;[35m[WD Proxy]&amp#27;[39m Matched '/status' to command name 'getStatus'
[debug] &amp#27;[35m[WD Proxy]&amp#27;[39m Proxying [GET /status] to [GET http://127.0.0.1:8200/wd/hub/status] with no body
&amp#27;[35m[WD Proxy]&amp#27;[39m socket hang up
[debug] &amp#27;[35m[WD Proxy]&amp#27;[39m Matched '/status' to command name 'getStatus'
[debug] &amp#27;[35m[WD Proxy]&amp#27;[39m Proxying [GET /status] to [GET http://127.0.0.1:8200/wd/hub/status] with no body
&amp#27;[35m[WD Proxy]&amp#27;[39m socket hang up
[debug] &amp#27;[35m[WD Proxy]&amp#27;[39m Matched '/status' to command name 'getStatus'
[debug] &amp#27;[35m[WD Proxy]&amp#27;[39m Proxying [GET /status] to [GET http://127.0.0.1:8200/wd/hub/status] with no body
&amp#27;[35m[WD Proxy]&amp#27;[39m socket hang up
[debug] &amp#27;[35m[Instrumentation]&amp#27;[39m io.appium.uiautomator2.server.test.AppiumUiAutomator2Server:
[debug] &amp#27;[35m[WD Proxy]&amp#27;[39m Matched '/status' to command name 'getStatus'
[debug] &amp#27;[35m[WD Proxy]&amp#27;[39m Proxying [GET /status] to [GET http://127.0.0.1:8200/wd/hub/status] with no body
&amp#27;[35m[WD Proxy]&amp#27;[39m socket hang up
[debug] &amp#27;[35m[WD Proxy]&amp#27;[39m Matched '/status' to command name 'getStatus'
[debug] &amp#27;[35m[WD Proxy]&amp#27;[39m Proxying [GET /status] to [GET http://127.0.0.1:8200/wd/hub/status] with no body
[debug] &amp#27;[35m[WD Proxy]&amp#27;[39m Got response with status 200: {"sessionId":"None","value":{"message":"UiAutomator2 Server is ready to accept commands","ready":true}}
[debug] &amp#27;[35m[UiAutomator2]&amp#27;[39m The initialization of the instrumentation process took 4233ms
[debug] &amp#27;[35m[WD Proxy]&amp#27;[39m Matched '/session' to command name 'createSession'
[debug] &amp#27;[35m[WD Proxy]&amp#27;[39m Proxying [POST /session] to [POST http://127.0.0.1:8200/wd/hub/session] with body: {"capabilities":{"firstMatch":[{"platform":"LINUX","webStorageEnabled":false,"takesScreenshot":true,"javascriptEnabled":true,"databaseEnabled":false,"networkConnectionEnabled":true,"locationContextEnabled":false,"warnings":{},"desired":{"platformName":"android","app":"C:\\Users\\John Mumo\\Desktop\\Agencify_App\\Agencify_App_Test\\src\\Agencify-universal-dev.apk","automationName":"uiautomator2","deviceName":"Android Device"},"platformName":"android","app":"C:\\Users\\John Mumo\\Desktop\\Agencify_App\\Agencify_App_Test\\src\\Agencify-universal-dev.apk","automationName":"uiautomator2","deviceName":"0329625863001980","deviceUDID":"0329625863001980","appPackage":"com.turnkeyafrica.agencify"}],"alwaysMatch":{}}}
[debug] &amp#27;[35m[WD Proxy]&amp#27;[39m Got response with status 200: {"sessionId":"9be4f84e-4ba2-444b-b9a4-2a0c35e87af1","value":{"capabilities":{"firstMatch":[{"platform":"LINUX","webStorageEnabled":false,"takesScreenshot":true,"javascriptEnabled":true,"databaseEnabled":false,"networkConnectionEnabled":true,"locationContextEnabled":false,"warnings":{},"desired":{"platformName":"android","app":"C:\\Users\\John Mumo\\Desktop\\Agencify_App\\Agencify_App_Test\\src\\Agencify-universal-dev.apk","automationName":"uiautomator2","deviceName":"Android Device"},"platformName":"android","app":"C:\\Users\\John Mumo\\Desktop\\Agencify_App\\Agencify_App_Test\\src\\Agencify-universal-dev.apk","automationName":"uiautomator2","deviceName":"0329625863001980","deviceUDID":"0329625863001980","appPackage":"com.turnkeyafrica.agencify"}],"alwaysMatch":{}},"sessionId":"9be4f84e-4ba2-444b-b9a4-2a0c35e87af1"}}
&amp#27;[35m[WD Proxy]&amp#27;[39m Determined the downstream protocol as 'W3C'
[debug] &amp#27;[35m[WD Proxy]&amp#27;[39m Proxying [GET /appium/device/info] to [GET http://127.0.0.1:8200/wd/hub/session/9be4f84e-4ba2-444b-b9a4-2a0c35e87af1/appium/device/info] with no body
[debug] &amp#27;[35m[WD Proxy]&amp#27;[39m Got response with status 200: {"sessionId":"9be4f84e-4ba2-444b-b9a4-2a0c35e87af1","value":{"androidId":"2d21e1b2791b275f","apiVersion":"27","bluetooth":{"state":"OFF"},"brand":"TECNO","carrierName":"Safaricom","displayDensity":320,"locale":"en_US","manufacturer":"TECNO MOBILE LIMITED","model":"TECNO CA7","networks":[{"capabilities":{"SSID":null,"linkDownBandwidthKbps":1048576,"linkUpstreamBandwidthKbps":1048576,"networkCapabilities":"NET_CAPABILITY_NOT_METERED,NET_CAPABILITY_INTERNET,NET_CAPABILITY_NOT_RESTRICTED,NET_CAPABILITY_TRUSTED,NET_CAPABILITY_NOT_VPN,NET_CAPABILITY_VALIDATED,NET_CAPABILITY_NOT_ROAMING","signalStrength":-50,"transportTypes":"TRANSPORT_WIFI"},"detailedState":"CONNECTED","extraInfo":"\"Mumo\"","isAvailable":true,"isConnected":true,"isFailover":false,"isRoaming":false,"state":"CONNECTED","subtype":0,"subtypeName":"","type":1,"typeName":"WIFI"}],"platformVersion":"8.1.0","realDisplaySize":"720x1440","timeZone":"Africa/Nairobi"}}
[debug] &amp#27;[35m[ADB]&amp#27;[39m Running 'C:\Users\John Mumo\AppData\Local\Android\Sdk\platform-tools\adb.exe -P 5037 -s 0329625863001980 shell dumpsys window'
&amp#27;[35m[AndroidDriver]&amp#27;[39m Screen already unlocked, doing nothing
&amp#27;[35m[UiAutomator2]&amp#27;[39m Starting 'com.turnkeyafrica.agencify/com.turnkeyafrica.agencify.ui.splash.Splash and waiting for 'com.turnkeyafrica.agencify/com.turnkeyafrica.agencify.ui.splash.Splash'
[debug] &amp#27;[35m[ADB]&amp#27;[39m Running 'C:\Users\John Mumo\AppData\Local\Android\Sdk\platform-tools\adb.exe -P 5037 -s 0329625863001980 shell am start -W -n com.turnkeyafrica.agencify/com.turnkeyafrica.agencify.ui.splash.Splash -S -a android.intent.action.MAIN -c android.intent.category.LAUNCHER -f 0x10200000'
[debug] &amp#27;[35m[ADB]&amp#27;[39m Waiting up to 20000ms for activity matching pkg: 'com.turnkeyafrica.agencify' and activity: 'com.turnkeyafrica.agencify.ui.splash.Splash' to be focused
[debug] &amp#27;[35m[ADB]&amp#27;[39m Possible activities, to be checked: 'com.turnkeyafrica.agencify.ui.splash.Splash', 'com.turnkeyafrica.agencify.com.turnkeyafrica.agencify.ui.splash.Splash'
[debug] &amp#27;[35m[ADB]&amp#27;[39m Getting focused package and activity
[debug] &amp#27;[35m[ADB]&amp#27;[39m Running 'C:\Users\John Mumo\AppData\Local\Android\Sdk\platform-tools\adb.exe -P 5037 -s 0329625863001980 shell dumpsys window windows'
[debug] &amp#27;[35m[ADB]&amp#27;[39m Found package: 'com.turnkeyafrica.agencify' and fully qualified activity name : 'com.turnkeyafrica.agencify.ui.splash.Splash'
[debug] &amp#27;[35m[WD Proxy]&amp#27;[39m Proxying [GET /appium/device/pixel_ratio] to [GET http://127.0.0.1:8200/wd/hub/session/9be4f84e-4ba2-444b-b9a4-2a0c35e87af1/appium/device/pixel_ratio] with no body
[debug] &amp#27;[35m[WD Proxy]&amp#27;[39m Got response with status 200: {"sessionId":"9be4f84e-4ba2-444b-b9a4-2a0c35e87af1","value":2}
[debug] &amp#27;[35m[WD Proxy]&amp#27;[39m Matched '/appium/device/system_bars' to command name 'getSystemBars'
[debug] &amp#27;[35m[WD Proxy]&amp#27;[39m Proxying [GET /appium/device/system_bars] to [GET http://127.0.0.1:8200/wd/hub/session/9be4f84e-4ba2-444b-b9a4-2a0c35e87af1/appium/device/system_bars] with no body
[debug] &amp#27;[35m[WD Proxy]&amp#27;[39m Got response with status 200: {"sessionId":"9be4f84e-4ba2-444b-b9a4-2a0c35e87af1","value":{"statusBar":48}}
[debug] &amp#27;[35m[WD Proxy]&amp#27;[39m Matched '/window/current/size' to command name 'getWindowSize'
[debug] &amp#27;[35m[WD Proxy]&amp#27;[39m Proxying [GET /window/current/size] to [GET http://127.0.0.1:8200/wd/hub/session/9be4f84e-4ba2-444b-b9a4-2a0c35e87af1/window/current/size] with no body
[debug] &amp#27;[35m[WD Proxy]&amp#27;[39m Got response with status 200: {"sessionId":"9be4f84e-4ba2-444b-b9a4-2a0c35e87af1","value":{"height":1344,"width":720}}
&amp#27;[35m[Appium]&amp#27;[39m New AndroidUiautomator2Driver session created successfully, session 6d3c7c61-cbde-4799-be99-d7bef51c20db added to master session list
[debug] &amp#27;[35m[BaseDriver]&amp#27;[39m Event 'newSessionStarted' logged at 1631533828707 (14:50:28 GMT+0300 (East Africa Time))
[debug] &amp#27;[35m[W3C (6d3c7c61)]&amp#27;[39m Cached the protocol value 'W3C' for the new session 6d3c7c61-cbde-4799-be99-d7bef51c20db
[debug] &amp#27;[35m[W3C (6d3c7c61)]&amp#27;[39m Responding to client with driver.createSession() result: {"capabilities":{"platform":"LINUX","webStorageEnabled":false,"takesScreenshot":true,"javascriptEnabled":true,"databaseEnabled":false,"networkConnectionEnabled":true,"locationContextEnabled":false,"warnings":{},"desired":{"platformName":"android","app":"C:\\Users\\John Mumo\\Desktop\\Agencify_App\\Agencify_App_Test\\src\\Agencify-universal-dev.apk","automationName":"uiautomator2","deviceName":"Android Device"},"platformName":"android","app":"C:\\Users\\John Mumo\\Desktop\\Agencify_App\\Agencify_App_Test\\src\\Agencify-universal-dev.apk","automationName":"uiautomator2","deviceName":"0329625863001980","deviceUDID":"0329625863001980","appPackage":"com.turnkeyafrica.agencify","deviceApiLevel":27,"platformVersion":"8.1.0","deviceScreenSize":"720x1440","deviceScreenDensity":320,"deviceModel":"TECNO CA7","deviceManufacturer":"TECNO MOBILE LIMITED","pixelRatio":2,"statBarHeight":48,"viewportRect":{"left":0,"top":48,"width":720,"height":1296}}}
&amp#27;[35m[HTTP]&amp#27;[39m &amp#27;[37m<-- POST /wd/hub/session &amp#27;[39m&amp#27;[32m200&amp#27;[39m &amp#27;[90m17234 ms - 1010&amp#27;[39m
&amp#27;[35m[HTTP]&amp#27;[39m &amp#27;[90m&amp#27;[39m
&amp#27;[35m[HTTP]&amp#27;[39m &amp#27;[37m-->&amp#27;[39m &amp#27;[37mPOST&amp#27;[39m &amp#27;[37m/wd/hub/session/6d3c7c61-cbde-4799-be99-d7bef51c20db/timeouts&amp#27;[39m
&amp#27;[35m[HTTP]&amp#27;[39m &amp#27;[90m{"implicit":20000}&amp#27;[39m
[debug] &amp#27;[35m[W3C (6d3c7c61)]&amp#27;[39m Calling AppiumDriver.timeouts() with args: [null,null,null,null,20000,"6d3c7c61-cbde-4799-be99-d7bef51c20db"]
[debug] &amp#27;[35m[BaseDriver]&amp#27;[39m W3C timeout argument: {"implicit":20000}}
[debug] &amp#27;[35m[BaseDriver]&amp#27;[39m Set implicit wait to 20000ms
[debug] &amp#27;[35m[W3C (6d3c7c61)]&amp#27;[39m Responding to client with driver.timeouts() result: null
&amp#27;[35m[HTTP]&amp#27;[39m &amp#27;[37m<-- POST /wd/hub/session/6d3c7c61-cbde-4799-be99-d7bef51c20db/timeouts &amp#27;[39m&amp#27;[32m200&amp#27;[39m &amp#27;[90m8 ms - 14&amp#27;[39m
&amp#27;[35m[HTTP]&amp#27;[39m &amp#27;[90m&amp#27;[39m
&amp#27;[35m[HTTP]&amp#27;[39m &amp#27;[37m-->&amp#27;[39m &amp#27;[37mGET&amp#27;[39m &amp#27;[37m/wd/hub/session/6d3c7c61-cbde-4799-be99-d7bef51c20db/context&amp#27;[39m
&amp#27;[35m[HTTP]&amp#27;[39m &amp#27;[90m{}&amp#27;[39m
[debug] &amp#27;[35m[W3C (6d3c7c61)]&amp#27;[39m Calling AppiumDriver.getCurrentContext() with args: ["6d3c7c61-cbde-4799-be99-d7bef51c20db"]
[debug] &amp#27;[35m[W3C (6d3c7c61)]&amp#27;[39m Responding to client with driver.getCurrentContext() result: "NATIVE_APP"
&amp#27;[35m[HTTP]&amp#27;[39m &amp#27;[37m<-- GET /wd/hub/session/6d3c7c61-cbde-4799-be99-d7bef51c20db/context &amp#27;[39m&amp#27;[32m200&amp#27;[39m &amp#27;[90m9 ms - 22&amp#27;[39m
&amp#27;[35m[HTTP]&amp#27;[39m &amp#27;[90m&amp#27;[39m
&amp#27;[35m[HTTP]&amp#27;[39m &amp#27;[37m-->&amp#27;[39m &amp#27;[37mPOST&amp#27;[39m &amp#27;[37m/wd/hub/session/6d3c7c61-cbde-4799-be99-d7bef51c20db/element&amp#27;[39m
&amp#27;[35m[HTTP]&amp#27;[39m &amp#27;[90m{"using":"xpath","value":"//*[@text = 'Login']"}&amp#27;[39m
[debug] &amp#27;[35m[W3C (6d3c7c61)]&amp#27;[39m Calling AppiumDriver.findElement() with args: ["xpath","//*[@text = 'Login']","6d3c7c61-cbde-4799-be99-d7bef51c20db"]
[debug] &amp#27;[35m[BaseDriver]&amp#27;[39m Valid locator strategies for this request: xpath, id, class name, accessibility id, css selector, -android uiautomator
[debug] &amp#27;[35m[BaseDriver]&amp#27;[39m Waiting up to 20000 ms for condition
[debug] &amp#27;[35m[WD Proxy]&amp#27;[39m Matched '/element' to command name 'findElement'
[debug] &amp#27;[35m[WD Proxy]&amp#27;[39m Proxying [POST /element] to [POST http://127.0.0.1:8200/wd/hub/session/9be4f84e-4ba2-444b-b9a4-2a0c35e87af1/element] with body: {"strategy":"xpath","selector":"//*[@text = 'Login']","context":"","multiple":false}
&amp#27;[35m[WD Proxy]&amp#27;[39m Got response with status 404: {"sessionId":"9be4f84e-4ba2-444b-b9a4-2a0c35e87af1","value":{"error":"no such element","message":"An element could not be located on the page using the given search parameters","stacktrace":"io.appium.uiautomator2.common.exceptions.ElementNotFoundException: An element could not be located on the page using the given search parameters\n\tat io.appium.uiautomator2.handler.FindElement.findElement(FindElement.java:89)\n\tat io.appium.uiautomator2.handler.FindElement.safeHandle(FindElement.java:66)\n\tat io.appium.uiautomator2.handler.request.SafeRequestHandler.handle(SafeRequestHandler.java:41)\n\tat io.appium.uiautomator2.server.AppiumServlet.handleRequest(AppiumServlet.java:262)\n\tat io.appium.uiautomator2.server.AppiumServlet.handleHttpRequest(AppiumServlet.java:256)\n\tat io.appium.uiautomator2.http.ServerHandler.channelRead(ServerHandler.java:68)\n\tat io.netty.channel.AbstractChannelHandlerContext.invokeChannelRead(AbstractChannelHandlerContext.java:366)\n\tat io.netty.channel.AbstractChannelHandlerCont...
[debug] &amp#27;[35m[W3C]&amp#27;[39m Matched W3C error code 'no such element' to NoSuchElementError
[debug] &amp#27;[35m[BaseDriver]&amp#27;[39m Waited for 1014 ms so far
[debug] &amp#27;[35m[WD Proxy]&amp#27;[39m Matched '/element' to command name 'findElement'
[debug] &amp#27;[35m[WD Proxy]&amp#27;[39m Proxying [POST /element] to [POST http://127.0.0.1:8200/wd/hub/session/9be4f84e-4ba2-444b-b9a4-2a0c35e87af1/element] with body: {"strategy":"xpath","selector":"//*[@text = 'Login']","context":"","multiple":false}
&amp#27;[35m[WD Proxy]&amp#27;[39m Got response with status 404: {"sessionId":"9be4f84e-4ba2-444b-b9a4-2a0c35e87af1","value":{"error":"no such element","message":"An element could not be located on the page using the given search parameters","stacktrace":"io.appium.uiautomator2.common.exceptions.ElementNotFoundException: An element could not be located on the page using the given search parameters\n\tat io.appium.uiautomator2.handler.FindElement.findElement(FindElement.java:89)\n\tat io.appium.uiautomator2.handler.FindElement.safeHandle(FindElement.java:66)\n\tat io.appium.uiautomator2.handler.request.SafeRequestHandler.handle(SafeRequestHandler.java:41)\n\tat io.appium.uiautomator2.server.AppiumServlet.handleRequest(AppiumServlet.java:262)\n\tat io.appium.uiautomator2.server.AppiumServlet.handleHttpRequest(AppiumServlet.java:256)\n\tat io.appium.uiautomator2.http.ServerHandler.channelRead(ServerHandler.java:68)\n\tat io.netty.channel.AbstractChannelHandlerContext.invokeChannelRead(AbstractChannelHandlerContext.java:366)\n\tat io.netty.channel.AbstractChannelHandlerCont...
[debug] &amp#27;[35m[W3C]&amp#27;[39m Matched W3C error code 'no such element' to NoSuchElementError
[debug] &amp#27;[35m[BaseDriver]&amp#27;[39m Waited for 1686 ms so far
[debug] &amp#27;[35m[WD Proxy]&amp#27;[39m Matched '/element' to command name 'findElement'
[debug] &amp#27;[35m[WD Proxy]&amp#27;[39m Proxying [POST /element] to [POST http://127.0.0.1:8200/wd/hub/session/9be4f84e-4ba2-444b-b9a4-2a0c35e87af1/element] with body: {"strategy":"xpath","selector":"//*[@text = 'Login']","context":"","multiple":false}
[debug] &amp#27;[35m[WD Proxy]&amp#27;[39m Got response with status 200: {"sessionId":"9be4f84e-4ba2-444b-b9a4-2a0c35e87af1","value":{"ELEMENT":"4e3bb6ce-eee1-4aa2-93c5-2330a9f1a110","element-6066-11e4-a52e-4f735466cecf":"4e3bb6ce-eee1-4aa2-93c5-2330a9f1a110"}}
[debug] &amp#27;[35m[W3C (6d3c7c61)]&amp#27;[39m Responding to client with driver.findElement() result: {"element-6066-11e4-a52e-4f735466cecf":"4e3bb6ce-eee1-4aa2-93c5-2330a9f1a110","ELEMENT":"4e3bb6ce-eee1-4aa2-93c5-2330a9f1a110"}
&amp#27;[35m[HTTP]&amp#27;[39m &amp#27;[37m<-- POST /wd/hub/session/6d3c7c61-cbde-4799-be99-d7bef51c20db/element &amp#27;[39m&amp#27;[32m200&amp#27;[39m &amp#27;[90m4109 ms - 137&amp#27;[39m
&amp#27;[35m[HTTP]&amp#27;[39m &amp#27;[90m&amp#27;[39m
&amp#27;[35m[HTTP]&amp#27;[39m &amp#27;[37m-->&amp#27;[39m &amp#27;[37mPOST&amp#27;[39m &amp#27;[37m/wd/hub/session/6d3c7c61-cbde-4799-be99-d7bef51c20db/element/4e3bb6ce-eee1-4aa2-93c5-2330a9f1a110/click&amp#27;[39m
&amp#27;[35m[HTTP]&amp#27;[39m &amp#27;[90m{"id":"4e3bb6ce-eee1-4aa2-93c5-2330a9f1a110"}&amp#27;[39m
[debug] &amp#27;[35m[W3C (6d3c7c61)]&amp#27;[39m Calling AppiumDriver.click() with args: ["4e3bb6ce-eee1-4aa2-93c5-2330a9f1a110","6d3c7c61-cbde-4799-be99-d7bef51c20db"]
[debug] &amp#27;[35m[WD Proxy]&amp#27;[39m Matched '/element/4e3bb6ce-eee1-4aa2-93c5-2330a9f1a110/click' to command name 'click'
[debug] &amp#27;[35m[WD Proxy]&amp#27;[39m Proxying [POST /element/4e3bb6ce-eee1-4aa2-93c5-2330a9f1a110/click] to [POST http://127.0.0.1:8200/wd/hub/session/9be4f84e-4ba2-444b-b9a4-2a0c35e87af1/element/4e3bb6ce-eee1-4aa2-93c5-2330a9f1a110/click] with body: {"element":"4e3bb6ce-eee1-4aa2-93c5-2330a9f1a110"}
[debug] &amp#27;[35m[WD Proxy]&amp#27;[39m Got response with status 200: {"sessionId":"9be4f84e-4ba2-444b-b9a4-2a0c35e87af1","value":null}
[debug] &amp#27;[35m[W3C (6d3c7c61)]&amp#27;[39m Responding to client with driver.click() result: null
&amp#27;[35m[HTTP]&amp#27;[39m &amp#27;[37m<-- POST /wd/hub/session/6d3c7c61-cbde-4799-be99-d7bef51c20db/element/4e3bb6ce-eee1-4aa2-93c5-2330a9f1a110/click &amp#27;[39m&amp#27;[32m200&amp#27;[39m &amp#27;[90m89 ms - 14&amp#27;[39m
&amp#27;[35m[HTTP]&amp#27;[39m &amp#27;[90m&amp#27;[39m
&amp#27;[35m[HTTP]&amp#27;[39m &amp#27;[37m-->&amp#27;[39m &amp#27;[37mGET&amp#27;[39m &amp#27;[37m/wd/hub/session/6d3c7c61-cbde-4799-be99-d7bef51c20db/context&amp#27;[39m
&amp#27;[35m[HTTP]&amp#27;[39m &amp#27;[90m{}&amp#27;[39m
[debug] &amp#27;[35m[W3C (6d3c7c61)]&amp#27;[39m Calling AppiumDriver.getCurrentContext() with args: ["6d3c7c61-cbde-4799-be99-d7bef51c20db"]
[debug] &amp#27;[35m[W3C (6d3c7c61)]&amp#27;[39m Responding to client with driver.getCurrentContext() result: "NATIVE_APP"
&amp#27;[35m[HTTP]&amp#27;[39m &amp#27;[37m<-- GET /wd/hub/session/6d3c7c61-cbde-4799-be99-d7bef51c20db/context &amp#27;[39m&amp#27;[32m200&amp#27;[39m &amp#27;[90m7 ms - 22&amp#27;[39m
&amp#27;[35m[HTTP]&amp#27;[39m &amp#27;[90m&amp#27;[39m
&amp#27;[35m[HTTP]&amp#27;[39m &amp#27;[37m-->&amp#27;[39m &amp#27;[37mPOST&amp#27;[39m &amp#27;[37m/wd/hub/session/6d3c7c61-cbde-4799-be99-d7bef51c20db/element&amp#27;[39m
&amp#27;[35m[HTTP]&amp#27;[39m &amp#27;[90m{"using":"xpath","value":"//*[@text = 'Email']"}&amp#27;[39m
[debug] &amp#27;[35m[W3C (6d3c7c61)]&amp#27;[39m Calling AppiumDriver.findElement() with args: ["xpath","//*[@text = 'Email']","6d3c7c61-cbde-4799-be99-d7bef51c20db"]
[debug] &amp#27;[35m[BaseDriver]&amp#27;[39m Valid locator strategies for this request: xpath, id, class name, accessibility id, css selector, -android uiautomator
[debug] &amp#27;[35m[BaseDriver]&amp#27;[39m Waiting up to 20000 ms for condition
[debug] &amp#27;[35m[WD Proxy]&amp#27;[39m Matched '/element' to command name 'findElement'
[debug] &amp#27;[35m[WD Proxy]&amp#27;[39m Proxying [POST /element] to [POST http://127.0.0.1:8200/wd/hub/session/9be4f84e-4ba2-444b-b9a4-2a0c35e87af1/element] with body: {"strategy":"xpath","selector":"//*[@text = 'Email']","context":"","multiple":false}
&amp#27;[35m[WD Proxy]&amp#27;[39m Got response with status 404: {"sessionId":"9be4f84e-4ba2-444b-b9a4-2a0c35e87af1","value":{"error":"no such element","message":"An element could not be located on the page using the given search parameters","stacktrace":"io.appium.uiautomator2.common.exceptions.ElementNotFoundException: An element could not be located on the page using the given search parameters\n\tat io.appium.uiautomator2.handler.FindElement.findElement(FindElement.java:89)\n\tat io.appium.uiautomator2.handler.FindElement.safeHandle(FindElement.java:66)\n\tat io.appium.uiautomator2.handler.request.SafeRequestHandler.handle(SafeRequestHandler.java:41)\n\tat io.appium.uiautomator2.server.AppiumServlet.handleRequest(AppiumServlet.java:262)\n\tat io.appium.uiautomator2.server.AppiumServlet.handleHttpRequest(AppiumServlet.java:256)\n\tat io.appium.uiautomator2.http.ServerHandler.channelRead(ServerHandler.java:68)\n\tat io.netty.channel.AbstractChannelHandlerContext.invokeChannelRead(AbstractChannelHandlerContext.java:366)\n\tat io.netty.channel.AbstractChannelHandlerCont...
[debug] &amp#27;[35m[W3C]&amp#27;[39m Matched W3C error code 'no such element' to NoSuchElementError
[debug] &amp#27;[35m[BaseDriver]&amp#27;[39m Waited for 499 ms so far
[debug] &amp#27;[35m[WD Proxy]&amp#27;[39m Matched '/element' to command name 'findElement'
[debug] &amp#27;[35m[WD Proxy]&amp#27;[39m Proxying [POST /element] to [POST http://127.0.0.1:8200/wd/hub/session/9be4f84e-4ba2-444b-b9a4-2a0c35e87af1/element] with body: {"strategy":"xpath","selector":"//*[@text = 'Email']","context":"","multiple":false}
[debug] &amp#27;[35m[WD Proxy]&amp#27;[39m Got response with status 200: {"sessionId":"9be4f84e-4ba2-444b-b9a4-2a0c35e87af1","value":{"ELEMENT":"85688b24-8f93-4809-a4df-9e73007ce474","element-6066-11e4-a52e-4f735466cecf":"85688b24-8f93-4809-a4df-9e73007ce474"}}
[debug] &amp#27;[35m[W3C (6d3c7c61)]&amp#27;[39m Responding to client with driver.findElement() result: {"element-6066-11e4-a52e-4f735466cecf":"85688b24-8f93-4809-a4df-9e73007ce474","ELEMENT":"85688b24-8f93-4809-a4df-9e73007ce474"}
&amp#27;[35m[HTTP]&amp#27;[39m &amp#27;[37m<-- POST /wd/hub/session/6d3c7c61-cbde-4799-be99-d7bef51c20db/element &amp#27;[39m&amp#27;[32m200&amp#27;[39m &amp#27;[90m1765 ms - 137&amp#27;[39m
&amp#27;[35m[HTTP]&amp#27;[39m &amp#27;[90m&amp#27;[39m
&amp#27;[35m[HTTP]&amp#27;[39m &amp#27;[37m-->&amp#27;[39m &amp#27;[37mPOST&amp#27;[39m &amp#27;[37m/wd/hub/session/6d3c7c61-cbde-4799-be99-d7bef51c20db/element/85688b24-8f93-4809-a4df-9e73007ce474/value&amp#27;[39m
&amp#27;[35m[HTTP]&amp#27;[39m &amp#27;[90m{"id":"85688b24-8f93-4809-a4df-9e73007ce474","text":"agencify@agent.com","value":["a","g","e","n","c","i","f","y","@","a","g","e","n","t",".","c","o","m"]}&amp#27;[39m
[debug] &amp#27;[35m[W3C (6d3c7c61)]&amp#27;[39m Calling AppiumDriver.setValue() with args: [["a","g","e","n","c","i","f","y","@","a","g","e","n","t",".","c","o","m"],"85688b24-8f93-4809-a4df-9e73007ce474","6d3c7c61-cbde-4799-be99-d7bef51c20db"]
[debug] &amp#27;[35m[WD Proxy]&amp#27;[39m Matched '/element/85688b24-8f93-4809-a4df-9e73007ce474/value' to command name 'setValue'
[debug] &amp#27;[35m[Protocol Converter]&amp#27;[39m Added 'value' property ["a","g","e","n","c","i","f","y","@","a","g","e","n","t",".","c","o","m"] to 'setValue' request body
[debug] &amp#27;[35m[WD Proxy]&amp#27;[39m Proxying [POST /element/85688b24-8f93-4809-a4df-9e73007ce474/value] to [POST http://127.0.0.1:8200/wd/hub/session/9be4f84e-4ba2-444b-b9a4-2a0c35e87af1/element/85688b24-8f93-4809-a4df-9e73007ce474/value] with body: {"elementId":"85688b24-8f93-4809-a4df-9e73007ce474","text":"agencify@agent.com","replace":false,"value":["a","g","e","n","c","i","f","y","@","a","g","e","n","t",".","c","o","m"]}
[debug] &amp#27;[35m[WD Proxy]&amp#27;[39m Got response with status 200: {"sessionId":"9be4f84e-4ba2-444b-b9a4-2a0c35e87af1","value":null}
[debug] &amp#27;[35m[W3C (6d3c7c61)]&amp#27;[39m Responding to client with driver.setValue() result: null
&amp#27;[35m[HTTP]&amp#27;[39m &amp#27;[37m<-- POST /wd/hub/session/6d3c7c61-cbde-4799-be99-d7bef51c20db/element/85688b24-8f93-4809-a4df-9e73007ce474/value &amp#27;[39m&amp#27;[32m200&amp#27;[39m &amp#27;[90m1689 ms - 14&amp#27;[39m
&amp#27;[35m[HTTP]&amp#27;[39m &amp#27;[90m&amp#27;[39m
&amp#27;[35m[HTTP]&amp#27;[39m &amp#27;[37m-->&amp#27;[39m &amp#27;[37mGET&amp#27;[39m &amp#27;[37m/wd/hub/session/6d3c7c61-cbde-4799-be99-d7bef51c20db/context&amp#27;[39m
&amp#27;[35m[HTTP]&amp#27;[39m &amp#27;[90m{}&amp#27;[39m
[debug] &amp#27;[35m[W3C (6d3c7c61)]&amp#27;[39m Calling AppiumDriver.getCurrentContext() with args: ["6d3c7c61-cbde-4799-be99-d7bef51c20db"]
[debug] &amp#27;[35m[W3C (6d3c7c61)]&amp#27;[39m Responding to client with driver.getCurrentContext() result: "NATIVE_APP"
&amp#27;[35m[HTTP]&amp#27;[39m &amp#27;[37m<-- GET /wd/hub/session/6d3c7c61-cbde-4799-be99-d7bef51c20db/context &amp#27;[39m&amp#27;[32m200&amp#27;[39m &amp#27;[90m2 ms - 22&amp#27;[39m
&amp#27;[35m[HTTP]&amp#27;[39m &amp#27;[90m&amp#27;[39m
&amp#27;[35m[HTTP]&amp#27;[39m &amp#27;[37m-->&amp#27;[39m &amp#27;[37mPOST&amp#27;[39m &amp#27;[37m/wd/hub/session/6d3c7c61-cbde-4799-be99-d7bef51c20db/element&amp#27;[39m
&amp#27;[35m[HTTP]&amp#27;[39m &amp#27;[90m{"using":"xpath","value":"//*[@text = 'Password']"}&amp#27;[39m
[debug] &amp#27;[35m[W3C (6d3c7c61)]&amp#27;[39m Calling AppiumDriver.findElement() with args: ["xpath","//*[@text = 'Password']","6d3c7c61-cbde-4799-be99-d7bef51c20db"]
[debug] &amp#27;[35m[BaseDriver]&amp#27;[39m Valid locator strategies for this request: xpath, id, class name, accessibility id, css selector, -android uiautomator
[debug] &amp#27;[35m[BaseDriver]&amp#27;[39m Waiting up to 20000 ms for condition
[debug] &amp#27;[35m[WD Proxy]&amp#27;[39m Matched '/element' to command name 'findElement'
[debug] &amp#27;[35m[WD Proxy]&amp#27;[39m Proxying [POST /element] to [POST http://127.0.0.1:8200/wd/hub/session/9be4f84e-4ba2-444b-b9a4-2a0c35e87af1/element] with body: {"strategy":"xpath","selector":"//*[@text = 'Password']","context":"","multiple":false}
[debug] &amp#27;[35m[WD Proxy]&amp#27;[39m Got response with status 200: {"sessionId":"9be4f84e-4ba2-444b-b9a4-2a0c35e87af1","value":{"ELEMENT":"dff6e5ee-b26c-4f73-b95f-3335876203c0","element-6066-11e4-a52e-4f735466cecf":"dff6e5ee-b26c-4f73-b95f-3335876203c0"}}
[debug] &amp#27;[35m[W3C (6d3c7c61)]&amp#27;[39m Responding to client with driver.findElement() result: {"element-6066-11e4-a52e-4f735466cecf":"dff6e5ee-b26c-4f73-b95f-3335876203c0","ELEMENT":"dff6e5ee-b26c-4f73-b95f-3335876203c0"}
&amp#27;[35m[HTTP]&amp#27;[39m &amp#27;[37m<-- POST /wd/hub/session/6d3c7c61-cbde-4799-be99-d7bef51c20db/element &amp#27;[39m&amp#27;[32m200&amp#27;[39m &amp#27;[90m1132 ms - 137&amp#27;[39m
&amp#27;[35m[HTTP]&amp#27;[39m &amp#27;[90m&amp#27;[39m
&amp#27;[35m[HTTP]&amp#27;[39m &amp#27;[37m-->&amp#27;[39m &amp#27;[37mPOST&amp#27;[39m &amp#27;[37m/wd/hub/session/6d3c7c61-cbde-4799-be99-d7bef51c20db/element/dff6e5ee-b26c-4f73-b95f-3335876203c0/value&amp#27;[39m
&amp#27;[35m[HTTP]&amp#27;[39m &amp#27;[90m{"id":"dff6e5ee-b26c-4f73-b95f-3335876203c0","text":"turnkey123","value":["t","u","r","n","k","e","y","1","2","3"]}&amp#27;[39m
[debug] &amp#27;[35m[W3C (6d3c7c61)]&amp#27;[39m Calling AppiumDriver.setValue() with args: [["t","u","r","n","k","e","y","1","2","3"],"dff6e5ee-b26c-4f73-b95f-3335876203c0","6d3c7c61-cbde-4799-be99-d7bef51c20db"]
[debug] &amp#27;[35m[WD Proxy]&amp#27;[39m Matched '/element/dff6e5ee-b26c-4f73-b95f-3335876203c0/value' to command name 'setValue'
[debug] &amp#27;[35m[Protocol Converter]&amp#27;[39m Added 'value' property ["t","u","r","n","k","e","y","1","2","3"] to 'setValue' request body
[debug] &amp#27;[35m[WD Proxy]&amp#27;[39m Proxying [POST /element/dff6e5ee-b26c-4f73-b95f-3335876203c0/value] to [POST http://127.0.0.1:8200/wd/hub/session/9be4f84e-4ba2-444b-b9a4-2a0c35e87af1/element/dff6e5ee-b26c-4f73-b95f-3335876203c0/value] with body: {"elementId":"dff6e5ee-b26c-4f73-b95f-3335876203c0","text":"turnkey123","replace":false,"value":["t","u","r","n","k","e","y","1","2","3"]}
[debug] &amp#27;[35m[WD Proxy]&amp#27;[39m Got response with status 200: {"sessionId":"9be4f84e-4ba2-444b-b9a4-2a0c35e87af1","value":null}
[debug] &amp#27;[35m[W3C (6d3c7c61)]&amp#27;[39m Responding to client with driver.setValue() result: null
&amp#27;[35m[HTTP]&amp#27;[39m &amp#27;[37m<-- POST /wd/hub/session/6d3c7c61-cbde-4799-be99-d7bef51c20db/element/dff6e5ee-b26c-4f73-b95f-3335876203c0/value &amp#27;[39m&amp#27;[32m200&amp#27;[39m &amp#27;[90m1651 ms - 14&amp#27;[39m
&amp#27;[35m[HTTP]&amp#27;[39m &amp#27;[90m&amp#27;[39m
&amp#27;[35m[HTTP]&amp#27;[39m &amp#27;[37m-->&amp#27;[39m &amp#27;[37mGET&amp#27;[39m &amp#27;[37m/wd/hub/session/6d3c7c61-cbde-4799-be99-d7bef51c20db/context&amp#27;[39m
&amp#27;[35m[HTTP]&amp#27;[39m &amp#27;[90m{}&amp#27;[39m
[debug] &amp#27;[35m[W3C (6d3c7c61)]&amp#27;[39m Calling AppiumDriver.getCurrentContext() with args: ["6d3c7c61-cbde-4799-be99-d7bef51c20db"]
[debug] &amp#27;[35m[W3C (6d3c7c61)]&amp#27;[39m Responding to client with driver.getCurrentContext() result: "NATIVE_APP"
&amp#27;[35m[HTTP]&amp#27;[39m &amp#27;[37m<-- GET /wd/hub/session/6d3c7c61-cbde-4799-be99-d7bef51c20db/context &amp#27;[39m&amp#27;[32m200&amp#27;[39m &amp#27;[90m8 ms - 22&amp#27;[39m
&amp#27;[35m[HTTP]&amp#27;[39m &amp#27;[90m&amp#27;[39m
&amp#27;[35m[HTTP]&amp#27;[39m &amp#27;[37m-->&amp#27;[39m &amp#27;[37mPOST&amp#27;[39m &amp#27;[37m/wd/hub/session/6d3c7c61-cbde-4799-be99-d7bef51c20db/element&amp#27;[39m
&amp#27;[35m[HTTP]&amp#27;[39m &amp#27;[90m{"using":"id","value":"com.turnkeyafrica.agencify:id/btn_sign_in"}&amp#27;[39m
[debug] &amp#27;[35m[W3C (6d3c7c61)]&amp#27;[39m Calling AppiumDriver.findElement() with args: ["id","com.turnkeyafrica.agencify:id/btn_sign_in","6d3c7c61-cbde-4799-be99-d7bef51c20db"]
[debug] &amp#27;[35m[BaseDriver]&amp#27;[39m Valid locator strategies for this request: xpath, id, class name, accessibility id, css selector, -android uiautomator
[debug] &amp#27;[35m[BaseDriver]&amp#27;[39m Waiting up to 20000 ms for condition
[debug] &amp#27;[35m[WD Proxy]&amp#27;[39m Matched '/element' to command name 'findElement'
[debug] &amp#27;[35m[WD Proxy]&amp#27;[39m Proxying [POST /element] to [POST http://127.0.0.1:8200/wd/hub/session/9be4f84e-4ba2-444b-b9a4-2a0c35e87af1/element] with body: {"strategy":"id","selector":"com.turnkeyafrica.agencify:id/btn_sign_in","context":"","multiple":false}
[debug] &amp#27;[35m[WD Proxy]&amp#27;[39m Got response with status 200: {"sessionId":"9be4f84e-4ba2-444b-b9a4-2a0c35e87af1","value":{"ELEMENT":"2d53b699-e1ca-48a2-85c8-70943047ae95","element-6066-11e4-a52e-4f735466cecf":"2d53b699-e1ca-48a2-85c8-70943047ae95"}}
[debug] &amp#27;[35m[W3C (6d3c7c61)]&amp#27;[39m Responding to client with driver.findElement() result: {"element-6066-11e4-a52e-4f735466cecf":"2d53b699-e1ca-48a2-85c8-70943047ae95","ELEMENT":"2d53b699-e1ca-48a2-85c8-70943047ae95"}
&amp#27;[35m[HTTP]&amp#27;[39m &amp#27;[37m<-- POST /wd/hub/session/6d3c7c61-cbde-4799-be99-d7bef51c20db/element &amp#27;[39m&amp#27;[32m200&amp#27;[39m &amp#27;[90m1054 ms - 137&amp#27;[39m
&amp#27;[35m[HTTP]&amp#27;[39m &amp#27;[90m&amp#27;[39m
&amp#27;[35m[HTTP]&amp#27;[39m &amp#27;[37m-->&amp#27;[39m &amp#27;[37mPOST&amp#27;[39m &amp#27;[37m/wd/hub/session/6d3c7c61-cbde-4799-be99-d7bef51c20db/element/2d53b699-e1ca-48a2-85c8-70943047ae95/click&amp#27;[39m
&amp#27;[35m[HTTP]&amp#27;[39m &amp#27;[90m{"id":"2d53b699-e1ca-48a2-85c8-70943047ae95"}&amp#27;[39m
[debug] &amp#27;[35m[W3C (6d3c7c61)]&amp#27;[39m Calling AppiumDriver.click() with args: ["2d53b699-e1ca-48a2-85c8-70943047ae95","6d3c7c61-cbde-4799-be99-d7bef51c20db"]
[debug] &amp#27;[35m[WD Proxy]&amp#27;[39m Matched '/element/2d53b699-e1ca-48a2-85c8-70943047ae95/click' to command name 'click'
[debug] &amp#27;[35m[WD Proxy]&amp#27;[39m Proxying [POST /element/2d53b699-e1ca-48a2-85c8-70943047ae95/click] to [POST http://127.0.0.1:8200/wd/hub/session/9be4f84e-4ba2-444b-b9a4-2a0c35e87af1/element/2d53b699-e1ca-48a2-85c8-70943047ae95/click] with body: {"element":"2d53b699-e1ca-48a2-85c8-70943047ae95"}
[debug] &amp#27;[35m[WD Proxy]&amp#27;[39m Got response with status 200: {"sessionId":"9be4f84e-4ba2-444b-b9a4-2a0c35e87af1","value":null}
[debug] &amp#27;[35m[W3C (6d3c7c61)]&amp#27;[39m Responding to client with driver.click() result: null
&amp#27;[35m[HTTP]&amp#27;[39m &amp#27;[37m<-- POST /wd/hub/session/6d3c7c61-cbde-4799-be99-d7bef51c20db/element/2d53b699-e1ca-48a2-85c8-70943047ae95/click &amp#27;[39m&amp#27;[32m200&amp#27;[39m &amp#27;[90m90 ms - 14&amp#27;[39m
&amp#27;[35m[HTTP]&amp#27;[39m &amp#27;[90m&amp#27;[39m
&amp#27;[35m[HTTP]&amp#27;[39m &amp#27;[37m-->&amp#27;[39m &amp#27;[37mGET&amp#27;[39m &amp#27;[37m/wd/hub/session/6d3c7c61-cbde-4799-be99-d7bef51c20db/context&amp#27;[39m
&amp#27;[35m[HTTP]&amp#27;[39m &amp#27;[90m{}&amp#27;[39m
[debug] &amp#27;[35m[W3C (6d3c7c61)]&amp#27;[39m Calling AppiumDriver.getCurrentContext() with args: ["6d3c7c61-cbde-4799-be99-d7bef51c20db"]
[debug] &amp#27;[35m[W3C (6d3c7c61)]&amp#27;[39m Responding to client with driver.getCurrentContext() result: "NATIVE_APP"
&amp#27;[35m[HTTP]&amp#27;[39m &amp#27;[37m<-- GET /wd/hub/session/6d3c7c61-cbde-4799-be99-d7bef51c20db/context &amp#27;[39m&amp#27;[32m200&amp#27;[39m &amp#27;[90m3 ms - 22&amp#27;[39m
&amp#27;[35m[HTTP]&amp#27;[39m &amp#27;[90m&amp#27;[39m
&amp#27;[35m[HTTP]&amp#27;[39m &amp#27;[37m-->&amp#27;[39m &amp#27;[37mPOST&amp#27;[39m &amp#27;[37m/wd/hub/session/6d3c7c61-cbde-4799-be99-d7bef51c20db/element&amp#27;[39m
&amp#27;[35m[HTTP]&amp#27;[39m &amp#27;[90m{"using":"id","value":"com.turnkeyafrica.agencify:id/profileImage"}&amp#27;[39m
[debug] &amp#27;[35m[W3C (6d3c7c61)]&amp#27;[39m Calling AppiumDriver.findElement() with args: ["id","com.turnkeyafrica.agencify:id/profileImage","6d3c7c61-cbde-4799-be99-d7bef51c20db"]
[debug] &amp#27;[35m[BaseDriver]&amp#27;[39m Valid locator strategies for this request: xpath, id, class name, accessibility id, css selector, -android uiautomator
[debug] &amp#27;[35m[BaseDriver]&amp#27;[39m Waiting up to 20000 ms for condition
[debug] &amp#27;[35m[WD Proxy]&amp#27;[39m Matched '/element' to command name 'findElement'
[debug] &amp#27;[35m[WD Proxy]&amp#27;[39m Proxying [POST /element] to [POST http://127.0.0.1:8200/wd/hub/session/9be4f84e-4ba2-444b-b9a4-2a0c35e87af1/element] with body: {"strategy":"id","selector":"com.turnkeyafrica.agencify:id/profileImage","context":"","multiple":false}
&amp#27;[35m[WD Proxy]&amp#27;[39m Got response with status 404: {"sessionId":"9be4f84e-4ba2-444b-b9a4-2a0c35e87af1","value":{"error":"no such element","message":"An element could not be located on the page using the given search parameters","stacktrace":"io.appium.uiautomator2.common.exceptions.ElementNotFoundException: An element could not be located on the page using the given search parameters\n\tat io.appium.uiautomator2.handler.FindElement.safeHandle(FindElement.java:68)\n\tat io.appium.uiautomator2.handler.request.SafeRequestHandler.handle(SafeRequestHandler.java:41)\n\tat io.appium.uiautomator2.server.AppiumServlet.handleRequest(AppiumServlet.java:262)\n\tat io.appium.uiautomator2.server.AppiumServlet.handleHttpRequest(AppiumServlet.java:256)\n\tat io.appium.uiautomator2.http.ServerHandler.channelRead(ServerHandler.java:68)\n\tat io.netty.channel.AbstractChannelHandlerContext.invokeChannelRead(AbstractChannelHandlerContext.java:366)\n\tat io.netty.channel.AbstractChannelHandlerContext.invokeChannelRead(AbstractChannelHandlerContext.java:352)\n\tat io.netty.chann...
[debug] &amp#27;[35m[W3C]&amp#27;[39m Matched W3C error code 'no such element' to NoSuchElementError
[debug] &amp#27;[35m[BaseDriver]&amp#27;[39m Waited for 109 ms so far
[debug] &amp#27;[35m[WD Proxy]&amp#27;[39m Matched '/element' to command name 'findElement'
[debug] &amp#27;[35m[WD Proxy]&amp#27;[39m Proxying [POST /element] to [POST http://127.0.0.1:8200/wd/hub/session/9be4f84e-4ba2-444b-b9a4-2a0c35e87af1/element] with body: {"strategy":"id","selector":"com.turnkeyafrica.agencify:id/profileImage","context":"","multiple":false}
&amp#27;[35m[WD Proxy]&amp#27;[39m Got response with status 404: {"sessionId":"9be4f84e-4ba2-444b-b9a4-2a0c35e87af1","value":{"error":"no such element","message":"An element could not be located on the page using the given search parameters","stacktrace":"io.appium.uiautomator2.common.exceptions.ElementNotFoundException: An element could not be located on the page using the given search parameters\n\tat io.appium.uiautomator2.handler.FindElement.safeHandle(FindElement.java:68)\n\tat io.appium.uiautomator2.handler.request.SafeRequestHandler.handle(SafeRequestHandler.java:41)\n\tat io.appium.uiautomator2.server.AppiumServlet.handleRequest(AppiumServlet.java:262)\n\tat io.appium.uiautomator2.server.AppiumServlet.handleHttpRequest(AppiumServlet.java:256)\n\tat io.appium.uiautomator2.http.ServerHandler.channelRead(ServerHandler.java:68)\n\tat io.netty.channel.AbstractChannelHandlerContext.invokeChannelRead(AbstractChannelHandlerContext.java:366)\n\tat io.netty.channel.AbstractChannelHandlerContext.invokeChannelRead(AbstractChannelHandlerContext.java:352)\n\tat io.netty.chann...
[debug] &amp#27;[35m[W3C]&amp#27;[39m Matched W3C error code 'no such element' to NoSuchElementError
[debug] &amp#27;[35m[BaseDriver]&amp#27;[39m Waited for 801 ms so far
[debug] &amp#27;[35m[WD Proxy]&amp#27;[39m Matched '/element' to command name 'findElement'
[debug] &amp#27;[35m[WD Proxy]&amp#27;[39m Proxying [POST /element] to [POST http://127.0.0.1:8200/wd/hub/session/9be4f84e-4ba2-444b-b9a4-2a0c35e87af1/element] with body: {"strategy":"id","selector":"com.turnkeyafrica.agencify:id/profileImage","context":"","multiple":false}
[debug] &amp#27;[35m[WD Proxy]&amp#27;[39m Got response with status 200: {"sessionId":"9be4f84e-4ba2-444b-b9a4-2a0c35e87af1","value":{"ELEMENT":"7fb2b64f-3268-418e-971b-7f18c221855e","element-6066-11e4-a52e-4f735466cecf":"7fb2b64f-3268-418e-971b-7f18c221855e"}}
[debug] &amp#27;[35m[W3C (6d3c7c61)]&amp#27;[39m Responding to client with driver.findElement() result: {"element-6066-11e4-a52e-4f735466cecf":"7fb2b64f-3268-418e-971b-7f18c221855e","ELEMENT":"7fb2b64f-3268-418e-971b-7f18c221855e"}
&amp#27;[35m[HTTP]&amp#27;[39m &amp#27;[37m<-- POST /wd/hub/session/6d3c7c61-cbde-4799-be99-d7bef51c20db/element &amp#27;[39m&amp#27;[32m200&amp#27;[39m &amp#27;[90m3772 ms - 137&amp#27;[39m
&amp#27;[35m[HTTP]&amp#27;[39m &amp#27;[90m&amp#27;[39m
&amp#27;[35m[HTTP]&amp#27;[39m &amp#27;[37m-->&amp#27;[39m &amp#27;[37mPOST&amp#27;[39m &amp#27;[37m/wd/hub/session/6d3c7c61-cbde-4799-be99-d7bef51c20db/element/7fb2b64f-3268-418e-971b-7f18c221855e/click&amp#27;[39m
&amp#27;[35m[HTTP]&amp#27;[39m &amp#27;[90m{"id":"7fb2b64f-3268-418e-971b-7f18c221855e"}&amp#27;[39m
[debug] &amp#27;[35m[W3C (6d3c7c61)]&amp#27;[39m Calling AppiumDriver.click() with args: ["7fb2b64f-3268-418e-971b-7f18c221855e","6d3c7c61-cbde-4799-be99-d7bef51c20db"]
[debug] &amp#27;[35m[WD Proxy]&amp#27;[39m Matched '/element/7fb2b64f-3268-418e-971b-7f18c221855e/click' to command name 'click'
[debug] &amp#27;[35m[WD Proxy]&amp#27;[39m Proxying [POST /element/7fb2b64f-3268-418e-971b-7f18c221855e/click] to [POST http://127.0.0.1:8200/wd/hub/session/9be4f84e-4ba2-444b-b9a4-2a0c35e87af1/element/7fb2b64f-3268-418e-971b-7f18c221855e/click] with body: {"element":"7fb2b64f-3268-418e-971b-7f18c221855e"}
[debug] &amp#27;[35m[WD Proxy]&amp#27;[39m Got response with status 200: {"sessionId":"9be4f84e-4ba2-444b-b9a4-2a0c35e87af1","value":null}
[debug] &amp#27;[35m[W3C (6d3c7c61)]&amp#27;[39m Responding to client with driver.click() result: null
&amp#27;[35m[HTTP]&amp#27;[39m &amp#27;[37m<-- POST /wd/hub/session/6d3c7c61-cbde-4799-be99-d7bef51c20db/element/7fb2b64f-3268-418e-971b-7f18c221855e/click &amp#27;[39m&amp#27;[32m200&amp#27;[39m &amp#27;[90m55 ms - 14&amp#27;[39m
&amp#27;[35m[HTTP]&amp#27;[39m &amp#27;[90m&amp#27;[39m
&amp#27;[35m[HTTP]&amp#27;[39m &amp#27;[37m-->&amp#27;[39m &amp#27;[37mGET&amp#27;[39m &amp#27;[37m/wd/hub/session/6d3c7c61-cbde-4799-be99-d7bef51c20db/context&amp#27;[39m
&amp#27;[35m[HTTP]&amp#27;[39m &amp#27;[90m{}&amp#27;[39m
[debug] &amp#27;[35m[W3C (6d3c7c61)]&amp#27;[39m Calling AppiumDriver.getCurrentContext() with args: ["6d3c7c61-cbde-4799-be99-d7bef51c20db"]
[debug] &amp#27;[35m[W3C (6d3c7c61)]&amp#27;[39m Responding to client with driver.getCurrentContext() result: "NATIVE_APP"
&amp#27;[35m[HTTP]&amp#27;[39m &amp#27;[37m<-- GET /wd/hub/session/6d3c7c61-cbde-4799-be99-d7bef51c20db/context &amp#27;[39m&amp#27;[32m200&amp#27;[39m &amp#27;[90m3 ms - 22&amp#27;[39m
&amp#27;[35m[HTTP]&amp#27;[39m &amp#27;[90m&amp#27;[39m
&amp#27;[35m[HTTP]&amp#27;[39m &amp#27;[37m-->&amp#27;[39m &amp#27;[37mPOST&amp#27;[39m &amp#27;[37m/wd/hub/session/6d3c7c61-cbde-4799-be99-d7bef51c20db/element&amp#27;[39m
&amp#27;[35m[HTTP]&amp#27;[39m &amp#27;[90m{"using":"class name","value":"android.view.View"}&amp#27;[39m
[debug] &amp#27;[35m[W3C (6d3c7c61)]&amp#27;[39m Calling AppiumDriver.findElement() with args: ["class name","android.view.View","6d3c7c61-cbde-4799-be99-d7bef51c20db"]
[debug] &amp#27;[35m[BaseDriver]&amp#27;[39m Valid locator strategies for this request: xpath, id, class name, accessibility id, css selector, -android uiautomator
[debug] &amp#27;[35m[BaseDriver]&amp#27;[39m Waiting up to 20000 ms for condition
[debug] &amp#27;[35m[WD Proxy]&amp#27;[39m Matched '/element' to command name 'findElement'
[debug] &amp#27;[35m[WD Proxy]&amp#27;[39m Proxying [POST /element] to [POST http://127.0.0.1:8200/wd/hub/session/9be4f84e-4ba2-444b-b9a4-2a0c35e87af1/element] with body: {"strategy":"class name","selector":"android.view.View","context":"","multiple":false}
[debug] &amp#27;[35m[WD Proxy]&amp#27;[39m Got response with status 200: {"sessionId":"9be4f84e-4ba2-444b-b9a4-2a0c35e87af1","value":{"ELEMENT":"aca3a57a-115b-4352-82cd-d3a6f054a752","element-6066-11e4-a52e-4f735466cecf":"aca3a57a-115b-4352-82cd-d3a6f054a752"}}
[debug] &amp#27;[35m[W3C (6d3c7c61)]&amp#27;[39m Responding to client with driver.findElement() result: {"element-6066-11e4-a52e-4f735466cecf":"aca3a57a-115b-4352-82cd-d3a6f054a752","ELEMENT":"aca3a57a-115b-4352-82cd-d3a6f054a752"}
&amp#27;[35m[HTTP]&amp#27;[39m &amp#27;[37m<-- POST /wd/hub/session/6d3c7c61-cbde-4799-be99-d7bef51c20db/element &amp#27;[39m&amp#27;[32m200&amp#27;[39m &amp#27;[90m1224 ms - 137&amp#27;[39m
&amp#27;[35m[HTTP]&amp#27;[39m &amp#27;[90m&amp#27;[39m
&amp#27;[35m[HTTP]&amp#27;[39m &amp#27;[37m-->&amp#27;[39m &amp#27;[37mPOST&amp#27;[39m &amp#27;[37m/wd/hub/session/6d3c7c61-cbde-4799-be99-d7bef51c20db/element/aca3a57a-115b-4352-82cd-d3a6f054a752/click&amp#27;[39m
&amp#27;[35m[HTTP]&amp#27;[39m &amp#27;[90m{"id":"aca3a57a-115b-4352-82cd-d3a6f054a752"}&amp#27;[39m
[debug] &amp#27;[35m[W3C (6d3c7c61)]&amp#27;[39m Calling AppiumDriver.click() with args: ["aca3a57a-115b-4352-82cd-d3a6f054a752","6d3c7c61-cbde-4799-be99-d7bef51c20db"]
[debug] &amp#27;[35m[WD Proxy]&amp#27;[39m Matched '/element/aca3a57a-115b-4352-82cd-d3a6f054a752/click' to command name 'click'
[debug] &amp#27;[35m[WD Proxy]&amp#27;[39m Proxying [POST /element/aca3a57a-115b-4352-82cd-d3a6f054a752/click] to [POST http://127.0.0.1:8200/wd/hub/session/9be4f84e-4ba2-444b-b9a4-2a0c35e87af1/element/aca3a57a-115b-4352-82cd-d3a6f054a752/click] with body: {"element":"aca3a57a-115b-4352-82cd-d3a6f054a752"}
[debug] &amp#27;[35m[WD Proxy]&amp#27;[39m Got response with status 200: {"sessionId":"9be4f84e-4ba2-444b-b9a4-2a0c35e87af1","value":null}
[debug] &amp#27;[35m[W3C (6d3c7c61)]&amp#27;[39m Responding to client with driver.click() result: null
&amp#27;[35m[HTTP]&amp#27;[39m &amp#27;[37m<-- POST /wd/hub/session/6d3c7c61-cbde-4799-be99-d7bef51c20db/element/aca3a57a-115b-4352-82cd-d3a6f054a752/click &amp#27;[39m&amp#27;[32m200&amp#27;[39m &amp#27;[90m897 ms - 14&amp#27;[39m
&amp#27;[35m[HTTP]&amp#27;[39m &amp#27;[90m&amp#27;[39m
&amp#27;[35m[HTTP]&amp#27;[39m &amp#27;[37m-->&amp#27;[39m &amp#27;[37mGET&amp#27;[39m &amp#27;[37m/wd/hub/status&amp#27;[39m
&amp#27;[35m[HTTP]&amp#27;[39m &amp#27;[90m{}&amp#27;[39m
[debug] &amp#27;[35m[GENERIC]&amp#27;[39m Calling AppiumDriver.getStatus() with args: []
[debug] &amp#27;[35m[GENERIC]&amp#27;[39m Responding to client with driver.getStatus() result: {"build":{"version":"1.21.0"}}
&amp#27;[35m[HTTP]&amp#27;[39m &amp#27;[37m<-- GET /wd/hub/status &amp#27;[39m&amp#27;[32m200&amp#27;[39m &amp#27;[90m2 ms - 68&amp#27;[39m
&amp#27;[35m[HTTP]&amp#27;[39m &amp#27;[90m&amp#27;[39m
]]></system-out>
    <system-err><![CDATA[Sep 13, 2021 2:50:28 PM io.appium.java_client.remote.AppiumCommandExecutor$1 lambda$0
INFO: Detected dialect: W3C
[main] WARN io.appium.java_client.service.local.AppiumDriverLocalService - No explicit timeout could be applied to the process termination
java.lang.NullPointerException
	at io.appium.java_client.service.local.AppiumDriverLocalService.destroyProcess(AppiumDriverLocalService.java:219)
	at io.appium.java_client.service.local.AppiumDriverLocalService.destroyProcess(AppiumDriverLocalService.java:234)
	at io.appium.java_client.service.local.AppiumDriverLocalService.stop(AppiumDriverLocalService.java:186)
	at Agencify.Login.Login(Login.java:60)
	at sun.reflect.NativeMethodAccessorImpl.invoke0(Native Method)
	at sun.reflect.NativeMethodAccessorImpl.invoke(NativeMethodAccessorImpl.java:62)
	at sun.reflect.DelegatingMethodAccessorImpl.invoke(DelegatingMethodAccessorImpl.java:43)
	at java.lang.reflect.Method.invoke(Method.java:498)
	at org.testng.internal.MethodInvocationHelper.invokeMethod(MethodInvocationHelper.java:124)
	at org.testng.internal.Invoker.invokeMethod(Invoker.java:583)
	at org.testng.internal.Invoker.invokeTestMethod(Invoker.java:719)
	at org.testng.internal.Invoker.invokeTestMethods(Invoker.java:989)
	at org.testng.internal.TestMethodWorker.invokeTestMethods(TestMethodWorker.java:125)
	at org.testng.internal.TestMethodWorker.run(TestMethodWorker.java:109)
	at org.testng.TestRunner.privateRun(TestRunner.java:648)
	at org.testng.TestRunner.run(TestRunner.java:505)
	at org.testng.SuiteRunner.runTest(SuiteRunner.java:455)
	at org.testng.SuiteRunner.runSequentially(SuiteRunner.java:450)
	at org.testng.SuiteRunner.privateRun(SuiteRunner.java:415)
	at org.testng.SuiteRunner.run(SuiteRunner.java:364)
	at org.testng.SuiteRunnerWorker.runSuite(SuiteRunnerWorker.java:52)
	at org.testng.SuiteRunnerWorker.run(SuiteRunnerWorker.java:84)
	at org.testng.TestNG.runSuitesSequentially(TestNG.java:1208)
	at org.testng.TestNG.runSuitesLocally(TestNG.java:1137)
	at org.testng.TestNG.runSuites(TestNG.java:1049)
	at org.testng.TestNG.run(TestNG.java:1017)
	at org.apache.maven.surefire.testng.TestNGExecutor.run(TestNGExecutor.java:284)
	at org.apache.maven.surefire.testng.TestNGXmlTestSuite.execute(TestNGXmlTestSuite.java:75)
	at org.apache.maven.surefire.testng.TestNGProvider.invoke(TestNGProvider.java:119)
	at org.apache.maven.surefire.booter.ForkedBooter.runSuitesInProcess(ForkedBooter.java:428)
	at org.apache.maven.surefire.booter.ForkedBooter.execute(ForkedBooter.java:162)
	at org.apache.maven.surefire.booter.ForkedBooter.run(ForkedBooter.java:562)
	at org.apache.maven.surefire.booter.ForkedBooter.main(ForkedBooter.java:548)
]]></system-err>
  </testcase>
  <testcase name="LoginWithNoEmail" classname="Agencify.Login" time="29.986">
    <system-out><![CDATA[&amp#27;[35m[HTTP]&amp#27;[39m &amp#27;[37m-->&amp#27;[39m &amp#27;[37mGET&amp#27;[39m &amp#27;[37m/wd/hub/status&amp#27;[39m
&amp#27;[35m[HTTP]&amp#27;[39m &amp#27;[90m{}&amp#27;[39m
[debug] &amp#27;[35m[GENERIC]&amp#27;[39m Calling AppiumDriver.getStatus() with args: []
[debug] &amp#27;[35m[GENERIC]&amp#27;[39m Responding to client with driver.getStatus() result: {"build":{"version":"1.21.0"}}
&amp#27;[35m[HTTP]&amp#27;[39m &amp#27;[37m<-- GET /wd/hub/status &amp#27;[39m&amp#27;[32m200&amp#27;[39m &amp#27;[90m2 ms - 68&amp#27;[39m
&amp#27;[35m[HTTP]&amp#27;[39m &amp#27;[90m&amp#27;[39m
&amp#27;[35m[Appium]&amp#27;[39m Welcome to Appium v1.21.0
&amp#27;[35m[HTTP]&amp#27;[39m Could not start REST http interface listener. The requested port may already be in use. Please make sure there is no other instance of this server running already.
Fatal Error: listen EADDRINUSE: address already in use 0.0.0.0:4723
    at Server.setupListenHandle [as _listen2] (net.js:1320:16)
    at listenInCluster (net.js:1368:12)
    at doListen (net.js:1505:7)
    at processTicksAndRejections (internal/process/task_queues.js:83:21)
&amp#27;[35m[HTTP]&amp#27;[39m &amp#27;[37m-->&amp#27;[39m &amp#27;[37mGET&amp#27;[39m &amp#27;[37m/wd/hub/status&amp#27;[39m
&amp#27;[35m[HTTP]&amp#27;[39m &amp#27;[90m{}&amp#27;[39m
[debug] &amp#27;[35m[GENERIC]&amp#27;[39m Calling AppiumDriver.getStatus() with args: []
[debug] &amp#27;[35m[GENERIC]&amp#27;[39m Responding to client with driver.getStatus() result: {"build":{"version":"1.21.0"}}
&amp#27;[35m[HTTP]&amp#27;[39m &amp#27;[37m<-- GET /wd/hub/status &amp#27;[39m&amp#27;[32m200&amp#27;[39m &amp#27;[90m2 ms - 68&amp#27;[39m
&amp#27;[35m[HTTP]&amp#27;[39m &amp#27;[90m&amp#27;[39m
[debug] &amp#27;[35m[HTTP]&amp#27;[39m Request idempotency key: 6d1b26c5-52b5-40a1-a649-da8277079c6c
&amp#27;[35m[HTTP]&amp#27;[39m &amp#27;[37m-->&amp#27;[39m &amp#27;[37mPOST&amp#27;[39m &amp#27;[37m/wd/hub/session&amp#27;[39m
&amp#27;[35m[HTTP]&amp#27;[39m &amp#27;[90m{"desiredCapabilities":{"app":"C:\\Users\\John Mumo\\Desktop\\Agencify_App\\Agencify_App_Test\\src\\Agencify-universal-dev.apk","automationName":"uiautomator2","platformName":"Android","deviceName":"Android Device"},"capabilities":{"firstMatch":[{"appium:app":"C:\\Users\\John Mumo\\Desktop\\Agencify_App\\Agencify_App_Test\\src\\Agencify-universal-dev.apk","appium:automationName":"uiautomator2","appium:deviceName":"Android Device","platformName":"android"}]}}&amp#27;[39m
[debug] &amp#27;[35m[W3C]&amp#27;[39m Calling AppiumDriver.createSession() with args: [{"app":"C:\\Users\\John Mumo\\Desktop\\Agencify_App\\Agencify_App_Test\\src\\Agencify-universal-dev.apk","automationName":"uiautomator2","platformName":"Android","deviceName":"Android Device"},null,{"firstMatch":[{"appium:app":"C:\\Users\\John Mumo\\Desktop\\Agencify_App\\Agencify_App_Test\\src\\Agencify-universal-dev.apk","appium:automationName":"uiautomator2","appium:deviceName":"Android Device","platformName":"android"}]}]
[debug] &amp#27;[35m[BaseDriver]&amp#27;[39m Event 'newSessionRequested' logged at 1631533851435 (14:50:51 GMT+0300 (East Africa Time))
&amp#27;[35m[Appium]&amp#27;[39m Appium v1.21.0 creating new AndroidUiautomator2Driver (v1.65.0) session
[debug] &amp#27;[35m[BaseDriver]&amp#27;[39m W3C capabilities and MJSONWP desired capabilities were provided
[debug] &amp#27;[35m[BaseDriver]&amp#27;[39m Creating session with W3C capabilities: {
[debug] &amp#27;[35m[BaseDriver]&amp#27;[39m   "alwaysMatch": {
[debug] &amp#27;[35m[BaseDriver]&amp#27;[39m     "platformName": "android",
[debug] &amp#27;[35m[BaseDriver]&amp#27;[39m     "appium:app": "C:\\Users\\John Mumo\\Desktop\\Agencify_App\\Agencify_App_Test\\src\\Agencify-universal-dev.apk",
[debug] &amp#27;[35m[BaseDriver]&amp#27;[39m     "appium:automationName": "uiautomator2",
[debug] &amp#27;[35m[BaseDriver]&amp#27;[39m     "appium:deviceName": "Android Device"
[debug] &amp#27;[35m[BaseDriver]&amp#27;[39m   },
[debug] &amp#27;[35m[BaseDriver]&amp#27;[39m   "firstMatch": [
[debug] &amp#27;[35m[BaseDriver]&amp#27;[39m     {}
[debug] &amp#27;[35m[BaseDriver]&amp#27;[39m   ]
[debug] &amp#27;[35m[BaseDriver]&amp#27;[39m }
&amp#27;[35m[BaseDriver]&amp#27;[39m Session created with session id: 8e9de9bc-9d9d-49c1-9bec-86fd82868b0c
&amp#27;[35m[BaseDriver]&amp#27;[39m Using local app 'C:\Users\John Mumo\Desktop\Agencify_App\Agencify_App_Test\src\Agencify-universal-dev.apk'
[debug] &amp#27;[35m[UiAutomator2]&amp#27;[39m Checking whether app is actually present
&amp#27;[35m[ADB]&amp#27;[39m Using 'adb.exe' from 'C:\Users\John Mumo\AppData\Local\Android\Sdk\platform-tools\adb.exe'
[debug] &amp#27;[35m[ADB]&amp#27;[39m Running 'C:\Users\John Mumo\AppData\Local\Android\Sdk\platform-tools\adb.exe -P 5037 start-server'
&amp#27;[35m[AndroidDriver]&amp#27;[39m Retrieving device list
[debug] &amp#27;[35m[ADB]&amp#27;[39m Trying to find a connected android device
[debug] &amp#27;[35m[ADB]&amp#27;[39m Getting connected devices
[debug] &amp#27;[35m[ADB]&amp#27;[39m Connected devices: [{"udid":"0329625863001980","state":"device"}]
&amp#27;[35m[AndroidDriver]&amp#27;[39m Using device: 0329625863001980
&amp#27;[35m[ADB]&amp#27;[39m Using 'adb.exe' from 'C:\Users\John Mumo\AppData\Local\Android\Sdk\platform-tools\adb.exe'
[debug] &amp#27;[35m[ADB]&amp#27;[39m Running 'C:\Users\John Mumo\AppData\Local\Android\Sdk\platform-tools\adb.exe -P 5037 start-server'
[debug] &amp#27;[35m[ADB]&amp#27;[39m Setting device id to 0329625863001980
[debug] &amp#27;[35m[ADB]&amp#27;[39m Running 'C:\Users\John Mumo\AppData\Local\Android\Sdk\platform-tools\adb.exe -P 5037 -s 0329625863001980 shell getprop ro.build.version.sdk'
[debug] &amp#27;[35m[ADB]&amp#27;[39m Current device property 'ro.build.version.sdk': 27
[debug] &amp#27;[35m[ADB]&amp#27;[39m Device API level: 27
[debug] &amp#27;[35m[AndroidDriver]&amp#27;[39m Parsing package and activity from app manifest
&amp#27;[35m[ADB]&amp#27;[39m Package name: 'com.turnkeyafrica.agencify'
&amp#27;[35m[ADB]&amp#27;[39m Main activity name: 'com.turnkeyafrica.agencify.ui.splash.Splash'
[debug] &amp#27;[35m[AndroidDriver]&amp#27;[39m Parsed package and activity are: com.turnkeyafrica.agencify/com.turnkeyafrica.agencify.ui.splash.Splash
[debug] &amp#27;[35m[ADB]&amp#27;[39m Running 'C:\Users\John Mumo\AppData\Local\Android\Sdk\platform-tools\adb.exe -P 5037 -s 0329625863001980 wait-for-device'
[debug] &amp#27;[35m[ADB]&amp#27;[39m Running 'C:\Users\John Mumo\AppData\Local\Android\Sdk\platform-tools\adb.exe -P 5037 -s 0329625863001980 shell echo ping'
[debug] &amp#27;[35m[AndroidDriver]&amp#27;[39m Pushing settings apk to device...
[debug] &amp#27;[35m[ADB]&amp#27;[39m Getting install status for io.appium.settings
[debug] &amp#27;[35m[ADB]&amp#27;[39m Running 'C:\Users\John Mumo\AppData\Local\Android\Sdk\platform-tools\adb.exe -P 5037 -s 0329625863001980 shell dumpsys package io.appium.settings'
[debug] &amp#27;[35m[ADB]&amp#27;[39m 'io.appium.settings' is installed
[debug] &amp#27;[35m[ADB]&amp#27;[39m Getting package info for 'io.appium.settings'
[debug] &amp#27;[35m[ADB]&amp#27;[39m Running 'C:\Users\John Mumo\AppData\Local\Android\Sdk\platform-tools\adb.exe -P 5037 -s 0329625863001980 shell dumpsys package io.appium.settings'
[debug] &amp#27;[35m[ADB]&amp#27;[39m The version name of the installed 'io.appium.settings' is greater or equal to the application version name ('3.3.0' >= '3.3.0')
[debug] &amp#27;[35m[ADB]&amp#27;[39m There is no need to install/upgrade 'C:\Users\John Mumo\AppData\Roaming\npm\node_modules\appium\node_modules\io.appium.settings\apks\settings_apk-debug.apk'
[debug] &amp#27;[35m[ADB]&amp#27;[39m Getting IDs of all 'io.appium.settings' processes
[debug] &amp#27;[35m[ADB]&amp#27;[39m Running 'C:\Users\John Mumo\AppData\Local\Android\Sdk\platform-tools\adb.exe -P 5037 -s 0329625863001980 shell 'pgrep --help; echo $?''
[debug] &amp#27;[35m[ADB]&amp#27;[39m Running 'C:\Users\John Mumo\AppData\Local\Android\Sdk\platform-tools\adb.exe -P 5037 -s 0329625863001980 shell pgrep -f \(\[\[:blank:\]\]\|\^\)io\.appium\.settings\(\[\[:blank:\]\]\|\$\)'
[debug] &amp#27;[35m[AndroidDriver]&amp#27;[39m io.appium.settings is already running. There is no need to reset its permissions.
[debug] &amp#27;[35m[ADB]&amp#27;[39m Running 'C:\Users\John Mumo\AppData\Local\Android\Sdk\platform-tools\adb.exe -P 5037 -s 0329625863001980 shell appops set io.appium.settings android:mock_location allow'
[debug] &amp#27;[35m[Logcat]&amp#27;[39m Starting logs capture with command: 'C:\\Users\\John Mumo\\AppData\\Local\\Android\\Sdk\\platform-tools\\adb.exe' -P 5037 -s 0329625863001980 logcat -v threadtime
[debug] &amp#27;[35m[UiAutomator2]&amp#27;[39m Forwarding UiAutomator2 Server port 6790 to local port 8201
[debug] &amp#27;[35m[ADB]&amp#27;[39m Forwarding system: 8201 to device: 6790
[debug] &amp#27;[35m[ADB]&amp#27;[39m Running 'C:\Users\John Mumo\AppData\Local\Android\Sdk\platform-tools\adb.exe -P 5037 -s 0329625863001980 forward tcp:8201 tcp:6790'
[debug] &amp#27;[35m[ADB]&amp#27;[39m Getting install status for io.appium.uiautomator2.server
[debug] &amp#27;[35m[ADB]&amp#27;[39m Running 'C:\Users\John Mumo\AppData\Local\Android\Sdk\platform-tools\adb.exe -P 5037 -s 0329625863001980 shell dumpsys package io.appium.uiautomator2.server'
[debug] &amp#27;[35m[ADB]&amp#27;[39m 'io.appium.uiautomator2.server' is installed
[debug] &amp#27;[35m[ADB]&amp#27;[39m Getting package info for 'io.appium.uiautomator2.server'
[debug] &amp#27;[35m[ADB]&amp#27;[39m Running 'C:\Users\John Mumo\AppData\Local\Android\Sdk\platform-tools\adb.exe -P 5037 -s 0329625863001980 shell dumpsys package io.appium.uiautomator2.server'
[debug] &amp#27;[35m[ADB]&amp#27;[39m The version name of the installed 'io.appium.uiautomator2.server' is greater or equal to the application version name ('4.21.1' >= '4.21.1')
[debug] &amp#27;[35m[UiAutomator2]&amp#27;[39m io.appium.uiautomator2.server installation state: sameVersionInstalled
[debug] &amp#27;[35m[ADB]&amp#27;[39m Checking app cert for C:\Users\John Mumo\AppData\Roaming\npm\node_modules\appium\node_modules\appium-uiautomator2-server\apks\appium-uiautomator2-server-v4.21.1.apk
&amp#27;[35m[ADB]&amp#27;[39m Using 'apksigner.jar' from 'C:\Users\John Mumo\AppData\Local\Android\Sdk\build-tools\31.0.0\lib\apksigner.jar'
[debug] &amp#27;[35m[ADB]&amp#27;[39m Starting apksigner: 'C:\\Program Files\\Java\\jdk1.8.0_301\\bin\\java.exe' -Xmx1024M -Xss1m -jar 'C:\\Users\\John Mumo\\AppData\\Local\\Android\\Sdk\\build-tools\\31.0.0\\lib\\apksigner.jar' verify --print-certs 'C:\\Users\\John Mumo\\AppData\\Roaming\\npm\\node_modules\\appium\\node_modules\\appium-uiautomator2-server\\apks\\appium-uiautomator2-server-v4.21.1.apk'
&amp#27;[35m[Appium]&amp#27;[39m Welcome to Appium v1.21.0
&amp#27;[35m[HTTP]&amp#27;[39m Could not start REST http interface listener. The requested port may already be in use. Please make sure there is no other instance of this server running already.
Fatal Error: listen EADDRINUSE: address already in use 0.0.0.0:4723
    at Server.setupListenHandle [as _listen2] (net.js:1320:16)
    at listenInCluster (net.js:1368:12)
    at doListen (net.js:1505:7)
    at processTicksAndRejections (internal/process/task_queues.js:83:21)
[debug] &amp#27;[35m[ADB]&amp#27;[39m apksigner stdout: Signer #1 certificate DN: EMAILADDRESS=android@android.com, CN=Android, OU=Android, O=Android, L=Mountain View, ST=California, C=US
[debug] &amp#27;[35m[ADB]&amp#27;[39m Signer #1 certificate SHA-256 digest: a40da80a59d170caa950cf15c18c454d47a39b26989d8b640ecd745ba71bf5dc
[debug] &amp#27;[35m[ADB]&amp#27;[39m Signer #1 certificate SHA-1 digest: 61ed377e85d386a8dfee6b864bd85b0bfaa5af81
[debug] &amp#27;[35m[ADB]&amp#27;[39m Signer #1 certificate MD5 digest: e89b158e4bcf988ebd09eb83f5378e87
[debug] &amp#27;[35m[ADB]&amp#27;[39m 
[debug] &amp#27;[35m[ADB]&amp#27;[39m sha256 hash did match for 'appium-uiautomator2-server-v4.21.1.apk'
&amp#27;[35m[ADB]&amp#27;[39m 'C:\Users\John Mumo\AppData\Roaming\npm\node_modules\appium\node_modules\appium-uiautomator2-server\apks\appium-uiautomator2-server-v4.21.1.apk' is signed with the default certificate
[debug] &amp#27;[35m[ADB]&amp#27;[39m Getting install status for io.appium.uiautomator2.server.test
[debug] &amp#27;[35m[ADB]&amp#27;[39m Running 'C:\Users\John Mumo\AppData\Local\Android\Sdk\platform-tools\adb.exe -P 5037 -s 0329625863001980 shell dumpsys package io.appium.uiautomator2.server.test'
[debug] &amp#27;[35m[ADB]&amp#27;[39m 'io.appium.uiautomator2.server.test' is installed
[debug] &amp#27;[35m[ADB]&amp#27;[39m Checking app cert for C:\Users\John Mumo\AppData\Roaming\npm\node_modules\appium\node_modules\appium-uiautomator2-server\apks\appium-uiautomator2-server-debug-androidTest.apk
[debug] &amp#27;[35m[ADB]&amp#27;[39m Starting apksigner: 'C:\\Program Files\\Java\\jdk1.8.0_301\\bin\\java.exe' -Xmx1024M -Xss1m -jar 'C:\\Users\\John Mumo\\AppData\\Local\\Android\\Sdk\\build-tools\\31.0.0\\lib\\apksigner.jar' verify --print-certs 'C:\\Users\\John Mumo\\AppData\\Roaming\\npm\\node_modules\\appium\\node_modules\\appium-uiautomator2-server\\apks\\appium-uiautomator2-server-debug-androidTest.apk'
[debug] &amp#27;[35m[ADB]&amp#27;[39m apksigner stdout: Signer #1 certificate DN: EMAILADDRESS=android@android.com, CN=Android, OU=Android, O=Android, L=Mountain View, ST=California, C=US
[debug] &amp#27;[35m[ADB]&amp#27;[39m Signer #1 certificate SHA-256 digest: a40da80a59d170caa950cf15c18c454d47a39b26989d8b640ecd745ba71bf5dc
[debug] &amp#27;[35m[ADB]&amp#27;[39m Signer #1 certificate SHA-1 digest: 61ed377e85d386a8dfee6b864bd85b0bfaa5af81
[debug] &amp#27;[35m[ADB]&amp#27;[39m Signer #1 certificate MD5 digest: e89b158e4bcf988ebd09eb83f5378e87
[debug] &amp#27;[35m[ADB]&amp#27;[39m 
[debug] &amp#27;[35m[ADB]&amp#27;[39m sha256 hash did match for 'appium-uiautomator2-server-debug-androidTest.apk'
&amp#27;[35m[ADB]&amp#27;[39m 'C:\Users\John Mumo\AppData\Roaming\npm\node_modules\appium\node_modules\appium-uiautomator2-server\apks\appium-uiautomator2-server-debug-androidTest.apk' is signed with the default certificate
&amp#27;[35m[UiAutomator2]&amp#27;[39m Server packages are not going to be (re)installed
[debug] &amp#27;[35m[UiAutomator2]&amp#27;[39m Waiting up to 30000ms for services to be available
[debug] &amp#27;[35m[ADB]&amp#27;[39m Running 'C:\Users\John Mumo\AppData\Local\Android\Sdk\platform-tools\adb.exe -P 5037 -s 0329625863001980 shell pm list instrumentation'
[debug] &amp#27;[35m[UiAutomator2]&amp#27;[39m Instrumentation target 'io.appium.uiautomator2.server.test/androidx.test.runner.AndroidJUnitRunner' is available
&amp#27;[35m[ADB]&amp#27;[39m Adding packages ["io.appium.settings","io.appium.uiautomator2.server","io.appium.uiautomator2.server.test"] to Doze whitelist
[debug] &amp#27;[35m[ADB]&amp#27;[39m Got the following command chunks to execute: [["dumpsys","deviceidle","whitelist","+io.appium.settings",";","dumpsys","deviceidle","whitelist","+io.appium.uiautomator2.server",";","dumpsys","deviceidle","whitelist","+io.appium.uiautomator2.server.test",";"]]
[debug] &amp#27;[35m[ADB]&amp#27;[39m Running 'C:\Users\John Mumo\AppData\Local\Android\Sdk\platform-tools\adb.exe -P 5037 -s 0329625863001980 shell dumpsys deviceidle whitelist +io.appium.settings ; dumpsys deviceidle whitelist +io.appium.uiautomator2.server ; dumpsys deviceidle whitelist +io.appium.uiautomator2.server.test ;'
[debug] &amp#27;[35m[ADB]&amp#27;[39m Checking app cert for C:\Users\John Mumo\Desktop\Agencify_App\Agencify_App_Test\src\Agencify-universal-dev.apk
[debug] &amp#27;[35m[ADB]&amp#27;[39m Starting apksigner: 'C:\\Program Files\\Java\\jdk1.8.0_301\\bin\\java.exe' -Xmx1024M -Xss1m -jar 'C:\\Users\\John Mumo\\AppData\\Local\\Android\\Sdk\\build-tools\\31.0.0\\lib\\apksigner.jar' verify --print-certs 'C:\\Users\\John Mumo\\Desktop\\Agencify_App\\Agencify_App_Test\\src\\Agencify-universal-dev.apk'
[debug] &amp#27;[35m[ADB]&amp#27;[39m apksigner stdout: Signer #1 certificate DN: CN=Kelvin Macharia, OU=1, O=Turnkey Africa Ltd, L=Nairobi, ST=Nairobi, C=254
[debug] &amp#27;[35m[ADB]&amp#27;[39m Signer #1 certificate SHA-256 digest: bea01f45993c5444da0c012e5d2217651ee76b2920c5b0e47f40ddfcfb87035a
[debug] &amp#27;[35m[ADB]&amp#27;[39m Signer #1 certificate SHA-1 digest: 4294fd12d78ada03cb413c6008895e8972c7740b
[debug] &amp#27;[35m[ADB]&amp#27;[39m Signer #1 certificate MD5 digest: b5678b443b80dfdec285fc9379bf8baf
[debug] &amp#27;[35m[ADB]&amp#27;[39m 
&amp#27;[35m[ADB]&amp#27;[39m 'C:\Users\John Mumo\Desktop\Agencify_App\Agencify_App_Test\src\Agencify-universal-dev.apk' is signed with a non-default certificate
[debug] &amp#27;[35m[ADB]&amp#27;[39m Getting install status for com.turnkeyafrica.agencify
[debug] &amp#27;[35m[ADB]&amp#27;[39m Running 'C:\Users\John Mumo\AppData\Local\Android\Sdk\platform-tools\adb.exe -P 5037 -s 0329625863001980 shell dumpsys package com.turnkeyafrica.agencify'
[debug] &amp#27;[35m[ADB]&amp#27;[39m 'com.turnkeyafrica.agencify' is installed
[debug] &amp#27;[35m[ADB]&amp#27;[39m Getting package info for 'com.turnkeyafrica.agencify'
[debug] &amp#27;[35m[ADB]&amp#27;[39m Running 'C:\Users\John Mumo\AppData\Local\Android\Sdk\platform-tools\adb.exe -P 5037 -s 0329625863001980 shell dumpsys package com.turnkeyafrica.agencify'
[debug] &amp#27;[35m[ADB]&amp#27;[39m The version code of the installed 'com.turnkeyafrica.agencify' is greater than the application version code (96 > 95)
[debug] &amp#27;[35m[ADB]&amp#27;[39m There is no need to downgrade 'com.turnkeyafrica.agencify'
&amp#27;[35m[AndroidDriver]&amp#27;[39m Performing fast reset on 'com.turnkeyafrica.agencify'
[debug] &amp#27;[35m[ADB]&amp#27;[39m Getting install status for com.turnkeyafrica.agencify
[debug] &amp#27;[35m[ADB]&amp#27;[39m Running 'C:\Users\John Mumo\AppData\Local\Android\Sdk\platform-tools\adb.exe -P 5037 -s 0329625863001980 shell dumpsys package com.turnkeyafrica.agencify'
[debug] &amp#27;[35m[ADB]&amp#27;[39m 'com.turnkeyafrica.agencify' is installed
[debug] &amp#27;[35m[ADB]&amp#27;[39m Running 'C:\Users\John Mumo\AppData\Local\Android\Sdk\platform-tools\adb.exe -P 5037 -s 0329625863001980 shell am force-stop com.turnkeyafrica.agencify'
[debug] &amp#27;[35m[ADB]&amp#27;[39m Running 'C:\Users\John Mumo\AppData\Local\Android\Sdk\platform-tools\adb.exe -P 5037 -s 0329625863001980 shell pm clear com.turnkeyafrica.agencify'
[debug] &amp#27;[35m[AndroidDriver]&amp#27;[39m Performed fast reset on the installed 'com.turnkeyafrica.agencify' application (stop and clear)
[debug] &amp#27;[35m[UiAutomator2]&amp#27;[39m Performing shallow cleanup of automation leftovers
[debug] &amp#27;[35m[UiAutomator2]&amp#27;[39m The following obsolete sessions are still running: [null]
[debug] &amp#27;[35m[UiAutomator2]&amp#27;[39m Cleaning up the obsolete sessions
[debug] &amp#27;[35m[Instrumentation]&amp#27;[39m .
[debug] &amp#27;[35m[Instrumentation]&amp#27;[39m Time: 36.141
[debug] &amp#27;[35m[Instrumentation]&amp#27;[39m 
[debug] &amp#27;[35m[Instrumentation]&amp#27;[39m OK (1 test)
[debug] &amp#27;[35m[Instrumentation]&amp#27;[39m The process has exited with code 0
[debug] &amp#27;[35m[ADB]&amp#27;[39m Running 'C:\Users\John Mumo\AppData\Local\Android\Sdk\platform-tools\adb.exe -P 5037 -s 0329625863001980 shell am force-stop io.appium.uiautomator2.server.test'
&amp#27;[35m[UiAutomator2]&amp#27;[39m Starting UIAutomator2 server 4.21.1
&amp#27;[35m[UiAutomator2]&amp#27;[39m Using UIAutomator2 server from 'C:\Users\John Mumo\AppData\Roaming\npm\node_modules\appium\node_modules\appium-uiautomator2-server\apks\appium-uiautomator2-server-v4.21.1.apk' and test from 'C:\Users\John Mumo\AppData\Roaming\npm\node_modules\appium\node_modules\appium-uiautomator2-server\apks\appium-uiautomator2-server-debug-androidTest.apk'
&amp#27;[35m[UiAutomator2]&amp#27;[39m Waiting up to 30000ms for UiAutomator2 to be online...
[debug] &amp#27;[35m[ADB]&amp#27;[39m Creating ADB subprocess with args: ["-P",5037,"-s","0329625863001980","shell","am","instrument","-w","-e","disableAnalytics",true,"io.appium.uiautomator2.server.test/androidx.test.runner.AndroidJUnitRunner"]
[debug] &amp#27;[35m[WD Proxy]&amp#27;[39m Matched '/status' to command name 'getStatus'
[debug] &amp#27;[35m[WD Proxy]&amp#27;[39m Proxying [GET /status] to [GET http://127.0.0.1:8201/wd/hub/status] with no body
&amp#27;[35m[WD Proxy]&amp#27;[39m socket hang up
[debug] &amp#27;[35m[WD Proxy]&amp#27;[39m Matched '/status' to command name 'getStatus'
[debug] &amp#27;[35m[WD Proxy]&amp#27;[39m Proxying [GET /status] to [GET http://127.0.0.1:8201/wd/hub/status] with no body
&amp#27;[35m[WD Proxy]&amp#27;[39m socket hang up
[debug] &amp#27;[35m[Instrumentation]&amp#27;[39m io.appium.uiautomator2.server.test.AppiumUiAutomator2Server:
[debug] &amp#27;[35m[WD Proxy]&amp#27;[39m Matched '/status' to command name 'getStatus'
[debug] &amp#27;[35m[WD Proxy]&amp#27;[39m Proxying [GET /status] to [GET http://127.0.0.1:8201/wd/hub/status] with no body
&amp#27;[35m[WD Proxy]&amp#27;[39m socket hang up
[debug] &amp#27;[35m[WD Proxy]&amp#27;[39m Matched '/status' to command name 'getStatus'
[debug] &amp#27;[35m[WD Proxy]&amp#27;[39m Proxying [GET /status] to [GET http://127.0.0.1:8201/wd/hub/status] with no body
&amp#27;[35m[WD Proxy]&amp#27;[39m socket hang up
[debug] &amp#27;[35m[WD Proxy]&amp#27;[39m Matched '/status' to command name 'getStatus'
[debug] &amp#27;[35m[WD Proxy]&amp#27;[39m Proxying [GET /status] to [GET http://127.0.0.1:8201/wd/hub/status] with no body
[debug] &amp#27;[35m[WD Proxy]&amp#27;[39m Got response with status 200: {"sessionId":"None","value":{"message":"UiAutomator2 Server is ready to accept commands","ready":true}}
[debug] &amp#27;[35m[UiAutomator2]&amp#27;[39m The initialization of the instrumentation process took 4226ms
[debug] &amp#27;[35m[WD Proxy]&amp#27;[39m Matched '/session' to command name 'createSession'
[debug] &amp#27;[35m[WD Proxy]&amp#27;[39m Proxying [POST /session] to [POST http://127.0.0.1:8201/wd/hub/session] with body: {"capabilities":{"firstMatch":[{"platform":"LINUX","webStorageEnabled":false,"takesScreenshot":true,"javascriptEnabled":true,"databaseEnabled":false,"networkConnectionEnabled":true,"locationContextEnabled":false,"warnings":{},"desired":{"platformName":"android","app":"C:\\Users\\John Mumo\\Desktop\\Agencify_App\\Agencify_App_Test\\src\\Agencify-universal-dev.apk","automationName":"uiautomator2","deviceName":"Android Device"},"platformName":"android","app":"C:\\Users\\John Mumo\\Desktop\\Agencify_App\\Agencify_App_Test\\src\\Agencify-universal-dev.apk","automationName":"uiautomator2","deviceName":"0329625863001980","deviceUDID":"0329625863001980","appPackage":"com.turnkeyafrica.agencify"}],"alwaysMatch":{}}}
[debug] &amp#27;[35m[WD Proxy]&amp#27;[39m Got response with status 200: {"sessionId":"46c601cb-ae5b-423c-bcc9-d1d705d19a9d","value":{"capabilities":{"firstMatch":[{"platform":"LINUX","webStorageEnabled":false,"takesScreenshot":true,"javascriptEnabled":true,"databaseEnabled":false,"networkConnectionEnabled":true,"locationContextEnabled":false,"warnings":{},"desired":{"platformName":"android","app":"C:\\Users\\John Mumo\\Desktop\\Agencify_App\\Agencify_App_Test\\src\\Agencify-universal-dev.apk","automationName":"uiautomator2","deviceName":"Android Device"},"platformName":"android","app":"C:\\Users\\John Mumo\\Desktop\\Agencify_App\\Agencify_App_Test\\src\\Agencify-universal-dev.apk","automationName":"uiautomator2","deviceName":"0329625863001980","deviceUDID":"0329625863001980","appPackage":"com.turnkeyafrica.agencify"}],"alwaysMatch":{}},"sessionId":"46c601cb-ae5b-423c-bcc9-d1d705d19a9d"}}
&amp#27;[35m[WD Proxy]&amp#27;[39m Determined the downstream protocol as 'W3C'
[debug] &amp#27;[35m[WD Proxy]&amp#27;[39m Proxying [GET /appium/device/info] to [GET http://127.0.0.1:8201/wd/hub/session/46c601cb-ae5b-423c-bcc9-d1d705d19a9d/appium/device/info] with no body
[debug] &amp#27;[35m[WD Proxy]&amp#27;[39m Got response with status 200: {"sessionId":"46c601cb-ae5b-423c-bcc9-d1d705d19a9d","value":{"androidId":"2d21e1b2791b275f","apiVersion":"27","bluetooth":{"state":"OFF"},"brand":"TECNO","carrierName":"Safaricom","displayDensity":320,"locale":"en_US","manufacturer":"TECNO MOBILE LIMITED","model":"TECNO CA7","networks":[{"capabilities":{"SSID":null,"linkDownBandwidthKbps":1048576,"linkUpstreamBandwidthKbps":1048576,"networkCapabilities":"NET_CAPABILITY_NOT_METERED,NET_CAPABILITY_INTERNET,NET_CAPABILITY_NOT_RESTRICTED,NET_CAPABILITY_TRUSTED,NET_CAPABILITY_NOT_VPN,NET_CAPABILITY_VALIDATED,NET_CAPABILITY_NOT_ROAMING","signalStrength":-50,"transportTypes":"TRANSPORT_WIFI"},"detailedState":"CONNECTED","extraInfo":"\"Mumo\"","isAvailable":true,"isConnected":true,"isFailover":false,"isRoaming":false,"state":"CONNECTED","subtype":0,"subtypeName":"","type":1,"typeName":"WIFI"}],"platformVersion":"8.1.0","realDisplaySize":"720x1440","timeZone":"Africa/Nairobi"}}
[debug] &amp#27;[35m[ADB]&amp#27;[39m Running 'C:\Users\John Mumo\AppData\Local\Android\Sdk\platform-tools\adb.exe -P 5037 -s 0329625863001980 shell dumpsys window'
&amp#27;[35m[AndroidDriver]&amp#27;[39m Screen already unlocked, doing nothing
&amp#27;[35m[UiAutomator2]&amp#27;[39m Starting 'com.turnkeyafrica.agencify/com.turnkeyafrica.agencify.ui.splash.Splash and waiting for 'com.turnkeyafrica.agencify/com.turnkeyafrica.agencify.ui.splash.Splash'
[debug] &amp#27;[35m[ADB]&amp#27;[39m Running 'C:\Users\John Mumo\AppData\Local\Android\Sdk\platform-tools\adb.exe -P 5037 -s 0329625863001980 shell am start -W -n com.turnkeyafrica.agencify/com.turnkeyafrica.agencify.ui.splash.Splash -S -a android.intent.action.MAIN -c android.intent.category.LAUNCHER -f 0x10200000'
[debug] &amp#27;[35m[ADB]&amp#27;[39m Waiting up to 20000ms for activity matching pkg: 'com.turnkeyafrica.agencify' and activity: 'com.turnkeyafrica.agencify.ui.splash.Splash' to be focused
[debug] &amp#27;[35m[ADB]&amp#27;[39m Possible activities, to be checked: 'com.turnkeyafrica.agencify.ui.splash.Splash', 'com.turnkeyafrica.agencify.com.turnkeyafrica.agencify.ui.splash.Splash'
[debug] &amp#27;[35m[ADB]&amp#27;[39m Getting focused package and activity
[debug] &amp#27;[35m[ADB]&amp#27;[39m Running 'C:\Users\John Mumo\AppData\Local\Android\Sdk\platform-tools\adb.exe -P 5037 -s 0329625863001980 shell dumpsys window windows'
[debug] &amp#27;[35m[ADB]&amp#27;[39m Found package: 'com.turnkeyafrica.agencify' and fully qualified activity name : 'com.turnkeyafrica.agencify.ui.splash.Splash'
[debug] &amp#27;[35m[WD Proxy]&amp#27;[39m Proxying [GET /appium/device/pixel_ratio] to [GET http://127.0.0.1:8201/wd/hub/session/46c601cb-ae5b-423c-bcc9-d1d705d19a9d/appium/device/pixel_ratio] with no body
[debug] &amp#27;[35m[WD Proxy]&amp#27;[39m Got response with status 200: {"sessionId":"46c601cb-ae5b-423c-bcc9-d1d705d19a9d","value":2}
[debug] &amp#27;[35m[WD Proxy]&amp#27;[39m Matched '/appium/device/system_bars' to command name 'getSystemBars'
[debug] &amp#27;[35m[WD Proxy]&amp#27;[39m Proxying [GET /appium/device/system_bars] to [GET http://127.0.0.1:8201/wd/hub/session/46c601cb-ae5b-423c-bcc9-d1d705d19a9d/appium/device/system_bars] with no body
[debug] &amp#27;[35m[WD Proxy]&amp#27;[39m Got response with status 200: {"sessionId":"46c601cb-ae5b-423c-bcc9-d1d705d19a9d","value":{"statusBar":48}}
[debug] &amp#27;[35m[WD Proxy]&amp#27;[39m Matched '/window/current/size' to command name 'getWindowSize'
[debug] &amp#27;[35m[WD Proxy]&amp#27;[39m Proxying [GET /window/current/size] to [GET http://127.0.0.1:8201/wd/hub/session/46c601cb-ae5b-423c-bcc9-d1d705d19a9d/window/current/size] with no body
[debug] &amp#27;[35m[WD Proxy]&amp#27;[39m Got response with status 200: {"sessionId":"46c601cb-ae5b-423c-bcc9-d1d705d19a9d","value":{"height":1344,"width":720}}
&amp#27;[35m[Appium]&amp#27;[39m New AndroidUiautomator2Driver session created successfully, session 8e9de9bc-9d9d-49c1-9bec-86fd82868b0c added to master session list
[debug] &amp#27;[35m[BaseDriver]&amp#27;[39m Event 'newSessionStarted' logged at 1631533866735 (14:51:06 GMT+0300 (East Africa Time))
[debug] &amp#27;[35m[W3C (8e9de9bc)]&amp#27;[39m Cached the protocol value 'W3C' for the new session 8e9de9bc-9d9d-49c1-9bec-86fd82868b0c
[debug] &amp#27;[35m[W3C (8e9de9bc)]&amp#27;[39m Responding to client with driver.createSession() result: {"capabilities":{"platform":"LINUX","webStorageEnabled":false,"takesScreenshot":true,"javascriptEnabled":true,"databaseEnabled":false,"networkConnectionEnabled":true,"locationContextEnabled":false,"warnings":{},"desired":{"platformName":"android","app":"C:\\Users\\John Mumo\\Desktop\\Agencify_App\\Agencify_App_Test\\src\\Agencify-universal-dev.apk","automationName":"uiautomator2","deviceName":"Android Device"},"platformName":"android","app":"C:\\Users\\John Mumo\\Desktop\\Agencify_App\\Agencify_App_Test\\src\\Agencify-universal-dev.apk","automationName":"uiautomator2","deviceName":"0329625863001980","deviceUDID":"0329625863001980","appPackage":"com.turnkeyafrica.agencify","deviceApiLevel":27,"platformVersion":"8.1.0","deviceScreenSize":"720x1440","deviceScreenDensity":320,"deviceModel":"TECNO CA7","deviceManufacturer":"TECNO MOBILE LIMITED","pixelRatio":2,"statBarHeight":48,"viewportRect":{"left":0,"top":48,"width":720,"height":1296}}}
&amp#27;[35m[HTTP]&amp#27;[39m &amp#27;[37m<-- POST /wd/hub/session &amp#27;[39m&amp#27;[32m200&amp#27;[39m &amp#27;[90m15303 ms - 1010&amp#27;[39m
&amp#27;[35m[HTTP]&amp#27;[39m &amp#27;[90m&amp#27;[39m
&amp#27;[35m[HTTP]&amp#27;[39m &amp#27;[37m-->&amp#27;[39m &amp#27;[37mPOST&amp#27;[39m &amp#27;[37m/wd/hub/session/8e9de9bc-9d9d-49c1-9bec-86fd82868b0c/timeouts&amp#27;[39m
&amp#27;[35m[HTTP]&amp#27;[39m &amp#27;[90m{"implicit":20000}&amp#27;[39m
[debug] &amp#27;[35m[W3C (8e9de9bc)]&amp#27;[39m Calling AppiumDriver.timeouts() with args: [null,null,null,null,20000,"8e9de9bc-9d9d-49c1-9bec-86fd82868b0c"]
[debug] &amp#27;[35m[BaseDriver]&amp#27;[39m W3C timeout argument: {"implicit":20000}}
[debug] &amp#27;[35m[BaseDriver]&amp#27;[39m Set implicit wait to 20000ms
[debug] &amp#27;[35m[W3C (8e9de9bc)]&amp#27;[39m Responding to client with driver.timeouts() result: null
&amp#27;[35m[HTTP]&amp#27;[39m &amp#27;[37m<-- POST /wd/hub/session/8e9de9bc-9d9d-49c1-9bec-86fd82868b0c/timeouts &amp#27;[39m&amp#27;[32m200&amp#27;[39m &amp#27;[90m5 ms - 14&amp#27;[39m
&amp#27;[35m[HTTP]&amp#27;[39m &amp#27;[90m&amp#27;[39m
&amp#27;[35m[HTTP]&amp#27;[39m &amp#27;[37m-->&amp#27;[39m &amp#27;[37mGET&amp#27;[39m &amp#27;[37m/wd/hub/session/8e9de9bc-9d9d-49c1-9bec-86fd82868b0c/context&amp#27;[39m
&amp#27;[35m[HTTP]&amp#27;[39m &amp#27;[90m{}&amp#27;[39m
[debug] &amp#27;[35m[W3C (8e9de9bc)]&amp#27;[39m Calling AppiumDriver.getCurrentContext() with args: ["8e9de9bc-9d9d-49c1-9bec-86fd82868b0c"]
[debug] &amp#27;[35m[W3C (8e9de9bc)]&amp#27;[39m Responding to client with driver.getCurrentContext() result: "NATIVE_APP"
&amp#27;[35m[HTTP]&amp#27;[39m &amp#27;[37m<-- GET /wd/hub/session/8e9de9bc-9d9d-49c1-9bec-86fd82868b0c/context &amp#27;[39m&amp#27;[32m200&amp#27;[39m &amp#27;[90m3 ms - 22&amp#27;[39m
&amp#27;[35m[HTTP]&amp#27;[39m &amp#27;[90m&amp#27;[39m
&amp#27;[35m[HTTP]&amp#27;[39m &amp#27;[37m-->&amp#27;[39m &amp#27;[37mPOST&amp#27;[39m &amp#27;[37m/wd/hub/session/8e9de9bc-9d9d-49c1-9bec-86fd82868b0c/element&amp#27;[39m
&amp#27;[35m[HTTP]&amp#27;[39m &amp#27;[90m{"using":"xpath","value":"//*[@text = 'Login']"}&amp#27;[39m
[debug] &amp#27;[35m[W3C (8e9de9bc)]&amp#27;[39m Calling AppiumDriver.findElement() with args: ["xpath","//*[@text = 'Login']","8e9de9bc-9d9d-49c1-9bec-86fd82868b0c"]
[debug] &amp#27;[35m[BaseDriver]&amp#27;[39m Valid locator strategies for this request: xpath, id, class name, accessibility id, css selector, -android uiautomator
[debug] &amp#27;[35m[BaseDriver]&amp#27;[39m Waiting up to 20000 ms for condition
[debug] &amp#27;[35m[WD Proxy]&amp#27;[39m Matched '/element' to command name 'findElement'
[debug] &amp#27;[35m[WD Proxy]&amp#27;[39m Proxying [POST /element] to [POST http://127.0.0.1:8201/wd/hub/session/46c601cb-ae5b-423c-bcc9-d1d705d19a9d/element] with body: {"strategy":"xpath","selector":"//*[@text = 'Login']","context":"","multiple":false}
&amp#27;[35m[WD Proxy]&amp#27;[39m Got response with status 404: {"sessionId":"46c601cb-ae5b-423c-bcc9-d1d705d19a9d","value":{"error":"no such element","message":"An element could not be located on the page using the given search parameters","stacktrace":"io.appium.uiautomator2.common.exceptions.ElementNotFoundException: An element could not be located on the page using the given search parameters\n\tat io.appium.uiautomator2.handler.FindElement.findElement(FindElement.java:89)\n\tat io.appium.uiautomator2.handler.FindElement.safeHandle(FindElement.java:66)\n\tat io.appium.uiautomator2.handler.request.SafeRequestHandler.handle(SafeRequestHandler.java:41)\n\tat io.appium.uiautomator2.server.AppiumServlet.handleRequest(AppiumServlet.java:262)\n\tat io.appium.uiautomator2.server.AppiumServlet.handleHttpRequest(AppiumServlet.java:256)\n\tat io.appium.uiautomator2.http.ServerHandler.channelRead(ServerHandler.java:68)\n\tat io.netty.channel.AbstractChannelHandlerContext.invokeChannelRead(AbstractChannelHandlerContext.java:366)\n\tat io.netty.channel.AbstractChannelHandlerCont...
[debug] &amp#27;[35m[W3C]&amp#27;[39m Matched W3C error code 'no such element' to NoSuchElementError
[debug] &amp#27;[35m[BaseDriver]&amp#27;[39m Waited for 1562 ms so far
[debug] &amp#27;[35m[WD Proxy]&amp#27;[39m Matched '/element' to command name 'findElement'
[debug] &amp#27;[35m[WD Proxy]&amp#27;[39m Proxying [POST /element] to [POST http://127.0.0.1:8201/wd/hub/session/46c601cb-ae5b-423c-bcc9-d1d705d19a9d/element] with body: {"strategy":"xpath","selector":"//*[@text = 'Login']","context":"","multiple":false}
&amp#27;[35m[WD Proxy]&amp#27;[39m Got response with status 404: {"sessionId":"46c601cb-ae5b-423c-bcc9-d1d705d19a9d","value":{"error":"no such element","message":"An element could not be located on the page using the given search parameters","stacktrace":"io.appium.uiautomator2.common.exceptions.ElementNotFoundException: An element could not be located on the page using the given search parameters\n\tat io.appium.uiautomator2.handler.FindElement.findElement(FindElement.java:89)\n\tat io.appium.uiautomator2.handler.FindElement.safeHandle(FindElement.java:66)\n\tat io.appium.uiautomator2.handler.request.SafeRequestHandler.handle(SafeRequestHandler.java:41)\n\tat io.appium.uiautomator2.server.AppiumServlet.handleRequest(AppiumServlet.java:262)\n\tat io.appium.uiautomator2.server.AppiumServlet.handleHttpRequest(AppiumServlet.java:256)\n\tat io.appium.uiautomator2.http.ServerHandler.channelRead(ServerHandler.java:68)\n\tat io.netty.channel.AbstractChannelHandlerContext.invokeChannelRead(AbstractChannelHandlerContext.java:366)\n\tat io.netty.channel.AbstractChannelHandlerCont...
[debug] &amp#27;[35m[W3C]&amp#27;[39m Matched W3C error code 'no such element' to NoSuchElementError
[debug] &amp#27;[35m[BaseDriver]&amp#27;[39m Waited for 2978 ms so far
[debug] &amp#27;[35m[WD Proxy]&amp#27;[39m Matched '/element' to command name 'findElement'
[debug] &amp#27;[35m[WD Proxy]&amp#27;[39m Proxying [POST /element] to [POST http://127.0.0.1:8201/wd/hub/session/46c601cb-ae5b-423c-bcc9-d1d705d19a9d/element] with body: {"strategy":"xpath","selector":"//*[@text = 'Login']","context":"","multiple":false}
[debug] &amp#27;[35m[WD Proxy]&amp#27;[39m Got response with status 200: {"sessionId":"46c601cb-ae5b-423c-bcc9-d1d705d19a9d","value":{"ELEMENT":"457cf45a-0cb1-4f89-9b8f-7ea207130995","element-6066-11e4-a52e-4f735466cecf":"457cf45a-0cb1-4f89-9b8f-7ea207130995"}}
[debug] &amp#27;[35m[W3C (8e9de9bc)]&amp#27;[39m Responding to client with driver.findElement() result: {"element-6066-11e4-a52e-4f735466cecf":"457cf45a-0cb1-4f89-9b8f-7ea207130995","ELEMENT":"457cf45a-0cb1-4f89-9b8f-7ea207130995"}
&amp#27;[35m[HTTP]&amp#27;[39m &amp#27;[37m<-- POST /wd/hub/session/8e9de9bc-9d9d-49c1-9bec-86fd82868b0c/element &amp#27;[39m&amp#27;[32m200&amp#27;[39m &amp#27;[90m4465 ms - 137&amp#27;[39m
&amp#27;[35m[HTTP]&amp#27;[39m &amp#27;[90m&amp#27;[39m
&amp#27;[35m[HTTP]&amp#27;[39m &amp#27;[37m-->&amp#27;[39m &amp#27;[37mPOST&amp#27;[39m &amp#27;[37m/wd/hub/session/8e9de9bc-9d9d-49c1-9bec-86fd82868b0c/element/457cf45a-0cb1-4f89-9b8f-7ea207130995/click&amp#27;[39m
&amp#27;[35m[HTTP]&amp#27;[39m &amp#27;[90m{"id":"457cf45a-0cb1-4f89-9b8f-7ea207130995"}&amp#27;[39m
[debug] &amp#27;[35m[W3C (8e9de9bc)]&amp#27;[39m Calling AppiumDriver.click() with args: ["457cf45a-0cb1-4f89-9b8f-7ea207130995","8e9de9bc-9d9d-49c1-9bec-86fd82868b0c"]
[debug] &amp#27;[35m[WD Proxy]&amp#27;[39m Matched '/element/457cf45a-0cb1-4f89-9b8f-7ea207130995/click' to command name 'click'
[debug] &amp#27;[35m[WD Proxy]&amp#27;[39m Proxying [POST /element/457cf45a-0cb1-4f89-9b8f-7ea207130995/click] to [POST http://127.0.0.1:8201/wd/hub/session/46c601cb-ae5b-423c-bcc9-d1d705d19a9d/element/457cf45a-0cb1-4f89-9b8f-7ea207130995/click] with body: {"element":"457cf45a-0cb1-4f89-9b8f-7ea207130995"}
[debug] &amp#27;[35m[WD Proxy]&amp#27;[39m Got response with status 200: {"sessionId":"46c601cb-ae5b-423c-bcc9-d1d705d19a9d","value":null}
[debug] &amp#27;[35m[W3C (8e9de9bc)]&amp#27;[39m Responding to client with driver.click() result: null
&amp#27;[35m[HTTP]&amp#27;[39m &amp#27;[37m<-- POST /wd/hub/session/8e9de9bc-9d9d-49c1-9bec-86fd82868b0c/element/457cf45a-0cb1-4f89-9b8f-7ea207130995/click &amp#27;[39m&amp#27;[32m200&amp#27;[39m &amp#27;[90m564 ms - 14&amp#27;[39m
&amp#27;[35m[HTTP]&amp#27;[39m &amp#27;[90m&amp#27;[39m
&amp#27;[35m[HTTP]&amp#27;[39m &amp#27;[37m-->&amp#27;[39m &amp#27;[37mGET&amp#27;[39m &amp#27;[37m/wd/hub/session/8e9de9bc-9d9d-49c1-9bec-86fd82868b0c/context&amp#27;[39m
&amp#27;[35m[HTTP]&amp#27;[39m &amp#27;[90m{}&amp#27;[39m
[debug] &amp#27;[35m[W3C (8e9de9bc)]&amp#27;[39m Calling AppiumDriver.getCurrentContext() with args: ["8e9de9bc-9d9d-49c1-9bec-86fd82868b0c"]
[debug] &amp#27;[35m[W3C (8e9de9bc)]&amp#27;[39m Responding to client with driver.getCurrentContext() result: "NATIVE_APP"
&amp#27;[35m[HTTP]&amp#27;[39m &amp#27;[37m<-- GET /wd/hub/session/8e9de9bc-9d9d-49c1-9bec-86fd82868b0c/context &amp#27;[39m&amp#27;[32m200&amp#27;[39m &amp#27;[90m4 ms - 22&amp#27;[39m
&amp#27;[35m[HTTP]&amp#27;[39m &amp#27;[90m&amp#27;[39m
&amp#27;[35m[HTTP]&amp#27;[39m &amp#27;[37m-->&amp#27;[39m &amp#27;[37mPOST&amp#27;[39m &amp#27;[37m/wd/hub/session/8e9de9bc-9d9d-49c1-9bec-86fd82868b0c/element&amp#27;[39m
&amp#27;[35m[HTTP]&amp#27;[39m &amp#27;[90m{"using":"xpath","value":"//*[@text = 'Password']"}&amp#27;[39m
[debug] &amp#27;[35m[W3C (8e9de9bc)]&amp#27;[39m Calling AppiumDriver.findElement() with args: ["xpath","//*[@text = 'Password']","8e9de9bc-9d9d-49c1-9bec-86fd82868b0c"]
[debug] &amp#27;[35m[BaseDriver]&amp#27;[39m Valid locator strategies for this request: xpath, id, class name, accessibility id, css selector, -android uiautomator
[debug] &amp#27;[35m[BaseDriver]&amp#27;[39m Waiting up to 20000 ms for condition
[debug] &amp#27;[35m[WD Proxy]&amp#27;[39m Matched '/element' to command name 'findElement'
[debug] &amp#27;[35m[WD Proxy]&amp#27;[39m Proxying [POST /element] to [POST http://127.0.0.1:8201/wd/hub/session/46c601cb-ae5b-423c-bcc9-d1d705d19a9d/element] with body: {"strategy":"xpath","selector":"//*[@text = 'Password']","context":"","multiple":false}
[debug] &amp#27;[35m[WD Proxy]&amp#27;[39m Got response with status 200: {"sessionId":"46c601cb-ae5b-423c-bcc9-d1d705d19a9d","value":{"ELEMENT":"50d3926d-98b6-4467-9c17-74d40934c997","element-6066-11e4-a52e-4f735466cecf":"50d3926d-98b6-4467-9c17-74d40934c997"}}
[debug] &amp#27;[35m[W3C (8e9de9bc)]&amp#27;[39m Responding to client with driver.findElement() result: {"element-6066-11e4-a52e-4f735466cecf":"50d3926d-98b6-4467-9c17-74d40934c997","ELEMENT":"50d3926d-98b6-4467-9c17-74d40934c997"}
&amp#27;[35m[HTTP]&amp#27;[39m &amp#27;[37m<-- POST /wd/hub/session/8e9de9bc-9d9d-49c1-9bec-86fd82868b0c/element &amp#27;[39m&amp#27;[32m200&amp#27;[39m &amp#27;[90m1110 ms - 137&amp#27;[39m
&amp#27;[35m[HTTP]&amp#27;[39m &amp#27;[90m&amp#27;[39m
&amp#27;[35m[HTTP]&amp#27;[39m &amp#27;[37m-->&amp#27;[39m &amp#27;[37mPOST&amp#27;[39m &amp#27;[37m/wd/hub/session/8e9de9bc-9d9d-49c1-9bec-86fd82868b0c/element/50d3926d-98b6-4467-9c17-74d40934c997/value&amp#27;[39m
&amp#27;[35m[HTTP]&amp#27;[39m &amp#27;[90m{"id":"50d3926d-98b6-4467-9c17-74d40934c997","text":"turnkey123","value":["t","u","r","n","k","e","y","1","2","3"]}&amp#27;[39m
[debug] &amp#27;[35m[W3C (8e9de9bc)]&amp#27;[39m Calling AppiumDriver.setValue() with args: [["t","u","r","n","k","e","y","1","2","3"],"50d3926d-98b6-4467-9c17-74d40934c997","8e9de9bc-9d9d-49c1-9bec-86fd82868b0c"]
[debug] &amp#27;[35m[WD Proxy]&amp#27;[39m Matched '/element/50d3926d-98b6-4467-9c17-74d40934c997/value' to command name 'setValue'
[debug] &amp#27;[35m[Protocol Converter]&amp#27;[39m Added 'value' property ["t","u","r","n","k","e","y","1","2","3"] to 'setValue' request body
[debug] &amp#27;[35m[WD Proxy]&amp#27;[39m Proxying [POST /element/50d3926d-98b6-4467-9c17-74d40934c997/value] to [POST http://127.0.0.1:8201/wd/hub/session/46c601cb-ae5b-423c-bcc9-d1d705d19a9d/element/50d3926d-98b6-4467-9c17-74d40934c997/value] with body: {"elementId":"50d3926d-98b6-4467-9c17-74d40934c997","text":"turnkey123","replace":false,"value":["t","u","r","n","k","e","y","1","2","3"]}
[debug] &amp#27;[35m[WD Proxy]&amp#27;[39m Got response with status 200: {"sessionId":"46c601cb-ae5b-423c-bcc9-d1d705d19a9d","value":null}
[debug] &amp#27;[35m[W3C (8e9de9bc)]&amp#27;[39m Responding to client with driver.setValue() result: null
&amp#27;[35m[HTTP]&amp#27;[39m &amp#27;[37m<-- POST /wd/hub/session/8e9de9bc-9d9d-49c1-9bec-86fd82868b0c/element/50d3926d-98b6-4467-9c17-74d40934c997/value &amp#27;[39m&amp#27;[32m200&amp#27;[39m &amp#27;[90m1995 ms - 14&amp#27;[39m
&amp#27;[35m[HTTP]&amp#27;[39m &amp#27;[90m&amp#27;[39m
&amp#27;[35m[HTTP]&amp#27;[39m &amp#27;[37m-->&amp#27;[39m &amp#27;[37mGET&amp#27;[39m &amp#27;[37m/wd/hub/session/8e9de9bc-9d9d-49c1-9bec-86fd82868b0c/context&amp#27;[39m
&amp#27;[35m[HTTP]&amp#27;[39m &amp#27;[90m{}&amp#27;[39m
[debug] &amp#27;[35m[W3C (8e9de9bc)]&amp#27;[39m Calling AppiumDriver.getCurrentContext() with args: ["8e9de9bc-9d9d-49c1-9bec-86fd82868b0c"]
[debug] &amp#27;[35m[W3C (8e9de9bc)]&amp#27;[39m Responding to client with driver.getCurrentContext() result: "NATIVE_APP"
&amp#27;[35m[HTTP]&amp#27;[39m &amp#27;[37m<-- GET /wd/hub/session/8e9de9bc-9d9d-49c1-9bec-86fd82868b0c/context &amp#27;[39m&amp#27;[32m200&amp#27;[39m &amp#27;[90m5 ms - 22&amp#27;[39m
&amp#27;[35m[HTTP]&amp#27;[39m &amp#27;[90m&amp#27;[39m
&amp#27;[35m[HTTP]&amp#27;[39m &amp#27;[37m-->&amp#27;[39m &amp#27;[37mPOST&amp#27;[39m &amp#27;[37m/wd/hub/session/8e9de9bc-9d9d-49c1-9bec-86fd82868b0c/element&amp#27;[39m
&amp#27;[35m[HTTP]&amp#27;[39m &amp#27;[90m{"using":"id","value":"com.turnkeyafrica.agencify:id/btn_sign_in"}&amp#27;[39m
[debug] &amp#27;[35m[W3C (8e9de9bc)]&amp#27;[39m Calling AppiumDriver.findElement() with args: ["id","com.turnkeyafrica.agencify:id/btn_sign_in","8e9de9bc-9d9d-49c1-9bec-86fd82868b0c"]
[debug] &amp#27;[35m[BaseDriver]&amp#27;[39m Valid locator strategies for this request: xpath, id, class name, accessibility id, css selector, -android uiautomator
[debug] &amp#27;[35m[BaseDriver]&amp#27;[39m Waiting up to 20000 ms for condition
[debug] &amp#27;[35m[WD Proxy]&amp#27;[39m Matched '/element' to command name 'findElement'
[debug] &amp#27;[35m[WD Proxy]&amp#27;[39m Proxying [POST /element] to [POST http://127.0.0.1:8201/wd/hub/session/46c601cb-ae5b-423c-bcc9-d1d705d19a9d/element] with body: {"strategy":"id","selector":"com.turnkeyafrica.agencify:id/btn_sign_in","context":"","multiple":false}
[debug] &amp#27;[35m[WD Proxy]&amp#27;[39m Got response with status 200: {"sessionId":"46c601cb-ae5b-423c-bcc9-d1d705d19a9d","value":{"ELEMENT":"73601747-b139-4034-a4d5-4c43aabbef4d","element-6066-11e4-a52e-4f735466cecf":"73601747-b139-4034-a4d5-4c43aabbef4d"}}
[debug] &amp#27;[35m[W3C (8e9de9bc)]&amp#27;[39m Responding to client with driver.findElement() result: {"element-6066-11e4-a52e-4f735466cecf":"73601747-b139-4034-a4d5-4c43aabbef4d","ELEMENT":"73601747-b139-4034-a4d5-4c43aabbef4d"}
&amp#27;[35m[HTTP]&amp#27;[39m &amp#27;[37m<-- POST /wd/hub/session/8e9de9bc-9d9d-49c1-9bec-86fd82868b0c/element &amp#27;[39m&amp#27;[32m200&amp#27;[39m &amp#27;[90m1060 ms - 137&amp#27;[39m
&amp#27;[35m[HTTP]&amp#27;[39m &amp#27;[90m&amp#27;[39m
&amp#27;[35m[HTTP]&amp#27;[39m &amp#27;[37m-->&amp#27;[39m &amp#27;[37mPOST&amp#27;[39m &amp#27;[37m/wd/hub/session/8e9de9bc-9d9d-49c1-9bec-86fd82868b0c/element/73601747-b139-4034-a4d5-4c43aabbef4d/click&amp#27;[39m
&amp#27;[35m[HTTP]&amp#27;[39m &amp#27;[90m{"id":"73601747-b139-4034-a4d5-4c43aabbef4d"}&amp#27;[39m
[debug] &amp#27;[35m[W3C (8e9de9bc)]&amp#27;[39m Calling AppiumDriver.click() with args: ["73601747-b139-4034-a4d5-4c43aabbef4d","8e9de9bc-9d9d-49c1-9bec-86fd82868b0c"]
[debug] &amp#27;[35m[WD Proxy]&amp#27;[39m Matched '/element/73601747-b139-4034-a4d5-4c43aabbef4d/click' to command name 'click'
[debug] &amp#27;[35m[WD Proxy]&amp#27;[39m Proxying [POST /element/73601747-b139-4034-a4d5-4c43aabbef4d/click] to [POST http://127.0.0.1:8201/wd/hub/session/46c601cb-ae5b-423c-bcc9-d1d705d19a9d/element/73601747-b139-4034-a4d5-4c43aabbef4d/click] with body: {"element":"73601747-b139-4034-a4d5-4c43aabbef4d"}
[debug] &amp#27;[35m[WD Proxy]&amp#27;[39m Got response with status 200: {"sessionId":"46c601cb-ae5b-423c-bcc9-d1d705d19a9d","value":null}
[debug] &amp#27;[35m[W3C (8e9de9bc)]&amp#27;[39m Responding to client with driver.click() result: null
&amp#27;[35m[HTTP]&amp#27;[39m &amp#27;[37m<-- POST /wd/hub/session/8e9de9bc-9d9d-49c1-9bec-86fd82868b0c/element/73601747-b139-4034-a4d5-4c43aabbef4d/click &amp#27;[39m&amp#27;[32m200&amp#27;[39m &amp#27;[90m104 ms - 14&amp#27;[39m
&amp#27;[35m[HTTP]&amp#27;[39m &amp#27;[90m&amp#27;[39m
&amp#27;[35m[HTTP]&amp#27;[39m &amp#27;[37m-->&amp#27;[39m &amp#27;[37mGET&amp#27;[39m &amp#27;[37m/wd/hub/session/8e9de9bc-9d9d-49c1-9bec-86fd82868b0c/context&amp#27;[39m
&amp#27;[35m[HTTP]&amp#27;[39m &amp#27;[90m{}&amp#27;[39m
[debug] &amp#27;[35m[W3C (8e9de9bc)]&amp#27;[39m Calling AppiumDriver.getCurrentContext() with args: ["8e9de9bc-9d9d-49c1-9bec-86fd82868b0c"]
[debug] &amp#27;[35m[W3C (8e9de9bc)]&amp#27;[39m Responding to client with driver.getCurrentContext() result: "NATIVE_APP"
&amp#27;[35m[HTTP]&amp#27;[39m &amp#27;[37m<-- GET /wd/hub/session/8e9de9bc-9d9d-49c1-9bec-86fd82868b0c/context &amp#27;[39m&amp#27;[32m200&amp#27;[39m &amp#27;[90m3 ms - 22&amp#27;[39m
&amp#27;[35m[HTTP]&amp#27;[39m &amp#27;[90m&amp#27;[39m
&amp#27;[35m[HTTP]&amp#27;[39m &amp#27;[37m-->&amp#27;[39m &amp#27;[37mPOST&amp#27;[39m &amp#27;[37m/wd/hub/session/8e9de9bc-9d9d-49c1-9bec-86fd82868b0c/element&amp#27;[39m
&amp#27;[35m[HTTP]&amp#27;[39m &amp#27;[90m{"using":"id","value":"com.turnkeyafrica.agencify:id/textinput_error"}&amp#27;[39m
[debug] &amp#27;[35m[W3C (8e9de9bc)]&amp#27;[39m Calling AppiumDriver.findElement() with args: ["id","com.turnkeyafrica.agencify:id/textinput_error","8e9de9bc-9d9d-49c1-9bec-86fd82868b0c"]
[debug] &amp#27;[35m[BaseDriver]&amp#27;[39m Valid locator strategies for this request: xpath, id, class name, accessibility id, css selector, -android uiautomator
[debug] &amp#27;[35m[BaseDriver]&amp#27;[39m Waiting up to 20000 ms for condition
[debug] &amp#27;[35m[WD Proxy]&amp#27;[39m Matched '/element' to command name 'findElement'
[debug] &amp#27;[35m[WD Proxy]&amp#27;[39m Proxying [POST /element] to [POST http://127.0.0.1:8201/wd/hub/session/46c601cb-ae5b-423c-bcc9-d1d705d19a9d/element] with body: {"strategy":"id","selector":"com.turnkeyafrica.agencify:id/textinput_error","context":"","multiple":false}
[debug] &amp#27;[35m[WD Proxy]&amp#27;[39m Got response with status 200: {"sessionId":"46c601cb-ae5b-423c-bcc9-d1d705d19a9d","value":{"ELEMENT":"5240cb86-6d84-4b0a-86cf-5476d3834441","element-6066-11e4-a52e-4f735466cecf":"5240cb86-6d84-4b0a-86cf-5476d3834441"}}
[debug] &amp#27;[35m[W3C (8e9de9bc)]&amp#27;[39m Responding to client with driver.findElement() result: {"element-6066-11e4-a52e-4f735466cecf":"5240cb86-6d84-4b0a-86cf-5476d3834441","ELEMENT":"5240cb86-6d84-4b0a-86cf-5476d3834441"}
&amp#27;[35m[HTTP]&amp#27;[39m &amp#27;[37m<-- POST /wd/hub/session/8e9de9bc-9d9d-49c1-9bec-86fd82868b0c/element &amp#27;[39m&amp#27;[32m200&amp#27;[39m &amp#27;[90m655 ms - 137&amp#27;[39m
&amp#27;[35m[HTTP]&amp#27;[39m &amp#27;[90m&amp#27;[39m
&amp#27;[35m[HTTP]&amp#27;[39m &amp#27;[37m-->&amp#27;[39m &amp#27;[37mGET&amp#27;[39m &amp#27;[37m/wd/hub/session/8e9de9bc-9d9d-49c1-9bec-86fd82868b0c/element/5240cb86-6d84-4b0a-86cf-5476d3834441/text&amp#27;[39m
&amp#27;[35m[HTTP]&amp#27;[39m &amp#27;[90m{}&amp#27;[39m
&amp#27;[35m[W3C (8e9de9bc)]&amp#27;[39m Driver proxy active, passing request on via HTTP proxy
[debug] &amp#27;[35m[WD Proxy]&amp#27;[39m Matched '/wd/hub/session/8e9de9bc-9d9d-49c1-9bec-86fd82868b0c/element/5240cb86-6d84-4b0a-86cf-5476d3834441/text' to command name 'getText'
[debug] &amp#27;[35m[WD Proxy]&amp#27;[39m Proxying [GET /wd/hub/session/8e9de9bc-9d9d-49c1-9bec-86fd82868b0c/element/5240cb86-6d84-4b0a-86cf-5476d3834441/text] to [GET http://127.0.0.1:8201/wd/hub/session/46c601cb-ae5b-423c-bcc9-d1d705d19a9d/element/5240cb86-6d84-4b0a-86cf-5476d3834441/text] with no body
[debug] &amp#27;[35m[WD Proxy]&amp#27;[39m Got response with status 200: {"sessionId":"46c601cb-ae5b-423c-bcc9-d1d705d19a9d","value":"Doesn't look like an email"}
&amp#27;[35m[WD Proxy]&amp#27;[39m Replacing sessionId 46c601cb-ae5b-423c-bcc9-d1d705d19a9d with 8e9de9bc-9d9d-49c1-9bec-86fd82868b0c
&amp#27;[35m[HTTP]&amp#27;[39m &amp#27;[37m<-- GET /wd/hub/session/8e9de9bc-9d9d-49c1-9bec-86fd82868b0c/element/5240cb86-6d84-4b0a-86cf-5476d3834441/text &amp#27;[39m&amp#27;[32m200&amp#27;[39m &amp#27;[90m55 ms - 89&amp#27;[39m
&amp#27;[35m[HTTP]&amp#27;[39m &amp#27;[90m&amp#27;[39m
&amp#27;[35m[HTTP]&amp#27;[39m &amp#27;[37m-->&amp#27;[39m &amp#27;[37mGET&amp#27;[39m &amp#27;[37m/wd/hub/status&amp#27;[39m
&amp#27;[35m[HTTP]&amp#27;[39m &amp#27;[90m{}&amp#27;[39m
[debug] &amp#27;[35m[GENERIC]&amp#27;[39m Calling AppiumDriver.getStatus() with args: []
[debug] &amp#27;[35m[GENERIC]&amp#27;[39m Responding to client with driver.getStatus() result: {"build":{"version":"1.21.0"}}
&amp#27;[35m[HTTP]&amp#27;[39m &amp#27;[37m<-- GET /wd/hub/status &amp#27;[39m&amp#27;[32m200&amp#27;[39m &amp#27;[90m2 ms - 68&amp#27;[39m
&amp#27;[35m[HTTP]&amp#27;[39m &amp#27;[90m&amp#27;[39m
]]></system-out>
    <system-err><![CDATA[Sep 13, 2021 2:51:06 PM io.appium.java_client.remote.AppiumCommandExecutor$1 lambda$0
INFO: Detected dialect: W3C
[main] WARN io.appium.java_client.service.local.AppiumDriverLocalService - No explicit timeout could be applied to the process termination
java.lang.NullPointerException
	at io.appium.java_client.service.local.AppiumDriverLocalService.destroyProcess(AppiumDriverLocalService.java:219)
	at io.appium.java_client.service.local.AppiumDriverLocalService.destroyProcess(AppiumDriverLocalService.java:234)
	at io.appium.java_client.service.local.AppiumDriverLocalService.stop(AppiumDriverLocalService.java:186)
	at Agencify.Login.LoginWithNoEmail(Login.java:29)
	at sun.reflect.NativeMethodAccessorImpl.invoke0(Native Method)
	at sun.reflect.NativeMethodAccessorImpl.invoke(NativeMethodAccessorImpl.java:62)
	at sun.reflect.DelegatingMethodAccessorImpl.invoke(DelegatingMethodAccessorImpl.java:43)
	at java.lang.reflect.Method.invoke(Method.java:498)
	at org.testng.internal.MethodInvocationHelper.invokeMethod(MethodInvocationHelper.java:124)
	at org.testng.internal.Invoker.invokeMethod(Invoker.java:583)
	at org.testng.internal.Invoker.invokeTestMethod(Invoker.java:719)
	at org.testng.internal.Invoker.invokeTestMethods(Invoker.java:989)
	at org.testng.internal.TestMethodWorker.invokeTestMethods(TestMethodWorker.java:125)
	at org.testng.internal.TestMethodWorker.run(TestMethodWorker.java:109)
	at org.testng.TestRunner.privateRun(TestRunner.java:648)
	at org.testng.TestRunner.run(TestRunner.java:505)
	at org.testng.SuiteRunner.runTest(SuiteRunner.java:455)
	at org.testng.SuiteRunner.runSequentially(SuiteRunner.java:450)
	at org.testng.SuiteRunner.privateRun(SuiteRunner.java:415)
	at org.testng.SuiteRunner.run(SuiteRunner.java:364)
	at org.testng.SuiteRunnerWorker.runSuite(SuiteRunnerWorker.java:52)
	at org.testng.SuiteRunnerWorker.run(SuiteRunnerWorker.java:84)
	at org.testng.TestNG.runSuitesSequentially(TestNG.java:1208)
	at org.testng.TestNG.runSuitesLocally(TestNG.java:1137)
	at org.testng.TestNG.runSuites(TestNG.java:1049)
	at org.testng.TestNG.run(TestNG.java:1017)
	at org.apache.maven.surefire.testng.TestNGExecutor.run(TestNGExecutor.java:284)
	at org.apache.maven.surefire.testng.TestNGXmlTestSuite.execute(TestNGXmlTestSuite.java:75)
	at org.apache.maven.surefire.testng.TestNGProvider.invoke(TestNGProvider.java:119)
	at org.apache.maven.surefire.booter.ForkedBooter.runSuitesInProcess(ForkedBooter.java:428)
	at org.apache.maven.surefire.booter.ForkedBooter.execute(ForkedBooter.java:162)
	at org.apache.maven.surefire.booter.ForkedBooter.run(ForkedBooter.java:562)
	at org.apache.maven.surefire.booter.ForkedBooter.main(ForkedBooter.java:548)
]]></system-err>
  </testcase>
  <testcase name="LoginWithNoPassword" classname="Agencify.Login" time="49.738">
    <failure message="Can&apos;t locate an element by this strategy: By.id: com.turnkeyafrica.agencify:id/textinput_error" type="org.openqa.selenium.NoSuchElementException"><![CDATA[org.openqa.selenium.NoSuchElementException: Can't locate an element by this strategy: By.id: com.turnkeyafrica.agencify:id/textinput_error
	at Agencify.Login.LoginWithNoPassword(Login.java:41)
Caused by: org.openqa.selenium.TimeoutException: Expected condition failed: waiting for io.appium.java_client.pagefactory.AppiumElementLocator$WaitingFunction@6f8f9349 (tried for 1 second(s) with 500 milliseconds interval)
	at Agencify.Login.LoginWithNoPassword(Login.java:41)
Caused by: org.openqa.selenium.NoSuchElementException: 
An element could not be located on the page using the given search parameters.
For documentation on this error, please visit: https://www.seleniumhq.org/exceptions/no_such_element.html
Build info: version: '3.141.59', revision: 'e82be7d358', time: '2018-11-14T08:17:03'
System info: host: 'DESKTOP-20S6TDS', ip: '192.168.0.102', os.name: 'Windows 10', os.arch: 'amd64', os.version: '10.0', java.version: '1.8.0_301'
Driver info: io.appium.java_client.android.AndroidDriver
Capabilities {app: C:\Users\John Mumo\Desktop\..., appPackage: com.turnkeyafrica.agencify, automationName: uiautomator2, databaseEnabled: false, desired: {app: C:\Users\John Mumo\Desktop\..., automationName: uiautomator2, deviceName: Android Device, platformName: android}, deviceApiLevel: 27, deviceManufacturer: TECNO MOBILE LIMITED, deviceModel: TECNO CA7, deviceName: 0329625863001980, deviceScreenDensity: 320, deviceScreenSize: 720x1440, deviceUDID: 0329625863001980, javascriptEnabled: true, locationContextEnabled: false, networkConnectionEnabled: true, pixelRatio: 2, platform: LINUX, platformName: Android, platformVersion: 8.1.0, statBarHeight: 48, takesScreenshot: true, viewportRect: {height: 1296, left: 0, top: 48, width: 720}, warnings: {}, webStorageEnabled: false}
Session ID: c4f12a99-2d5d-43f6-b7ca-d13d322cfbcd
*** Element info: {Using=id, value=com.turnkeyafrica.agencify:id/textinput_error}
	at Agencify.Login.LoginWithNoPassword(Login.java:41)
]]></failure>
    <system-out><![CDATA[&amp#27;[35m[HTTP]&amp#27;[39m &amp#27;[37m-->&amp#27;[39m &amp#27;[37mGET&amp#27;[39m &amp#27;[37m/wd/hub/status&amp#27;[39m
&amp#27;[35m[HTTP]&amp#27;[39m &amp#27;[90m{}&amp#27;[39m
[debug] &amp#27;[35m[GENERIC]&amp#27;[39m Calling AppiumDriver.getStatus() with args: []
[debug] &amp#27;[35m[GENERIC]&amp#27;[39m Responding to client with driver.getStatus() result: {"build":{"version":"1.21.0"}}
&amp#27;[35m[HTTP]&amp#27;[39m &amp#27;[37m<-- GET /wd/hub/status &amp#27;[39m&amp#27;[32m200&amp#27;[39m &amp#27;[90m2 ms - 68&amp#27;[39m
&amp#27;[35m[HTTP]&amp#27;[39m &amp#27;[90m&amp#27;[39m
&amp#27;[35m[Appium]&amp#27;[39m Welcome to Appium v1.21.0
&amp#27;[35m[HTTP]&amp#27;[39m Could not start REST http interface listener. The requested port may already be in use. Please make sure there is no other instance of this server running already.
Fatal Error: listen EADDRINUSE: address already in use 0.0.0.0:4723
    at Server.setupListenHandle [as _listen2] (net.js:1320:16)
    at listenInCluster (net.js:1368:12)
    at doListen (net.js:1505:7)
    at processTicksAndRejections (internal/process/task_queues.js:83:21)
&amp#27;[35m[HTTP]&amp#27;[39m &amp#27;[37m-->&amp#27;[39m &amp#27;[37mGET&amp#27;[39m &amp#27;[37m/wd/hub/status&amp#27;[39m
&amp#27;[35m[HTTP]&amp#27;[39m &amp#27;[90m{}&amp#27;[39m
[debug] &amp#27;[35m[GENERIC]&amp#27;[39m Calling AppiumDriver.getStatus() with args: []
[debug] &amp#27;[35m[GENERIC]&amp#27;[39m Responding to client with driver.getStatus() result: {"build":{"version":"1.21.0"}}
&amp#27;[35m[HTTP]&amp#27;[39m &amp#27;[37m<-- GET /wd/hub/status &amp#27;[39m&amp#27;[32m200&amp#27;[39m &amp#27;[90m2 ms - 68&amp#27;[39m
&amp#27;[35m[HTTP]&amp#27;[39m &amp#27;[90m&amp#27;[39m
[debug] &amp#27;[35m[HTTP]&amp#27;[39m Request idempotency key: 07de934c-c678-4295-8157-601a6542588c
&amp#27;[35m[HTTP]&amp#27;[39m &amp#27;[37m-->&amp#27;[39m &amp#27;[37mPOST&amp#27;[39m &amp#27;[37m/wd/hub/session&amp#27;[39m
&amp#27;[35m[HTTP]&amp#27;[39m &amp#27;[90m{"desiredCapabilities":{"app":"C:\\Users\\John Mumo\\Desktop\\Agencify_App\\Agencify_App_Test\\src\\Agencify-universal-dev.apk","automationName":"uiautomator2","platformName":"Android","deviceName":"Android Device"},"capabilities":{"firstMatch":[{"appium:app":"C:\\Users\\John Mumo\\Desktop\\Agencify_App\\Agencify_App_Test\\src\\Agencify-universal-dev.apk","appium:automationName":"uiautomator2","appium:deviceName":"Android Device","platformName":"android"}]}}&amp#27;[39m
[debug] &amp#27;[35m[W3C]&amp#27;[39m Calling AppiumDriver.createSession() with args: [{"app":"C:\\Users\\John Mumo\\Desktop\\Agencify_App\\Agencify_App_Test\\src\\Agencify-universal-dev.apk","automationName":"uiautomator2","platformName":"Android","deviceName":"Android Device"},null,{"firstMatch":[{"appium:app":"C:\\Users\\John Mumo\\Desktop\\Agencify_App\\Agencify_App_Test\\src\\Agencify-universal-dev.apk","appium:automationName":"uiautomator2","appium:deviceName":"Android Device","platformName":"android"}]}]
[debug] &amp#27;[35m[BaseDriver]&amp#27;[39m Event 'newSessionRequested' logged at 1631533881441 (14:51:21 GMT+0300 (East Africa Time))
&amp#27;[35m[Appium]&amp#27;[39m Appium v1.21.0 creating new AndroidUiautomator2Driver (v1.65.0) session
[debug] &amp#27;[35m[BaseDriver]&amp#27;[39m W3C capabilities and MJSONWP desired capabilities were provided
[debug] &amp#27;[35m[BaseDriver]&amp#27;[39m Creating session with W3C capabilities: {
[debug] &amp#27;[35m[BaseDriver]&amp#27;[39m   "alwaysMatch": {
[debug] &amp#27;[35m[BaseDriver]&amp#27;[39m     "platformName": "android",
[debug] &amp#27;[35m[BaseDriver]&amp#27;[39m     "appium:app": "C:\\Users\\John Mumo\\Desktop\\Agencify_App\\Agencify_App_Test\\src\\Agencify-universal-dev.apk",
[debug] &amp#27;[35m[BaseDriver]&amp#27;[39m     "appium:automationName": "uiautomator2",
[debug] &amp#27;[35m[BaseDriver]&amp#27;[39m     "appium:deviceName": "Android Device"
[debug] &amp#27;[35m[BaseDriver]&amp#27;[39m   },
[debug] &amp#27;[35m[BaseDriver]&amp#27;[39m   "firstMatch": [
[debug] &amp#27;[35m[BaseDriver]&amp#27;[39m     {}
[debug] &amp#27;[35m[BaseDriver]&amp#27;[39m   ]
[debug] &amp#27;[35m[BaseDriver]&amp#27;[39m }
&amp#27;[35m[BaseDriver]&amp#27;[39m Session created with session id: c4f12a99-2d5d-43f6-b7ca-d13d322cfbcd
&amp#27;[35m[BaseDriver]&amp#27;[39m Using local app 'C:\Users\John Mumo\Desktop\Agencify_App\Agencify_App_Test\src\Agencify-universal-dev.apk'
[debug] &amp#27;[35m[UiAutomator2]&amp#27;[39m Checking whether app is actually present
&amp#27;[35m[ADB]&amp#27;[39m Using 'adb.exe' from 'C:\Users\John Mumo\AppData\Local\Android\Sdk\platform-tools\adb.exe'
[debug] &amp#27;[35m[ADB]&amp#27;[39m Running 'C:\Users\John Mumo\AppData\Local\Android\Sdk\platform-tools\adb.exe -P 5037 start-server'
&amp#27;[35m[AndroidDriver]&amp#27;[39m Retrieving device list
[debug] &amp#27;[35m[ADB]&amp#27;[39m Trying to find a connected android device
[debug] &amp#27;[35m[ADB]&amp#27;[39m Getting connected devices
[debug] &amp#27;[35m[ADB]&amp#27;[39m Connected devices: [{"udid":"0329625863001980","state":"device"}]
&amp#27;[35m[AndroidDriver]&amp#27;[39m Using device: 0329625863001980
&amp#27;[35m[ADB]&amp#27;[39m Using 'adb.exe' from 'C:\Users\John Mumo\AppData\Local\Android\Sdk\platform-tools\adb.exe'
[debug] &amp#27;[35m[ADB]&amp#27;[39m Running 'C:\Users\John Mumo\AppData\Local\Android\Sdk\platform-tools\adb.exe -P 5037 start-server'
[debug] &amp#27;[35m[ADB]&amp#27;[39m Setting device id to 0329625863001980
[debug] &amp#27;[35m[ADB]&amp#27;[39m Running 'C:\Users\John Mumo\AppData\Local\Android\Sdk\platform-tools\adb.exe -P 5037 -s 0329625863001980 shell getprop ro.build.version.sdk'
[debug] &amp#27;[35m[ADB]&amp#27;[39m Current device property 'ro.build.version.sdk': 27
[debug] &amp#27;[35m[ADB]&amp#27;[39m Device API level: 27
[debug] &amp#27;[35m[AndroidDriver]&amp#27;[39m Parsing package and activity from app manifest
&amp#27;[35m[ADB]&amp#27;[39m Package name: 'com.turnkeyafrica.agencify'
&amp#27;[35m[ADB]&amp#27;[39m Main activity name: 'com.turnkeyafrica.agencify.ui.splash.Splash'
[debug] &amp#27;[35m[AndroidDriver]&amp#27;[39m Parsed package and activity are: com.turnkeyafrica.agencify/com.turnkeyafrica.agencify.ui.splash.Splash
[debug] &amp#27;[35m[ADB]&amp#27;[39m Running 'C:\Users\John Mumo\AppData\Local\Android\Sdk\platform-tools\adb.exe -P 5037 -s 0329625863001980 wait-for-device'
[debug] &amp#27;[35m[ADB]&amp#27;[39m Running 'C:\Users\John Mumo\AppData\Local\Android\Sdk\platform-tools\adb.exe -P 5037 -s 0329625863001980 shell echo ping'
[debug] &amp#27;[35m[AndroidDriver]&amp#27;[39m Pushing settings apk to device...
[debug] &amp#27;[35m[ADB]&amp#27;[39m Getting install status for io.appium.settings
[debug] &amp#27;[35m[ADB]&amp#27;[39m Running 'C:\Users\John Mumo\AppData\Local\Android\Sdk\platform-tools\adb.exe -P 5037 -s 0329625863001980 shell dumpsys package io.appium.settings'
[debug] &amp#27;[35m[ADB]&amp#27;[39m 'io.appium.settings' is installed
[debug] &amp#27;[35m[ADB]&amp#27;[39m Getting package info for 'io.appium.settings'
[debug] &amp#27;[35m[ADB]&amp#27;[39m Running 'C:\Users\John Mumo\AppData\Local\Android\Sdk\platform-tools\adb.exe -P 5037 -s 0329625863001980 shell dumpsys package io.appium.settings'
[debug] &amp#27;[35m[ADB]&amp#27;[39m The version name of the installed 'io.appium.settings' is greater or equal to the application version name ('3.3.0' >= '3.3.0')
[debug] &amp#27;[35m[ADB]&amp#27;[39m There is no need to install/upgrade 'C:\Users\John Mumo\AppData\Roaming\npm\node_modules\appium\node_modules\io.appium.settings\apks\settings_apk-debug.apk'
[debug] &amp#27;[35m[ADB]&amp#27;[39m Getting IDs of all 'io.appium.settings' processes
[debug] &amp#27;[35m[ADB]&amp#27;[39m Running 'C:\Users\John Mumo\AppData\Local\Android\Sdk\platform-tools\adb.exe -P 5037 -s 0329625863001980 shell 'pgrep --help; echo $?''
[debug] &amp#27;[35m[ADB]&amp#27;[39m Running 'C:\Users\John Mumo\AppData\Local\Android\Sdk\platform-tools\adb.exe -P 5037 -s 0329625863001980 shell pgrep -f \(\[\[:blank:\]\]\|\^\)io\.appium\.settings\(\[\[:blank:\]\]\|\$\)'
[debug] &amp#27;[35m[AndroidDriver]&amp#27;[39m io.appium.settings is already running. There is no need to reset its permissions.
[debug] &amp#27;[35m[ADB]&amp#27;[39m Running 'C:\Users\John Mumo\AppData\Local\Android\Sdk\platform-tools\adb.exe -P 5037 -s 0329625863001980 shell appops set io.appium.settings android:mock_location allow'
[debug] &amp#27;[35m[Logcat]&amp#27;[39m Starting logs capture with command: 'C:\\Users\\John Mumo\\AppData\\Local\\Android\\Sdk\\platform-tools\\adb.exe' -P 5037 -s 0329625863001980 logcat -v threadtime
[debug] &amp#27;[35m[UiAutomator2]&amp#27;[39m Forwarding UiAutomator2 Server port 6790 to local port 8202
[debug] &amp#27;[35m[ADB]&amp#27;[39m Forwarding system: 8202 to device: 6790
[debug] &amp#27;[35m[ADB]&amp#27;[39m Running 'C:\Users\John Mumo\AppData\Local\Android\Sdk\platform-tools\adb.exe -P 5037 -s 0329625863001980 forward tcp:8202 tcp:6790'
[debug] &amp#27;[35m[ADB]&amp#27;[39m Getting install status for io.appium.uiautomator2.server
[debug] &amp#27;[35m[ADB]&amp#27;[39m Running 'C:\Users\John Mumo\AppData\Local\Android\Sdk\platform-tools\adb.exe -P 5037 -s 0329625863001980 shell dumpsys package io.appium.uiautomator2.server'
[debug] &amp#27;[35m[ADB]&amp#27;[39m 'io.appium.uiautomator2.server' is installed
[debug] &amp#27;[35m[ADB]&amp#27;[39m Getting package info for 'io.appium.uiautomator2.server'
[debug] &amp#27;[35m[ADB]&amp#27;[39m Running 'C:\Users\John Mumo\AppData\Local\Android\Sdk\platform-tools\adb.exe -P 5037 -s 0329625863001980 shell dumpsys package io.appium.uiautomator2.server'
[debug] &amp#27;[35m[ADB]&amp#27;[39m The version name of the installed 'io.appium.uiautomator2.server' is greater or equal to the application version name ('4.21.1' >= '4.21.1')
[debug] &amp#27;[35m[UiAutomator2]&amp#27;[39m io.appium.uiautomator2.server installation state: sameVersionInstalled
[debug] &amp#27;[35m[ADB]&amp#27;[39m Checking app cert for C:\Users\John Mumo\AppData\Roaming\npm\node_modules\appium\node_modules\appium-uiautomator2-server\apks\appium-uiautomator2-server-v4.21.1.apk
&amp#27;[35m[ADB]&amp#27;[39m Using 'apksigner.jar' from 'C:\Users\John Mumo\AppData\Local\Android\Sdk\build-tools\31.0.0\lib\apksigner.jar'
[debug] &amp#27;[35m[ADB]&amp#27;[39m Starting apksigner: 'C:\\Program Files\\Java\\jdk1.8.0_301\\bin\\java.exe' -Xmx1024M -Xss1m -jar 'C:\\Users\\John Mumo\\AppData\\Local\\Android\\Sdk\\build-tools\\31.0.0\\lib\\apksigner.jar' verify --print-certs 'C:\\Users\\John Mumo\\AppData\\Roaming\\npm\\node_modules\\appium\\node_modules\\appium-uiautomator2-server\\apks\\appium-uiautomator2-server-v4.21.1.apk'
&amp#27;[35m[Appium]&amp#27;[39m Welcome to Appium v1.21.0
&amp#27;[35m[HTTP]&amp#27;[39m Could not start REST http interface listener. The requested port may already be in use. Please make sure there is no other instance of this server running already.
Fatal Error: listen EADDRINUSE: address already in use 0.0.0.0:4723
    at Server.setupListenHandle [as _listen2] (net.js:1320:16)
    at listenInCluster (net.js:1368:12)
    at doListen (net.js:1505:7)
    at processTicksAndRejections (internal/process/task_queues.js:83:21)
[debug] &amp#27;[35m[ADB]&amp#27;[39m apksigner stdout: Signer #1 certificate DN: EMAILADDRESS=android@android.com, CN=Android, OU=Android, O=Android, L=Mountain View, ST=California, C=US
[debug] &amp#27;[35m[ADB]&amp#27;[39m Signer #1 certificate SHA-256 digest: a40da80a59d170caa950cf15c18c454d47a39b26989d8b640ecd745ba71bf5dc
[debug] &amp#27;[35m[ADB]&amp#27;[39m Signer #1 certificate SHA-1 digest: 61ed377e85d386a8dfee6b864bd85b0bfaa5af81
[debug] &amp#27;[35m[ADB]&amp#27;[39m Signer #1 certificate MD5 digest: e89b158e4bcf988ebd09eb83f5378e87
[debug] &amp#27;[35m[ADB]&amp#27;[39m 
[debug] &amp#27;[35m[ADB]&amp#27;[39m sha256 hash did match for 'appium-uiautomator2-server-v4.21.1.apk'
&amp#27;[35m[ADB]&amp#27;[39m 'C:\Users\John Mumo\AppData\Roaming\npm\node_modules\appium\node_modules\appium-uiautomator2-server\apks\appium-uiautomator2-server-v4.21.1.apk' is signed with the default certificate
[debug] &amp#27;[35m[ADB]&amp#27;[39m Getting install status for io.appium.uiautomator2.server.test
[debug] &amp#27;[35m[ADB]&amp#27;[39m Running 'C:\Users\John Mumo\AppData\Local\Android\Sdk\platform-tools\adb.exe -P 5037 -s 0329625863001980 shell dumpsys package io.appium.uiautomator2.server.test'
[debug] &amp#27;[35m[ADB]&amp#27;[39m 'io.appium.uiautomator2.server.test' is installed
[debug] &amp#27;[35m[ADB]&amp#27;[39m Checking app cert for C:\Users\John Mumo\AppData\Roaming\npm\node_modules\appium\node_modules\appium-uiautomator2-server\apks\appium-uiautomator2-server-debug-androidTest.apk
[debug] &amp#27;[35m[ADB]&amp#27;[39m Starting apksigner: 'C:\\Program Files\\Java\\jdk1.8.0_301\\bin\\java.exe' -Xmx1024M -Xss1m -jar 'C:\\Users\\John Mumo\\AppData\\Local\\Android\\Sdk\\build-tools\\31.0.0\\lib\\apksigner.jar' verify --print-certs 'C:\\Users\\John Mumo\\AppData\\Roaming\\npm\\node_modules\\appium\\node_modules\\appium-uiautomator2-server\\apks\\appium-uiautomator2-server-debug-androidTest.apk'
[debug] &amp#27;[35m[ADB]&amp#27;[39m apksigner stdout: Signer #1 certificate DN: EMAILADDRESS=android@android.com, CN=Android, OU=Android, O=Android, L=Mountain View, ST=California, C=US
[debug] &amp#27;[35m[ADB]&amp#27;[39m Signer #1 certificate SHA-256 digest: a40da80a59d170caa950cf15c18c454d47a39b26989d8b640ecd745ba71bf5dc
[debug] &amp#27;[35m[ADB]&amp#27;[39m Signer #1 certificate SHA-1 digest: 61ed377e85d386a8dfee6b864bd85b0bfaa5af81
[debug] &amp#27;[35m[ADB]&amp#27;[39m Signer #1 certificate MD5 digest: e89b158e4bcf988ebd09eb83f5378e87
[debug] &amp#27;[35m[ADB]&amp#27;[39m 
[debug] &amp#27;[35m[ADB]&amp#27;[39m sha256 hash did match for 'appium-uiautomator2-server-debug-androidTest.apk'
&amp#27;[35m[ADB]&amp#27;[39m 'C:\Users\John Mumo\AppData\Roaming\npm\node_modules\appium\node_modules\appium-uiautomator2-server\apks\appium-uiautomator2-server-debug-androidTest.apk' is signed with the default certificate
&amp#27;[35m[UiAutomator2]&amp#27;[39m Server packages are not going to be (re)installed
[debug] &amp#27;[35m[UiAutomator2]&amp#27;[39m Waiting up to 30000ms for services to be available
[debug] &amp#27;[35m[ADB]&amp#27;[39m Running 'C:\Users\John Mumo\AppData\Local\Android\Sdk\platform-tools\adb.exe -P 5037 -s 0329625863001980 shell pm list instrumentation'
[debug] &amp#27;[35m[UiAutomator2]&amp#27;[39m Instrumentation target 'io.appium.uiautomator2.server.test/androidx.test.runner.AndroidJUnitRunner' is available
&amp#27;[35m[ADB]&amp#27;[39m Adding packages ["io.appium.settings","io.appium.uiautomator2.server","io.appium.uiautomator2.server.test"] to Doze whitelist
[debug] &amp#27;[35m[ADB]&amp#27;[39m Got the following command chunks to execute: [["dumpsys","deviceidle","whitelist","+io.appium.settings",";","dumpsys","deviceidle","whitelist","+io.appium.uiautomator2.server",";","dumpsys","deviceidle","whitelist","+io.appium.uiautomator2.server.test",";"]]
[debug] &amp#27;[35m[ADB]&amp#27;[39m Running 'C:\Users\John Mumo\AppData\Local\Android\Sdk\platform-tools\adb.exe -P 5037 -s 0329625863001980 shell dumpsys deviceidle whitelist +io.appium.settings ; dumpsys deviceidle whitelist +io.appium.uiautomator2.server ; dumpsys deviceidle whitelist +io.appium.uiautomator2.server.test ;'
[debug] &amp#27;[35m[ADB]&amp#27;[39m Checking app cert for C:\Users\John Mumo\Desktop\Agencify_App\Agencify_App_Test\src\Agencify-universal-dev.apk
[debug] &amp#27;[35m[ADB]&amp#27;[39m Starting apksigner: 'C:\\Program Files\\Java\\jdk1.8.0_301\\bin\\java.exe' -Xmx1024M -Xss1m -jar 'C:\\Users\\John Mumo\\AppData\\Local\\Android\\Sdk\\build-tools\\31.0.0\\lib\\apksigner.jar' verify --print-certs 'C:\\Users\\John Mumo\\Desktop\\Agencify_App\\Agencify_App_Test\\src\\Agencify-universal-dev.apk'
[debug] &amp#27;[35m[ADB]&amp#27;[39m apksigner stdout: Signer #1 certificate DN: CN=Kelvin Macharia, OU=1, O=Turnkey Africa Ltd, L=Nairobi, ST=Nairobi, C=254
[debug] &amp#27;[35m[ADB]&amp#27;[39m Signer #1 certificate SHA-256 digest: bea01f45993c5444da0c012e5d2217651ee76b2920c5b0e47f40ddfcfb87035a
[debug] &amp#27;[35m[ADB]&amp#27;[39m Signer #1 certificate SHA-1 digest: 4294fd12d78ada03cb413c6008895e8972c7740b
[debug] &amp#27;[35m[ADB]&amp#27;[39m Signer #1 certificate MD5 digest: b5678b443b80dfdec285fc9379bf8baf
[debug] &amp#27;[35m[ADB]&amp#27;[39m 
&amp#27;[35m[ADB]&amp#27;[39m 'C:\Users\John Mumo\Desktop\Agencify_App\Agencify_App_Test\src\Agencify-universal-dev.apk' is signed with a non-default certificate
[debug] &amp#27;[35m[ADB]&amp#27;[39m Getting install status for com.turnkeyafrica.agencify
[debug] &amp#27;[35m[ADB]&amp#27;[39m Running 'C:\Users\John Mumo\AppData\Local\Android\Sdk\platform-tools\adb.exe -P 5037 -s 0329625863001980 shell dumpsys package com.turnkeyafrica.agencify'
[debug] &amp#27;[35m[ADB]&amp#27;[39m 'com.turnkeyafrica.agencify' is installed
[debug] &amp#27;[35m[ADB]&amp#27;[39m Getting package info for 'com.turnkeyafrica.agencify'
[debug] &amp#27;[35m[ADB]&amp#27;[39m Running 'C:\Users\John Mumo\AppData\Local\Android\Sdk\platform-tools\adb.exe -P 5037 -s 0329625863001980 shell dumpsys package com.turnkeyafrica.agencify'
[debug] &amp#27;[35m[ADB]&amp#27;[39m The version code of the installed 'com.turnkeyafrica.agencify' is greater than the application version code (96 > 95)
[debug] &amp#27;[35m[ADB]&amp#27;[39m There is no need to downgrade 'com.turnkeyafrica.agencify'
&amp#27;[35m[AndroidDriver]&amp#27;[39m Performing fast reset on 'com.turnkeyafrica.agencify'
[debug] &amp#27;[35m[ADB]&amp#27;[39m Getting install status for com.turnkeyafrica.agencify
[debug] &amp#27;[35m[ADB]&amp#27;[39m Running 'C:\Users\John Mumo\AppData\Local\Android\Sdk\platform-tools\adb.exe -P 5037 -s 0329625863001980 shell dumpsys package com.turnkeyafrica.agencify'
[debug] &amp#27;[35m[ADB]&amp#27;[39m 'com.turnkeyafrica.agencify' is installed
[debug] &amp#27;[35m[ADB]&amp#27;[39m Running 'C:\Users\John Mumo\AppData\Local\Android\Sdk\platform-tools\adb.exe -P 5037 -s 0329625863001980 shell am force-stop com.turnkeyafrica.agencify'
[debug] &amp#27;[35m[ADB]&amp#27;[39m Running 'C:\Users\John Mumo\AppData\Local\Android\Sdk\platform-tools\adb.exe -P 5037 -s 0329625863001980 shell pm clear com.turnkeyafrica.agencify'
[debug] &amp#27;[35m[AndroidDriver]&amp#27;[39m Performed fast reset on the installed 'com.turnkeyafrica.agencify' application (stop and clear)
[debug] &amp#27;[35m[UiAutomator2]&amp#27;[39m Performing shallow cleanup of automation leftovers
[debug] &amp#27;[35m[UiAutomator2]&amp#27;[39m The following obsolete sessions are still running: [null]
[debug] &amp#27;[35m[UiAutomator2]&amp#27;[39m Cleaning up the obsolete sessions
[debug] &amp#27;[35m[Instrumentation]&amp#27;[39m .
[debug] &amp#27;[35m[Instrumentation]&amp#27;[39m Time: 28.119
[debug] &amp#27;[35m[Instrumentation]&amp#27;[39m 
[debug] &amp#27;[35m[Instrumentation]&amp#27;[39m OK (1 test)
[debug] &amp#27;[35m[ADB]&amp#27;[39m Running 'C:\Users\John Mumo\AppData\Local\Android\Sdk\platform-tools\adb.exe -P 5037 -s 0329625863001980 shell am force-stop io.appium.uiautomator2.server.test'
[debug] &amp#27;[35m[Instrumentation]&amp#27;[39m The process has exited with code 0
&amp#27;[35m[UiAutomator2]&amp#27;[39m Starting UIAutomator2 server 4.21.1
&amp#27;[35m[UiAutomator2]&amp#27;[39m Using UIAutomator2 server from 'C:\Users\John Mumo\AppData\Roaming\npm\node_modules\appium\node_modules\appium-uiautomator2-server\apks\appium-uiautomator2-server-v4.21.1.apk' and test from 'C:\Users\John Mumo\AppData\Roaming\npm\node_modules\appium\node_modules\appium-uiautomator2-server\apks\appium-uiautomator2-server-debug-androidTest.apk'
&amp#27;[35m[UiAutomator2]&amp#27;[39m Waiting up to 30000ms for UiAutomator2 to be online...
[debug] &amp#27;[35m[ADB]&amp#27;[39m Creating ADB subprocess with args: ["-P",5037,"-s","0329625863001980","shell","am","instrument","-w","-e","disableAnalytics",true,"io.appium.uiautomator2.server.test/androidx.test.runner.AndroidJUnitRunner"]
[debug] &amp#27;[35m[WD Proxy]&amp#27;[39m Matched '/status' to command name 'getStatus'
[debug] &amp#27;[35m[WD Proxy]&amp#27;[39m Proxying [GET /status] to [GET http://127.0.0.1:8202/wd/hub/status] with no body
&amp#27;[35m[WD Proxy]&amp#27;[39m socket hang up
[debug] &amp#27;[35m[WD Proxy]&amp#27;[39m Matched '/status' to command name 'getStatus'
[debug] &amp#27;[35m[WD Proxy]&amp#27;[39m Proxying [GET /status] to [GET http://127.0.0.1:8202/wd/hub/status] with no body
&amp#27;[35m[WD Proxy]&amp#27;[39m socket hang up
[debug] &amp#27;[35m[Instrumentation]&amp#27;[39m io.appium.uiautomator2.server.test.AppiumUiAutomator2Server:
[debug] &amp#27;[35m[WD Proxy]&amp#27;[39m Matched '/status' to command name 'getStatus'
[debug] &amp#27;[35m[WD Proxy]&amp#27;[39m Proxying [GET /status] to [GET http://127.0.0.1:8202/wd/hub/status] with no body
&amp#27;[35m[WD Proxy]&amp#27;[39m socket hang up
[debug] &amp#27;[35m[WD Proxy]&amp#27;[39m Matched '/status' to command name 'getStatus'
[debug] &amp#27;[35m[WD Proxy]&amp#27;[39m Proxying [GET /status] to [GET http://127.0.0.1:8202/wd/hub/status] with no body
&amp#27;[35m[WD Proxy]&amp#27;[39m socket hang up
[debug] &amp#27;[35m[WD Proxy]&amp#27;[39m Matched '/status' to command name 'getStatus'
[debug] &amp#27;[35m[WD Proxy]&amp#27;[39m Proxying [GET /status] to [GET http://127.0.0.1:8202/wd/hub/status] with no body
[debug] &amp#27;[35m[WD Proxy]&amp#27;[39m Got response with status 200: {"sessionId":"None","value":{"message":"UiAutomator2 Server is ready to accept commands","ready":true}}
[debug] &amp#27;[35m[UiAutomator2]&amp#27;[39m The initialization of the instrumentation process took 4212ms
[debug] &amp#27;[35m[WD Proxy]&amp#27;[39m Matched '/session' to command name 'createSession'
[debug] &amp#27;[35m[WD Proxy]&amp#27;[39m Proxying [POST /session] to [POST http://127.0.0.1:8202/wd/hub/session] with body: {"capabilities":{"firstMatch":[{"platform":"LINUX","webStorageEnabled":false,"takesScreenshot":true,"javascriptEnabled":true,"databaseEnabled":false,"networkConnectionEnabled":true,"locationContextEnabled":false,"warnings":{},"desired":{"platformName":"android","app":"C:\\Users\\John Mumo\\Desktop\\Agencify_App\\Agencify_App_Test\\src\\Agencify-universal-dev.apk","automationName":"uiautomator2","deviceName":"Android Device"},"platformName":"android","app":"C:\\Users\\John Mumo\\Desktop\\Agencify_App\\Agencify_App_Test\\src\\Agencify-universal-dev.apk","automationName":"uiautomator2","deviceName":"0329625863001980","deviceUDID":"0329625863001980","appPackage":"com.turnkeyafrica.agencify"}],"alwaysMatch":{}}}
[debug] &amp#27;[35m[WD Proxy]&amp#27;[39m Got response with status 200: {"sessionId":"1bbb3041-99b6-4c83-8629-702c1c356773","value":{"capabilities":{"firstMatch":[{"platform":"LINUX","webStorageEnabled":false,"takesScreenshot":true,"javascriptEnabled":true,"databaseEnabled":false,"networkConnectionEnabled":true,"locationContextEnabled":false,"warnings":{},"desired":{"platformName":"android","app":"C:\\Users\\John Mumo\\Desktop\\Agencify_App\\Agencify_App_Test\\src\\Agencify-universal-dev.apk","automationName":"uiautomator2","deviceName":"Android Device"},"platformName":"android","app":"C:\\Users\\John Mumo\\Desktop\\Agencify_App\\Agencify_App_Test\\src\\Agencify-universal-dev.apk","automationName":"uiautomator2","deviceName":"0329625863001980","deviceUDID":"0329625863001980","appPackage":"com.turnkeyafrica.agencify"}],"alwaysMatch":{}},"sessionId":"1bbb3041-99b6-4c83-8629-702c1c356773"}}
&amp#27;[35m[WD Proxy]&amp#27;[39m Determined the downstream protocol as 'W3C'
[debug] &amp#27;[35m[WD Proxy]&amp#27;[39m Proxying [GET /appium/device/info] to [GET http://127.0.0.1:8202/wd/hub/session/1bbb3041-99b6-4c83-8629-702c1c356773/appium/device/info] with no body
[debug] &amp#27;[35m[WD Proxy]&amp#27;[39m Got response with status 200: {"sessionId":"1bbb3041-99b6-4c83-8629-702c1c356773","value":{"androidId":"2d21e1b2791b275f","apiVersion":"27","bluetooth":{"state":"OFF"},"brand":"TECNO","carrierName":"Safaricom","displayDensity":320,"locale":"en_US","manufacturer":"TECNO MOBILE LIMITED","model":"TECNO CA7","networks":[{"capabilities":{"SSID":null,"linkDownBandwidthKbps":1048576,"linkUpstreamBandwidthKbps":1048576,"networkCapabilities":"NET_CAPABILITY_NOT_METERED,NET_CAPABILITY_INTERNET,NET_CAPABILITY_NOT_RESTRICTED,NET_CAPABILITY_TRUSTED,NET_CAPABILITY_NOT_VPN,NET_CAPABILITY_VALIDATED,NET_CAPABILITY_NOT_ROAMING","signalStrength":-50,"transportTypes":"TRANSPORT_WIFI"},"detailedState":"CONNECTED","extraInfo":"\"Mumo\"","isAvailable":true,"isConnected":true,"isFailover":false,"isRoaming":false,"state":"CONNECTED","subtype":0,"subtypeName":"","type":1,"typeName":"WIFI"}],"platformVersion":"8.1.0","realDisplaySize":"720x1440","timeZone":"Africa/Nairobi"}}
[debug] &amp#27;[35m[ADB]&amp#27;[39m Running 'C:\Users\John Mumo\AppData\Local\Android\Sdk\platform-tools\adb.exe -P 5037 -s 0329625863001980 shell dumpsys window'
&amp#27;[35m[AndroidDriver]&amp#27;[39m Screen already unlocked, doing nothing
&amp#27;[35m[UiAutomator2]&amp#27;[39m Starting 'com.turnkeyafrica.agencify/com.turnkeyafrica.agencify.ui.splash.Splash and waiting for 'com.turnkeyafrica.agencify/com.turnkeyafrica.agencify.ui.splash.Splash'
[debug] &amp#27;[35m[ADB]&amp#27;[39m Running 'C:\Users\John Mumo\AppData\Local\Android\Sdk\platform-tools\adb.exe -P 5037 -s 0329625863001980 shell am start -W -n com.turnkeyafrica.agencify/com.turnkeyafrica.agencify.ui.splash.Splash -S -a android.intent.action.MAIN -c android.intent.category.LAUNCHER -f 0x10200000'
[debug] &amp#27;[35m[ADB]&amp#27;[39m Waiting up to 20000ms for activity matching pkg: 'com.turnkeyafrica.agencify' and activity: 'com.turnkeyafrica.agencify.ui.splash.Splash' to be focused
[debug] &amp#27;[35m[ADB]&amp#27;[39m Possible activities, to be checked: 'com.turnkeyafrica.agencify.ui.splash.Splash', 'com.turnkeyafrica.agencify.com.turnkeyafrica.agencify.ui.splash.Splash'
[debug] &amp#27;[35m[ADB]&amp#27;[39m Getting focused package and activity
[debug] &amp#27;[35m[ADB]&amp#27;[39m Running 'C:\Users\John Mumo\AppData\Local\Android\Sdk\platform-tools\adb.exe -P 5037 -s 0329625863001980 shell dumpsys window windows'
[debug] &amp#27;[35m[ADB]&amp#27;[39m Found package: 'com.turnkeyafrica.agencify' and fully qualified activity name : 'com.turnkeyafrica.agencify.ui.splash.Splash'
[debug] &amp#27;[35m[WD Proxy]&amp#27;[39m Proxying [GET /appium/device/pixel_ratio] to [GET http://127.0.0.1:8202/wd/hub/session/1bbb3041-99b6-4c83-8629-702c1c356773/appium/device/pixel_ratio] with no body
[debug] &amp#27;[35m[WD Proxy]&amp#27;[39m Got response with status 200: {"sessionId":"1bbb3041-99b6-4c83-8629-702c1c356773","value":2}
[debug] &amp#27;[35m[WD Proxy]&amp#27;[39m Matched '/appium/device/system_bars' to command name 'getSystemBars'
[debug] &amp#27;[35m[WD Proxy]&amp#27;[39m Proxying [GET /appium/device/system_bars] to [GET http://127.0.0.1:8202/wd/hub/session/1bbb3041-99b6-4c83-8629-702c1c356773/appium/device/system_bars] with no body
[debug] &amp#27;[35m[WD Proxy]&amp#27;[39m Got response with status 200: {"sessionId":"1bbb3041-99b6-4c83-8629-702c1c356773","value":{"statusBar":48}}
[debug] &amp#27;[35m[WD Proxy]&amp#27;[39m Matched '/window/current/size' to command name 'getWindowSize'
[debug] &amp#27;[35m[WD Proxy]&amp#27;[39m Proxying [GET /window/current/size] to [GET http://127.0.0.1:8202/wd/hub/session/1bbb3041-99b6-4c83-8629-702c1c356773/window/current/size] with no body
[debug] &amp#27;[35m[WD Proxy]&amp#27;[39m Got response with status 200: {"sessionId":"1bbb3041-99b6-4c83-8629-702c1c356773","value":{"height":1344,"width":720}}
&amp#27;[35m[Appium]&amp#27;[39m New AndroidUiautomator2Driver session created successfully, session c4f12a99-2d5d-43f6-b7ca-d13d322cfbcd added to master session list
[debug] &amp#27;[35m[BaseDriver]&amp#27;[39m Event 'newSessionStarted' logged at 1631533898006 (14:51:38 GMT+0300 (East Africa Time))
[debug] &amp#27;[35m[W3C (c4f12a99)]&amp#27;[39m Cached the protocol value 'W3C' for the new session c4f12a99-2d5d-43f6-b7ca-d13d322cfbcd
[debug] &amp#27;[35m[W3C (c4f12a99)]&amp#27;[39m Responding to client with driver.createSession() result: {"capabilities":{"platform":"LINUX","webStorageEnabled":false,"takesScreenshot":true,"javascriptEnabled":true,"databaseEnabled":false,"networkConnectionEnabled":true,"locationContextEnabled":false,"warnings":{},"desired":{"platformName":"android","app":"C:\\Users\\John Mumo\\Desktop\\Agencify_App\\Agencify_App_Test\\src\\Agencify-universal-dev.apk","automationName":"uiautomator2","deviceName":"Android Device"},"platformName":"android","app":"C:\\Users\\John Mumo\\Desktop\\Agencify_App\\Agencify_App_Test\\src\\Agencify-universal-dev.apk","automationName":"uiautomator2","deviceName":"0329625863001980","deviceUDID":"0329625863001980","appPackage":"com.turnkeyafrica.agencify","deviceApiLevel":27,"platformVersion":"8.1.0","deviceScreenSize":"720x1440","deviceScreenDensity":320,"deviceModel":"TECNO CA7","deviceManufacturer":"TECNO MOBILE LIMITED","pixelRatio":2,"statBarHeight":48,"viewportRect":{"left":0,"top":48,"width":720,"height":1296}}}
&amp#27;[35m[HTTP]&amp#27;[39m &amp#27;[37m<-- POST /wd/hub/session &amp#27;[39m&amp#27;[32m200&amp#27;[39m &amp#27;[90m16570 ms - 1010&amp#27;[39m
&amp#27;[35m[HTTP]&amp#27;[39m &amp#27;[90m&amp#27;[39m
&amp#27;[35m[HTTP]&amp#27;[39m &amp#27;[37m-->&amp#27;[39m &amp#27;[37mPOST&amp#27;[39m &amp#27;[37m/wd/hub/session/c4f12a99-2d5d-43f6-b7ca-d13d322cfbcd/timeouts&amp#27;[39m
&amp#27;[35m[HTTP]&amp#27;[39m &amp#27;[90m{"implicit":20000}&amp#27;[39m
[debug] &amp#27;[35m[W3C (c4f12a99)]&amp#27;[39m Calling AppiumDriver.timeouts() with args: [null,null,null,null,20000,"c4f12a99-2d5d-43f6-b7ca-d13d322cfbcd"]
[debug] &amp#27;[35m[BaseDriver]&amp#27;[39m W3C timeout argument: {"implicit":20000}}
[debug] &amp#27;[35m[BaseDriver]&amp#27;[39m Set implicit wait to 20000ms
[debug] &amp#27;[35m[W3C (c4f12a99)]&amp#27;[39m Responding to client with driver.timeouts() result: null
&amp#27;[35m[HTTP]&amp#27;[39m &amp#27;[37m<-- POST /wd/hub/session/c4f12a99-2d5d-43f6-b7ca-d13d322cfbcd/timeouts &amp#27;[39m&amp#27;[32m200&amp#27;[39m &amp#27;[90m4 ms - 14&amp#27;[39m
&amp#27;[35m[HTTP]&amp#27;[39m &amp#27;[90m&amp#27;[39m
&amp#27;[35m[HTTP]&amp#27;[39m &amp#27;[37m-->&amp#27;[39m &amp#27;[37mGET&amp#27;[39m &amp#27;[37m/wd/hub/session/c4f12a99-2d5d-43f6-b7ca-d13d322cfbcd/context&amp#27;[39m
&amp#27;[35m[HTTP]&amp#27;[39m &amp#27;[90m{}&amp#27;[39m
[debug] &amp#27;[35m[W3C (c4f12a99)]&amp#27;[39m Calling AppiumDriver.getCurrentContext() with args: ["c4f12a99-2d5d-43f6-b7ca-d13d322cfbcd"]
[debug] &amp#27;[35m[W3C (c4f12a99)]&amp#27;[39m Responding to client with driver.getCurrentContext() result: "NATIVE_APP"
&amp#27;[35m[HTTP]&amp#27;[39m &amp#27;[37m<-- GET /wd/hub/session/c4f12a99-2d5d-43f6-b7ca-d13d322cfbcd/context &amp#27;[39m&amp#27;[32m200&amp#27;[39m &amp#27;[90m2 ms - 22&amp#27;[39m
&amp#27;[35m[HTTP]&amp#27;[39m &amp#27;[90m&amp#27;[39m
&amp#27;[35m[HTTP]&amp#27;[39m &amp#27;[37m-->&amp#27;[39m &amp#27;[37mPOST&amp#27;[39m &amp#27;[37m/wd/hub/session/c4f12a99-2d5d-43f6-b7ca-d13d322cfbcd/element&amp#27;[39m
&amp#27;[35m[HTTP]&amp#27;[39m &amp#27;[90m{"using":"xpath","value":"//*[@text = 'Login']"}&amp#27;[39m
[debug] &amp#27;[35m[W3C (c4f12a99)]&amp#27;[39m Calling AppiumDriver.findElement() with args: ["xpath","//*[@text = 'Login']","c4f12a99-2d5d-43f6-b7ca-d13d322cfbcd"]
[debug] &amp#27;[35m[BaseDriver]&amp#27;[39m Valid locator strategies for this request: xpath, id, class name, accessibility id, css selector, -android uiautomator
[debug] &amp#27;[35m[BaseDriver]&amp#27;[39m Waiting up to 20000 ms for condition
[debug] &amp#27;[35m[WD Proxy]&amp#27;[39m Matched '/element' to command name 'findElement'
[debug] &amp#27;[35m[WD Proxy]&amp#27;[39m Proxying [POST /element] to [POST http://127.0.0.1:8202/wd/hub/session/1bbb3041-99b6-4c83-8629-702c1c356773/element] with body: {"strategy":"xpath","selector":"//*[@text = 'Login']","context":"","multiple":false}
&amp#27;[35m[WD Proxy]&amp#27;[39m Got response with status 404: {"sessionId":"1bbb3041-99b6-4c83-8629-702c1c356773","value":{"error":"no such element","message":"An element could not be located on the page using the given search parameters","stacktrace":"io.appium.uiautomator2.common.exceptions.ElementNotFoundException: An element could not be located on the page using the given search parameters\n\tat io.appium.uiautomator2.handler.FindElement.findElement(FindElement.java:89)\n\tat io.appium.uiautomator2.handler.FindElement.safeHandle(FindElement.java:66)\n\tat io.appium.uiautomator2.handler.request.SafeRequestHandler.handle(SafeRequestHandler.java:41)\n\tat io.appium.uiautomator2.server.AppiumServlet.handleRequest(AppiumServlet.java:262)\n\tat io.appium.uiautomator2.server.AppiumServlet.handleHttpRequest(AppiumServlet.java:256)\n\tat io.appium.uiautomator2.http.ServerHandler.channelRead(ServerHandler.java:68)\n\tat io.netty.channel.AbstractChannelHandlerContext.invokeChannelRead(AbstractChannelHandlerContext.java:366)\n\tat io.netty.channel.AbstractChannelHandlerCont...
[debug] &amp#27;[35m[W3C]&amp#27;[39m Matched W3C error code 'no such element' to NoSuchElementError
[debug] &amp#27;[35m[BaseDriver]&amp#27;[39m Waited for 2231 ms so far
[debug] &amp#27;[35m[WD Proxy]&amp#27;[39m Matched '/element' to command name 'findElement'
[debug] &amp#27;[35m[WD Proxy]&amp#27;[39m Proxying [POST /element] to [POST http://127.0.0.1:8202/wd/hub/session/1bbb3041-99b6-4c83-8629-702c1c356773/element] with body: {"strategy":"xpath","selector":"//*[@text = 'Login']","context":"","multiple":false}
&amp#27;[35m[WD Proxy]&amp#27;[39m Got response with status 404: {"sessionId":"1bbb3041-99b6-4c83-8629-702c1c356773","value":{"error":"no such element","message":"An element could not be located on the page using the given search parameters","stacktrace":"io.appium.uiautomator2.common.exceptions.ElementNotFoundException: An element could not be located on the page using the given search parameters\n\tat io.appium.uiautomator2.handler.FindElement.findElement(FindElement.java:89)\n\tat io.appium.uiautomator2.handler.FindElement.safeHandle(FindElement.java:66)\n\tat io.appium.uiautomator2.handler.request.SafeRequestHandler.handle(SafeRequestHandler.java:41)\n\tat io.appium.uiautomator2.server.AppiumServlet.handleRequest(AppiumServlet.java:262)\n\tat io.appium.uiautomator2.server.AppiumServlet.handleHttpRequest(AppiumServlet.java:256)\n\tat io.appium.uiautomator2.http.ServerHandler.channelRead(ServerHandler.java:68)\n\tat io.netty.channel.AbstractChannelHandlerContext.invokeChannelRead(AbstractChannelHandlerContext.java:366)\n\tat io.netty.channel.AbstractChannelHandlerCont...
[debug] &amp#27;[35m[W3C]&amp#27;[39m Matched W3C error code 'no such element' to NoSuchElementError
[debug] &amp#27;[35m[BaseDriver]&amp#27;[39m Waited for 3098 ms so far
[debug] &amp#27;[35m[WD Proxy]&amp#27;[39m Matched '/element' to command name 'findElement'
[debug] &amp#27;[35m[WD Proxy]&amp#27;[39m Proxying [POST /element] to [POST http://127.0.0.1:8202/wd/hub/session/1bbb3041-99b6-4c83-8629-702c1c356773/element] with body: {"strategy":"xpath","selector":"//*[@text = 'Login']","context":"","multiple":false}
[debug] &amp#27;[35m[WD Proxy]&amp#27;[39m Got response with status 200: {"sessionId":"1bbb3041-99b6-4c83-8629-702c1c356773","value":{"ELEMENT":"8cb6c34b-fb48-43d3-9da4-7d54d5536107","element-6066-11e4-a52e-4f735466cecf":"8cb6c34b-fb48-43d3-9da4-7d54d5536107"}}
[debug] &amp#27;[35m[W3C (c4f12a99)]&amp#27;[39m Responding to client with driver.findElement() result: {"element-6066-11e4-a52e-4f735466cecf":"8cb6c34b-fb48-43d3-9da4-7d54d5536107","ELEMENT":"8cb6c34b-fb48-43d3-9da4-7d54d5536107"}
&amp#27;[35m[HTTP]&amp#27;[39m &amp#27;[37m<-- POST /wd/hub/session/c4f12a99-2d5d-43f6-b7ca-d13d322cfbcd/element &amp#27;[39m&amp#27;[32m200&amp#27;[39m &amp#27;[90m5246 ms - 137&amp#27;[39m
&amp#27;[35m[HTTP]&amp#27;[39m &amp#27;[90m&amp#27;[39m
&amp#27;[35m[HTTP]&amp#27;[39m &amp#27;[37m-->&amp#27;[39m &amp#27;[37mPOST&amp#27;[39m &amp#27;[37m/wd/hub/session/c4f12a99-2d5d-43f6-b7ca-d13d322cfbcd/element/8cb6c34b-fb48-43d3-9da4-7d54d5536107/click&amp#27;[39m
&amp#27;[35m[HTTP]&amp#27;[39m &amp#27;[90m{"id":"8cb6c34b-fb48-43d3-9da4-7d54d5536107"}&amp#27;[39m
[debug] &amp#27;[35m[W3C (c4f12a99)]&amp#27;[39m Calling AppiumDriver.click() with args: ["8cb6c34b-fb48-43d3-9da4-7d54d5536107","c4f12a99-2d5d-43f6-b7ca-d13d322cfbcd"]
[debug] &amp#27;[35m[WD Proxy]&amp#27;[39m Matched '/element/8cb6c34b-fb48-43d3-9da4-7d54d5536107/click' to command name 'click'
[debug] &amp#27;[35m[WD Proxy]&amp#27;[39m Proxying [POST /element/8cb6c34b-fb48-43d3-9da4-7d54d5536107/click] to [POST http://127.0.0.1:8202/wd/hub/session/1bbb3041-99b6-4c83-8629-702c1c356773/element/8cb6c34b-fb48-43d3-9da4-7d54d5536107/click] with body: {"element":"8cb6c34b-fb48-43d3-9da4-7d54d5536107"}
[debug] &amp#27;[35m[WD Proxy]&amp#27;[39m Got response with status 200: {"sessionId":"1bbb3041-99b6-4c83-8629-702c1c356773","value":null}
[debug] &amp#27;[35m[W3C (c4f12a99)]&amp#27;[39m Responding to client with driver.click() result: null
&amp#27;[35m[HTTP]&amp#27;[39m &amp#27;[37m<-- POST /wd/hub/session/c4f12a99-2d5d-43f6-b7ca-d13d322cfbcd/element/8cb6c34b-fb48-43d3-9da4-7d54d5536107/click &amp#27;[39m&amp#27;[32m200&amp#27;[39m &amp#27;[90m549 ms - 14&amp#27;[39m
&amp#27;[35m[HTTP]&amp#27;[39m &amp#27;[90m&amp#27;[39m
&amp#27;[35m[HTTP]&amp#27;[39m &amp#27;[37m-->&amp#27;[39m &amp#27;[37mGET&amp#27;[39m &amp#27;[37m/wd/hub/session/c4f12a99-2d5d-43f6-b7ca-d13d322cfbcd/context&amp#27;[39m
&amp#27;[35m[HTTP]&amp#27;[39m &amp#27;[90m{}&amp#27;[39m
[debug] &amp#27;[35m[W3C (c4f12a99)]&amp#27;[39m Calling AppiumDriver.getCurrentContext() with args: ["c4f12a99-2d5d-43f6-b7ca-d13d322cfbcd"]
[debug] &amp#27;[35m[W3C (c4f12a99)]&amp#27;[39m Responding to client with driver.getCurrentContext() result: "NATIVE_APP"
&amp#27;[35m[HTTP]&amp#27;[39m &amp#27;[37m<-- GET /wd/hub/session/c4f12a99-2d5d-43f6-b7ca-d13d322cfbcd/context &amp#27;[39m&amp#27;[32m200&amp#27;[39m &amp#27;[90m5 ms - 22&amp#27;[39m
&amp#27;[35m[HTTP]&amp#27;[39m &amp#27;[90m&amp#27;[39m
&amp#27;[35m[HTTP]&amp#27;[39m &amp#27;[37m-->&amp#27;[39m &amp#27;[37mPOST&amp#27;[39m &amp#27;[37m/wd/hub/session/c4f12a99-2d5d-43f6-b7ca-d13d322cfbcd/element&amp#27;[39m
&amp#27;[35m[HTTP]&amp#27;[39m &amp#27;[90m{"using":"xpath","value":"//*[@text = 'Email']"}&amp#27;[39m
[debug] &amp#27;[35m[W3C (c4f12a99)]&amp#27;[39m Calling AppiumDriver.findElement() with args: ["xpath","//*[@text = 'Email']","c4f12a99-2d5d-43f6-b7ca-d13d322cfbcd"]
[debug] &amp#27;[35m[BaseDriver]&amp#27;[39m Valid locator strategies for this request: xpath, id, class name, accessibility id, css selector, -android uiautomator
[debug] &amp#27;[35m[BaseDriver]&amp#27;[39m Waiting up to 20000 ms for condition
[debug] &amp#27;[35m[WD Proxy]&amp#27;[39m Matched '/element' to command name 'findElement'
[debug] &amp#27;[35m[WD Proxy]&amp#27;[39m Proxying [POST /element] to [POST http://127.0.0.1:8202/wd/hub/session/1bbb3041-99b6-4c83-8629-702c1c356773/element] with body: {"strategy":"xpath","selector":"//*[@text = 'Email']","context":"","multiple":false}
[debug] &amp#27;[35m[WD Proxy]&amp#27;[39m Got response with status 200: {"sessionId":"1bbb3041-99b6-4c83-8629-702c1c356773","value":{"ELEMENT":"3b1a73c4-7e46-4b68-8822-fc1df4026f7a","element-6066-11e4-a52e-4f735466cecf":"3b1a73c4-7e46-4b68-8822-fc1df4026f7a"}}
[debug] &amp#27;[35m[W3C (c4f12a99)]&amp#27;[39m Responding to client with driver.findElement() result: {"element-6066-11e4-a52e-4f735466cecf":"3b1a73c4-7e46-4b68-8822-fc1df4026f7a","ELEMENT":"3b1a73c4-7e46-4b68-8822-fc1df4026f7a"}
&amp#27;[35m[HTTP]&amp#27;[39m &amp#27;[37m<-- POST /wd/hub/session/c4f12a99-2d5d-43f6-b7ca-d13d322cfbcd/element &amp#27;[39m&amp#27;[32m200&amp#27;[39m &amp#27;[90m1142 ms - 137&amp#27;[39m
&amp#27;[35m[HTTP]&amp#27;[39m &amp#27;[90m&amp#27;[39m
&amp#27;[35m[HTTP]&amp#27;[39m &amp#27;[37m-->&amp#27;[39m &amp#27;[37mPOST&amp#27;[39m &amp#27;[37m/wd/hub/session/c4f12a99-2d5d-43f6-b7ca-d13d322cfbcd/element/3b1a73c4-7e46-4b68-8822-fc1df4026f7a/value&amp#27;[39m
&amp#27;[35m[HTTP]&amp#27;[39m &amp#27;[90m{"id":"3b1a73c4-7e46-4b68-8822-fc1df4026f7a","text":"agencify@agent.com","value":["a","g","e","n","c","i","f","y","@","a","g","e","n","t",".","c","o","m"]}&amp#27;[39m
[debug] &amp#27;[35m[W3C (c4f12a99)]&amp#27;[39m Calling AppiumDriver.setValue() with args: [["a","g","e","n","c","i","f","y","@","a","g","e","n","t",".","c","o","m"],"3b1a73c4-7e46-4b68-8822-fc1df4026f7a","c4f12a99-2d5d-43f6-b7ca-d13d322cfbcd"]
[debug] &amp#27;[35m[WD Proxy]&amp#27;[39m Matched '/element/3b1a73c4-7e46-4b68-8822-fc1df4026f7a/value' to command name 'setValue'
[debug] &amp#27;[35m[Protocol Converter]&amp#27;[39m Added 'value' property ["a","g","e","n","c","i","f","y","@","a","g","e","n","t",".","c","o","m"] to 'setValue' request body
[debug] &amp#27;[35m[WD Proxy]&amp#27;[39m Proxying [POST /element/3b1a73c4-7e46-4b68-8822-fc1df4026f7a/value] to [POST http://127.0.0.1:8202/wd/hub/session/1bbb3041-99b6-4c83-8629-702c1c356773/element/3b1a73c4-7e46-4b68-8822-fc1df4026f7a/value] with body: {"elementId":"3b1a73c4-7e46-4b68-8822-fc1df4026f7a","text":"agencify@agent.com","replace":false,"value":["a","g","e","n","c","i","f","y","@","a","g","e","n","t",".","c","o","m"]}
[debug] &amp#27;[35m[WD Proxy]&amp#27;[39m Got response with status 200: {"sessionId":"1bbb3041-99b6-4c83-8629-702c1c356773","value":null}
[debug] &amp#27;[35m[W3C (c4f12a99)]&amp#27;[39m Responding to client with driver.setValue() result: null
&amp#27;[35m[HTTP]&amp#27;[39m &amp#27;[37m<-- POST /wd/hub/session/c4f12a99-2d5d-43f6-b7ca-d13d322cfbcd/element/3b1a73c4-7e46-4b68-8822-fc1df4026f7a/value &amp#27;[39m&amp#27;[32m200&amp#27;[39m &amp#27;[90m772 ms - 14&amp#27;[39m
&amp#27;[35m[HTTP]&amp#27;[39m &amp#27;[90m&amp#27;[39m
&amp#27;[35m[HTTP]&amp#27;[39m &amp#27;[37m-->&amp#27;[39m &amp#27;[37mGET&amp#27;[39m &amp#27;[37m/wd/hub/session/c4f12a99-2d5d-43f6-b7ca-d13d322cfbcd/context&amp#27;[39m
&amp#27;[35m[HTTP]&amp#27;[39m &amp#27;[90m{}&amp#27;[39m
[debug] &amp#27;[35m[W3C (c4f12a99)]&amp#27;[39m Calling AppiumDriver.getCurrentContext() with args: ["c4f12a99-2d5d-43f6-b7ca-d13d322cfbcd"]
[debug] &amp#27;[35m[W3C (c4f12a99)]&amp#27;[39m Responding to client with driver.getCurrentContext() result: "NATIVE_APP"
&amp#27;[35m[HTTP]&amp#27;[39m &amp#27;[37m<-- GET /wd/hub/session/c4f12a99-2d5d-43f6-b7ca-d13d322cfbcd/context &amp#27;[39m&amp#27;[32m200&amp#27;[39m &amp#27;[90m15 ms - 22&amp#27;[39m
&amp#27;[35m[HTTP]&amp#27;[39m &amp#27;[90m&amp#27;[39m
&amp#27;[35m[HTTP]&amp#27;[39m &amp#27;[37m-->&amp#27;[39m &amp#27;[37mPOST&amp#27;[39m &amp#27;[37m/wd/hub/session/c4f12a99-2d5d-43f6-b7ca-d13d322cfbcd/element&amp#27;[39m
&amp#27;[35m[HTTP]&amp#27;[39m &amp#27;[90m{"using":"id","value":"com.turnkeyafrica.agencify:id/btn_sign_in"}&amp#27;[39m
[debug] &amp#27;[35m[W3C (c4f12a99)]&amp#27;[39m Calling AppiumDriver.findElement() with args: ["id","com.turnkeyafrica.agencify:id/btn_sign_in","c4f12a99-2d5d-43f6-b7ca-d13d322cfbcd"]
[debug] &amp#27;[35m[BaseDriver]&amp#27;[39m Valid locator strategies for this request: xpath, id, class name, accessibility id, css selector, -android uiautomator
[debug] &amp#27;[35m[BaseDriver]&amp#27;[39m Waiting up to 20000 ms for condition
[debug] &amp#27;[35m[WD Proxy]&amp#27;[39m Matched '/element' to command name 'findElement'
[debug] &amp#27;[35m[WD Proxy]&amp#27;[39m Proxying [POST /element] to [POST http://127.0.0.1:8202/wd/hub/session/1bbb3041-99b6-4c83-8629-702c1c356773/element] with body: {"strategy":"id","selector":"com.turnkeyafrica.agencify:id/btn_sign_in","context":"","multiple":false}
[debug] &amp#27;[35m[WD Proxy]&amp#27;[39m Got response with status 200: {"sessionId":"1bbb3041-99b6-4c83-8629-702c1c356773","value":{"ELEMENT":"873e7927-54cb-42f3-9c67-d8b829d5fdd5","element-6066-11e4-a52e-4f735466cecf":"873e7927-54cb-42f3-9c67-d8b829d5fdd5"}}
[debug] &amp#27;[35m[W3C (c4f12a99)]&amp#27;[39m Responding to client with driver.findElement() result: {"element-6066-11e4-a52e-4f735466cecf":"873e7927-54cb-42f3-9c67-d8b829d5fdd5","ELEMENT":"873e7927-54cb-42f3-9c67-d8b829d5fdd5"}
&amp#27;[35m[HTTP]&amp#27;[39m &amp#27;[37m<-- POST /wd/hub/session/c4f12a99-2d5d-43f6-b7ca-d13d322cfbcd/element &amp#27;[39m&amp#27;[32m200&amp#27;[39m &amp#27;[90m961 ms - 137&amp#27;[39m
&amp#27;[35m[HTTP]&amp#27;[39m &amp#27;[90m&amp#27;[39m
&amp#27;[35m[HTTP]&amp#27;[39m &amp#27;[37m-->&amp#27;[39m &amp#27;[37mPOST&amp#27;[39m &amp#27;[37m/wd/hub/session/c4f12a99-2d5d-43f6-b7ca-d13d322cfbcd/element/873e7927-54cb-42f3-9c67-d8b829d5fdd5/click&amp#27;[39m
&amp#27;[35m[HTTP]&amp#27;[39m &amp#27;[90m{"id":"873e7927-54cb-42f3-9c67-d8b829d5fdd5"}&amp#27;[39m
[debug] &amp#27;[35m[W3C (c4f12a99)]&amp#27;[39m Calling AppiumDriver.click() with args: ["873e7927-54cb-42f3-9c67-d8b829d5fdd5","c4f12a99-2d5d-43f6-b7ca-d13d322cfbcd"]
[debug] &amp#27;[35m[WD Proxy]&amp#27;[39m Matched '/element/873e7927-54cb-42f3-9c67-d8b829d5fdd5/click' to command name 'click'
[debug] &amp#27;[35m[WD Proxy]&amp#27;[39m Proxying [POST /element/873e7927-54cb-42f3-9c67-d8b829d5fdd5/click] to [POST http://127.0.0.1:8202/wd/hub/session/1bbb3041-99b6-4c83-8629-702c1c356773/element/873e7927-54cb-42f3-9c67-d8b829d5fdd5/click] with body: {"element":"873e7927-54cb-42f3-9c67-d8b829d5fdd5"}
[debug] &amp#27;[35m[WD Proxy]&amp#27;[39m Got response with status 200: {"sessionId":"1bbb3041-99b6-4c83-8629-702c1c356773","value":null}
[debug] &amp#27;[35m[W3C (c4f12a99)]&amp#27;[39m Responding to client with driver.click() result: null
&amp#27;[35m[HTTP]&amp#27;[39m &amp#27;[37m<-- POST /wd/hub/session/c4f12a99-2d5d-43f6-b7ca-d13d322cfbcd/element/873e7927-54cb-42f3-9c67-d8b829d5fdd5/click &amp#27;[39m&amp#27;[32m200&amp#27;[39m &amp#27;[90m55 ms - 14&amp#27;[39m
&amp#27;[35m[HTTP]&amp#27;[39m &amp#27;[90m&amp#27;[39m
&amp#27;[35m[HTTP]&amp#27;[39m &amp#27;[37m-->&amp#27;[39m &amp#27;[37mGET&amp#27;[39m &amp#27;[37m/wd/hub/session/c4f12a99-2d5d-43f6-b7ca-d13d322cfbcd/context&amp#27;[39m
&amp#27;[35m[HTTP]&amp#27;[39m &amp#27;[90m{}&amp#27;[39m
[debug] &amp#27;[35m[W3C (c4f12a99)]&amp#27;[39m Calling AppiumDriver.getCurrentContext() with args: ["c4f12a99-2d5d-43f6-b7ca-d13d322cfbcd"]
[debug] &amp#27;[35m[W3C (c4f12a99)]&amp#27;[39m Responding to client with driver.getCurrentContext() result: "NATIVE_APP"
&amp#27;[35m[HTTP]&amp#27;[39m &amp#27;[37m<-- GET /wd/hub/session/c4f12a99-2d5d-43f6-b7ca-d13d322cfbcd/context &amp#27;[39m&amp#27;[32m200&amp#27;[39m &amp#27;[90m2 ms - 22&amp#27;[39m
&amp#27;[35m[HTTP]&amp#27;[39m &amp#27;[90m&amp#27;[39m
&amp#27;[35m[HTTP]&amp#27;[39m &amp#27;[37m-->&amp#27;[39m &amp#27;[37mPOST&amp#27;[39m &amp#27;[37m/wd/hub/session/c4f12a99-2d5d-43f6-b7ca-d13d322cfbcd/element&amp#27;[39m
&amp#27;[35m[HTTP]&amp#27;[39m &amp#27;[90m{"using":"id","value":"com.turnkeyafrica.agencify:id/textinput_error"}&amp#27;[39m
[debug] &amp#27;[35m[W3C (c4f12a99)]&amp#27;[39m Calling AppiumDriver.findElement() with args: ["id","com.turnkeyafrica.agencify:id/textinput_error","c4f12a99-2d5d-43f6-b7ca-d13d322cfbcd"]
[debug] &amp#27;[35m[BaseDriver]&amp#27;[39m Valid locator strategies for this request: xpath, id, class name, accessibility id, css selector, -android uiautomator
[debug] &amp#27;[35m[BaseDriver]&amp#27;[39m Waiting up to 20000 ms for condition
[debug] &amp#27;[35m[WD Proxy]&amp#27;[39m Matched '/element' to command name 'findElement'
[debug] &amp#27;[35m[WD Proxy]&amp#27;[39m Proxying [POST /element] to [POST http://127.0.0.1:8202/wd/hub/session/1bbb3041-99b6-4c83-8629-702c1c356773/element] with body: {"strategy":"id","selector":"com.turnkeyafrica.agencify:id/textinput_error","context":"","multiple":false}
&amp#27;[35m[BaseDriver]&amp#27;[39m Shutting down because we waited 60 seconds for a command
&amp#27;[35m[Appium]&amp#27;[39m Closing session, cause was 'New Command Timeout of 60 seconds expired. Try customizing the timeout using the 'newCommandTimeout' desired capability'
&amp#27;[35m[Appium]&amp#27;[39m Removing session '6d3c7c61-cbde-4799-be99-d7bef51c20db' from our master session list
[debug] &amp#27;[35m[UiAutomator2]&amp#27;[39m Deleting UiAutomator2 session
[debug] &amp#27;[35m[UiAutomator2]&amp#27;[39m Deleting UiAutomator2 server session
&amp#27;[35m[UiAutomator2]&amp#27;[39m Did not get confirmation UiAutomator2 deleteSession worked; Error was: UnknownError: An unknown server-side error occurred while processing the command. Original error: 'DELETE /' cannot be proxied to UiAutomator2 server because the instrumentation process is not running (probably crashed). Check the server log and/or the logcat output for more details
[debug] &amp#27;[35m[ADB]&amp#27;[39m Running 'C:\Users\John Mumo\AppData\Local\Android\Sdk\platform-tools\adb.exe -P 5037 -s 0329625863001980 shell am force-stop com.turnkeyafrica.agencify'
[debug] &amp#27;[35m[Logcat]&amp#27;[39m Stopping logcat capture
[debug] &amp#27;[35m[ADB]&amp#27;[39m Removing forwarded port socket connection: 8200 
[debug] &amp#27;[35m[ADB]&amp#27;[39m Running 'C:\Users\John Mumo\AppData\Local\Android\Sdk\platform-tools\adb.exe -P 5037 -s 0329625863001980 forward --remove tcp:8200'
&amp#27;[35m[WD Proxy]&amp#27;[39m Got response with status 404: {"sessionId":"1bbb3041-99b6-4c83-8629-702c1c356773","value":{"error":"no such element","message":"An element could not be located on the page using the given search parameters","stacktrace":"io.appium.uiautomator2.common.exceptions.ElementNotFoundException: An element could not be located on the page using the given search parameters\n\tat io.appium.uiautomator2.handler.FindElement.safeHandle(FindElement.java:68)\n\tat io.appium.uiautomator2.handler.request.SafeRequestHandler.handle(SafeRequestHandler.java:41)\n\tat io.appium.uiautomator2.server.AppiumServlet.handleRequest(AppiumServlet.java:262)\n\tat io.appium.uiautomator2.server.AppiumServlet.handleHttpRequest(AppiumServlet.java:256)\n\tat io.appium.uiautomator2.http.ServerHandler.channelRead(ServerHandler.java:68)\n\tat io.netty.channel.AbstractChannelHandlerContext.invokeChannelRead(AbstractChannelHandlerContext.java:366)\n\tat io.netty.channel.AbstractChannelHandlerContext.invokeChannelRead(AbstractChannelHandlerContext.java:352)\n\tat io.netty.chann...
[debug] &amp#27;[35m[W3C]&amp#27;[39m Matched W3C error code 'no such element' to NoSuchElementError
[debug] &amp#27;[35m[BaseDriver]&amp#27;[39m Waited for 1180 ms so far
[debug] &amp#27;[35m[WD Proxy]&amp#27;[39m Matched '/element' to command name 'findElement'
[debug] &amp#27;[35m[WD Proxy]&amp#27;[39m Proxying [POST /element] to [POST http://127.0.0.1:8202/wd/hub/session/1bbb3041-99b6-4c83-8629-702c1c356773/element] with body: {"strategy":"id","selector":"com.turnkeyafrica.agencify:id/textinput_error","context":"","multiple":false}
&amp#27;[35m[WD Proxy]&amp#27;[39m Got response with status 404: {"sessionId":"1bbb3041-99b6-4c83-8629-702c1c356773","value":{"error":"no such element","message":"An element could not be located on the page using the given search parameters","stacktrace":"io.appium.uiautomator2.common.exceptions.ElementNotFoundException: An element could not be located on the page using the given search parameters\n\tat io.appium.uiautomator2.handler.FindElement.safeHandle(FindElement.java:68)\n\tat io.appium.uiautomator2.handler.request.SafeRequestHandler.handle(SafeRequestHandler.java:41)\n\tat io.appium.uiautomator2.server.AppiumServlet.handleRequest(AppiumServlet.java:262)\n\tat io.appium.uiautomator2.server.AppiumServlet.handleHttpRequest(AppiumServlet.java:256)\n\tat io.appium.uiautomator2.http.ServerHandler.channelRead(ServerHandler.java:68)\n\tat io.netty.channel.AbstractChannelHandlerContext.invokeChannelRead(AbstractChannelHandlerContext.java:366)\n\tat io.netty.channel.AbstractChannelHandlerContext.invokeChannelRead(AbstractChannelHandlerContext.java:352)\n\tat io.netty.chann...
[debug] &amp#27;[35m[W3C]&amp#27;[39m Matched W3C error code 'no such element' to NoSuchElementError
[debug] &amp#27;[35m[BaseDriver]&amp#27;[39m Waited for 1871 ms so far
[debug] &amp#27;[35m[WD Proxy]&amp#27;[39m Matched '/element' to command name 'findElement'
[debug] &amp#27;[35m[WD Proxy]&amp#27;[39m Proxying [POST /element] to [POST http://127.0.0.1:8202/wd/hub/session/1bbb3041-99b6-4c83-8629-702c1c356773/element] with body: {"strategy":"id","selector":"com.turnkeyafrica.agencify:id/textinput_error","context":"","multiple":false}
&amp#27;[35m[WD Proxy]&amp#27;[39m Got response with status 404: {"sessionId":"1bbb3041-99b6-4c83-8629-702c1c356773","value":{"error":"no such element","message":"An element could not be located on the page using the given search parameters","stacktrace":"io.appium.uiautomator2.common.exceptions.ElementNotFoundException: An element could not be located on the page using the given search parameters\n\tat io.appium.uiautomator2.handler.FindElement.safeHandle(FindElement.java:68)\n\tat io.appium.uiautomator2.handler.request.SafeRequestHandler.handle(SafeRequestHandler.java:41)\n\tat io.appium.uiautomator2.server.AppiumServlet.handleRequest(AppiumServlet.java:262)\n\tat io.appium.uiautomator2.server.AppiumServlet.handleHttpRequest(AppiumServlet.java:256)\n\tat io.appium.uiautomator2.http.ServerHandler.channelRead(ServerHandler.java:68)\n\tat io.netty.channel.AbstractChannelHandlerContext.invokeChannelRead(AbstractChannelHandlerContext.java:366)\n\tat io.netty.channel.AbstractChannelHandlerContext.invokeChannelRead(AbstractChannelHandlerContext.java:352)\n\tat io.netty.chann...
[debug] &amp#27;[35m[W3C]&amp#27;[39m Matched W3C error code 'no such element' to NoSuchElementError
[debug] &amp#27;[35m[BaseDriver]&amp#27;[39m Waited for 2879 ms so far
[debug] &amp#27;[35m[WD Proxy]&amp#27;[39m Matched '/element' to command name 'findElement'
[debug] &amp#27;[35m[WD Proxy]&amp#27;[39m Proxying [POST /element] to [POST http://127.0.0.1:8202/wd/hub/session/1bbb3041-99b6-4c83-8629-702c1c356773/element] with body: {"strategy":"id","selector":"com.turnkeyafrica.agencify:id/textinput_error","context":"","multiple":false}
&amp#27;[35m[WD Proxy]&amp#27;[39m Got response with status 404: {"sessionId":"1bbb3041-99b6-4c83-8629-702c1c356773","value":{"error":"no such element","message":"An element could not be located on the page using the given search parameters","stacktrace":"io.appium.uiautomator2.common.exceptions.ElementNotFoundException: An element could not be located on the page using the given search parameters\n\tat io.appium.uiautomator2.handler.FindElement.safeHandle(FindElement.java:68)\n\tat io.appium.uiautomator2.handler.request.SafeRequestHandler.handle(SafeRequestHandler.java:41)\n\tat io.appium.uiautomator2.server.AppiumServlet.handleRequest(AppiumServlet.java:262)\n\tat io.appium.uiautomator2.server.AppiumServlet.handleHttpRequest(AppiumServlet.java:256)\n\tat io.appium.uiautomator2.http.ServerHandler.channelRead(ServerHandler.java:68)\n\tat io.netty.channel.AbstractChannelHandlerContext.invokeChannelRead(AbstractChannelHandlerContext.java:366)\n\tat io.netty.channel.AbstractChannelHandlerContext.invokeChannelRead(AbstractChannelHandlerContext.java:352)\n\tat io.netty.chann...
[debug] &amp#27;[35m[W3C]&amp#27;[39m Matched W3C error code 'no such element' to NoSuchElementError
[debug] &amp#27;[35m[BaseDriver]&amp#27;[39m Waited for 3867 ms so far
[debug] &amp#27;[35m[WD Proxy]&amp#27;[39m Matched '/element' to command name 'findElement'
[debug] &amp#27;[35m[WD Proxy]&amp#27;[39m Proxying [POST /element] to [POST http://127.0.0.1:8202/wd/hub/session/1bbb3041-99b6-4c83-8629-702c1c356773/element] with body: {"strategy":"id","selector":"com.turnkeyafrica.agencify:id/textinput_error","context":"","multiple":false}
&amp#27;[35m[WD Proxy]&amp#27;[39m Got response with status 404: {"sessionId":"1bbb3041-99b6-4c83-8629-702c1c356773","value":{"error":"no such element","message":"An element could not be located on the page using the given search parameters","stacktrace":"io.appium.uiautomator2.common.exceptions.ElementNotFoundException: An element could not be located on the page using the given search parameters\n\tat io.appium.uiautomator2.handler.FindElement.safeHandle(FindElement.java:68)\n\tat io.appium.uiautomator2.handler.request.SafeRequestHandler.handle(SafeRequestHandler.java:41)\n\tat io.appium.uiautomator2.server.AppiumServlet.handleRequest(AppiumServlet.java:262)\n\tat io.appium.uiautomator2.server.AppiumServlet.handleHttpRequest(AppiumServlet.java:256)\n\tat io.appium.uiautomator2.http.ServerHandler.channelRead(ServerHandler.java:68)\n\tat io.netty.channel.AbstractChannelHandlerContext.invokeChannelRead(AbstractChannelHandlerContext.java:366)\n\tat io.netty.channel.AbstractChannelHandlerContext.invokeChannelRead(AbstractChannelHandlerContext.java:352)\n\tat io.netty.chann...
[debug] &amp#27;[35m[W3C]&amp#27;[39m Matched W3C error code 'no such element' to NoSuchElementError
[debug] &amp#27;[35m[BaseDriver]&amp#27;[39m Waited for 4765 ms so far
[debug] &amp#27;[35m[WD Proxy]&amp#27;[39m Matched '/element' to command name 'findElement'
[debug] &amp#27;[35m[WD Proxy]&amp#27;[39m Proxying [POST /element] to [POST http://127.0.0.1:8202/wd/hub/session/1bbb3041-99b6-4c83-8629-702c1c356773/element] with body: {"strategy":"id","selector":"com.turnkeyafrica.agencify:id/textinput_error","context":"","multiple":false}
&amp#27;[35m[WD Proxy]&amp#27;[39m Got response with status 404: {"sessionId":"1bbb3041-99b6-4c83-8629-702c1c356773","value":{"error":"no such element","message":"An element could not be located on the page using the given search parameters","stacktrace":"io.appium.uiautomator2.common.exceptions.ElementNotFoundException: An element could not be located on the page using the given search parameters\n\tat io.appium.uiautomator2.handler.FindElement.safeHandle(FindElement.java:68)\n\tat io.appium.uiautomator2.handler.request.SafeRequestHandler.handle(SafeRequestHandler.java:41)\n\tat io.appium.uiautomator2.server.AppiumServlet.handleRequest(AppiumServlet.java:262)\n\tat io.appium.uiautomator2.server.AppiumServlet.handleHttpRequest(AppiumServlet.java:256)\n\tat io.appium.uiautomator2.http.ServerHandler.channelRead(ServerHandler.java:68)\n\tat io.netty.channel.AbstractChannelHandlerContext.invokeChannelRead(AbstractChannelHandlerContext.java:366)\n\tat io.netty.channel.AbstractChannelHandlerContext.invokeChannelRead(AbstractChannelHandlerContext.java:352)\n\tat io.netty.chann...
[debug] &amp#27;[35m[W3C]&amp#27;[39m Matched W3C error code 'no such element' to NoSuchElementError
[debug] &amp#27;[35m[BaseDriver]&amp#27;[39m Waited for 5763 ms so far
[debug] &amp#27;[35m[WD Proxy]&amp#27;[39m Matched '/element' to command name 'findElement'
[debug] &amp#27;[35m[WD Proxy]&amp#27;[39m Proxying [POST /element] to [POST http://127.0.0.1:8202/wd/hub/session/1bbb3041-99b6-4c83-8629-702c1c356773/element] with body: {"strategy":"id","selector":"com.turnkeyafrica.agencify:id/textinput_error","context":"","multiple":false}
&amp#27;[35m[WD Proxy]&amp#27;[39m Got response with status 404: {"sessionId":"1bbb3041-99b6-4c83-8629-702c1c356773","value":{"error":"no such element","message":"An element could not be located on the page using the given search parameters","stacktrace":"io.appium.uiautomator2.common.exceptions.ElementNotFoundException: An element could not be located on the page using the given search parameters\n\tat io.appium.uiautomator2.handler.FindElement.safeHandle(FindElement.java:68)\n\tat io.appium.uiautomator2.handler.request.SafeRequestHandler.handle(SafeRequestHandler.java:41)\n\tat io.appium.uiautomator2.server.AppiumServlet.handleRequest(AppiumServlet.java:262)\n\tat io.appium.uiautomator2.server.AppiumServlet.handleHttpRequest(AppiumServlet.java:256)\n\tat io.appium.uiautomator2.http.ServerHandler.channelRead(ServerHandler.java:68)\n\tat io.netty.channel.AbstractChannelHandlerContext.invokeChannelRead(AbstractChannelHandlerContext.java:366)\n\tat io.netty.channel.AbstractChannelHandlerContext.invokeChannelRead(AbstractChannelHandlerContext.java:352)\n\tat io.netty.chann...
[debug] &amp#27;[35m[W3C]&amp#27;[39m Matched W3C error code 'no such element' to NoSuchElementError
[debug] &amp#27;[35m[BaseDriver]&amp#27;[39m Waited for 6760 ms so far
[debug] &amp#27;[35m[WD Proxy]&amp#27;[39m Matched '/element' to command name 'findElement'
[debug] &amp#27;[35m[WD Proxy]&amp#27;[39m Proxying [POST /element] to [POST http://127.0.0.1:8202/wd/hub/session/1bbb3041-99b6-4c83-8629-702c1c356773/element] with body: {"strategy":"id","selector":"com.turnkeyafrica.agencify:id/textinput_error","context":"","multiple":false}
&amp#27;[35m[WD Proxy]&amp#27;[39m Got response with status 404: {"sessionId":"1bbb3041-99b6-4c83-8629-702c1c356773","value":{"error":"no such element","message":"An element could not be located on the page using the given search parameters","stacktrace":"io.appium.uiautomator2.common.exceptions.ElementNotFoundException: An element could not be located on the page using the given search parameters\n\tat io.appium.uiautomator2.handler.FindElement.safeHandle(FindElement.java:68)\n\tat io.appium.uiautomator2.handler.request.SafeRequestHandler.handle(SafeRequestHandler.java:41)\n\tat io.appium.uiautomator2.server.AppiumServlet.handleRequest(AppiumServlet.java:262)\n\tat io.appium.uiautomator2.server.AppiumServlet.handleHttpRequest(AppiumServlet.java:256)\n\tat io.appium.uiautomator2.http.ServerHandler.channelRead(ServerHandler.java:68)\n\tat io.netty.channel.AbstractChannelHandlerContext.invokeChannelRead(AbstractChannelHandlerContext.java:366)\n\tat io.netty.channel.AbstractChannelHandlerContext.invokeChannelRead(AbstractChannelHandlerContext.java:352)\n\tat io.netty.chann...
[debug] &amp#27;[35m[W3C]&amp#27;[39m Matched W3C error code 'no such element' to NoSuchElementError
[debug] &amp#27;[35m[BaseDriver]&amp#27;[39m Waited for 7760 ms so far
[debug] &amp#27;[35m[WD Proxy]&amp#27;[39m Matched '/element' to command name 'findElement'
[debug] &amp#27;[35m[WD Proxy]&amp#27;[39m Proxying [POST /element] to [POST http://127.0.0.1:8202/wd/hub/session/1bbb3041-99b6-4c83-8629-702c1c356773/element] with body: {"strategy":"id","selector":"com.turnkeyafrica.agencify:id/textinput_error","context":"","multiple":false}
&amp#27;[35m[WD Proxy]&amp#27;[39m Got response with status 404: {"sessionId":"1bbb3041-99b6-4c83-8629-702c1c356773","value":{"error":"no such element","message":"An element could not be located on the page using the given search parameters","stacktrace":"io.appium.uiautomator2.common.exceptions.ElementNotFoundException: An element could not be located on the page using the given search parameters\n\tat io.appium.uiautomator2.handler.FindElement.safeHandle(FindElement.java:68)\n\tat io.appium.uiautomator2.handler.request.SafeRequestHandler.handle(SafeRequestHandler.java:41)\n\tat io.appium.uiautomator2.server.AppiumServlet.handleRequest(AppiumServlet.java:262)\n\tat io.appium.uiautomator2.server.AppiumServlet.handleHttpRequest(AppiumServlet.java:256)\n\tat io.appium.uiautomator2.http.ServerHandler.channelRead(ServerHandler.java:68)\n\tat io.netty.channel.AbstractChannelHandlerContext.invokeChannelRead(AbstractChannelHandlerContext.java:366)\n\tat io.netty.channel.AbstractChannelHandlerContext.invokeChannelRead(AbstractChannelHandlerContext.java:352)\n\tat io.netty.chann...
[debug] &amp#27;[35m[W3C]&amp#27;[39m Matched W3C error code 'no such element' to NoSuchElementError
[debug] &amp#27;[35m[BaseDriver]&amp#27;[39m Waited for 8760 ms so far
[debug] &amp#27;[35m[WD Proxy]&amp#27;[39m Matched '/element' to command name 'findElement'
[debug] &amp#27;[35m[WD Proxy]&amp#27;[39m Proxying [POST /element] to [POST http://127.0.0.1:8202/wd/hub/session/1bbb3041-99b6-4c83-8629-702c1c356773/element] with body: {"strategy":"id","selector":"com.turnkeyafrica.agencify:id/textinput_error","context":"","multiple":false}
&amp#27;[35m[WD Proxy]&amp#27;[39m Got response with status 404: {"sessionId":"1bbb3041-99b6-4c83-8629-702c1c356773","value":{"error":"no such element","message":"An element could not be located on the page using the given search parameters","stacktrace":"io.appium.uiautomator2.common.exceptions.ElementNotFoundException: An element could not be located on the page using the given search parameters\n\tat io.appium.uiautomator2.handler.FindElement.safeHandle(FindElement.java:68)\n\tat io.appium.uiautomator2.handler.request.SafeRequestHandler.handle(SafeRequestHandler.java:41)\n\tat io.appium.uiautomator2.server.AppiumServlet.handleRequest(AppiumServlet.java:262)\n\tat io.appium.uiautomator2.server.AppiumServlet.handleHttpRequest(AppiumServlet.java:256)\n\tat io.appium.uiautomator2.http.ServerHandler.channelRead(ServerHandler.java:68)\n\tat io.netty.channel.AbstractChannelHandlerContext.invokeChannelRead(AbstractChannelHandlerContext.java:366)\n\tat io.netty.channel.AbstractChannelHandlerContext.invokeChannelRead(AbstractChannelHandlerContext.java:352)\n\tat io.netty.chann...
[debug] &amp#27;[35m[W3C]&amp#27;[39m Matched W3C error code 'no such element' to NoSuchElementError
[debug] &amp#27;[35m[BaseDriver]&amp#27;[39m Waited for 9761 ms so far
[debug] &amp#27;[35m[WD Proxy]&amp#27;[39m Matched '/element' to command name 'findElement'
[debug] &amp#27;[35m[WD Proxy]&amp#27;[39m Proxying [POST /element] to [POST http://127.0.0.1:8202/wd/hub/session/1bbb3041-99b6-4c83-8629-702c1c356773/element] with body: {"strategy":"id","selector":"com.turnkeyafrica.agencify:id/textinput_error","context":"","multiple":false}
&amp#27;[35m[WD Proxy]&amp#27;[39m Got response with status 404: {"sessionId":"1bbb3041-99b6-4c83-8629-702c1c356773","value":{"error":"no such element","message":"An element could not be located on the page using the given search parameters","stacktrace":"io.appium.uiautomator2.common.exceptions.ElementNotFoundException: An element could not be located on the page using the given search parameters\n\tat io.appium.uiautomator2.handler.FindElement.safeHandle(FindElement.java:68)\n\tat io.appium.uiautomator2.handler.request.SafeRequestHandler.handle(SafeRequestHandler.java:41)\n\tat io.appium.uiautomator2.server.AppiumServlet.handleRequest(AppiumServlet.java:262)\n\tat io.appium.uiautomator2.server.AppiumServlet.handleHttpRequest(AppiumServlet.java:256)\n\tat io.appium.uiautomator2.http.ServerHandler.channelRead(ServerHandler.java:68)\n\tat io.netty.channel.AbstractChannelHandlerContext.invokeChannelRead(AbstractChannelHandlerContext.java:366)\n\tat io.netty.channel.AbstractChannelHandlerContext.invokeChannelRead(AbstractChannelHandlerContext.java:352)\n\tat io.netty.chann...
[debug] &amp#27;[35m[W3C]&amp#27;[39m Matched W3C error code 'no such element' to NoSuchElementError
[debug] &amp#27;[35m[BaseDriver]&amp#27;[39m Waited for 10872 ms so far
[debug] &amp#27;[35m[WD Proxy]&amp#27;[39m Matched '/element' to command name 'findElement'
[debug] &amp#27;[35m[WD Proxy]&amp#27;[39m Proxying [POST /element] to [POST http://127.0.0.1:8202/wd/hub/session/1bbb3041-99b6-4c83-8629-702c1c356773/element] with body: {"strategy":"id","selector":"com.turnkeyafrica.agencify:id/textinput_error","context":"","multiple":false}
&amp#27;[35m[WD Proxy]&amp#27;[39m Got response with status 404: {"sessionId":"1bbb3041-99b6-4c83-8629-702c1c356773","value":{"error":"no such element","message":"An element could not be located on the page using the given search parameters","stacktrace":"io.appium.uiautomator2.common.exceptions.ElementNotFoundException: An element could not be located on the page using the given search parameters\n\tat io.appium.uiautomator2.handler.FindElement.safeHandle(FindElement.java:68)\n\tat io.appium.uiautomator2.handler.request.SafeRequestHandler.handle(SafeRequestHandler.java:41)\n\tat io.appium.uiautomator2.server.AppiumServlet.handleRequest(AppiumServlet.java:262)\n\tat io.appium.uiautomator2.server.AppiumServlet.handleHttpRequest(AppiumServlet.java:256)\n\tat io.appium.uiautomator2.http.ServerHandler.channelRead(ServerHandler.java:68)\n\tat io.netty.channel.AbstractChannelHandlerContext.invokeChannelRead(AbstractChannelHandlerContext.java:366)\n\tat io.netty.channel.AbstractChannelHandlerContext.invokeChannelRead(AbstractChannelHandlerContext.java:352)\n\tat io.netty.chann...
[debug] &amp#27;[35m[W3C]&amp#27;[39m Matched W3C error code 'no such element' to NoSuchElementError
[debug] &amp#27;[35m[BaseDriver]&amp#27;[39m Waited for 11872 ms so far
[debug] &amp#27;[35m[WD Proxy]&amp#27;[39m Matched '/element' to command name 'findElement'
[debug] &amp#27;[35m[WD Proxy]&amp#27;[39m Proxying [POST /element] to [POST http://127.0.0.1:8202/wd/hub/session/1bbb3041-99b6-4c83-8629-702c1c356773/element] with body: {"strategy":"id","selector":"com.turnkeyafrica.agencify:id/textinput_error","context":"","multiple":false}
&amp#27;[35m[WD Proxy]&amp#27;[39m Got response with status 404: {"sessionId":"1bbb3041-99b6-4c83-8629-702c1c356773","value":{"error":"no such element","message":"An element could not be located on the page using the given search parameters","stacktrace":"io.appium.uiautomator2.common.exceptions.ElementNotFoundException: An element could not be located on the page using the given search parameters\n\tat io.appium.uiautomator2.handler.FindElement.safeHandle(FindElement.java:68)\n\tat io.appium.uiautomator2.handler.request.SafeRequestHandler.handle(SafeRequestHandler.java:41)\n\tat io.appium.uiautomator2.server.AppiumServlet.handleRequest(AppiumServlet.java:262)\n\tat io.appium.uiautomator2.server.AppiumServlet.handleHttpRequest(AppiumServlet.java:256)\n\tat io.appium.uiautomator2.http.ServerHandler.channelRead(ServerHandler.java:68)\n\tat io.netty.channel.AbstractChannelHandlerContext.invokeChannelRead(AbstractChannelHandlerContext.java:366)\n\tat io.netty.channel.AbstractChannelHandlerContext.invokeChannelRead(AbstractChannelHandlerContext.java:352)\n\tat io.netty.chann...
[debug] &amp#27;[35m[W3C]&amp#27;[39m Matched W3C error code 'no such element' to NoSuchElementError
[debug] &amp#27;[35m[BaseDriver]&amp#27;[39m Waited for 12861 ms so far
[debug] &amp#27;[35m[WD Proxy]&amp#27;[39m Matched '/element' to command name 'findElement'
[debug] &amp#27;[35m[WD Proxy]&amp#27;[39m Proxying [POST /element] to [POST http://127.0.0.1:8202/wd/hub/session/1bbb3041-99b6-4c83-8629-702c1c356773/element] with body: {"strategy":"id","selector":"com.turnkeyafrica.agencify:id/textinput_error","context":"","multiple":false}
&amp#27;[35m[WD Proxy]&amp#27;[39m Got response with status 404: {"sessionId":"1bbb3041-99b6-4c83-8629-702c1c356773","value":{"error":"no such element","message":"An element could not be located on the page using the given search parameters","stacktrace":"io.appium.uiautomator2.common.exceptions.ElementNotFoundException: An element could not be located on the page using the given search parameters\n\tat io.appium.uiautomator2.handler.FindElement.safeHandle(FindElement.java:68)\n\tat io.appium.uiautomator2.handler.request.SafeRequestHandler.handle(SafeRequestHandler.java:41)\n\tat io.appium.uiautomator2.server.AppiumServlet.handleRequest(AppiumServlet.java:262)\n\tat io.appium.uiautomator2.server.AppiumServlet.handleHttpRequest(AppiumServlet.java:256)\n\tat io.appium.uiautomator2.http.ServerHandler.channelRead(ServerHandler.java:68)\n\tat io.netty.channel.AbstractChannelHandlerContext.invokeChannelRead(AbstractChannelHandlerContext.java:366)\n\tat io.netty.channel.AbstractChannelHandlerContext.invokeChannelRead(AbstractChannelHandlerContext.java:352)\n\tat io.netty.chann...
[debug] &amp#27;[35m[W3C]&amp#27;[39m Matched W3C error code 'no such element' to NoSuchElementError
[debug] &amp#27;[35m[BaseDriver]&amp#27;[39m Waited for 13877 ms so far
[debug] &amp#27;[35m[WD Proxy]&amp#27;[39m Matched '/element' to command name 'findElement'
[debug] &amp#27;[35m[WD Proxy]&amp#27;[39m Proxying [POST /element] to [POST http://127.0.0.1:8202/wd/hub/session/1bbb3041-99b6-4c83-8629-702c1c356773/element] with body: {"strategy":"id","selector":"com.turnkeyafrica.agencify:id/textinput_error","context":"","multiple":false}
&amp#27;[35m[WD Proxy]&amp#27;[39m Got response with status 404: {"sessionId":"1bbb3041-99b6-4c83-8629-702c1c356773","value":{"error":"no such element","message":"An element could not be located on the page using the given search parameters","stacktrace":"io.appium.uiautomator2.common.exceptions.ElementNotFoundException: An element could not be located on the page using the given search parameters\n\tat io.appium.uiautomator2.handler.FindElement.safeHandle(FindElement.java:68)\n\tat io.appium.uiautomator2.handler.request.SafeRequestHandler.handle(SafeRequestHandler.java:41)\n\tat io.appium.uiautomator2.server.AppiumServlet.handleRequest(AppiumServlet.java:262)\n\tat io.appium.uiautomator2.server.AppiumServlet.handleHttpRequest(AppiumServlet.java:256)\n\tat io.appium.uiautomator2.http.ServerHandler.channelRead(ServerHandler.java:68)\n\tat io.netty.channel.AbstractChannelHandlerContext.invokeChannelRead(AbstractChannelHandlerContext.java:366)\n\tat io.netty.channel.AbstractChannelHandlerContext.invokeChannelRead(AbstractChannelHandlerContext.java:352)\n\tat io.netty.chann...
[debug] &amp#27;[35m[W3C]&amp#27;[39m Matched W3C error code 'no such element' to NoSuchElementError
[debug] &amp#27;[35m[BaseDriver]&amp#27;[39m Waited for 14873 ms so far
[debug] &amp#27;[35m[WD Proxy]&amp#27;[39m Matched '/element' to command name 'findElement'
[debug] &amp#27;[35m[WD Proxy]&amp#27;[39m Proxying [POST /element] to [POST http://127.0.0.1:8202/wd/hub/session/1bbb3041-99b6-4c83-8629-702c1c356773/element] with body: {"strategy":"id","selector":"com.turnkeyafrica.agencify:id/textinput_error","context":"","multiple":false}
&amp#27;[35m[WD Proxy]&amp#27;[39m Got response with status 404: {"sessionId":"1bbb3041-99b6-4c83-8629-702c1c356773","value":{"error":"no such element","message":"An element could not be located on the page using the given search parameters","stacktrace":"io.appium.uiautomator2.common.exceptions.ElementNotFoundException: An element could not be located on the page using the given search parameters\n\tat io.appium.uiautomator2.handler.FindElement.safeHandle(FindElement.java:68)\n\tat io.appium.uiautomator2.handler.request.SafeRequestHandler.handle(SafeRequestHandler.java:41)\n\tat io.appium.uiautomator2.server.AppiumServlet.handleRequest(AppiumServlet.java:262)\n\tat io.appium.uiautomator2.server.AppiumServlet.handleHttpRequest(AppiumServlet.java:256)\n\tat io.appium.uiautomator2.http.ServerHandler.channelRead(ServerHandler.java:68)\n\tat io.netty.channel.AbstractChannelHandlerContext.invokeChannelRead(AbstractChannelHandlerContext.java:366)\n\tat io.netty.channel.AbstractChannelHandlerContext.invokeChannelRead(AbstractChannelHandlerContext.java:352)\n\tat io.netty.chann...
[debug] &amp#27;[35m[W3C]&amp#27;[39m Matched W3C error code 'no such element' to NoSuchElementError
[debug] &amp#27;[35m[BaseDriver]&amp#27;[39m Waited for 15877 ms so far
[debug] &amp#27;[35m[WD Proxy]&amp#27;[39m Matched '/element' to command name 'findElement'
[debug] &amp#27;[35m[WD Proxy]&amp#27;[39m Proxying [POST /element] to [POST http://127.0.0.1:8202/wd/hub/session/1bbb3041-99b6-4c83-8629-702c1c356773/element] with body: {"strategy":"id","selector":"com.turnkeyafrica.agencify:id/textinput_error","context":"","multiple":false}
&amp#27;[35m[WD Proxy]&amp#27;[39m Got response with status 404: {"sessionId":"1bbb3041-99b6-4c83-8629-702c1c356773","value":{"error":"no such element","message":"An element could not be located on the page using the given search parameters","stacktrace":"io.appium.uiautomator2.common.exceptions.ElementNotFoundException: An element could not be located on the page using the given search parameters\n\tat io.appium.uiautomator2.handler.FindElement.safeHandle(FindElement.java:68)\n\tat io.appium.uiautomator2.handler.request.SafeRequestHandler.handle(SafeRequestHandler.java:41)\n\tat io.appium.uiautomator2.server.AppiumServlet.handleRequest(AppiumServlet.java:262)\n\tat io.appium.uiautomator2.server.AppiumServlet.handleHttpRequest(AppiumServlet.java:256)\n\tat io.appium.uiautomator2.http.ServerHandler.channelRead(ServerHandler.java:68)\n\tat io.netty.channel.AbstractChannelHandlerContext.invokeChannelRead(AbstractChannelHandlerContext.java:366)\n\tat io.netty.channel.AbstractChannelHandlerContext.invokeChannelRead(AbstractChannelHandlerContext.java:352)\n\tat io.netty.chann...
[debug] &amp#27;[35m[W3C]&amp#27;[39m Matched W3C error code 'no such element' to NoSuchElementError
[debug] &amp#27;[35m[BaseDriver]&amp#27;[39m Waited for 16868 ms so far
[debug] &amp#27;[35m[WD Proxy]&amp#27;[39m Matched '/element' to command name 'findElement'
[debug] &amp#27;[35m[WD Proxy]&amp#27;[39m Proxying [POST /element] to [POST http://127.0.0.1:8202/wd/hub/session/1bbb3041-99b6-4c83-8629-702c1c356773/element] with body: {"strategy":"id","selector":"com.turnkeyafrica.agencify:id/textinput_error","context":"","multiple":false}
&amp#27;[35m[WD Proxy]&amp#27;[39m Got response with status 404: {"sessionId":"1bbb3041-99b6-4c83-8629-702c1c356773","value":{"error":"no such element","message":"An element could not be located on the page using the given search parameters","stacktrace":"io.appium.uiautomator2.common.exceptions.ElementNotFoundException: An element could not be located on the page using the given search parameters\n\tat io.appium.uiautomator2.handler.FindElement.safeHandle(FindElement.java:68)\n\tat io.appium.uiautomator2.handler.request.SafeRequestHandler.handle(SafeRequestHandler.java:41)\n\tat io.appium.uiautomator2.server.AppiumServlet.handleRequest(AppiumServlet.java:262)\n\tat io.appium.uiautomator2.server.AppiumServlet.handleHttpRequest(AppiumServlet.java:256)\n\tat io.appium.uiautomator2.http.ServerHandler.channelRead(ServerHandler.java:68)\n\tat io.netty.channel.AbstractChannelHandlerContext.invokeChannelRead(AbstractChannelHandlerContext.java:366)\n\tat io.netty.channel.AbstractChannelHandlerContext.invokeChannelRead(AbstractChannelHandlerContext.java:352)\n\tat io.netty.chann...
[debug] &amp#27;[35m[W3C]&amp#27;[39m Matched W3C error code 'no such element' to NoSuchElementError
[debug] &amp#27;[35m[BaseDriver]&amp#27;[39m Waited for 17867 ms so far
[debug] &amp#27;[35m[WD Proxy]&amp#27;[39m Matched '/element' to command name 'findElement'
[debug] &amp#27;[35m[WD Proxy]&amp#27;[39m Proxying [POST /element] to [POST http://127.0.0.1:8202/wd/hub/session/1bbb3041-99b6-4c83-8629-702c1c356773/element] with body: {"strategy":"id","selector":"com.turnkeyafrica.agencify:id/textinput_error","context":"","multiple":false}
&amp#27;[35m[WD Proxy]&amp#27;[39m Got response with status 404: {"sessionId":"1bbb3041-99b6-4c83-8629-702c1c356773","value":{"error":"no such element","message":"An element could not be located on the page using the given search parameters","stacktrace":"io.appium.uiautomator2.common.exceptions.ElementNotFoundException: An element could not be located on the page using the given search parameters\n\tat io.appium.uiautomator2.handler.FindElement.safeHandle(FindElement.java:68)\n\tat io.appium.uiautomator2.handler.request.SafeRequestHandler.handle(SafeRequestHandler.java:41)\n\tat io.appium.uiautomator2.server.AppiumServlet.handleRequest(AppiumServlet.java:262)\n\tat io.appium.uiautomator2.server.AppiumServlet.handleHttpRequest(AppiumServlet.java:256)\n\tat io.appium.uiautomator2.http.ServerHandler.channelRead(ServerHandler.java:68)\n\tat io.netty.channel.AbstractChannelHandlerContext.invokeChannelRead(AbstractChannelHandlerContext.java:366)\n\tat io.netty.channel.AbstractChannelHandlerContext.invokeChannelRead(AbstractChannelHandlerContext.java:352)\n\tat io.netty.chann...
[debug] &amp#27;[35m[W3C]&amp#27;[39m Matched W3C error code 'no such element' to NoSuchElementError
[debug] &amp#27;[35m[BaseDriver]&amp#27;[39m Waited for 18862 ms so far
[debug] &amp#27;[35m[WD Proxy]&amp#27;[39m Matched '/element' to command name 'findElement'
[debug] &amp#27;[35m[WD Proxy]&amp#27;[39m Proxying [POST /element] to [POST http://127.0.0.1:8202/wd/hub/session/1bbb3041-99b6-4c83-8629-702c1c356773/element] with body: {"strategy":"id","selector":"com.turnkeyafrica.agencify:id/textinput_error","context":"","multiple":false}
&amp#27;[35m[WD Proxy]&amp#27;[39m Got response with status 404: {"sessionId":"1bbb3041-99b6-4c83-8629-702c1c356773","value":{"error":"no such element","message":"An element could not be located on the page using the given search parameters","stacktrace":"io.appium.uiautomator2.common.exceptions.ElementNotFoundException: An element could not be located on the page using the given search parameters\n\tat io.appium.uiautomator2.handler.FindElement.safeHandle(FindElement.java:68)\n\tat io.appium.uiautomator2.handler.request.SafeRequestHandler.handle(SafeRequestHandler.java:41)\n\tat io.appium.uiautomator2.server.AppiumServlet.handleRequest(AppiumServlet.java:262)\n\tat io.appium.uiautomator2.server.AppiumServlet.handleHttpRequest(AppiumServlet.java:256)\n\tat io.appium.uiautomator2.http.ServerHandler.channelRead(ServerHandler.java:68)\n\tat io.netty.channel.AbstractChannelHandlerContext.invokeChannelRead(AbstractChannelHandlerContext.java:366)\n\tat io.netty.channel.AbstractChannelHandlerContext.invokeChannelRead(AbstractChannelHandlerContext.java:352)\n\tat io.netty.chann...
[debug] &amp#27;[35m[W3C]&amp#27;[39m Matched W3C error code 'no such element' to NoSuchElementError
[debug] &amp#27;[35m[BaseDriver]&amp#27;[39m Waited for 19848 ms so far
[debug] &amp#27;[35m[WD Proxy]&amp#27;[39m Matched '/element' to command name 'findElement'
[debug] &amp#27;[35m[WD Proxy]&amp#27;[39m Proxying [POST /element] to [POST http://127.0.0.1:8202/wd/hub/session/1bbb3041-99b6-4c83-8629-702c1c356773/element] with body: {"strategy":"id","selector":"com.turnkeyafrica.agencify:id/textinput_error","context":"","multiple":false}
&amp#27;[35m[WD Proxy]&amp#27;[39m Got response with status 404: {"sessionId":"1bbb3041-99b6-4c83-8629-702c1c356773","value":{"error":"no such element","message":"An element could not be located on the page using the given search parameters","stacktrace":"io.appium.uiautomator2.common.exceptions.ElementNotFoundException: An element could not be located on the page using the given search parameters\n\tat io.appium.uiautomator2.handler.FindElement.safeHandle(FindElement.java:68)\n\tat io.appium.uiautomator2.handler.request.SafeRequestHandler.handle(SafeRequestHandler.java:41)\n\tat io.appium.uiautomator2.server.AppiumServlet.handleRequest(AppiumServlet.java:262)\n\tat io.appium.uiautomator2.server.AppiumServlet.handleHttpRequest(AppiumServlet.java:256)\n\tat io.appium.uiautomator2.http.ServerHandler.channelRead(ServerHandler.java:68)\n\tat io.netty.channel.AbstractChannelHandlerContext.invokeChannelRead(AbstractChannelHandlerContext.java:366)\n\tat io.netty.channel.AbstractChannelHandlerContext.invokeChannelRead(AbstractChannelHandlerContext.java:352)\n\tat io.netty.chann...
[debug] &amp#27;[35m[W3C]&amp#27;[39m Matched W3C error code 'no such element' to NoSuchElementError
[debug] &amp#27;[35m[W3C (c4f12a99)]&amp#27;[39m Encountered internal error running command: NoSuchElementError: An element could not be located on the page using the given search parameters.
[debug] &amp#27;[35m[W3C (c4f12a99)]&amp#27;[39m     at AndroidUiautomator2Driver.findElOrEls (C:\Users\John Mumo\AppData\Roaming\npm\node_modules\appium\node_modules\appium-android-driver\lib\commands\find.js:75:11)
[debug] &amp#27;[35m[W3C (c4f12a99)]&amp#27;[39m     at runMicrotasks (<anonymous>)
[debug] &amp#27;[35m[W3C (c4f12a99)]&amp#27;[39m     at processTicksAndRejections (internal/process/task_queues.js:95:5)
[debug] &amp#27;[35m[W3C (c4f12a99)]&amp#27;[39m     at AndroidUiautomator2Driver.findElOrElsWithProcessing (C:\Users\John Mumo\AppData\Roaming\npm\node_modules\appium\node_modules\appium-base-driver\lib\basedriver\commands\find.js:33:12)
[debug] &amp#27;[35m[W3C (c4f12a99)]&amp#27;[39m     at AndroidUiautomator2Driver.findElement (C:\Users\John Mumo\AppData\Roaming\npm\node_modules\appium\node_modules\appium-base-driver\lib\basedriver\commands\find.js:53:10)
&amp#27;[35m[HTTP]&amp#27;[39m &amp#27;[37m<-- POST /wd/hub/session/c4f12a99-2d5d-43f6-b7ca-d13d322cfbcd/element &amp#27;[39m&amp#27;[33m404&amp#27;[39m &amp#27;[90m20895 ms - 926&amp#27;[39m
&amp#27;[35m[HTTP]&amp#27;[39m &amp#27;[90m&amp#27;[39m
]]></system-out>
    <system-err><![CDATA[Sep 13, 2021 2:51:38 PM io.appium.java_client.remote.AppiumCommandExecutor$1 lambda$0
INFO: Detected dialect: W3C
]]></system-err>
  </testcase>
  <testcase name="SignUpWithNoCheckBoxClicked" classname="Agencify.SignUp" time="35.131">
    <system-out><![CDATA[&amp#27;[35m[HTTP]&amp#27;[39m &amp#27;[37m-->&amp#27;[39m &amp#27;[37mGET&amp#27;[39m &amp#27;[37m/wd/hub/session/c4f12a99-2d5d-43f6-b7ca-d13d322cfbcd/screenshot&amp#27;[39m
&amp#27;[35m[HTTP]&amp#27;[39m &amp#27;[90m{}&amp#27;[39m
[debug] &amp#27;[35m[W3C (c4f12a99)]&amp#27;[39m Calling AppiumDriver.getScreenshot() with args: ["c4f12a99-2d5d-43f6-b7ca-d13d322cfbcd"]
[debug] &amp#27;[35m[WD Proxy]&amp#27;[39m Matched '/screenshot' to command name 'getScreenshot'
[debug] &amp#27;[35m[WD Proxy]&amp#27;[39m Proxying [GET /screenshot] to [GET http://127.0.0.1:8202/wd/hub/session/1bbb3041-99b6-4c83-8629-702c1c356773/screenshot] with no body
[debug] &amp#27;[35m[WD Proxy]&amp#27;[39m Got response with status 200: {"sessionId":"1bbb3041-99b6-4c83-8629-702c1c356773","value":"iVBORw0KGgoAAAANSUhEUgAAAtAAAAWgCAYAAAB30nTTAAAABHNCSVQICAgIfAhkiAAAIABJREFU\neJzEvUmvLUuWJvSZuW/ffXva27z72sjIiMqkKFQIxKAkIAeoZkgwBIkpQvADoGaoxBT+AeIX5ASE\nVMoBSAiJrKqsrMyMyIh4ze1Pu/vGt3fGwNzMzczN3H2feyNrhV7cs93Mli3rln1rWUd+9/0/Z8iJ\nyb8ApvwghIAQ/neWsdI3Mz1PS2Q8PY6a3mBg5Kvmb5PJFb8J2fJuIouZti7/unyyLJN1QfI6Y2CS\nt6ucdTIIfgxMC2eMAUp0Quv5VIWrcariVqV19REAYBkDiJ4HY0zrR6e0gZrOzMvaH/P+njeNNU6V\n/ISItizCNHmyDMjrgLeNyC//lodTSkp85Ieq9EZ5mxBjDCDZSelc9WjrgyIOAUHGsiqmMJXMKWPP\nRk6dY/Iy6q8ybU1+jDEwMc4p1fOsqV7ZB5DJumBSBwMgnjWNlC/LUES2x6mi+vKV21Z8B/T21/pi\nnr+Q3mThGt9m+6vjwhYvyyr6FwBKy/VXnvvKfY6Xh1e/WjYAso0JNFUrC6nVF6N5Oxp9PY+TZikI\nCCgF75NGhyE1epZSKuWztZMIF2lNXS7mJ6EPSukJlfOVSaauM8NYxpCxFJRQXvZ8vBdtapQtY7Iv\nUUJBKFHVnZU424p5zZAxyzIpt1o3qty233IOV+aVLMvgeZ7yO83jUsk7y2JQ6oEQgjRNATAZLuRR\nZVb5CzmzLLXr15wPL1MGgJeJp+HfCKHONhJjT/wrZFF/+76ff2eSvyqfWYd6/yIA8rTqfCbSizRK\nOusYF22QSyHnTEJAqAfkbarqiyxT6i/l7eL5flE3WQZC9boRXVTIQCmB79KPZkKzUk1SPxWV05xO\nnQxF4c0OVeTfDFy5BnlVulNk...
[debug] &amp#27;[35m[W3C (c4f12a99)]&amp#27;[39m Responding to client with driver.getScreenshot() result: "iVBORw0KGgoAAAANSUhEUgAAAtAAAAWgCAYAAAB30nTTAAAABHNCSVQICAgIfAhkiAAAIABJREFU\neJzEvUmvLUuWJvSZuW/ffXva27z72sjIiMqkKFQIxKAkIAeoZkgwBIkpQvADoGaoxBT+AeIX5ASE\nVMoBSAiJrKqsrMyMyIh4ze1Pu/vGt3fGwNzMzczN3H2feyNrhV7cs93Mli3rln1rWUd+9/0/Z8iJ\nyb8ApvwghIAQ/neWsdI3Mz1PS2Q8PY6a3mBg5Kvmb5PJFb8J2fJuIouZti7/unyyLJN1QfI6Y2CS\nt6ucdTIIfgxMC2eMAUp0Quv5VIWrcariVqV19REAYBkDiJ4HY0zrR6e0gZrOzMvaH/P+njeNNU6V\n/ISItizCNHmyDMjrgLeNyC//lodTSkp85Ieq9EZ5mxBjDCDZSelc9WjrgyIOAUHGsiqmMJXMKWPP\nRk6dY/Iy6q8ybU1+jDEwMc4p1fOsqV7ZB5DJumBSBwMgnjWNlC/LUES2x6mi+vKV21Z8B/T21/pi\nnr+Q3mThGt9m+6vjwhYvyyr6FwBKy/VXnvvKfY6Xh1e/WjYAso0JNFUrC6nVF6N5Oxp9PY+TZikI\nCCgF75NGhyE1epZSKuWztZMIF2lNXS7mJ6EPSukJlfOVSaauM8NYxpCxFJRQXvZ8vBdtapQtY7Iv\nUUJBKFHVnZU424p5zZAxyzIpt1o3qty233IOV+aVLMvgeZ7yO83jUsk7y2JQ6oEQgjRNATAZLuRR\nZVb5CzmzLLXr15wPL1MGgJeJp+HfCKHONhJjT/wrZFF/+76ff2eSvyqfWYd6/yIA8rTqfCbSizRK\nOusYF22QSyHnTEJAqAfkbarqiyxT6i/l7eL5flE3WQZC9boRXVTIQCmB79KPZkKzUk1SPxWV05xO\nnQxF4c0OVeTfDFy5BnlVulNkbQrueIcxgC7g7NxV/CVPB3BxKTxbfZ0Cwuz9wg78n2oANTWwxPdP\nNXBg9P...
&amp#27;[35m[HTTP]&amp#27;[39m &amp#27;[37m<-- GET /wd/hub/session/c4f12a99-2d5d-43f6-b7ca-d13d322cfbcd/screenshot &amp#27;[39m&amp#27;[32m200&amp#27;[39m &amp#27;[90m2023 ms - 1275690&amp#27;[39m
&amp#27;[35m[HTTP]&amp#27;[39m &amp#27;[90m&amp#27;[39m
&amp#27;[35m[HTTP]&amp#27;[39m &amp#27;[37m-->&amp#27;[39m &amp#27;[37mGET&amp#27;[39m &amp#27;[37m/wd/hub/status&amp#27;[39m
&amp#27;[35m[HTTP]&amp#27;[39m &amp#27;[90m{}&amp#27;[39m
[debug] &amp#27;[35m[GENERIC]&amp#27;[39m Calling AppiumDriver.getStatus() with args: []
[debug] &amp#27;[35m[GENERIC]&amp#27;[39m Responding to client with driver.getStatus() result: {"build":{"version":"1.21.0"}}
&amp#27;[35m[HTTP]&amp#27;[39m &amp#27;[37m<-- GET /wd/hub/status &amp#27;[39m&amp#27;[32m200&amp#27;[39m &amp#27;[90m2 ms - 68&amp#27;[39m
&amp#27;[35m[HTTP]&amp#27;[39m &amp#27;[90m&amp#27;[39m
&amp#27;[35m[Appium]&amp#27;[39m Welcome to Appium v1.21.0
&amp#27;[35m[HTTP]&amp#27;[39m Could not start REST http interface listener. The requested port may already be in use. Please make sure there is no other instance of this server running already.
Fatal Error: listen EADDRINUSE: address already in use 0.0.0.0:4723
    at Server.setupListenHandle [as _listen2] (net.js:1320:16)
    at listenInCluster (net.js:1368:12)
    at doListen (net.js:1505:7)
    at processTicksAndRejections (internal/process/task_queues.js:83:21)
&amp#27;[35m[HTTP]&amp#27;[39m &amp#27;[37m-->&amp#27;[39m &amp#27;[37mGET&amp#27;[39m &amp#27;[37m/wd/hub/status&amp#27;[39m
&amp#27;[35m[HTTP]&amp#27;[39m &amp#27;[90m{}&amp#27;[39m
[debug] &amp#27;[35m[GENERIC]&amp#27;[39m Calling AppiumDriver.getStatus() with args: []
[debug] &amp#27;[35m[GENERIC]&amp#27;[39m Responding to client with driver.getStatus() result: {"build":{"version":"1.21.0"}}
&amp#27;[35m[HTTP]&amp#27;[39m &amp#27;[37m<-- GET /wd/hub/status &amp#27;[39m&amp#27;[32m200&amp#27;[39m &amp#27;[90m2 ms - 68&amp#27;[39m
&amp#27;[35m[HTTP]&amp#27;[39m &amp#27;[90m&amp#27;[39m
[debug] &amp#27;[35m[HTTP]&amp#27;[39m Request idempotency key: 3e18988a-50ec-4a0a-99e9-2c668fdab744
&amp#27;[35m[HTTP]&amp#27;[39m &amp#27;[37m-->&amp#27;[39m &amp#27;[37mPOST&amp#27;[39m &amp#27;[37m/wd/hub/session&amp#27;[39m
&amp#27;[35m[HTTP]&amp#27;[39m &amp#27;[90m{"desiredCapabilities":{"app":"C:\\Users\\John Mumo\\Desktop\\Agencify_App\\Agencify_App_Test\\src\\Agencify-universal-dev.apk","automationName":"uiautomator2","platformName":"Android","deviceName":"Android Device"},"capabilities":{"firstMatch":[{"appium:app":"C:\\Users\\John Mumo\\Desktop\\Agencify_App\\Agencify_App_Test\\src\\Agencify-universal-dev.apk","appium:automationName":"uiautomator2","appium:deviceName":"Android Device","platformName":"android"}]}}&amp#27;[39m
[debug] &amp#27;[35m[W3C]&amp#27;[39m Calling AppiumDriver.createSession() with args: [{"app":"C:\\Users\\John Mumo\\Desktop\\Agencify_App\\Agencify_App_Test\\src\\Agencify-universal-dev.apk","automationName":"uiautomator2","platformName":"Android","deviceName":"Android Device"},null,{"firstMatch":[{"appium:app":"C:\\Users\\John Mumo\\Desktop\\Agencify_App\\Agencify_App_Test\\src\\Agencify-universal-dev.apk","appium:automationName":"uiautomator2","appium:deviceName":"Android Device","platformName":"android"}]}]
[debug] &amp#27;[35m[BaseDriver]&amp#27;[39m Event 'newSessionRequested' logged at 1631533933674 (14:52:13 GMT+0300 (East Africa Time))
&amp#27;[35m[Appium]&amp#27;[39m Appium v1.21.0 creating new AndroidUiautomator2Driver (v1.65.0) session
[debug] &amp#27;[35m[BaseDriver]&amp#27;[39m W3C capabilities and MJSONWP desired capabilities were provided
[debug] &amp#27;[35m[BaseDriver]&amp#27;[39m Creating session with W3C capabilities: {
[debug] &amp#27;[35m[BaseDriver]&amp#27;[39m   "alwaysMatch": {
[debug] &amp#27;[35m[BaseDriver]&amp#27;[39m     "platformName": "android",
[debug] &amp#27;[35m[BaseDriver]&amp#27;[39m     "appium:app": "C:\\Users\\John Mumo\\Desktop\\Agencify_App\\Agencify_App_Test\\src\\Agencify-universal-dev.apk",
[debug] &amp#27;[35m[BaseDriver]&amp#27;[39m     "appium:automationName": "uiautomator2",
[debug] &amp#27;[35m[BaseDriver]&amp#27;[39m     "appium:deviceName": "Android Device"
[debug] &amp#27;[35m[BaseDriver]&amp#27;[39m   },
[debug] &amp#27;[35m[BaseDriver]&amp#27;[39m   "firstMatch": [
[debug] &amp#27;[35m[BaseDriver]&amp#27;[39m     {}
[debug] &amp#27;[35m[BaseDriver]&amp#27;[39m   ]
[debug] &amp#27;[35m[BaseDriver]&amp#27;[39m }
&amp#27;[35m[BaseDriver]&amp#27;[39m Session created with session id: ab4ba6bc-f5aa-410e-be86-6987641435d8
&amp#27;[35m[BaseDriver]&amp#27;[39m Using local app 'C:\Users\John Mumo\Desktop\Agencify_App\Agencify_App_Test\src\Agencify-universal-dev.apk'
[debug] &amp#27;[35m[UiAutomator2]&amp#27;[39m Checking whether app is actually present
&amp#27;[35m[ADB]&amp#27;[39m Using 'adb.exe' from 'C:\Users\John Mumo\AppData\Local\Android\Sdk\platform-tools\adb.exe'
[debug] &amp#27;[35m[ADB]&amp#27;[39m Running 'C:\Users\John Mumo\AppData\Local\Android\Sdk\platform-tools\adb.exe -P 5037 start-server'
&amp#27;[35m[AndroidDriver]&amp#27;[39m Retrieving device list
[debug] &amp#27;[35m[ADB]&amp#27;[39m Trying to find a connected android device
[debug] &amp#27;[35m[ADB]&amp#27;[39m Getting connected devices
[debug] &amp#27;[35m[ADB]&amp#27;[39m Connected devices: [{"udid":"0329625863001980","state":"device"}]
&amp#27;[35m[AndroidDriver]&amp#27;[39m Using device: 0329625863001980
&amp#27;[35m[ADB]&amp#27;[39m Using 'adb.exe' from 'C:\Users\John Mumo\AppData\Local\Android\Sdk\platform-tools\adb.exe'
[debug] &amp#27;[35m[ADB]&amp#27;[39m Running 'C:\Users\John Mumo\AppData\Local\Android\Sdk\platform-tools\adb.exe -P 5037 start-server'
[debug] &amp#27;[35m[ADB]&amp#27;[39m Setting device id to 0329625863001980
[debug] &amp#27;[35m[ADB]&amp#27;[39m Running 'C:\Users\John Mumo\AppData\Local\Android\Sdk\platform-tools\adb.exe -P 5037 -s 0329625863001980 shell getprop ro.build.version.sdk'
[debug] &amp#27;[35m[ADB]&amp#27;[39m Current device property 'ro.build.version.sdk': 27
[debug] &amp#27;[35m[ADB]&amp#27;[39m Device API level: 27
[debug] &amp#27;[35m[AndroidDriver]&amp#27;[39m Parsing package and activity from app manifest
&amp#27;[35m[ADB]&amp#27;[39m Package name: 'com.turnkeyafrica.agencify'
&amp#27;[35m[ADB]&amp#27;[39m Main activity name: 'com.turnkeyafrica.agencify.ui.splash.Splash'
[debug] &amp#27;[35m[AndroidDriver]&amp#27;[39m Parsed package and activity are: com.turnkeyafrica.agencify/com.turnkeyafrica.agencify.ui.splash.Splash
[debug] &amp#27;[35m[ADB]&amp#27;[39m Running 'C:\Users\John Mumo\AppData\Local\Android\Sdk\platform-tools\adb.exe -P 5037 -s 0329625863001980 wait-for-device'
[debug] &amp#27;[35m[ADB]&amp#27;[39m Running 'C:\Users\John Mumo\AppData\Local\Android\Sdk\platform-tools\adb.exe -P 5037 -s 0329625863001980 shell echo ping'
[debug] &amp#27;[35m[AndroidDriver]&amp#27;[39m Pushing settings apk to device...
[debug] &amp#27;[35m[ADB]&amp#27;[39m Getting install status for io.appium.settings
[debug] &amp#27;[35m[ADB]&amp#27;[39m Running 'C:\Users\John Mumo\AppData\Local\Android\Sdk\platform-tools\adb.exe -P 5037 -s 0329625863001980 shell dumpsys package io.appium.settings'
[debug] &amp#27;[35m[ADB]&amp#27;[39m 'io.appium.settings' is installed
[debug] &amp#27;[35m[ADB]&amp#27;[39m Getting package info for 'io.appium.settings'
[debug] &amp#27;[35m[ADB]&amp#27;[39m Running 'C:\Users\John Mumo\AppData\Local\Android\Sdk\platform-tools\adb.exe -P 5037 -s 0329625863001980 shell dumpsys package io.appium.settings'
[debug] &amp#27;[35m[ADB]&amp#27;[39m The version name of the installed 'io.appium.settings' is greater or equal to the application version name ('3.3.0' >= '3.3.0')
[debug] &amp#27;[35m[ADB]&amp#27;[39m There is no need to install/upgrade 'C:\Users\John Mumo\AppData\Roaming\npm\node_modules\appium\node_modules\io.appium.settings\apks\settings_apk-debug.apk'
[debug] &amp#27;[35m[ADB]&amp#27;[39m Getting IDs of all 'io.appium.settings' processes
[debug] &amp#27;[35m[ADB]&amp#27;[39m Running 'C:\Users\John Mumo\AppData\Local\Android\Sdk\platform-tools\adb.exe -P 5037 -s 0329625863001980 shell 'pgrep --help; echo $?''
[debug] &amp#27;[35m[ADB]&amp#27;[39m Running 'C:\Users\John Mumo\AppData\Local\Android\Sdk\platform-tools\adb.exe -P 5037 -s 0329625863001980 shell pgrep -f \(\[\[:blank:\]\]\|\^\)io\.appium\.settings\(\[\[:blank:\]\]\|\$\)'
[debug] &amp#27;[35m[AndroidDriver]&amp#27;[39m io.appium.settings is already running. There is no need to reset its permissions.
[debug] &amp#27;[35m[ADB]&amp#27;[39m Running 'C:\Users\John Mumo\AppData\Local\Android\Sdk\platform-tools\adb.exe -P 5037 -s 0329625863001980 shell appops set io.appium.settings android:mock_location allow'
[debug] &amp#27;[35m[Logcat]&amp#27;[39m Starting logs capture with command: 'C:\\Users\\John Mumo\\AppData\\Local\\Android\\Sdk\\platform-tools\\adb.exe' -P 5037 -s 0329625863001980 logcat -v threadtime
[debug] &amp#27;[35m[UiAutomator2]&amp#27;[39m Forwarding UiAutomator2 Server port 6790 to local port 8200
[debug] &amp#27;[35m[ADB]&amp#27;[39m Forwarding system: 8200 to device: 6790
[debug] &amp#27;[35m[ADB]&amp#27;[39m Running 'C:\Users\John Mumo\AppData\Local\Android\Sdk\platform-tools\adb.exe -P 5037 -s 0329625863001980 forward tcp:8200 tcp:6790'
[debug] &amp#27;[35m[ADB]&amp#27;[39m Getting install status for io.appium.uiautomator2.server
[debug] &amp#27;[35m[ADB]&amp#27;[39m Running 'C:\Users\John Mumo\AppData\Local\Android\Sdk\platform-tools\adb.exe -P 5037 -s 0329625863001980 shell dumpsys package io.appium.uiautomator2.server'
[debug] &amp#27;[35m[ADB]&amp#27;[39m 'io.appium.uiautomator2.server' is installed
[debug] &amp#27;[35m[ADB]&amp#27;[39m Getting package info for 'io.appium.uiautomator2.server'
[debug] &amp#27;[35m[ADB]&amp#27;[39m Running 'C:\Users\John Mumo\AppData\Local\Android\Sdk\platform-tools\adb.exe -P 5037 -s 0329625863001980 shell dumpsys package io.appium.uiautomator2.server'
[debug] &amp#27;[35m[ADB]&amp#27;[39m The version name of the installed 'io.appium.uiautomator2.server' is greater or equal to the application version name ('4.21.1' >= '4.21.1')
[debug] &amp#27;[35m[UiAutomator2]&amp#27;[39m io.appium.uiautomator2.server installation state: sameVersionInstalled
[debug] &amp#27;[35m[ADB]&amp#27;[39m Checking app cert for C:\Users\John Mumo\AppData\Roaming\npm\node_modules\appium\node_modules\appium-uiautomator2-server\apks\appium-uiautomator2-server-v4.21.1.apk
&amp#27;[35m[ADB]&amp#27;[39m Using 'apksigner.jar' from 'C:\Users\John Mumo\AppData\Local\Android\Sdk\build-tools\31.0.0\lib\apksigner.jar'
[debug] &amp#27;[35m[ADB]&amp#27;[39m Starting apksigner: 'C:\\Program Files\\Java\\jdk1.8.0_301\\bin\\java.exe' -Xmx1024M -Xss1m -jar 'C:\\Users\\John Mumo\\AppData\\Local\\Android\\Sdk\\build-tools\\31.0.0\\lib\\apksigner.jar' verify --print-certs 'C:\\Users\\John Mumo\\AppData\\Roaming\\npm\\node_modules\\appium\\node_modules\\appium-uiautomator2-server\\apks\\appium-uiautomator2-server-v4.21.1.apk'
&amp#27;[35m[Appium]&amp#27;[39m Welcome to Appium v1.21.0
&amp#27;[35m[HTTP]&amp#27;[39m Could not start REST http interface listener. The requested port may already be in use. Please make sure there is no other instance of this server running already.
Fatal Error: listen EADDRINUSE: address already in use 0.0.0.0:4723
    at Server.setupListenHandle [as _listen2] (net.js:1320:16)
    at listenInCluster (net.js:1368:12)
    at doListen (net.js:1505:7)
    at processTicksAndRejections (internal/process/task_queues.js:83:21)
[debug] &amp#27;[35m[ADB]&amp#27;[39m apksigner stdout: Signer #1 certificate DN: EMAILADDRESS=android@android.com, CN=Android, OU=Android, O=Android, L=Mountain View, ST=California, C=US
[debug] &amp#27;[35m[ADB]&amp#27;[39m Signer #1 certificate SHA-256 digest: a40da80a59d170caa950cf15c18c454d47a39b26989d8b640ecd745ba71bf5dc
[debug] &amp#27;[35m[ADB]&amp#27;[39m Signer #1 certificate SHA-1 digest: 61ed377e85d386a8dfee6b864bd85b0bfaa5af81
[debug] &amp#27;[35m[ADB]&amp#27;[39m Signer #1 certificate MD5 digest: e89b158e4bcf988ebd09eb83f5378e87
[debug] &amp#27;[35m[ADB]&amp#27;[39m 
[debug] &amp#27;[35m[ADB]&amp#27;[39m sha256 hash did match for 'appium-uiautomator2-server-v4.21.1.apk'
&amp#27;[35m[ADB]&amp#27;[39m 'C:\Users\John Mumo\AppData\Roaming\npm\node_modules\appium\node_modules\appium-uiautomator2-server\apks\appium-uiautomator2-server-v4.21.1.apk' is signed with the default certificate
[debug] &amp#27;[35m[ADB]&amp#27;[39m Getting install status for io.appium.uiautomator2.server.test
[debug] &amp#27;[35m[ADB]&amp#27;[39m Running 'C:\Users\John Mumo\AppData\Local\Android\Sdk\platform-tools\adb.exe -P 5037 -s 0329625863001980 shell dumpsys package io.appium.uiautomator2.server.test'
[debug] &amp#27;[35m[ADB]&amp#27;[39m 'io.appium.uiautomator2.server.test' is installed
[debug] &amp#27;[35m[ADB]&amp#27;[39m Checking app cert for C:\Users\John Mumo\AppData\Roaming\npm\node_modules\appium\node_modules\appium-uiautomator2-server\apks\appium-uiautomator2-server-debug-androidTest.apk
[debug] &amp#27;[35m[ADB]&amp#27;[39m Starting apksigner: 'C:\\Program Files\\Java\\jdk1.8.0_301\\bin\\java.exe' -Xmx1024M -Xss1m -jar 'C:\\Users\\John Mumo\\AppData\\Local\\Android\\Sdk\\build-tools\\31.0.0\\lib\\apksigner.jar' verify --print-certs 'C:\\Users\\John Mumo\\AppData\\Roaming\\npm\\node_modules\\appium\\node_modules\\appium-uiautomator2-server\\apks\\appium-uiautomator2-server-debug-androidTest.apk'
[debug] &amp#27;[35m[ADB]&amp#27;[39m apksigner stdout: Signer #1 certificate DN: EMAILADDRESS=android@android.com, CN=Android, OU=Android, O=Android, L=Mountain View, ST=California, C=US
[debug] &amp#27;[35m[ADB]&amp#27;[39m Signer #1 certificate SHA-256 digest: a40da80a59d170caa950cf15c18c454d47a39b26989d8b640ecd745ba71bf5dc
[debug] &amp#27;[35m[ADB]&amp#27;[39m Signer #1 certificate SHA-1 digest: 61ed377e85d386a8dfee6b864bd85b0bfaa5af81
[debug] &amp#27;[35m[ADB]&amp#27;[39m Signer #1 certificate MD5 digest: e89b158e4bcf988ebd09eb83f5378e87
[debug] &amp#27;[35m[ADB]&amp#27;[39m 
[debug] &amp#27;[35m[ADB]&amp#27;[39m sha256 hash did match for 'appium-uiautomator2-server-debug-androidTest.apk'
&amp#27;[35m[ADB]&amp#27;[39m 'C:\Users\John Mumo\AppData\Roaming\npm\node_modules\appium\node_modules\appium-uiautomator2-server\apks\appium-uiautomator2-server-debug-androidTest.apk' is signed with the default certificate
&amp#27;[35m[UiAutomator2]&amp#27;[39m Server packages are not going to be (re)installed
[debug] &amp#27;[35m[UiAutomator2]&amp#27;[39m Waiting up to 30000ms for services to be available
[debug] &amp#27;[35m[ADB]&amp#27;[39m Running 'C:\Users\John Mumo\AppData\Local\Android\Sdk\platform-tools\adb.exe -P 5037 -s 0329625863001980 shell pm list instrumentation'
&amp#27;[35m[BaseDriver]&amp#27;[39m Shutting down because we waited 60 seconds for a command
&amp#27;[35m[Appium]&amp#27;[39m Closing session, cause was 'New Command Timeout of 60 seconds expired. Try customizing the timeout using the 'newCommandTimeout' desired capability'
&amp#27;[35m[Appium]&amp#27;[39m Removing session '8e9de9bc-9d9d-49c1-9bec-86fd82868b0c' from our master session list
[debug] &amp#27;[35m[UiAutomator2]&amp#27;[39m Deleting UiAutomator2 session
[debug] &amp#27;[35m[UiAutomator2]&amp#27;[39m Deleting UiAutomator2 server session
&amp#27;[35m[UiAutomator2]&amp#27;[39m Did not get confirmation UiAutomator2 deleteSession worked; Error was: UnknownError: An unknown server-side error occurred while processing the command. Original error: 'DELETE /' cannot be proxied to UiAutomator2 server because the instrumentation process is not running (probably crashed). Check the server log and/or the logcat output for more details
[debug] &amp#27;[35m[ADB]&amp#27;[39m Running 'C:\Users\John Mumo\AppData\Local\Android\Sdk\platform-tools\adb.exe -P 5037 -s 0329625863001980 shell am force-stop com.turnkeyafrica.agencify'
[debug] &amp#27;[35m[Logcat]&amp#27;[39m Stopping logcat capture
[debug] &amp#27;[35m[ADB]&amp#27;[39m Removing forwarded port socket connection: 8201 
[debug] &amp#27;[35m[ADB]&amp#27;[39m Running 'C:\Users\John Mumo\AppData\Local\Android\Sdk\platform-tools\adb.exe -P 5037 -s 0329625863001980 forward --remove tcp:8201'
[debug] &amp#27;[35m[UiAutomator2]&amp#27;[39m Instrumentation target 'io.appium.uiautomator2.server.test/androidx.test.runner.AndroidJUnitRunner' is available
&amp#27;[35m[ADB]&amp#27;[39m Adding packages ["io.appium.settings","io.appium.uiautomator2.server","io.appium.uiautomator2.server.test"] to Doze whitelist
[debug] &amp#27;[35m[ADB]&amp#27;[39m Got the following command chunks to execute: [["dumpsys","deviceidle","whitelist","+io.appium.settings",";","dumpsys","deviceidle","whitelist","+io.appium.uiautomator2.server",";","dumpsys","deviceidle","whitelist","+io.appium.uiautomator2.server.test",";"]]
[debug] &amp#27;[35m[ADB]&amp#27;[39m Running 'C:\Users\John Mumo\AppData\Local\Android\Sdk\platform-tools\adb.exe -P 5037 -s 0329625863001980 shell dumpsys deviceidle whitelist +io.appium.settings ; dumpsys deviceidle whitelist +io.appium.uiautomator2.server ; dumpsys deviceidle whitelist +io.appium.uiautomator2.server.test ;'
[debug] &amp#27;[35m[ADB]&amp#27;[39m Checking app cert for C:\Users\John Mumo\Desktop\Agencify_App\Agencify_App_Test\src\Agencify-universal-dev.apk
[debug] &amp#27;[35m[ADB]&amp#27;[39m Starting apksigner: 'C:\\Program Files\\Java\\jdk1.8.0_301\\bin\\java.exe' -Xmx1024M -Xss1m -jar 'C:\\Users\\John Mumo\\AppData\\Local\\Android\\Sdk\\build-tools\\31.0.0\\lib\\apksigner.jar' verify --print-certs 'C:\\Users\\John Mumo\\Desktop\\Agencify_App\\Agencify_App_Test\\src\\Agencify-universal-dev.apk'
[debug] &amp#27;[35m[ADB]&amp#27;[39m apksigner stdout: Signer #1 certificate DN: CN=Kelvin Macharia, OU=1, O=Turnkey Africa Ltd, L=Nairobi, ST=Nairobi, C=254
[debug] &amp#27;[35m[ADB]&amp#27;[39m Signer #1 certificate SHA-256 digest: bea01f45993c5444da0c012e5d2217651ee76b2920c5b0e47f40ddfcfb87035a
[debug] &amp#27;[35m[ADB]&amp#27;[39m Signer #1 certificate SHA-1 digest: 4294fd12d78ada03cb413c6008895e8972c7740b
[debug] &amp#27;[35m[ADB]&amp#27;[39m Signer #1 certificate MD5 digest: b5678b443b80dfdec285fc9379bf8baf
[debug] &amp#27;[35m[ADB]&amp#27;[39m 
&amp#27;[35m[ADB]&amp#27;[39m 'C:\Users\John Mumo\Desktop\Agencify_App\Agencify_App_Test\src\Agencify-universal-dev.apk' is signed with a non-default certificate
[debug] &amp#27;[35m[ADB]&amp#27;[39m Getting install status for com.turnkeyafrica.agencify
[debug] &amp#27;[35m[ADB]&amp#27;[39m Running 'C:\Users\John Mumo\AppData\Local\Android\Sdk\platform-tools\adb.exe -P 5037 -s 0329625863001980 shell dumpsys package com.turnkeyafrica.agencify'
[debug] &amp#27;[35m[ADB]&amp#27;[39m 'com.turnkeyafrica.agencify' is installed
[debug] &amp#27;[35m[ADB]&amp#27;[39m Getting package info for 'com.turnkeyafrica.agencify'
[debug] &amp#27;[35m[ADB]&amp#27;[39m Running 'C:\Users\John Mumo\AppData\Local\Android\Sdk\platform-tools\adb.exe -P 5037 -s 0329625863001980 shell dumpsys package com.turnkeyafrica.agencify'
[debug] &amp#27;[35m[ADB]&amp#27;[39m The version code of the installed 'com.turnkeyafrica.agencify' is greater than the application version code (96 > 95)
[debug] &amp#27;[35m[ADB]&amp#27;[39m There is no need to downgrade 'com.turnkeyafrica.agencify'
&amp#27;[35m[AndroidDriver]&amp#27;[39m Performing fast reset on 'com.turnkeyafrica.agencify'
[debug] &amp#27;[35m[ADB]&amp#27;[39m Getting install status for com.turnkeyafrica.agencify
[debug] &amp#27;[35m[ADB]&amp#27;[39m Running 'C:\Users\John Mumo\AppData\Local\Android\Sdk\platform-tools\adb.exe -P 5037 -s 0329625863001980 shell dumpsys package com.turnkeyafrica.agencify'
[debug] &amp#27;[35m[ADB]&amp#27;[39m 'com.turnkeyafrica.agencify' is installed
[debug] &amp#27;[35m[ADB]&amp#27;[39m Running 'C:\Users\John Mumo\AppData\Local\Android\Sdk\platform-tools\adb.exe -P 5037 -s 0329625863001980 shell am force-stop com.turnkeyafrica.agencify'
[debug] &amp#27;[35m[ADB]&amp#27;[39m Running 'C:\Users\John Mumo\AppData\Local\Android\Sdk\platform-tools\adb.exe -P 5037 -s 0329625863001980 shell pm clear com.turnkeyafrica.agencify'
[debug] &amp#27;[35m[AndroidDriver]&amp#27;[39m Performed fast reset on the installed 'com.turnkeyafrica.agencify' application (stop and clear)
[debug] &amp#27;[35m[UiAutomator2]&amp#27;[39m Performing shallow cleanup of automation leftovers
[debug] &amp#27;[35m[UiAutomator2]&amp#27;[39m The following obsolete sessions are still running: [null]
[debug] &amp#27;[35m[UiAutomator2]&amp#27;[39m Cleaning up the obsolete sessions
[debug] &amp#27;[35m[Instrumentation]&amp#27;[39m .
[debug] &amp#27;[35m[Instrumentation]&amp#27;[39m Time: 49.124
[debug] &amp#27;[35m[Instrumentation]&amp#27;[39m 
[debug] &amp#27;[35m[Instrumentation]&amp#27;[39m OK (1 test)
[debug] &amp#27;[35m[Instrumentation]&amp#27;[39m The process has exited with code 0
[debug] &amp#27;[35m[ADB]&amp#27;[39m Running 'C:\Users\John Mumo\AppData\Local\Android\Sdk\platform-tools\adb.exe -P 5037 -s 0329625863001980 shell am force-stop io.appium.uiautomator2.server.test'
&amp#27;[35m[UiAutomator2]&amp#27;[39m Starting UIAutomator2 server 4.21.1
&amp#27;[35m[UiAutomator2]&amp#27;[39m Using UIAutomator2 server from 'C:\Users\John Mumo\AppData\Roaming\npm\node_modules\appium\node_modules\appium-uiautomator2-server\apks\appium-uiautomator2-server-v4.21.1.apk' and test from 'C:\Users\John Mumo\AppData\Roaming\npm\node_modules\appium\node_modules\appium-uiautomator2-server\apks\appium-uiautomator2-server-debug-androidTest.apk'
&amp#27;[35m[UiAutomator2]&amp#27;[39m Waiting up to 30000ms for UiAutomator2 to be online...
[debug] &amp#27;[35m[ADB]&amp#27;[39m Creating ADB subprocess with args: ["-P",5037,"-s","0329625863001980","shell","am","instrument","-w","-e","disableAnalytics",true,"io.appium.uiautomator2.server.test/androidx.test.runner.AndroidJUnitRunner"]
[debug] &amp#27;[35m[WD Proxy]&amp#27;[39m Matched '/status' to command name 'getStatus'
[debug] &amp#27;[35m[WD Proxy]&amp#27;[39m Proxying [GET /status] to [GET http://127.0.0.1:8200/wd/hub/status] with no body
&amp#27;[35m[WD Proxy]&amp#27;[39m socket hang up
[debug] &amp#27;[35m[WD Proxy]&amp#27;[39m Matched '/status' to command name 'getStatus'
[debug] &amp#27;[35m[WD Proxy]&amp#27;[39m Proxying [GET /status] to [GET http://127.0.0.1:8200/wd/hub/status] with no body
&amp#27;[35m[WD Proxy]&amp#27;[39m socket hang up
[debug] &amp#27;[35m[WD Proxy]&amp#27;[39m Matched '/status' to command name 'getStatus'
[debug] &amp#27;[35m[WD Proxy]&amp#27;[39m Proxying [GET /status] to [GET http://127.0.0.1:8200/wd/hub/status] with no body
&amp#27;[35m[WD Proxy]&amp#27;[39m socket hang up
[debug] &amp#27;[35m[Instrumentation]&amp#27;[39m io.appium.uiautomator2.server.test.AppiumUiAutomator2Server:
[debug] &amp#27;[35m[WD Proxy]&amp#27;[39m Matched '/status' to command name 'getStatus'
[debug] &amp#27;[35m[WD Proxy]&amp#27;[39m Proxying [GET /status] to [GET http://127.0.0.1:8200/wd/hub/status] with no body
&amp#27;[35m[WD Proxy]&amp#27;[39m socket hang up
[debug] &amp#27;[35m[WD Proxy]&amp#27;[39m Matched '/status' to command name 'getStatus'
[debug] &amp#27;[35m[WD Proxy]&amp#27;[39m Proxying [GET /status] to [GET http://127.0.0.1:8200/wd/hub/status] with no body
[debug] &amp#27;[35m[WD Proxy]&amp#27;[39m Got response with status 200: {"sessionId":"None","value":{"message":"UiAutomator2 Server is ready to accept commands","ready":true}}
[debug] &amp#27;[35m[UiAutomator2]&amp#27;[39m The initialization of the instrumentation process took 4438ms
[debug] &amp#27;[35m[WD Proxy]&amp#27;[39m Matched '/session' to command name 'createSession'
[debug] &amp#27;[35m[WD Proxy]&amp#27;[39m Proxying [POST /session] to [POST http://127.0.0.1:8200/wd/hub/session] with body: {"capabilities":{"firstMatch":[{"platform":"LINUX","webStorageEnabled":false,"takesScreenshot":true,"javascriptEnabled":true,"databaseEnabled":false,"networkConnectionEnabled":true,"locationContextEnabled":false,"warnings":{},"desired":{"platformName":"android","app":"C:\\Users\\John Mumo\\Desktop\\Agencify_App\\Agencify_App_Test\\src\\Agencify-universal-dev.apk","automationName":"uiautomator2","deviceName":"Android Device"},"platformName":"android","app":"C:\\Users\\John Mumo\\Desktop\\Agencify_App\\Agencify_App_Test\\src\\Agencify-universal-dev.apk","automationName":"uiautomator2","deviceName":"0329625863001980","deviceUDID":"0329625863001980","appPackage":"com.turnkeyafrica.agencify"}],"alwaysMatch":{}}}
[debug] &amp#27;[35m[WD Proxy]&amp#27;[39m Got response with status 200: {"sessionId":"f7844a0e-b399-4dc0-b268-5a42609cfc51","value":{"capabilities":{"firstMatch":[{"platform":"LINUX","webStorageEnabled":false,"takesScreenshot":true,"javascriptEnabled":true,"databaseEnabled":false,"networkConnectionEnabled":true,"locationContextEnabled":false,"warnings":{},"desired":{"platformName":"android","app":"C:\\Users\\John Mumo\\Desktop\\Agencify_App\\Agencify_App_Test\\src\\Agencify-universal-dev.apk","automationName":"uiautomator2","deviceName":"Android Device"},"platformName":"android","app":"C:\\Users\\John Mumo\\Desktop\\Agencify_App\\Agencify_App_Test\\src\\Agencify-universal-dev.apk","automationName":"uiautomator2","deviceName":"0329625863001980","deviceUDID":"0329625863001980","appPackage":"com.turnkeyafrica.agencify"}],"alwaysMatch":{}},"sessionId":"f7844a0e-b399-4dc0-b268-5a42609cfc51"}}
&amp#27;[35m[WD Proxy]&amp#27;[39m Determined the downstream protocol as 'W3C'
[debug] &amp#27;[35m[WD Proxy]&amp#27;[39m Proxying [GET /appium/device/info] to [GET http://127.0.0.1:8200/wd/hub/session/f7844a0e-b399-4dc0-b268-5a42609cfc51/appium/device/info] with no body
[debug] &amp#27;[35m[WD Proxy]&amp#27;[39m Got response with status 200: {"sessionId":"f7844a0e-b399-4dc0-b268-5a42609cfc51","value":{"androidId":"2d21e1b2791b275f","apiVersion":"27","bluetooth":{"state":"OFF"},"brand":"TECNO","carrierName":"Safaricom","displayDensity":320,"locale":"en_US","manufacturer":"TECNO MOBILE LIMITED","model":"TECNO CA7","networks":[{"capabilities":{"SSID":null,"linkDownBandwidthKbps":1048576,"linkUpstreamBandwidthKbps":1048576,"networkCapabilities":"NET_CAPABILITY_NOT_METERED,NET_CAPABILITY_INTERNET,NET_CAPABILITY_NOT_RESTRICTED,NET_CAPABILITY_TRUSTED,NET_CAPABILITY_NOT_VPN,NET_CAPABILITY_VALIDATED,NET_CAPABILITY_NOT_ROAMING","signalStrength":-50,"transportTypes":"TRANSPORT_WIFI"},"detailedState":"CONNECTED","extraInfo":"\"Mumo\"","isAvailable":true,"isConnected":true,"isFailover":false,"isRoaming":false,"state":"CONNECTED","subtype":0,"subtypeName":"","type":1,"typeName":"WIFI"}],"platformVersion":"8.1.0","realDisplaySize":"720x1440","timeZone":"Africa/Nairobi"}}
[debug] &amp#27;[35m[ADB]&amp#27;[39m Running 'C:\Users\John Mumo\AppData\Local\Android\Sdk\platform-tools\adb.exe -P 5037 -s 0329625863001980 shell dumpsys window'
&amp#27;[35m[AndroidDriver]&amp#27;[39m Screen already unlocked, doing nothing
&amp#27;[35m[UiAutomator2]&amp#27;[39m Starting 'com.turnkeyafrica.agencify/com.turnkeyafrica.agencify.ui.splash.Splash and waiting for 'com.turnkeyafrica.agencify/com.turnkeyafrica.agencify.ui.splash.Splash'
[debug] &amp#27;[35m[ADB]&amp#27;[39m Running 'C:\Users\John Mumo\AppData\Local\Android\Sdk\platform-tools\adb.exe -P 5037 -s 0329625863001980 shell am start -W -n com.turnkeyafrica.agencify/com.turnkeyafrica.agencify.ui.splash.Splash -S -a android.intent.action.MAIN -c android.intent.category.LAUNCHER -f 0x10200000'
[debug] &amp#27;[35m[ADB]&amp#27;[39m Waiting up to 20000ms for activity matching pkg: 'com.turnkeyafrica.agencify' and activity: 'com.turnkeyafrica.agencify.ui.splash.Splash' to be focused
[debug] &amp#27;[35m[ADB]&amp#27;[39m Possible activities, to be checked: 'com.turnkeyafrica.agencify.ui.splash.Splash', 'com.turnkeyafrica.agencify.com.turnkeyafrica.agencify.ui.splash.Splash'
[debug] &amp#27;[35m[ADB]&amp#27;[39m Getting focused package and activity
[debug] &amp#27;[35m[ADB]&amp#27;[39m Running 'C:\Users\John Mumo\AppData\Local\Android\Sdk\platform-tools\adb.exe -P 5037 -s 0329625863001980 shell dumpsys window windows'
[debug] &amp#27;[35m[ADB]&amp#27;[39m Found package: 'com.turnkeyafrica.agencify' and fully qualified activity name : 'com.turnkeyafrica.agencify.ui.splash.Splash'
[debug] &amp#27;[35m[WD Proxy]&amp#27;[39m Proxying [GET /appium/device/pixel_ratio] to [GET http://127.0.0.1:8200/wd/hub/session/f7844a0e-b399-4dc0-b268-5a42609cfc51/appium/device/pixel_ratio] with no body
[debug] &amp#27;[35m[WD Proxy]&amp#27;[39m Got response with status 200: {"sessionId":"f7844a0e-b399-4dc0-b268-5a42609cfc51","value":2}
[debug] &amp#27;[35m[WD Proxy]&amp#27;[39m Matched '/appium/device/system_bars' to command name 'getSystemBars'
[debug] &amp#27;[35m[WD Proxy]&amp#27;[39m Proxying [GET /appium/device/system_bars] to [GET http://127.0.0.1:8200/wd/hub/session/f7844a0e-b399-4dc0-b268-5a42609cfc51/appium/device/system_bars] with no body
[debug] &amp#27;[35m[WD Proxy]&amp#27;[39m Got response with status 200: {"sessionId":"f7844a0e-b399-4dc0-b268-5a42609cfc51","value":{"statusBar":48}}
[debug] &amp#27;[35m[WD Proxy]&amp#27;[39m Matched '/window/current/size' to command name 'getWindowSize'
[debug] &amp#27;[35m[WD Proxy]&amp#27;[39m Proxying [GET /window/current/size] to [GET http://127.0.0.1:8200/wd/hub/session/f7844a0e-b399-4dc0-b268-5a42609cfc51/window/current/size] with no body
[debug] &amp#27;[35m[WD Proxy]&amp#27;[39m Got response with status 200: {"sessionId":"f7844a0e-b399-4dc0-b268-5a42609cfc51","value":{"height":1344,"width":720}}
&amp#27;[35m[Appium]&amp#27;[39m New AndroidUiautomator2Driver session created successfully, session ab4ba6bc-f5aa-410e-be86-6987641435d8 added to master session list
[debug] &amp#27;[35m[BaseDriver]&amp#27;[39m Event 'newSessionStarted' logged at 1631533949395 (14:52:29 GMT+0300 (East Africa Time))
[debug] &amp#27;[35m[W3C (ab4ba6bc)]&amp#27;[39m Cached the protocol value 'W3C' for the new session ab4ba6bc-f5aa-410e-be86-6987641435d8
[debug] &amp#27;[35m[W3C (ab4ba6bc)]&amp#27;[39m Responding to client with driver.createSession() result: {"capabilities":{"platform":"LINUX","webStorageEnabled":false,"takesScreenshot":true,"javascriptEnabled":true,"databaseEnabled":false,"networkConnectionEnabled":true,"locationContextEnabled":false,"warnings":{},"desired":{"platformName":"android","app":"C:\\Users\\John Mumo\\Desktop\\Agencify_App\\Agencify_App_Test\\src\\Agencify-universal-dev.apk","automationName":"uiautomator2","deviceName":"Android Device"},"platformName":"android","app":"C:\\Users\\John Mumo\\Desktop\\Agencify_App\\Agencify_App_Test\\src\\Agencify-universal-dev.apk","automationName":"uiautomator2","deviceName":"0329625863001980","deviceUDID":"0329625863001980","appPackage":"com.turnkeyafrica.agencify","deviceApiLevel":27,"platformVersion":"8.1.0","deviceScreenSize":"720x1440","deviceScreenDensity":320,"deviceModel":"TECNO CA7","deviceManufacturer":"TECNO MOBILE LIMITED","pixelRatio":2,"statBarHeight":48,"viewportRect":{"left":0,"top":48,"width":720,"height":1296}}}
&amp#27;[35m[HTTP]&amp#27;[39m &amp#27;[37m<-- POST /wd/hub/session &amp#27;[39m&amp#27;[32m200&amp#27;[39m &amp#27;[90m15724 ms - 1010&amp#27;[39m
&amp#27;[35m[HTTP]&amp#27;[39m &amp#27;[90m&amp#27;[39m
&amp#27;[35m[HTTP]&amp#27;[39m &amp#27;[37m-->&amp#27;[39m &amp#27;[37mPOST&amp#27;[39m &amp#27;[37m/wd/hub/session/ab4ba6bc-f5aa-410e-be86-6987641435d8/timeouts&amp#27;[39m
&amp#27;[35m[HTTP]&amp#27;[39m &amp#27;[90m{"implicit":20000}&amp#27;[39m
[debug] &amp#27;[35m[W3C (ab4ba6bc)]&amp#27;[39m Calling AppiumDriver.timeouts() with args: [null,null,null,null,20000,"ab4ba6bc-f5aa-410e-be86-6987641435d8"]
[debug] &amp#27;[35m[BaseDriver]&amp#27;[39m W3C timeout argument: {"implicit":20000}}
[debug] &amp#27;[35m[BaseDriver]&amp#27;[39m Set implicit wait to 20000ms
[debug] &amp#27;[35m[W3C (ab4ba6bc)]&amp#27;[39m Responding to client with driver.timeouts() result: null
&amp#27;[35m[HTTP]&amp#27;[39m &amp#27;[37m<-- POST /wd/hub/session/ab4ba6bc-f5aa-410e-be86-6987641435d8/timeouts &amp#27;[39m&amp#27;[32m200&amp#27;[39m &amp#27;[90m2 ms - 14&amp#27;[39m
&amp#27;[35m[HTTP]&amp#27;[39m &amp#27;[90m&amp#27;[39m
&amp#27;[35m[HTTP]&amp#27;[39m &amp#27;[37m-->&amp#27;[39m &amp#27;[37mGET&amp#27;[39m &amp#27;[37m/wd/hub/session/ab4ba6bc-f5aa-410e-be86-6987641435d8/context&amp#27;[39m
&amp#27;[35m[HTTP]&amp#27;[39m &amp#27;[90m{}&amp#27;[39m
[debug] &amp#27;[35m[W3C (ab4ba6bc)]&amp#27;[39m Calling AppiumDriver.getCurrentContext() with args: ["ab4ba6bc-f5aa-410e-be86-6987641435d8"]
[debug] &amp#27;[35m[W3C (ab4ba6bc)]&amp#27;[39m Responding to client with driver.getCurrentContext() result: "NATIVE_APP"
&amp#27;[35m[HTTP]&amp#27;[39m &amp#27;[37m<-- GET /wd/hub/session/ab4ba6bc-f5aa-410e-be86-6987641435d8/context &amp#27;[39m&amp#27;[32m200&amp#27;[39m &amp#27;[90m3 ms - 22&amp#27;[39m
&amp#27;[35m[HTTP]&amp#27;[39m &amp#27;[90m&amp#27;[39m
&amp#27;[35m[HTTP]&amp#27;[39m &amp#27;[37m-->&amp#27;[39m &amp#27;[37mPOST&amp#27;[39m &amp#27;[37m/wd/hub/session/ab4ba6bc-f5aa-410e-be86-6987641435d8/element&amp#27;[39m
&amp#27;[35m[HTTP]&amp#27;[39m &amp#27;[90m{"using":"xpath","value":"//*[@text = 'Join now']"}&amp#27;[39m
[debug] &amp#27;[35m[W3C (ab4ba6bc)]&amp#27;[39m Calling AppiumDriver.findElement() with args: ["xpath","//*[@text = 'Join now']","ab4ba6bc-f5aa-410e-be86-6987641435d8"]
[debug] &amp#27;[35m[BaseDriver]&amp#27;[39m Valid locator strategies for this request: xpath, id, class name, accessibility id, css selector, -android uiautomator
[debug] &amp#27;[35m[BaseDriver]&amp#27;[39m Waiting up to 20000 ms for condition
[debug] &amp#27;[35m[WD Proxy]&amp#27;[39m Matched '/element' to command name 'findElement'
[debug] &amp#27;[35m[WD Proxy]&amp#27;[39m Proxying [POST /element] to [POST http://127.0.0.1:8200/wd/hub/session/f7844a0e-b399-4dc0-b268-5a42609cfc51/element] with body: {"strategy":"xpath","selector":"//*[@text = 'Join now']","context":"","multiple":false}
&amp#27;[35m[WD Proxy]&amp#27;[39m Got response with status 404: {"sessionId":"f7844a0e-b399-4dc0-b268-5a42609cfc51","value":{"error":"no such element","message":"An element could not be located on the page using the given search parameters","stacktrace":"io.appium.uiautomator2.common.exceptions.ElementNotFoundException: An element could not be located on the page using the given search parameters\n\tat io.appium.uiautomator2.handler.FindElement.findElement(FindElement.java:89)\n\tat io.appium.uiautomator2.handler.FindElement.safeHandle(FindElement.java:66)\n\tat io.appium.uiautomator2.handler.request.SafeRequestHandler.handle(SafeRequestHandler.java:41)\n\tat io.appium.uiautomator2.server.AppiumServlet.handleRequest(AppiumServlet.java:262)\n\tat io.appium.uiautomator2.server.AppiumServlet.handleHttpRequest(AppiumServlet.java:256)\n\tat io.appium.uiautomator2.http.ServerHandler.channelRead(ServerHandler.java:68)\n\tat io.netty.channel.AbstractChannelHandlerContext.invokeChannelRead(AbstractChannelHandlerContext.java:366)\n\tat io.netty.channel.AbstractChannelHandlerCont...
[debug] &amp#27;[35m[W3C]&amp#27;[39m Matched W3C error code 'no such element' to NoSuchElementError
[debug] &amp#27;[35m[BaseDriver]&amp#27;[39m Waited for 1851 ms so far
[debug] &amp#27;[35m[WD Proxy]&amp#27;[39m Matched '/element' to command name 'findElement'
[debug] &amp#27;[35m[WD Proxy]&amp#27;[39m Proxying [POST /element] to [POST http://127.0.0.1:8200/wd/hub/session/f7844a0e-b399-4dc0-b268-5a42609cfc51/element] with body: {"strategy":"xpath","selector":"//*[@text = 'Join now']","context":"","multiple":false}
&amp#27;[35m[WD Proxy]&amp#27;[39m Got response with status 404: {"sessionId":"f7844a0e-b399-4dc0-b268-5a42609cfc51","value":{"error":"no such element","message":"An element could not be located on the page using the given search parameters","stacktrace":"io.appium.uiautomator2.common.exceptions.ElementNotFoundException: An element could not be located on the page using the given search parameters\n\tat io.appium.uiautomator2.handler.FindElement.findElement(FindElement.java:89)\n\tat io.appium.uiautomator2.handler.FindElement.safeHandle(FindElement.java:66)\n\tat io.appium.uiautomator2.handler.request.SafeRequestHandler.handle(SafeRequestHandler.java:41)\n\tat io.appium.uiautomator2.server.AppiumServlet.handleRequest(AppiumServlet.java:262)\n\tat io.appium.uiautomator2.server.AppiumServlet.handleHttpRequest(AppiumServlet.java:256)\n\tat io.appium.uiautomator2.http.ServerHandler.channelRead(ServerHandler.java:68)\n\tat io.netty.channel.AbstractChannelHandlerContext.invokeChannelRead(AbstractChannelHandlerContext.java:366)\n\tat io.netty.channel.AbstractChannelHandlerCont...
[debug] &amp#27;[35m[W3C]&amp#27;[39m Matched W3C error code 'no such element' to NoSuchElementError
[debug] &amp#27;[35m[BaseDriver]&amp#27;[39m Waited for 3069 ms so far
[debug] &amp#27;[35m[WD Proxy]&amp#27;[39m Matched '/element' to command name 'findElement'
[debug] &amp#27;[35m[WD Proxy]&amp#27;[39m Proxying [POST /element] to [POST http://127.0.0.1:8200/wd/hub/session/f7844a0e-b399-4dc0-b268-5a42609cfc51/element] with body: {"strategy":"xpath","selector":"//*[@text = 'Join now']","context":"","multiple":false}
&amp#27;[35m[WD Proxy]&amp#27;[39m Got response with status 404: {"sessionId":"f7844a0e-b399-4dc0-b268-5a42609cfc51","value":{"error":"no such element","message":"An element could not be located on the page using the given search parameters","stacktrace":"io.appium.uiautomator2.common.exceptions.ElementNotFoundException: An element could not be located on the page using the given search parameters\n\tat io.appium.uiautomator2.handler.FindElement.findElement(FindElement.java:89)\n\tat io.appium.uiautomator2.handler.FindElement.safeHandle(FindElement.java:66)\n\tat io.appium.uiautomator2.handler.request.SafeRequestHandler.handle(SafeRequestHandler.java:41)\n\tat io.appium.uiautomator2.server.AppiumServlet.handleRequest(AppiumServlet.java:262)\n\tat io.appium.uiautomator2.server.AppiumServlet.handleHttpRequest(AppiumServlet.java:256)\n\tat io.appium.uiautomator2.http.ServerHandler.channelRead(ServerHandler.java:68)\n\tat io.netty.channel.AbstractChannelHandlerContext.invokeChannelRead(AbstractChannelHandlerContext.java:366)\n\tat io.netty.channel.AbstractChannelHandlerCont...
[debug] &amp#27;[35m[W3C]&amp#27;[39m Matched W3C error code 'no such element' to NoSuchElementError
[debug] &amp#27;[35m[BaseDriver]&amp#27;[39m Waited for 3938 ms so far
[debug] &amp#27;[35m[WD Proxy]&amp#27;[39m Matched '/element' to command name 'findElement'
[debug] &amp#27;[35m[WD Proxy]&amp#27;[39m Proxying [POST /element] to [POST http://127.0.0.1:8200/wd/hub/session/f7844a0e-b399-4dc0-b268-5a42609cfc51/element] with body: {"strategy":"xpath","selector":"//*[@text = 'Join now']","context":"","multiple":false}
[debug] &amp#27;[35m[WD Proxy]&amp#27;[39m Got response with status 200: {"sessionId":"f7844a0e-b399-4dc0-b268-5a42609cfc51","value":{"ELEMENT":"6cc69aff-f346-4435-8bf9-bee8a5cf66fa","element-6066-11e4-a52e-4f735466cecf":"6cc69aff-f346-4435-8bf9-bee8a5cf66fa"}}
[debug] &amp#27;[35m[W3C (ab4ba6bc)]&amp#27;[39m Responding to client with driver.findElement() result: {"element-6066-11e4-a52e-4f735466cecf":"6cc69aff-f346-4435-8bf9-bee8a5cf66fa","ELEMENT":"6cc69aff-f346-4435-8bf9-bee8a5cf66fa"}
&amp#27;[35m[HTTP]&amp#27;[39m &amp#27;[37m<-- POST /wd/hub/session/ab4ba6bc-f5aa-410e-be86-6987641435d8/element &amp#27;[39m&amp#27;[32m200&amp#27;[39m &amp#27;[90m4830 ms - 137&amp#27;[39m
&amp#27;[35m[HTTP]&amp#27;[39m &amp#27;[90m&amp#27;[39m
&amp#27;[35m[HTTP]&amp#27;[39m &amp#27;[37m-->&amp#27;[39m &amp#27;[37mPOST&amp#27;[39m &amp#27;[37m/wd/hub/session/ab4ba6bc-f5aa-410e-be86-6987641435d8/element/6cc69aff-f346-4435-8bf9-bee8a5cf66fa/click&amp#27;[39m
&amp#27;[35m[HTTP]&amp#27;[39m &amp#27;[90m{"id":"6cc69aff-f346-4435-8bf9-bee8a5cf66fa"}&amp#27;[39m
[debug] &amp#27;[35m[W3C (ab4ba6bc)]&amp#27;[39m Calling AppiumDriver.click() with args: ["6cc69aff-f346-4435-8bf9-bee8a5cf66fa","ab4ba6bc-f5aa-410e-be86-6987641435d8"]
[debug] &amp#27;[35m[WD Proxy]&amp#27;[39m Matched '/element/6cc69aff-f346-4435-8bf9-bee8a5cf66fa/click' to command name 'click'
[debug] &amp#27;[35m[WD Proxy]&amp#27;[39m Proxying [POST /element/6cc69aff-f346-4435-8bf9-bee8a5cf66fa/click] to [POST http://127.0.0.1:8200/wd/hub/session/f7844a0e-b399-4dc0-b268-5a42609cfc51/element/6cc69aff-f346-4435-8bf9-bee8a5cf66fa/click] with body: {"element":"6cc69aff-f346-4435-8bf9-bee8a5cf66fa"}
[debug] &amp#27;[35m[WD Proxy]&amp#27;[39m Got response with status 200: {"sessionId":"f7844a0e-b399-4dc0-b268-5a42609cfc51","value":null}
[debug] &amp#27;[35m[W3C (ab4ba6bc)]&amp#27;[39m Responding to client with driver.click() result: null
&amp#27;[35m[HTTP]&amp#27;[39m &amp#27;[37m<-- POST /wd/hub/session/ab4ba6bc-f5aa-410e-be86-6987641435d8/element/6cc69aff-f346-4435-8bf9-bee8a5cf66fa/click &amp#27;[39m&amp#27;[32m200&amp#27;[39m &amp#27;[90m758 ms - 14&amp#27;[39m
&amp#27;[35m[HTTP]&amp#27;[39m &amp#27;[90m&amp#27;[39m
&amp#27;[35m[HTTP]&amp#27;[39m &amp#27;[37m-->&amp#27;[39m &amp#27;[37mGET&amp#27;[39m &amp#27;[37m/wd/hub/session/ab4ba6bc-f5aa-410e-be86-6987641435d8/context&amp#27;[39m
&amp#27;[35m[HTTP]&amp#27;[39m &amp#27;[90m{}&amp#27;[39m
[debug] &amp#27;[35m[W3C (ab4ba6bc)]&amp#27;[39m Calling AppiumDriver.getCurrentContext() with args: ["ab4ba6bc-f5aa-410e-be86-6987641435d8"]
[debug] &amp#27;[35m[W3C (ab4ba6bc)]&amp#27;[39m Responding to client with driver.getCurrentContext() result: "NATIVE_APP"
&amp#27;[35m[HTTP]&amp#27;[39m &amp#27;[37m<-- GET /wd/hub/session/ab4ba6bc-f5aa-410e-be86-6987641435d8/context &amp#27;[39m&amp#27;[32m200&amp#27;[39m &amp#27;[90m1 ms - 22&amp#27;[39m
&amp#27;[35m[HTTP]&amp#27;[39m &amp#27;[90m&amp#27;[39m
&amp#27;[35m[HTTP]&amp#27;[39m &amp#27;[37m-->&amp#27;[39m &amp#27;[37mPOST&amp#27;[39m &amp#27;[37m/wd/hub/session/ab4ba6bc-f5aa-410e-be86-6987641435d8/element&amp#27;[39m
&amp#27;[35m[HTTP]&amp#27;[39m &amp#27;[90m{"using":"id","value":"com.turnkeyafrica.agencify:id/customerEmailAddress"}&amp#27;[39m
[debug] &amp#27;[35m[W3C (ab4ba6bc)]&amp#27;[39m Calling AppiumDriver.findElement() with args: ["id","com.turnkeyafrica.agencify:id/customerEmailAddress","ab4ba6bc-f5aa-410e-be86-6987641435d8"]
[debug] &amp#27;[35m[BaseDriver]&amp#27;[39m Valid locator strategies for this request: xpath, id, class name, accessibility id, css selector, -android uiautomator
[debug] &amp#27;[35m[BaseDriver]&amp#27;[39m Waiting up to 20000 ms for condition
[debug] &amp#27;[35m[WD Proxy]&amp#27;[39m Matched '/element' to command name 'findElement'
[debug] &amp#27;[35m[WD Proxy]&amp#27;[39m Proxying [POST /element] to [POST http://127.0.0.1:8200/wd/hub/session/f7844a0e-b399-4dc0-b268-5a42609cfc51/element] with body: {"strategy":"id","selector":"com.turnkeyafrica.agencify:id/customerEmailAddress","context":"","multiple":false}
[debug] &amp#27;[35m[WD Proxy]&amp#27;[39m Got response with status 200: {"sessionId":"f7844a0e-b399-4dc0-b268-5a42609cfc51","value":{"ELEMENT":"82b90b89-ea83-40c9-a264-eec8ea339d5d","element-6066-11e4-a52e-4f735466cecf":"82b90b89-ea83-40c9-a264-eec8ea339d5d"}}
[debug] &amp#27;[35m[W3C (ab4ba6bc)]&amp#27;[39m Responding to client with driver.findElement() result: {"element-6066-11e4-a52e-4f735466cecf":"82b90b89-ea83-40c9-a264-eec8ea339d5d","ELEMENT":"82b90b89-ea83-40c9-a264-eec8ea339d5d"}
&amp#27;[35m[HTTP]&amp#27;[39m &amp#27;[37m<-- POST /wd/hub/session/ab4ba6bc-f5aa-410e-be86-6987641435d8/element &amp#27;[39m&amp#27;[32m200&amp#27;[39m &amp#27;[90m1069 ms - 137&amp#27;[39m
&amp#27;[35m[HTTP]&amp#27;[39m &amp#27;[90m&amp#27;[39m
&amp#27;[35m[HTTP]&amp#27;[39m &amp#27;[37m-->&amp#27;[39m &amp#27;[37mPOST&amp#27;[39m &amp#27;[37m/wd/hub/session/ab4ba6bc-f5aa-410e-be86-6987641435d8/element/82b90b89-ea83-40c9-a264-eec8ea339d5d/value&amp#27;[39m
&amp#27;[35m[HTTP]&amp#27;[39m &amp#27;[90m{"id":"82b90b89-ea83-40c9-a264-eec8ea339d5d","text":"john.mumo@turnkeyafrica.com","value":["j","o","h","n",".","m","u","m","o","@","t","u","r","n","k","e","y","a","f","r","i","c","a",".","c","o","m"]}&amp#27;[39m
[debug] &amp#27;[35m[W3C (ab4ba6bc)]&amp#27;[39m Calling AppiumDriver.setValue() with args: [["j","o","h","n",".","m","u","m","o","@","t","u","r","n","k","e","y","a","f","r","i","c","a",".","c","o","m"],"82b90b89-ea83-40c9-a264-eec8ea339d5d","ab4ba6bc-f5aa-410e-be86-6987641435d8"]
[debug] &amp#27;[35m[WD Proxy]&amp#27;[39m Matched '/element/82b90b89-ea83-40c9-a264-eec8ea339d5d/value' to command name 'setValue'
[debug] &amp#27;[35m[Protocol Converter]&amp#27;[39m Added 'value' property ["j","o","h","n",".","m","u","m","o","@","t","u","r","n","k","e","y","a","f","r","i","c","a",".","c","o","m"] to 'setValue' request body
[debug] &amp#27;[35m[WD Proxy]&amp#27;[39m Proxying [POST /element/82b90b89-ea83-40c9-a264-eec8ea339d5d/value] to [POST http://127.0.0.1:8200/wd/hub/session/f7844a0e-b399-4dc0-b268-5a42609cfc51/element/82b90b89-ea83-40c9-a264-eec8ea339d5d/value] with body: {"elementId":"82b90b89-ea83-40c9-a264-eec8ea339d5d","text":"john.mumo@turnkeyafrica.com","replace":false,"value":["j","o","h","n",".","m","u","m","o","@","t","u","r","n","k","e","y","a","f","r","i","c","a",".","c","o","m"]}
[debug] &amp#27;[35m[WD Proxy]&amp#27;[39m Got response with status 200: {"sessionId":"f7844a0e-b399-4dc0-b268-5a42609cfc51","value":null}
[debug] &amp#27;[35m[W3C (ab4ba6bc)]&amp#27;[39m Responding to client with driver.setValue() result: null
&amp#27;[35m[HTTP]&amp#27;[39m &amp#27;[37m<-- POST /wd/hub/session/ab4ba6bc-f5aa-410e-be86-6987641435d8/element/82b90b89-ea83-40c9-a264-eec8ea339d5d/value &amp#27;[39m&amp#27;[32m200&amp#27;[39m &amp#27;[90m1625 ms - 14&amp#27;[39m
&amp#27;[35m[HTTP]&amp#27;[39m &amp#27;[90m&amp#27;[39m
&amp#27;[35m[HTTP]&amp#27;[39m &amp#27;[37m-->&amp#27;[39m &amp#27;[37mGET&amp#27;[39m &amp#27;[37m/wd/hub/session/ab4ba6bc-f5aa-410e-be86-6987641435d8/context&amp#27;[39m
&amp#27;[35m[HTTP]&amp#27;[39m &amp#27;[90m{}&amp#27;[39m
[debug] &amp#27;[35m[W3C (ab4ba6bc)]&amp#27;[39m Calling AppiumDriver.getCurrentContext() with args: ["ab4ba6bc-f5aa-410e-be86-6987641435d8"]
[debug] &amp#27;[35m[W3C (ab4ba6bc)]&amp#27;[39m Responding to client with driver.getCurrentContext() result: "NATIVE_APP"
&amp#27;[35m[HTTP]&amp#27;[39m &amp#27;[37m<-- GET /wd/hub/session/ab4ba6bc-f5aa-410e-be86-6987641435d8/context &amp#27;[39m&amp#27;[32m200&amp#27;[39m &amp#27;[90m3 ms - 22&amp#27;[39m
&amp#27;[35m[HTTP]&amp#27;[39m &amp#27;[90m&amp#27;[39m
&amp#27;[35m[HTTP]&amp#27;[39m &amp#27;[37m-->&amp#27;[39m &amp#27;[37mPOST&amp#27;[39m &amp#27;[37m/wd/hub/session/ab4ba6bc-f5aa-410e-be86-6987641435d8/element&amp#27;[39m
&amp#27;[35m[HTTP]&amp#27;[39m &amp#27;[90m{"using":"id","value":"com.turnkeyafrica.agencify:id/customerMobileNo"}&amp#27;[39m
[debug] &amp#27;[35m[W3C (ab4ba6bc)]&amp#27;[39m Calling AppiumDriver.findElement() with args: ["id","com.turnkeyafrica.agencify:id/customerMobileNo","ab4ba6bc-f5aa-410e-be86-6987641435d8"]
[debug] &amp#27;[35m[BaseDriver]&amp#27;[39m Valid locator strategies for this request: xpath, id, class name, accessibility id, css selector, -android uiautomator
[debug] &amp#27;[35m[BaseDriver]&amp#27;[39m Waiting up to 20000 ms for condition
[debug] &amp#27;[35m[WD Proxy]&amp#27;[39m Matched '/element' to command name 'findElement'
[debug] &amp#27;[35m[WD Proxy]&amp#27;[39m Proxying [POST /element] to [POST http://127.0.0.1:8200/wd/hub/session/f7844a0e-b399-4dc0-b268-5a42609cfc51/element] with body: {"strategy":"id","selector":"com.turnkeyafrica.agencify:id/customerMobileNo","context":"","multiple":false}
[debug] &amp#27;[35m[WD Proxy]&amp#27;[39m Got response with status 200: {"sessionId":"f7844a0e-b399-4dc0-b268-5a42609cfc51","value":{"ELEMENT":"98470a18-785c-43c0-a192-d0ff1b9f3544","element-6066-11e4-a52e-4f735466cecf":"98470a18-785c-43c0-a192-d0ff1b9f3544"}}
[debug] &amp#27;[35m[W3C (ab4ba6bc)]&amp#27;[39m Responding to client with driver.findElement() result: {"element-6066-11e4-a52e-4f735466cecf":"98470a18-785c-43c0-a192-d0ff1b9f3544","ELEMENT":"98470a18-785c-43c0-a192-d0ff1b9f3544"}
&amp#27;[35m[HTTP]&amp#27;[39m &amp#27;[37m<-- POST /wd/hub/session/ab4ba6bc-f5aa-410e-be86-6987641435d8/element &amp#27;[39m&amp#27;[32m200&amp#27;[39m &amp#27;[90m1233 ms - 137&amp#27;[39m
&amp#27;[35m[HTTP]&amp#27;[39m &amp#27;[90m&amp#27;[39m
&amp#27;[35m[HTTP]&amp#27;[39m &amp#27;[37m-->&amp#27;[39m &amp#27;[37mPOST&amp#27;[39m &amp#27;[37m/wd/hub/session/ab4ba6bc-f5aa-410e-be86-6987641435d8/element/98470a18-785c-43c0-a192-d0ff1b9f3544/value&amp#27;[39m
&amp#27;[35m[HTTP]&amp#27;[39m &amp#27;[90m{"id":"98470a18-785c-43c0-a192-d0ff1b9f3544","text":"0710595143","value":["0","7","1","0","5","9","5","1","4","3"]}&amp#27;[39m
[debug] &amp#27;[35m[W3C (ab4ba6bc)]&amp#27;[39m Calling AppiumDriver.setValue() with args: [["0","7","1","0","5","9","5","1","4","3"],"98470a18-785c-43c0-a192-d0ff1b9f3544","ab4ba6bc-f5aa-410e-be86-6987641435d8"]
[debug] &amp#27;[35m[WD Proxy]&amp#27;[39m Matched '/element/98470a18-785c-43c0-a192-d0ff1b9f3544/value' to command name 'setValue'
[debug] &amp#27;[35m[Protocol Converter]&amp#27;[39m Added 'value' property ["0","7","1","0","5","9","5","1","4","3"] to 'setValue' request body
[debug] &amp#27;[35m[WD Proxy]&amp#27;[39m Proxying [POST /element/98470a18-785c-43c0-a192-d0ff1b9f3544/value] to [POST http://127.0.0.1:8200/wd/hub/session/f7844a0e-b399-4dc0-b268-5a42609cfc51/element/98470a18-785c-43c0-a192-d0ff1b9f3544/value] with body: {"elementId":"98470a18-785c-43c0-a192-d0ff1b9f3544","text":"0710595143","replace":false,"value":["0","7","1","0","5","9","5","1","4","3"]}
[debug] &amp#27;[35m[WD Proxy]&amp#27;[39m Got response with status 200: {"sessionId":"f7844a0e-b399-4dc0-b268-5a42609cfc51","value":null}
[debug] &amp#27;[35m[W3C (ab4ba6bc)]&amp#27;[39m Responding to client with driver.setValue() result: null
&amp#27;[35m[HTTP]&amp#27;[39m &amp#27;[37m<-- POST /wd/hub/session/ab4ba6bc-f5aa-410e-be86-6987641435d8/element/98470a18-785c-43c0-a192-d0ff1b9f3544/value &amp#27;[39m&amp#27;[32m200&amp#27;[39m &amp#27;[90m722 ms - 14&amp#27;[39m
&amp#27;[35m[HTTP]&amp#27;[39m &amp#27;[90m&amp#27;[39m
&amp#27;[35m[HTTP]&amp#27;[39m &amp#27;[37m-->&amp#27;[39m &amp#27;[37mGET&amp#27;[39m &amp#27;[37m/wd/hub/session/ab4ba6bc-f5aa-410e-be86-6987641435d8/context&amp#27;[39m
&amp#27;[35m[HTTP]&amp#27;[39m &amp#27;[90m{}&amp#27;[39m
[debug] &amp#27;[35m[W3C (ab4ba6bc)]&amp#27;[39m Calling AppiumDriver.getCurrentContext() with args: ["ab4ba6bc-f5aa-410e-be86-6987641435d8"]
[debug] &amp#27;[35m[W3C (ab4ba6bc)]&amp#27;[39m Responding to client with driver.getCurrentContext() result: "NATIVE_APP"
&amp#27;[35m[HTTP]&amp#27;[39m &amp#27;[37m<-- GET /wd/hub/session/ab4ba6bc-f5aa-410e-be86-6987641435d8/context &amp#27;[39m&amp#27;[32m200&amp#27;[39m &amp#27;[90m5 ms - 22&amp#27;[39m
&amp#27;[35m[HTTP]&amp#27;[39m &amp#27;[90m&amp#27;[39m
&amp#27;[35m[HTTP]&amp#27;[39m &amp#27;[37m-->&amp#27;[39m &amp#27;[37mPOST&amp#27;[39m &amp#27;[37m/wd/hub/session/ab4ba6bc-f5aa-410e-be86-6987641435d8/element&amp#27;[39m
&amp#27;[35m[HTTP]&amp#27;[39m &amp#27;[90m{"using":"id","value":"com.turnkeyafrica.agencify:id/password"}&amp#27;[39m
[debug] &amp#27;[35m[W3C (ab4ba6bc)]&amp#27;[39m Calling AppiumDriver.findElement() with args: ["id","com.turnkeyafrica.agencify:id/password","ab4ba6bc-f5aa-410e-be86-6987641435d8"]
[debug] &amp#27;[35m[BaseDriver]&amp#27;[39m Valid locator strategies for this request: xpath, id, class name, accessibility id, css selector, -android uiautomator
[debug] &amp#27;[35m[BaseDriver]&amp#27;[39m Waiting up to 20000 ms for condition
[debug] &amp#27;[35m[WD Proxy]&amp#27;[39m Matched '/element' to command name 'findElement'
[debug] &amp#27;[35m[WD Proxy]&amp#27;[39m Proxying [POST /element] to [POST http://127.0.0.1:8200/wd/hub/session/f7844a0e-b399-4dc0-b268-5a42609cfc51/element] with body: {"strategy":"id","selector":"com.turnkeyafrica.agencify:id/password","context":"","multiple":false}
[debug] &amp#27;[35m[WD Proxy]&amp#27;[39m Got response with status 200: {"sessionId":"f7844a0e-b399-4dc0-b268-5a42609cfc51","value":{"ELEMENT":"0d66d9a4-bf70-4c0a-adab-52850130ebeb","element-6066-11e4-a52e-4f735466cecf":"0d66d9a4-bf70-4c0a-adab-52850130ebeb"}}
[debug] &amp#27;[35m[W3C (ab4ba6bc)]&amp#27;[39m Responding to client with driver.findElement() result: {"element-6066-11e4-a52e-4f735466cecf":"0d66d9a4-bf70-4c0a-adab-52850130ebeb","ELEMENT":"0d66d9a4-bf70-4c0a-adab-52850130ebeb"}
&amp#27;[35m[HTTP]&amp#27;[39m &amp#27;[37m<-- POST /wd/hub/session/ab4ba6bc-f5aa-410e-be86-6987641435d8/element &amp#27;[39m&amp#27;[32m200&amp#27;[39m &amp#27;[90m1084 ms - 137&amp#27;[39m
&amp#27;[35m[HTTP]&amp#27;[39m &amp#27;[90m&amp#27;[39m
&amp#27;[35m[HTTP]&amp#27;[39m &amp#27;[37m-->&amp#27;[39m &amp#27;[37mPOST&amp#27;[39m &amp#27;[37m/wd/hub/session/ab4ba6bc-f5aa-410e-be86-6987641435d8/element/0d66d9a4-bf70-4c0a-adab-52850130ebeb/value&amp#27;[39m
&amp#27;[35m[HTTP]&amp#27;[39m &amp#27;[90m{"id":"0d66d9a4-bf70-4c0a-adab-52850130ebeb","text":"33608681","value":["3","3","6","0","8","6","8","1"]}&amp#27;[39m
[debug] &amp#27;[35m[W3C (ab4ba6bc)]&amp#27;[39m Calling AppiumDriver.setValue() with args: [["3","3","6","0","8","6","8","1"],"0d66d9a4-bf70-4c0a-adab-52850130ebeb","ab4ba6bc-f5aa-410e-be86-6987641435d8"]
[debug] &amp#27;[35m[WD Proxy]&amp#27;[39m Matched '/element/0d66d9a4-bf70-4c0a-adab-52850130ebeb/value' to command name 'setValue'
[debug] &amp#27;[35m[Protocol Converter]&amp#27;[39m Added 'value' property ["3","3","6","0","8","6","8","1"] to 'setValue' request body
[debug] &amp#27;[35m[WD Proxy]&amp#27;[39m Proxying [POST /element/0d66d9a4-bf70-4c0a-adab-52850130ebeb/value] to [POST http://127.0.0.1:8200/wd/hub/session/f7844a0e-b399-4dc0-b268-5a42609cfc51/element/0d66d9a4-bf70-4c0a-adab-52850130ebeb/value] with body: {"elementId":"0d66d9a4-bf70-4c0a-adab-52850130ebeb","text":"33608681","replace":false,"value":["3","3","6","0","8","6","8","1"]}
[debug] &amp#27;[35m[WD Proxy]&amp#27;[39m Got response with status 200: {"sessionId":"f7844a0e-b399-4dc0-b268-5a42609cfc51","value":null}
[debug] &amp#27;[35m[W3C (ab4ba6bc)]&amp#27;[39m Responding to client with driver.setValue() result: null
&amp#27;[35m[HTTP]&amp#27;[39m &amp#27;[37m<-- POST /wd/hub/session/ab4ba6bc-f5aa-410e-be86-6987641435d8/element/0d66d9a4-bf70-4c0a-adab-52850130ebeb/value &amp#27;[39m&amp#27;[32m200&amp#27;[39m &amp#27;[90m119 ms - 14&amp#27;[39m
&amp#27;[35m[HTTP]&amp#27;[39m &amp#27;[90m&amp#27;[39m
&amp#27;[35m[HTTP]&amp#27;[39m &amp#27;[37m-->&amp#27;[39m &amp#27;[37mGET&amp#27;[39m &amp#27;[37m/wd/hub/session/ab4ba6bc-f5aa-410e-be86-6987641435d8/context&amp#27;[39m
&amp#27;[35m[HTTP]&amp#27;[39m &amp#27;[90m{}&amp#27;[39m
[debug] &amp#27;[35m[W3C (ab4ba6bc)]&amp#27;[39m Calling AppiumDriver.getCurrentContext() with args: ["ab4ba6bc-f5aa-410e-be86-6987641435d8"]
[debug] &amp#27;[35m[W3C (ab4ba6bc)]&amp#27;[39m Responding to client with driver.getCurrentContext() result: "NATIVE_APP"
&amp#27;[35m[HTTP]&amp#27;[39m &amp#27;[37m<-- GET /wd/hub/session/ab4ba6bc-f5aa-410e-be86-6987641435d8/context &amp#27;[39m&amp#27;[32m200&amp#27;[39m &amp#27;[90m4 ms - 22&amp#27;[39m
&amp#27;[35m[HTTP]&amp#27;[39m &amp#27;[90m&amp#27;[39m
&amp#27;[35m[HTTP]&amp#27;[39m &amp#27;[37m-->&amp#27;[39m &amp#27;[37mPOST&amp#27;[39m &amp#27;[37m/wd/hub/session/ab4ba6bc-f5aa-410e-be86-6987641435d8/element&amp#27;[39m
&amp#27;[35m[HTTP]&amp#27;[39m &amp#27;[90m{"using":"id","value":"com.turnkeyafrica.agencify:id/btn_sign_up"}&amp#27;[39m
[debug] &amp#27;[35m[W3C (ab4ba6bc)]&amp#27;[39m Calling AppiumDriver.findElement() with args: ["id","com.turnkeyafrica.agencify:id/btn_sign_up","ab4ba6bc-f5aa-410e-be86-6987641435d8"]
[debug] &amp#27;[35m[BaseDriver]&amp#27;[39m Valid locator strategies for this request: xpath, id, class name, accessibility id, css selector, -android uiautomator
[debug] &amp#27;[35m[BaseDriver]&amp#27;[39m Waiting up to 20000 ms for condition
[debug] &amp#27;[35m[WD Proxy]&amp#27;[39m Matched '/element' to command name 'findElement'
[debug] &amp#27;[35m[WD Proxy]&amp#27;[39m Proxying [POST /element] to [POST http://127.0.0.1:8200/wd/hub/session/f7844a0e-b399-4dc0-b268-5a42609cfc51/element] with body: {"strategy":"id","selector":"com.turnkeyafrica.agencify:id/btn_sign_up","context":"","multiple":false}
[debug] &amp#27;[35m[WD Proxy]&amp#27;[39m Got response with status 200: {"sessionId":"f7844a0e-b399-4dc0-b268-5a42609cfc51","value":{"ELEMENT":"cc1cad19-181c-450d-a27e-603e1936d037","element-6066-11e4-a52e-4f735466cecf":"cc1cad19-181c-450d-a27e-603e1936d037"}}
[debug] &amp#27;[35m[W3C (ab4ba6bc)]&amp#27;[39m Responding to client with driver.findElement() result: {"element-6066-11e4-a52e-4f735466cecf":"cc1cad19-181c-450d-a27e-603e1936d037","ELEMENT":"cc1cad19-181c-450d-a27e-603e1936d037"}
&amp#27;[35m[HTTP]&amp#27;[39m &amp#27;[37m<-- POST /wd/hub/session/ab4ba6bc-f5aa-410e-be86-6987641435d8/element &amp#27;[39m&amp#27;[32m200&amp#27;[39m &amp#27;[90m1069 ms - 137&amp#27;[39m
&amp#27;[35m[HTTP]&amp#27;[39m &amp#27;[90m&amp#27;[39m
&amp#27;[35m[HTTP]&amp#27;[39m &amp#27;[37m-->&amp#27;[39m &amp#27;[37mPOST&amp#27;[39m &amp#27;[37m/wd/hub/session/ab4ba6bc-f5aa-410e-be86-6987641435d8/element/cc1cad19-181c-450d-a27e-603e1936d037/click&amp#27;[39m
&amp#27;[35m[HTTP]&amp#27;[39m &amp#27;[90m{"id":"cc1cad19-181c-450d-a27e-603e1936d037"}&amp#27;[39m
[debug] &amp#27;[35m[W3C (ab4ba6bc)]&amp#27;[39m Calling AppiumDriver.click() with args: ["cc1cad19-181c-450d-a27e-603e1936d037","ab4ba6bc-f5aa-410e-be86-6987641435d8"]
[debug] &amp#27;[35m[WD Proxy]&amp#27;[39m Matched '/element/cc1cad19-181c-450d-a27e-603e1936d037/click' to command name 'click'
[debug] &amp#27;[35m[WD Proxy]&amp#27;[39m Proxying [POST /element/cc1cad19-181c-450d-a27e-603e1936d037/click] to [POST http://127.0.0.1:8200/wd/hub/session/f7844a0e-b399-4dc0-b268-5a42609cfc51/element/cc1cad19-181c-450d-a27e-603e1936d037/click] with body: {"element":"cc1cad19-181c-450d-a27e-603e1936d037"}
[debug] &amp#27;[35m[WD Proxy]&amp#27;[39m Got response with status 200: {"sessionId":"f7844a0e-b399-4dc0-b268-5a42609cfc51","value":null}
[debug] &amp#27;[35m[W3C (ab4ba6bc)]&amp#27;[39m Responding to client with driver.click() result: null
&amp#27;[35m[HTTP]&amp#27;[39m &amp#27;[37m<-- POST /wd/hub/session/ab4ba6bc-f5aa-410e-be86-6987641435d8/element/cc1cad19-181c-450d-a27e-603e1936d037/click &amp#27;[39m&amp#27;[32m200&amp#27;[39m &amp#27;[90m884 ms - 14&amp#27;[39m
&amp#27;[35m[HTTP]&amp#27;[39m &amp#27;[90m&amp#27;[39m
&amp#27;[35m[HTTP]&amp#27;[39m &amp#27;[37m-->&amp#27;[39m &amp#27;[37mGET&amp#27;[39m &amp#27;[37m/wd/hub/session/ab4ba6bc-f5aa-410e-be86-6987641435d8/context&amp#27;[39m
&amp#27;[35m[HTTP]&amp#27;[39m &amp#27;[90m{}&amp#27;[39m
[debug] &amp#27;[35m[W3C (ab4ba6bc)]&amp#27;[39m Calling AppiumDriver.getCurrentContext() with args: ["ab4ba6bc-f5aa-410e-be86-6987641435d8"]
[debug] &amp#27;[35m[W3C (ab4ba6bc)]&amp#27;[39m Responding to client with driver.getCurrentContext() result: "NATIVE_APP"
&amp#27;[35m[HTTP]&amp#27;[39m &amp#27;[37m<-- GET /wd/hub/session/ab4ba6bc-f5aa-410e-be86-6987641435d8/context &amp#27;[39m&amp#27;[32m200&amp#27;[39m &amp#27;[90m3 ms - 22&amp#27;[39m
&amp#27;[35m[HTTP]&amp#27;[39m &amp#27;[90m&amp#27;[39m
&amp#27;[35m[HTTP]&amp#27;[39m &amp#27;[37m-->&amp#27;[39m &amp#27;[37mPOST&amp#27;[39m &amp#27;[37m/wd/hub/session/ab4ba6bc-f5aa-410e-be86-6987641435d8/element&amp#27;[39m
&amp#27;[35m[HTTP]&amp#27;[39m &amp#27;[90m{"using":"xpath","value":"//android.widget.Toast"}&amp#27;[39m
[debug] &amp#27;[35m[W3C (ab4ba6bc)]&amp#27;[39m Calling AppiumDriver.findElement() with args: ["xpath","//android.widget.Toast","ab4ba6bc-f5aa-410e-be86-6987641435d8"]
[debug] &amp#27;[35m[BaseDriver]&amp#27;[39m Valid locator strategies for this request: xpath, id, class name, accessibility id, css selector, -android uiautomator
[debug] &amp#27;[35m[BaseDriver]&amp#27;[39m Waiting up to 20000 ms for condition
[debug] &amp#27;[35m[WD Proxy]&amp#27;[39m Matched '/element' to command name 'findElement'
[debug] &amp#27;[35m[WD Proxy]&amp#27;[39m Proxying [POST /element] to [POST http://127.0.0.1:8200/wd/hub/session/f7844a0e-b399-4dc0-b268-5a42609cfc51/element] with body: {"strategy":"xpath","selector":"//android.widget.Toast","context":"","multiple":false}
[debug] &amp#27;[35m[WD Proxy]&amp#27;[39m Got response with status 200: {"sessionId":"f7844a0e-b399-4dc0-b268-5a42609cfc51","value":{"ELEMENT":"aabe0ec6-5fe6-4e8a-ac8f-064da3aa7223","element-6066-11e4-a52e-4f735466cecf":"aabe0ec6-5fe6-4e8a-ac8f-064da3aa7223"}}
[debug] &amp#27;[35m[W3C (ab4ba6bc)]&amp#27;[39m Responding to client with driver.findElement() result: {"element-6066-11e4-a52e-4f735466cecf":"aabe0ec6-5fe6-4e8a-ac8f-064da3aa7223","ELEMENT":"aabe0ec6-5fe6-4e8a-ac8f-064da3aa7223"}
&amp#27;[35m[HTTP]&amp#27;[39m &amp#27;[37m<-- POST /wd/hub/session/ab4ba6bc-f5aa-410e-be86-6987641435d8/element &amp#27;[39m&amp#27;[32m200&amp#27;[39m &amp#27;[90m267 ms - 137&amp#27;[39m
&amp#27;[35m[HTTP]&amp#27;[39m &amp#27;[90m&amp#27;[39m
&amp#27;[35m[HTTP]&amp#27;[39m &amp#27;[37m-->&amp#27;[39m &amp#27;[37mGET&amp#27;[39m &amp#27;[37m/wd/hub/session/ab4ba6bc-f5aa-410e-be86-6987641435d8/element/aabe0ec6-5fe6-4e8a-ac8f-064da3aa7223/attribute/name&amp#27;[39m
&amp#27;[35m[HTTP]&amp#27;[39m &amp#27;[90m{}&amp#27;[39m
[debug] &amp#27;[35m[W3C (ab4ba6bc)]&amp#27;[39m Calling AppiumDriver.getAttribute() with args: ["name","aabe0ec6-5fe6-4e8a-ac8f-064da3aa7223","ab4ba6bc-f5aa-410e-be86-6987641435d8"]
[debug] &amp#27;[35m[WD Proxy]&amp#27;[39m Matched '/element/aabe0ec6-5fe6-4e8a-ac8f-064da3aa7223/attribute/name' to command name 'getAttribute'
[debug] &amp#27;[35m[WD Proxy]&amp#27;[39m Proxying [GET /element/aabe0ec6-5fe6-4e8a-ac8f-064da3aa7223/attribute/name] to [GET http://127.0.0.1:8200/wd/hub/session/f7844a0e-b399-4dc0-b268-5a42609cfc51/element/aabe0ec6-5fe6-4e8a-ac8f-064da3aa7223/attribute/name] with no body
[debug] &amp#27;[35m[WD Proxy]&amp#27;[39m Got response with status 200: {"sessionId":"f7844a0e-b399-4dc0-b268-5a42609cfc51","value":"Please accept terms and privacy policy"}
[debug] &amp#27;[35m[W3C (ab4ba6bc)]&amp#27;[39m Responding to client with driver.getAttribute() result: "Please accept terms and privacy policy"
&amp#27;[35m[HTTP]&amp#27;[39m &amp#27;[37m<-- GET /wd/hub/session/ab4ba6bc-f5aa-410e-be86-6987641435d8/element/aabe0ec6-5fe6-4e8a-ac8f-064da3aa7223/attribute/name &amp#27;[39m&amp#27;[32m200&amp#27;[39m &amp#27;[90m848 ms - 50&amp#27;[39m
&amp#27;[35m[HTTP]&amp#27;[39m &amp#27;[90m&amp#27;[39m
&amp#27;[35m[HTTP]&amp#27;[39m &amp#27;[37m-->&amp#27;[39m &amp#27;[37mGET&amp#27;[39m &amp#27;[37m/wd/hub/status&amp#27;[39m
&amp#27;[35m[HTTP]&amp#27;[39m &amp#27;[90m{}&amp#27;[39m
[debug] &amp#27;[35m[GENERIC]&amp#27;[39m Calling AppiumDriver.getStatus() with args: []
[debug] &amp#27;[35m[GENERIC]&amp#27;[39m Responding to client with driver.getStatus() result: {"build":{"version":"1.21.0"}}
&amp#27;[35m[HTTP]&amp#27;[39m &amp#27;[37m<-- GET /wd/hub/status &amp#27;[39m&amp#27;[32m200&amp#27;[39m &amp#27;[90m2 ms - 68&amp#27;[39m
&amp#27;[35m[HTTP]&amp#27;[39m &amp#27;[90m&amp#27;[39m
]]></system-out>
    <system-err><![CDATA[Sep 13, 2021 2:52:29 PM io.appium.java_client.remote.AppiumCommandExecutor$1 lambda$0
INFO: Detected dialect: W3C
[main] WARN io.appium.java_client.service.local.AppiumDriverLocalService - No explicit timeout could be applied to the process termination
java.lang.NullPointerException
	at io.appium.java_client.service.local.AppiumDriverLocalService.destroyProcess(AppiumDriverLocalService.java:219)
	at io.appium.java_client.service.local.AppiumDriverLocalService.destroyProcess(AppiumDriverLocalService.java:234)
	at io.appium.java_client.service.local.AppiumDriverLocalService.stop(AppiumDriverLocalService.java:186)
	at Agencify.SignUp.SignUpWithNoCheckBoxClicked(SignUp.java:80)
	at sun.reflect.NativeMethodAccessorImpl.invoke0(Native Method)
	at sun.reflect.NativeMethodAccessorImpl.invoke(NativeMethodAccessorImpl.java:62)
	at sun.reflect.DelegatingMethodAccessorImpl.invoke(DelegatingMethodAccessorImpl.java:43)
	at java.lang.reflect.Method.invoke(Method.java:498)
	at org.testng.internal.MethodInvocationHelper.invokeMethod(MethodInvocationHelper.java:124)
	at org.testng.internal.Invoker.invokeMethod(Invoker.java:583)
	at org.testng.internal.Invoker.invokeTestMethod(Invoker.java:719)
	at org.testng.internal.Invoker.invokeTestMethods(Invoker.java:989)
	at org.testng.internal.TestMethodWorker.invokeTestMethods(TestMethodWorker.java:125)
	at org.testng.internal.TestMethodWorker.run(TestMethodWorker.java:109)
	at org.testng.TestRunner.privateRun(TestRunner.java:648)
	at org.testng.TestRunner.run(TestRunner.java:505)
	at org.testng.SuiteRunner.runTest(SuiteRunner.java:455)
	at org.testng.SuiteRunner.runSequentially(SuiteRunner.java:450)
	at org.testng.SuiteRunner.privateRun(SuiteRunner.java:415)
	at org.testng.SuiteRunner.run(SuiteRunner.java:364)
	at org.testng.SuiteRunnerWorker.runSuite(SuiteRunnerWorker.java:52)
	at org.testng.SuiteRunnerWorker.run(SuiteRunnerWorker.java:84)
	at org.testng.TestNG.runSuitesSequentially(TestNG.java:1208)
	at org.testng.TestNG.runSuitesLocally(TestNG.java:1137)
	at org.testng.TestNG.runSuites(TestNG.java:1049)
	at org.testng.TestNG.run(TestNG.java:1017)
	at org.apache.maven.surefire.testng.TestNGExecutor.run(TestNGExecutor.java:284)
	at org.apache.maven.surefire.testng.TestNGXmlTestSuite.execute(TestNGXmlTestSuite.java:75)
	at org.apache.maven.surefire.testng.TestNGProvider.invoke(TestNGProvider.java:119)
	at org.apache.maven.surefire.booter.ForkedBooter.runSuitesInProcess(ForkedBooter.java:428)
	at org.apache.maven.surefire.booter.ForkedBooter.execute(ForkedBooter.java:162)
	at org.apache.maven.surefire.booter.ForkedBooter.run(ForkedBooter.java:562)
	at org.apache.maven.surefire.booter.ForkedBooter.main(ForkedBooter.java:548)
]]></system-err>
  </testcase>
  <testcase name="SignUpWithNoEmail" classname="Agencify.SignUp" time="44.492">
    <failure message="Can&apos;t locate an element by this strategy: By.id: com.turnkeyafrica.agencify:id/customerMobileNo" type="org.openqa.selenium.NoSuchElementException"><![CDATA[org.openqa.selenium.NoSuchElementException: Can't locate an element by this strategy: By.id: com.turnkeyafrica.agencify:id/customerMobileNo
	at Agencify.SignUp.SignUpWithNoEmail(SignUp.java:23)
Caused by: org.openqa.selenium.TimeoutException: Expected condition failed: waiting for io.appium.java_client.pagefactory.AppiumElementLocator$WaitingFunction@355e34c7 (tried for 1 second(s) with 500 milliseconds interval)
	at Agencify.SignUp.SignUpWithNoEmail(SignUp.java:23)
Caused by: org.openqa.selenium.NoSuchElementException: 
An element could not be located on the page using the given search parameters.
For documentation on this error, please visit: https://www.seleniumhq.org/exceptions/no_such_element.html
Build info: version: '3.141.59', revision: 'e82be7d358', time: '2018-11-14T08:17:03'
System info: host: 'DESKTOP-20S6TDS', ip: '192.168.0.102', os.name: 'Windows 10', os.arch: 'amd64', os.version: '10.0', java.version: '1.8.0_301'
Driver info: io.appium.java_client.android.AndroidDriver
Capabilities {app: C:\Users\John Mumo\Desktop\..., appPackage: com.turnkeyafrica.agencify, automationName: uiautomator2, databaseEnabled: false, desired: {app: C:\Users\John Mumo\Desktop\..., automationName: uiautomator2, deviceName: Android Device, platformName: android}, deviceApiLevel: 27, deviceManufacturer: TECNO MOBILE LIMITED, deviceModel: TECNO CA7, deviceName: 0329625863001980, deviceScreenDensity: 320, deviceScreenSize: 720x1440, deviceUDID: 0329625863001980, javascriptEnabled: true, locationContextEnabled: false, networkConnectionEnabled: true, pixelRatio: 2, platform: LINUX, platformName: Android, platformVersion: 8.1.0, statBarHeight: 48, takesScreenshot: true, viewportRect: {height: 1296, left: 0, top: 48, width: 720}, warnings: {}, webStorageEnabled: false}
Session ID: 3e791dd2-35ad-4f36-bef6-960a3963f033
*** Element info: {Using=id, value=com.turnkeyafrica.agencify:id/customerMobileNo}
	at Agencify.SignUp.SignUpWithNoEmail(SignUp.java:23)
]]></failure>
    <system-out><![CDATA[&amp#27;[35m[HTTP]&amp#27;[39m &amp#27;[37m-->&amp#27;[39m &amp#27;[37mGET&amp#27;[39m &amp#27;[37m/wd/hub/status&amp#27;[39m
&amp#27;[35m[HTTP]&amp#27;[39m &amp#27;[90m{}&amp#27;[39m
[debug] &amp#27;[35m[GENERIC]&amp#27;[39m Calling AppiumDriver.getStatus() with args: []
[debug] &amp#27;[35m[GENERIC]&amp#27;[39m Responding to client with driver.getStatus() result: {"build":{"version":"1.21.0"}}
&amp#27;[35m[HTTP]&amp#27;[39m &amp#27;[37m<-- GET /wd/hub/status &amp#27;[39m&amp#27;[32m200&amp#27;[39m &amp#27;[90m1 ms - 68&amp#27;[39m
&amp#27;[35m[HTTP]&amp#27;[39m &amp#27;[90m&amp#27;[39m
&amp#27;[35m[Appium]&amp#27;[39m Welcome to Appium v1.21.0
&amp#27;[35m[HTTP]&amp#27;[39m Could not start REST http interface listener. The requested port may already be in use. Please make sure there is no other instance of this server running already.
Fatal Error: listen EADDRINUSE: address already in use 0.0.0.0:4723
    at Server.setupListenHandle [as _listen2] (net.js:1320:16)
    at listenInCluster (net.js:1368:12)
    at doListen (net.js:1505:7)
    at processTicksAndRejections (internal/process/task_queues.js:83:21)
&amp#27;[35m[HTTP]&amp#27;[39m &amp#27;[37m-->&amp#27;[39m &amp#27;[37mGET&amp#27;[39m &amp#27;[37m/wd/hub/status&amp#27;[39m
&amp#27;[35m[HTTP]&amp#27;[39m &amp#27;[90m{}&amp#27;[39m
[debug] &amp#27;[35m[GENERIC]&amp#27;[39m Calling AppiumDriver.getStatus() with args: []
[debug] &amp#27;[35m[GENERIC]&amp#27;[39m Responding to client with driver.getStatus() result: {"build":{"version":"1.21.0"}}
&amp#27;[35m[HTTP]&amp#27;[39m &amp#27;[37m<-- GET /wd/hub/status &amp#27;[39m&amp#27;[32m200&amp#27;[39m &amp#27;[90m2 ms - 68&amp#27;[39m
&amp#27;[35m[HTTP]&amp#27;[39m &amp#27;[90m&amp#27;[39m
[debug] &amp#27;[35m[HTTP]&amp#27;[39m Request idempotency key: cf07a66f-f33f-47bc-a5fc-def7a4698814
&amp#27;[35m[HTTP]&amp#27;[39m &amp#27;[37m-->&amp#27;[39m &amp#27;[37mPOST&amp#27;[39m &amp#27;[37m/wd/hub/session&amp#27;[39m
&amp#27;[35m[HTTP]&amp#27;[39m &amp#27;[90m{"desiredCapabilities":{"app":"C:\\Users\\John Mumo\\Desktop\\Agencify_App\\Agencify_App_Test\\src\\Agencify-universal-dev.apk","automationName":"uiautomator2","platformName":"Android","deviceName":"Android Device"},"capabilities":{"firstMatch":[{"appium:app":"C:\\Users\\John Mumo\\Desktop\\Agencify_App\\Agencify_App_Test\\src\\Agencify-universal-dev.apk","appium:automationName":"uiautomator2","appium:deviceName":"Android Device","platformName":"android"}]}}&amp#27;[39m
[debug] &amp#27;[35m[W3C]&amp#27;[39m Calling AppiumDriver.createSession() with args: [{"app":"C:\\Users\\John Mumo\\Desktop\\Agencify_App\\Agencify_App_Test\\src\\Agencify-universal-dev.apk","automationName":"uiautomator2","platformName":"Android","deviceName":"Android Device"},null,{"firstMatch":[{"appium:app":"C:\\Users\\John Mumo\\Desktop\\Agencify_App\\Agencify_App_Test\\src\\Agencify-universal-dev.apk","appium:automationName":"uiautomator2","appium:deviceName":"Android Device","platformName":"android"}]}]
[debug] &amp#27;[35m[BaseDriver]&amp#27;[39m Event 'newSessionRequested' logged at 1631533968905 (14:52:48 GMT+0300 (East Africa Time))
&amp#27;[35m[Appium]&amp#27;[39m Appium v1.21.0 creating new AndroidUiautomator2Driver (v1.65.0) session
[debug] &amp#27;[35m[BaseDriver]&amp#27;[39m W3C capabilities and MJSONWP desired capabilities were provided
[debug] &amp#27;[35m[BaseDriver]&amp#27;[39m Creating session with W3C capabilities: {
[debug] &amp#27;[35m[BaseDriver]&amp#27;[39m   "alwaysMatch": {
[debug] &amp#27;[35m[BaseDriver]&amp#27;[39m     "platformName": "android",
[debug] &amp#27;[35m[BaseDriver]&amp#27;[39m     "appium:app": "C:\\Users\\John Mumo\\Desktop\\Agencify_App\\Agencify_App_Test\\src\\Agencify-universal-dev.apk",
[debug] &amp#27;[35m[BaseDriver]&amp#27;[39m     "appium:automationName": "uiautomator2",
[debug] &amp#27;[35m[BaseDriver]&amp#27;[39m     "appium:deviceName": "Android Device"
[debug] &amp#27;[35m[BaseDriver]&amp#27;[39m   },
[debug] &amp#27;[35m[BaseDriver]&amp#27;[39m   "firstMatch": [
[debug] &amp#27;[35m[BaseDriver]&amp#27;[39m     {}
[debug] &amp#27;[35m[BaseDriver]&amp#27;[39m   ]
[debug] &amp#27;[35m[BaseDriver]&amp#27;[39m }
&amp#27;[35m[BaseDriver]&amp#27;[39m Session created with session id: 3e791dd2-35ad-4f36-bef6-960a3963f033
&amp#27;[35m[BaseDriver]&amp#27;[39m Using local app 'C:\Users\John Mumo\Desktop\Agencify_App\Agencify_App_Test\src\Agencify-universal-dev.apk'
[debug] &amp#27;[35m[UiAutomator2]&amp#27;[39m Checking whether app is actually present
&amp#27;[35m[ADB]&amp#27;[39m Using 'adb.exe' from 'C:\Users\John Mumo\AppData\Local\Android\Sdk\platform-tools\adb.exe'
[debug] &amp#27;[35m[ADB]&amp#27;[39m Running 'C:\Users\John Mumo\AppData\Local\Android\Sdk\platform-tools\adb.exe -P 5037 start-server'
&amp#27;[35m[AndroidDriver]&amp#27;[39m Retrieving device list
[debug] &amp#27;[35m[ADB]&amp#27;[39m Trying to find a connected android device
[debug] &amp#27;[35m[ADB]&amp#27;[39m Getting connected devices
[debug] &amp#27;[35m[ADB]&amp#27;[39m Connected devices: [{"udid":"0329625863001980","state":"device"}]
&amp#27;[35m[AndroidDriver]&amp#27;[39m Using device: 0329625863001980
&amp#27;[35m[ADB]&amp#27;[39m Using 'adb.exe' from 'C:\Users\John Mumo\AppData\Local\Android\Sdk\platform-tools\adb.exe'
[debug] &amp#27;[35m[ADB]&amp#27;[39m Running 'C:\Users\John Mumo\AppData\Local\Android\Sdk\platform-tools\adb.exe -P 5037 start-server'
[debug] &amp#27;[35m[ADB]&amp#27;[39m Setting device id to 0329625863001980
[debug] &amp#27;[35m[ADB]&amp#27;[39m Running 'C:\Users\John Mumo\AppData\Local\Android\Sdk\platform-tools\adb.exe -P 5037 -s 0329625863001980 shell getprop ro.build.version.sdk'
[debug] &amp#27;[35m[ADB]&amp#27;[39m Current device property 'ro.build.version.sdk': 27
[debug] &amp#27;[35m[ADB]&amp#27;[39m Device API level: 27
[debug] &amp#27;[35m[AndroidDriver]&amp#27;[39m Parsing package and activity from app manifest
&amp#27;[35m[ADB]&amp#27;[39m Package name: 'com.turnkeyafrica.agencify'
&amp#27;[35m[ADB]&amp#27;[39m Main activity name: 'com.turnkeyafrica.agencify.ui.splash.Splash'
[debug] &amp#27;[35m[AndroidDriver]&amp#27;[39m Parsed package and activity are: com.turnkeyafrica.agencify/com.turnkeyafrica.agencify.ui.splash.Splash
[debug] &amp#27;[35m[ADB]&amp#27;[39m Running 'C:\Users\John Mumo\AppData\Local\Android\Sdk\platform-tools\adb.exe -P 5037 -s 0329625863001980 wait-for-device'
[debug] &amp#27;[35m[ADB]&amp#27;[39m Running 'C:\Users\John Mumo\AppData\Local\Android\Sdk\platform-tools\adb.exe -P 5037 -s 0329625863001980 shell echo ping'
[debug] &amp#27;[35m[AndroidDriver]&amp#27;[39m Pushing settings apk to device...
[debug] &amp#27;[35m[ADB]&amp#27;[39m Getting install status for io.appium.settings
[debug] &amp#27;[35m[ADB]&amp#27;[39m Running 'C:\Users\John Mumo\AppData\Local\Android\Sdk\platform-tools\adb.exe -P 5037 -s 0329625863001980 shell dumpsys package io.appium.settings'
[debug] &amp#27;[35m[ADB]&amp#27;[39m 'io.appium.settings' is installed
[debug] &amp#27;[35m[ADB]&amp#27;[39m Getting package info for 'io.appium.settings'
[debug] &amp#27;[35m[ADB]&amp#27;[39m Running 'C:\Users\John Mumo\AppData\Local\Android\Sdk\platform-tools\adb.exe -P 5037 -s 0329625863001980 shell dumpsys package io.appium.settings'
[debug] &amp#27;[35m[ADB]&amp#27;[39m The version name of the installed 'io.appium.settings' is greater or equal to the application version name ('3.3.0' >= '3.3.0')
[debug] &amp#27;[35m[ADB]&amp#27;[39m There is no need to install/upgrade 'C:\Users\John Mumo\AppData\Roaming\npm\node_modules\appium\node_modules\io.appium.settings\apks\settings_apk-debug.apk'
[debug] &amp#27;[35m[ADB]&amp#27;[39m Getting IDs of all 'io.appium.settings' processes
[debug] &amp#27;[35m[ADB]&amp#27;[39m Running 'C:\Users\John Mumo\AppData\Local\Android\Sdk\platform-tools\adb.exe -P 5037 -s 0329625863001980 shell 'pgrep --help; echo $?''
[debug] &amp#27;[35m[ADB]&amp#27;[39m Running 'C:\Users\John Mumo\AppData\Local\Android\Sdk\platform-tools\adb.exe -P 5037 -s 0329625863001980 shell pgrep -f \(\[\[:blank:\]\]\|\^\)io\.appium\.settings\(\[\[:blank:\]\]\|\$\)'
[debug] &amp#27;[35m[AndroidDriver]&amp#27;[39m io.appium.settings is already running. There is no need to reset its permissions.
[debug] &amp#27;[35m[ADB]&amp#27;[39m Running 'C:\Users\John Mumo\AppData\Local\Android\Sdk\platform-tools\adb.exe -P 5037 -s 0329625863001980 shell appops set io.appium.settings android:mock_location allow'
[debug] &amp#27;[35m[Logcat]&amp#27;[39m Starting logs capture with command: 'C:\\Users\\John Mumo\\AppData\\Local\\Android\\Sdk\\platform-tools\\adb.exe' -P 5037 -s 0329625863001980 logcat -v threadtime
[debug] &amp#27;[35m[UiAutomator2]&amp#27;[39m Forwarding UiAutomator2 Server port 6790 to local port 8201
[debug] &amp#27;[35m[ADB]&amp#27;[39m Forwarding system: 8201 to device: 6790
[debug] &amp#27;[35m[ADB]&amp#27;[39m Running 'C:\Users\John Mumo\AppData\Local\Android\Sdk\platform-tools\adb.exe -P 5037 -s 0329625863001980 forward tcp:8201 tcp:6790'
[debug] &amp#27;[35m[ADB]&amp#27;[39m Getting install status for io.appium.uiautomator2.server
[debug] &amp#27;[35m[ADB]&amp#27;[39m Running 'C:\Users\John Mumo\AppData\Local\Android\Sdk\platform-tools\adb.exe -P 5037 -s 0329625863001980 shell dumpsys package io.appium.uiautomator2.server'
[debug] &amp#27;[35m[ADB]&amp#27;[39m 'io.appium.uiautomator2.server' is installed
[debug] &amp#27;[35m[ADB]&amp#27;[39m Getting package info for 'io.appium.uiautomator2.server'
[debug] &amp#27;[35m[ADB]&amp#27;[39m Running 'C:\Users\John Mumo\AppData\Local\Android\Sdk\platform-tools\adb.exe -P 5037 -s 0329625863001980 shell dumpsys package io.appium.uiautomator2.server'
[debug] &amp#27;[35m[ADB]&amp#27;[39m The version name of the installed 'io.appium.uiautomator2.server' is greater or equal to the application version name ('4.21.1' >= '4.21.1')
[debug] &amp#27;[35m[UiAutomator2]&amp#27;[39m io.appium.uiautomator2.server installation state: sameVersionInstalled
[debug] &amp#27;[35m[ADB]&amp#27;[39m Checking app cert for C:\Users\John Mumo\AppData\Roaming\npm\node_modules\appium\node_modules\appium-uiautomator2-server\apks\appium-uiautomator2-server-v4.21.1.apk
&amp#27;[35m[ADB]&amp#27;[39m Using 'apksigner.jar' from 'C:\Users\John Mumo\AppData\Local\Android\Sdk\build-tools\31.0.0\lib\apksigner.jar'
[debug] &amp#27;[35m[ADB]&amp#27;[39m Starting apksigner: 'C:\\Program Files\\Java\\jdk1.8.0_301\\bin\\java.exe' -Xmx1024M -Xss1m -jar 'C:\\Users\\John Mumo\\AppData\\Local\\Android\\Sdk\\build-tools\\31.0.0\\lib\\apksigner.jar' verify --print-certs 'C:\\Users\\John Mumo\\AppData\\Roaming\\npm\\node_modules\\appium\\node_modules\\appium-uiautomator2-server\\apks\\appium-uiautomator2-server-v4.21.1.apk'
&amp#27;[35m[Appium]&amp#27;[39m Welcome to Appium v1.21.0
&amp#27;[35m[HTTP]&amp#27;[39m Could not start REST http interface listener. The requested port may already be in use. Please make sure there is no other instance of this server running already.
Fatal Error: listen EADDRINUSE: address already in use 0.0.0.0:4723
    at Server.setupListenHandle [as _listen2] (net.js:1320:16)
    at listenInCluster (net.js:1368:12)
    at doListen (net.js:1505:7)
    at processTicksAndRejections (internal/process/task_queues.js:83:21)
[debug] &amp#27;[35m[ADB]&amp#27;[39m apksigner stdout: Signer #1 certificate DN: EMAILADDRESS=android@android.com, CN=Android, OU=Android, O=Android, L=Mountain View, ST=California, C=US
[debug] &amp#27;[35m[ADB]&amp#27;[39m Signer #1 certificate SHA-256 digest: a40da80a59d170caa950cf15c18c454d47a39b26989d8b640ecd745ba71bf5dc
[debug] &amp#27;[35m[ADB]&amp#27;[39m Signer #1 certificate SHA-1 digest: 61ed377e85d386a8dfee6b864bd85b0bfaa5af81
[debug] &amp#27;[35m[ADB]&amp#27;[39m Signer #1 certificate MD5 digest: e89b158e4bcf988ebd09eb83f5378e87
[debug] &amp#27;[35m[ADB]&amp#27;[39m 
[debug] &amp#27;[35m[ADB]&amp#27;[39m sha256 hash did match for 'appium-uiautomator2-server-v4.21.1.apk'
&amp#27;[35m[ADB]&amp#27;[39m 'C:\Users\John Mumo\AppData\Roaming\npm\node_modules\appium\node_modules\appium-uiautomator2-server\apks\appium-uiautomator2-server-v4.21.1.apk' is signed with the default certificate
[debug] &amp#27;[35m[ADB]&amp#27;[39m Getting install status for io.appium.uiautomator2.server.test
[debug] &amp#27;[35m[ADB]&amp#27;[39m Running 'C:\Users\John Mumo\AppData\Local\Android\Sdk\platform-tools\adb.exe -P 5037 -s 0329625863001980 shell dumpsys package io.appium.uiautomator2.server.test'
[debug] &amp#27;[35m[ADB]&amp#27;[39m 'io.appium.uiautomator2.server.test' is installed
[debug] &amp#27;[35m[ADB]&amp#27;[39m Checking app cert for C:\Users\John Mumo\AppData\Roaming\npm\node_modules\appium\node_modules\appium-uiautomator2-server\apks\appium-uiautomator2-server-debug-androidTest.apk
[debug] &amp#27;[35m[ADB]&amp#27;[39m Starting apksigner: 'C:\\Program Files\\Java\\jdk1.8.0_301\\bin\\java.exe' -Xmx1024M -Xss1m -jar 'C:\\Users\\John Mumo\\AppData\\Local\\Android\\Sdk\\build-tools\\31.0.0\\lib\\apksigner.jar' verify --print-certs 'C:\\Users\\John Mumo\\AppData\\Roaming\\npm\\node_modules\\appium\\node_modules\\appium-uiautomator2-server\\apks\\appium-uiautomator2-server-debug-androidTest.apk'
[debug] &amp#27;[35m[ADB]&amp#27;[39m apksigner stdout: Signer #1 certificate DN: EMAILADDRESS=android@android.com, CN=Android, OU=Android, O=Android, L=Mountain View, ST=California, C=US
[debug] &amp#27;[35m[ADB]&amp#27;[39m Signer #1 certificate SHA-256 digest: a40da80a59d170caa950cf15c18c454d47a39b26989d8b640ecd745ba71bf5dc
[debug] &amp#27;[35m[ADB]&amp#27;[39m Signer #1 certificate SHA-1 digest: 61ed377e85d386a8dfee6b864bd85b0bfaa5af81
[debug] &amp#27;[35m[ADB]&amp#27;[39m Signer #1 certificate MD5 digest: e89b158e4bcf988ebd09eb83f5378e87
[debug] &amp#27;[35m[ADB]&amp#27;[39m 
[debug] &amp#27;[35m[ADB]&amp#27;[39m sha256 hash did match for 'appium-uiautomator2-server-debug-androidTest.apk'
&amp#27;[35m[ADB]&amp#27;[39m 'C:\Users\John Mumo\AppData\Roaming\npm\node_modules\appium\node_modules\appium-uiautomator2-server\apks\appium-uiautomator2-server-debug-androidTest.apk' is signed with the default certificate
&amp#27;[35m[UiAutomator2]&amp#27;[39m Server packages are not going to be (re)installed
[debug] &amp#27;[35m[UiAutomator2]&amp#27;[39m Waiting up to 30000ms for services to be available
[debug] &amp#27;[35m[ADB]&amp#27;[39m Running 'C:\Users\John Mumo\AppData\Local\Android\Sdk\platform-tools\adb.exe -P 5037 -s 0329625863001980 shell pm list instrumentation'
[debug] &amp#27;[35m[UiAutomator2]&amp#27;[39m Instrumentation target 'io.appium.uiautomator2.server.test/androidx.test.runner.AndroidJUnitRunner' is available
&amp#27;[35m[ADB]&amp#27;[39m Adding packages ["io.appium.settings","io.appium.uiautomator2.server","io.appium.uiautomator2.server.test"] to Doze whitelist
[debug] &amp#27;[35m[ADB]&amp#27;[39m Got the following command chunks to execute: [["dumpsys","deviceidle","whitelist","+io.appium.settings",";","dumpsys","deviceidle","whitelist","+io.appium.uiautomator2.server",";","dumpsys","deviceidle","whitelist","+io.appium.uiautomator2.server.test",";"]]
[debug] &amp#27;[35m[ADB]&amp#27;[39m Running 'C:\Users\John Mumo\AppData\Local\Android\Sdk\platform-tools\adb.exe -P 5037 -s 0329625863001980 shell dumpsys deviceidle whitelist +io.appium.settings ; dumpsys deviceidle whitelist +io.appium.uiautomator2.server ; dumpsys deviceidle whitelist +io.appium.uiautomator2.server.test ;'
[debug] &amp#27;[35m[ADB]&amp#27;[39m Checking app cert for C:\Users\John Mumo\Desktop\Agencify_App\Agencify_App_Test\src\Agencify-universal-dev.apk
[debug] &amp#27;[35m[ADB]&amp#27;[39m Starting apksigner: 'C:\\Program Files\\Java\\jdk1.8.0_301\\bin\\java.exe' -Xmx1024M -Xss1m -jar 'C:\\Users\\John Mumo\\AppData\\Local\\Android\\Sdk\\build-tools\\31.0.0\\lib\\apksigner.jar' verify --print-certs 'C:\\Users\\John Mumo\\Desktop\\Agencify_App\\Agencify_App_Test\\src\\Agencify-universal-dev.apk'
[debug] &amp#27;[35m[ADB]&amp#27;[39m apksigner stdout: Signer #1 certificate DN: CN=Kelvin Macharia, OU=1, O=Turnkey Africa Ltd, L=Nairobi, ST=Nairobi, C=254
[debug] &amp#27;[35m[ADB]&amp#27;[39m Signer #1 certificate SHA-256 digest: bea01f45993c5444da0c012e5d2217651ee76b2920c5b0e47f40ddfcfb87035a
[debug] &amp#27;[35m[ADB]&amp#27;[39m Signer #1 certificate SHA-1 digest: 4294fd12d78ada03cb413c6008895e8972c7740b
[debug] &amp#27;[35m[ADB]&amp#27;[39m Signer #1 certificate MD5 digest: b5678b443b80dfdec285fc9379bf8baf
[debug] &amp#27;[35m[ADB]&amp#27;[39m 
&amp#27;[35m[ADB]&amp#27;[39m 'C:\Users\John Mumo\Desktop\Agencify_App\Agencify_App_Test\src\Agencify-universal-dev.apk' is signed with a non-default certificate
[debug] &amp#27;[35m[ADB]&amp#27;[39m Getting install status for com.turnkeyafrica.agencify
[debug] &amp#27;[35m[ADB]&amp#27;[39m Running 'C:\Users\John Mumo\AppData\Local\Android\Sdk\platform-tools\adb.exe -P 5037 -s 0329625863001980 shell dumpsys package com.turnkeyafrica.agencify'
[debug] &amp#27;[35m[ADB]&amp#27;[39m 'com.turnkeyafrica.agencify' is installed
[debug] &amp#27;[35m[ADB]&amp#27;[39m Getting package info for 'com.turnkeyafrica.agencify'
[debug] &amp#27;[35m[ADB]&amp#27;[39m Running 'C:\Users\John Mumo\AppData\Local\Android\Sdk\platform-tools\adb.exe -P 5037 -s 0329625863001980 shell dumpsys package com.turnkeyafrica.agencify'
[debug] &amp#27;[35m[ADB]&amp#27;[39m The version code of the installed 'com.turnkeyafrica.agencify' is greater than the application version code (96 > 95)
[debug] &amp#27;[35m[ADB]&amp#27;[39m There is no need to downgrade 'com.turnkeyafrica.agencify'
&amp#27;[35m[AndroidDriver]&amp#27;[39m Performing fast reset on 'com.turnkeyafrica.agencify'
[debug] &amp#27;[35m[ADB]&amp#27;[39m Getting install status for com.turnkeyafrica.agencify
[debug] &amp#27;[35m[ADB]&amp#27;[39m Running 'C:\Users\John Mumo\AppData\Local\Android\Sdk\platform-tools\adb.exe -P 5037 -s 0329625863001980 shell dumpsys package com.turnkeyafrica.agencify'
[debug] &amp#27;[35m[ADB]&amp#27;[39m 'com.turnkeyafrica.agencify' is installed
[debug] &amp#27;[35m[ADB]&amp#27;[39m Running 'C:\Users\John Mumo\AppData\Local\Android\Sdk\platform-tools\adb.exe -P 5037 -s 0329625863001980 shell am force-stop com.turnkeyafrica.agencify'
[debug] &amp#27;[35m[ADB]&amp#27;[39m Running 'C:\Users\John Mumo\AppData\Local\Android\Sdk\platform-tools\adb.exe -P 5037 -s 0329625863001980 shell pm clear com.turnkeyafrica.agencify'
[debug] &amp#27;[35m[AndroidDriver]&amp#27;[39m Performed fast reset on the installed 'com.turnkeyafrica.agencify' application (stop and clear)
[debug] &amp#27;[35m[UiAutomator2]&amp#27;[39m Performing shallow cleanup of automation leftovers
[debug] &amp#27;[35m[UiAutomator2]&amp#27;[39m The following obsolete sessions are still running: [null]
[debug] &amp#27;[35m[UiAutomator2]&amp#27;[39m Cleaning up the obsolete sessions
[debug] &amp#27;[35m[Instrumentation]&amp#27;[39m .
[debug] &amp#27;[35m[Instrumentation]&amp#27;[39m Time: 32.21
[debug] &amp#27;[35m[Instrumentation]&amp#27;[39m 
[debug] &amp#27;[35m[Instrumentation]&amp#27;[39m OK (1 test)
[debug] &amp#27;[35m[Instrumentation]&amp#27;[39m The process has exited with code 0
[debug] &amp#27;[35m[ADB]&amp#27;[39m Running 'C:\Users\John Mumo\AppData\Local\Android\Sdk\platform-tools\adb.exe -P 5037 -s 0329625863001980 shell am force-stop io.appium.uiautomator2.server.test'
&amp#27;[35m[UiAutomator2]&amp#27;[39m Starting UIAutomator2 server 4.21.1
&amp#27;[35m[UiAutomator2]&amp#27;[39m Using UIAutomator2 server from 'C:\Users\John Mumo\AppData\Roaming\npm\node_modules\appium\node_modules\appium-uiautomator2-server\apks\appium-uiautomator2-server-v4.21.1.apk' and test from 'C:\Users\John Mumo\AppData\Roaming\npm\node_modules\appium\node_modules\appium-uiautomator2-server\apks\appium-uiautomator2-server-debug-androidTest.apk'
&amp#27;[35m[UiAutomator2]&amp#27;[39m Waiting up to 30000ms for UiAutomator2 to be online...
[debug] &amp#27;[35m[ADB]&amp#27;[39m Creating ADB subprocess with args: ["-P",5037,"-s","0329625863001980","shell","am","instrument","-w","-e","disableAnalytics",true,"io.appium.uiautomator2.server.test/androidx.test.runner.AndroidJUnitRunner"]
[debug] &amp#27;[35m[WD Proxy]&amp#27;[39m Matched '/status' to command name 'getStatus'
[debug] &amp#27;[35m[WD Proxy]&amp#27;[39m Proxying [GET /status] to [GET http://127.0.0.1:8201/wd/hub/status] with no body
&amp#27;[35m[WD Proxy]&amp#27;[39m socket hang up
[debug] &amp#27;[35m[WD Proxy]&amp#27;[39m Matched '/status' to command name 'getStatus'
[debug] &amp#27;[35m[WD Proxy]&amp#27;[39m Proxying [GET /status] to [GET http://127.0.0.1:8201/wd/hub/status] with no body
&amp#27;[35m[WD Proxy]&amp#27;[39m socket hang up
[debug] &amp#27;[35m[Instrumentation]&amp#27;[39m io.appium.uiautomator2.server.test.AppiumUiAutomator2Server:
[debug] &amp#27;[35m[WD Proxy]&amp#27;[39m Matched '/status' to command name 'getStatus'
[debug] &amp#27;[35m[WD Proxy]&amp#27;[39m Proxying [GET /status] to [GET http://127.0.0.1:8201/wd/hub/status] with no body
&amp#27;[35m[WD Proxy]&amp#27;[39m socket hang up
[debug] &amp#27;[35m[WD Proxy]&amp#27;[39m Matched '/status' to command name 'getStatus'
[debug] &amp#27;[35m[WD Proxy]&amp#27;[39m Proxying [GET /status] to [GET http://127.0.0.1:8201/wd/hub/status] with no body
&amp#27;[35m[WD Proxy]&amp#27;[39m socket hang up
[debug] &amp#27;[35m[WD Proxy]&amp#27;[39m Matched '/status' to command name 'getStatus'
[debug] &amp#27;[35m[WD Proxy]&amp#27;[39m Proxying [GET /status] to [GET http://127.0.0.1:8201/wd/hub/status] with no body
[debug] &amp#27;[35m[WD Proxy]&amp#27;[39m Got response with status 200: {"sessionId":"None","value":{"message":"UiAutomator2 Server is ready to accept commands","ready":true}}
[debug] &amp#27;[35m[UiAutomator2]&amp#27;[39m The initialization of the instrumentation process took 4221ms
[debug] &amp#27;[35m[WD Proxy]&amp#27;[39m Matched '/session' to command name 'createSession'
[debug] &amp#27;[35m[WD Proxy]&amp#27;[39m Proxying [POST /session] to [POST http://127.0.0.1:8201/wd/hub/session] with body: {"capabilities":{"firstMatch":[{"platform":"LINUX","webStorageEnabled":false,"takesScreenshot":true,"javascriptEnabled":true,"databaseEnabled":false,"networkConnectionEnabled":true,"locationContextEnabled":false,"warnings":{},"desired":{"platformName":"android","app":"C:\\Users\\John Mumo\\Desktop\\Agencify_App\\Agencify_App_Test\\src\\Agencify-universal-dev.apk","automationName":"uiautomator2","deviceName":"Android Device"},"platformName":"android","app":"C:\\Users\\John Mumo\\Desktop\\Agencify_App\\Agencify_App_Test\\src\\Agencify-universal-dev.apk","automationName":"uiautomator2","deviceName":"0329625863001980","deviceUDID":"0329625863001980","appPackage":"com.turnkeyafrica.agencify"}],"alwaysMatch":{}}}
[debug] &amp#27;[35m[WD Proxy]&amp#27;[39m Got response with status 200: {"sessionId":"01276b1b-58f6-4c0d-9b17-e895c0b0d197","value":{"capabilities":{"firstMatch":[{"platform":"LINUX","webStorageEnabled":false,"takesScreenshot":true,"javascriptEnabled":true,"databaseEnabled":false,"networkConnectionEnabled":true,"locationContextEnabled":false,"warnings":{},"desired":{"platformName":"android","app":"C:\\Users\\John Mumo\\Desktop\\Agencify_App\\Agencify_App_Test\\src\\Agencify-universal-dev.apk","automationName":"uiautomator2","deviceName":"Android Device"},"platformName":"android","app":"C:\\Users\\John Mumo\\Desktop\\Agencify_App\\Agencify_App_Test\\src\\Agencify-universal-dev.apk","automationName":"uiautomator2","deviceName":"0329625863001980","deviceUDID":"0329625863001980","appPackage":"com.turnkeyafrica.agencify"}],"alwaysMatch":{}},"sessionId":"01276b1b-58f6-4c0d-9b17-e895c0b0d197"}}
&amp#27;[35m[WD Proxy]&amp#27;[39m Determined the downstream protocol as 'W3C'
[debug] &amp#27;[35m[WD Proxy]&amp#27;[39m Proxying [GET /appium/device/info] to [GET http://127.0.0.1:8201/wd/hub/session/01276b1b-58f6-4c0d-9b17-e895c0b0d197/appium/device/info] with no body
[debug] &amp#27;[35m[WD Proxy]&amp#27;[39m Got response with status 200: {"sessionId":"01276b1b-58f6-4c0d-9b17-e895c0b0d197","value":{"androidId":"2d21e1b2791b275f","apiVersion":"27","bluetooth":{"state":"OFF"},"brand":"TECNO","carrierName":"Safaricom","displayDensity":320,"locale":"en_US","manufacturer":"TECNO MOBILE LIMITED","model":"TECNO CA7","networks":[{"capabilities":{"SSID":null,"linkDownBandwidthKbps":1048576,"linkUpstreamBandwidthKbps":1048576,"networkCapabilities":"NET_CAPABILITY_NOT_METERED,NET_CAPABILITY_INTERNET,NET_CAPABILITY_NOT_RESTRICTED,NET_CAPABILITY_TRUSTED,NET_CAPABILITY_NOT_VPN,NET_CAPABILITY_VALIDATED,NET_CAPABILITY_NOT_ROAMING","signalStrength":-50,"transportTypes":"TRANSPORT_WIFI"},"detailedState":"CONNECTED","extraInfo":"\"Mumo\"","isAvailable":true,"isConnected":true,"isFailover":false,"isRoaming":false,"state":"CONNECTED","subtype":0,"subtypeName":"","type":1,"typeName":"WIFI"}],"platformVersion":"8.1.0","realDisplaySize":"720x1440","timeZone":"Africa/Nairobi"}}
[debug] &amp#27;[35m[ADB]&amp#27;[39m Running 'C:\Users\John Mumo\AppData\Local\Android\Sdk\platform-tools\adb.exe -P 5037 -s 0329625863001980 shell dumpsys window'
&amp#27;[35m[AndroidDriver]&amp#27;[39m Screen already unlocked, doing nothing
&amp#27;[35m[UiAutomator2]&amp#27;[39m Starting 'com.turnkeyafrica.agencify/com.turnkeyafrica.agencify.ui.splash.Splash and waiting for 'com.turnkeyafrica.agencify/com.turnkeyafrica.agencify.ui.splash.Splash'
[debug] &amp#27;[35m[ADB]&amp#27;[39m Running 'C:\Users\John Mumo\AppData\Local\Android\Sdk\platform-tools\adb.exe -P 5037 -s 0329625863001980 shell am start -W -n com.turnkeyafrica.agencify/com.turnkeyafrica.agencify.ui.splash.Splash -S -a android.intent.action.MAIN -c android.intent.category.LAUNCHER -f 0x10200000'
[debug] &amp#27;[35m[ADB]&amp#27;[39m Waiting up to 20000ms for activity matching pkg: 'com.turnkeyafrica.agencify' and activity: 'com.turnkeyafrica.agencify.ui.splash.Splash' to be focused
[debug] &amp#27;[35m[ADB]&amp#27;[39m Possible activities, to be checked: 'com.turnkeyafrica.agencify.ui.splash.Splash', 'com.turnkeyafrica.agencify.com.turnkeyafrica.agencify.ui.splash.Splash'
[debug] &amp#27;[35m[ADB]&amp#27;[39m Getting focused package and activity
[debug] &amp#27;[35m[ADB]&amp#27;[39m Running 'C:\Users\John Mumo\AppData\Local\Android\Sdk\platform-tools\adb.exe -P 5037 -s 0329625863001980 shell dumpsys window windows'
[debug] &amp#27;[35m[ADB]&amp#27;[39m Found package: 'com.turnkeyafrica.agencify' and fully qualified activity name : 'com.turnkeyafrica.agencify.ui.splash.Splash'
[debug] &amp#27;[35m[WD Proxy]&amp#27;[39m Proxying [GET /appium/device/pixel_ratio] to [GET http://127.0.0.1:8201/wd/hub/session/01276b1b-58f6-4c0d-9b17-e895c0b0d197/appium/device/pixel_ratio] with no body
[debug] &amp#27;[35m[WD Proxy]&amp#27;[39m Got response with status 200: {"sessionId":"01276b1b-58f6-4c0d-9b17-e895c0b0d197","value":2}
[debug] &amp#27;[35m[WD Proxy]&amp#27;[39m Matched '/appium/device/system_bars' to command name 'getSystemBars'
[debug] &amp#27;[35m[WD Proxy]&amp#27;[39m Proxying [GET /appium/device/system_bars] to [GET http://127.0.0.1:8201/wd/hub/session/01276b1b-58f6-4c0d-9b17-e895c0b0d197/appium/device/system_bars] with no body
[debug] &amp#27;[35m[WD Proxy]&amp#27;[39m Got response with status 200: {"sessionId":"01276b1b-58f6-4c0d-9b17-e895c0b0d197","value":{"statusBar":48}}
[debug] &amp#27;[35m[WD Proxy]&amp#27;[39m Matched '/window/current/size' to command name 'getWindowSize'
[debug] &amp#27;[35m[WD Proxy]&amp#27;[39m Proxying [GET /window/current/size] to [GET http://127.0.0.1:8201/wd/hub/session/01276b1b-58f6-4c0d-9b17-e895c0b0d197/window/current/size] with no body
[debug] &amp#27;[35m[WD Proxy]&amp#27;[39m Got response with status 200: {"sessionId":"01276b1b-58f6-4c0d-9b17-e895c0b0d197","value":{"height":1344,"width":720}}
&amp#27;[35m[Appium]&amp#27;[39m New AndroidUiautomator2Driver session created successfully, session 3e791dd2-35ad-4f36-bef6-960a3963f033 added to master session list
[debug] &amp#27;[35m[BaseDriver]&amp#27;[39m Event 'newSessionStarted' logged at 1631533983868 (14:53:03 GMT+0300 (East Africa Time))
[debug] &amp#27;[35m[W3C (3e791dd2)]&amp#27;[39m Cached the protocol value 'W3C' for the new session 3e791dd2-35ad-4f36-bef6-960a3963f033
[debug] &amp#27;[35m[W3C (3e791dd2)]&amp#27;[39m Responding to client with driver.createSession() result: {"capabilities":{"platform":"LINUX","webStorageEnabled":false,"takesScreenshot":true,"javascriptEnabled":true,"databaseEnabled":false,"networkConnectionEnabled":true,"locationContextEnabled":false,"warnings":{},"desired":{"platformName":"android","app":"C:\\Users\\John Mumo\\Desktop\\Agencify_App\\Agencify_App_Test\\src\\Agencify-universal-dev.apk","automationName":"uiautomator2","deviceName":"Android Device"},"platformName":"android","app":"C:\\Users\\John Mumo\\Desktop\\Agencify_App\\Agencify_App_Test\\src\\Agencify-universal-dev.apk","automationName":"uiautomator2","deviceName":"0329625863001980","deviceUDID":"0329625863001980","appPackage":"com.turnkeyafrica.agencify","deviceApiLevel":27,"platformVersion":"8.1.0","deviceScreenSize":"720x1440","deviceScreenDensity":320,"deviceModel":"TECNO CA7","deviceManufacturer":"TECNO MOBILE LIMITED","pixelRatio":2,"statBarHeight":48,"viewportRect":{"left":0,"top":48,"width":720,"height":1296}}}
&amp#27;[35m[HTTP]&amp#27;[39m &amp#27;[37m<-- POST /wd/hub/session &amp#27;[39m&amp#27;[32m200&amp#27;[39m &amp#27;[90m14966 ms - 1010&amp#27;[39m
&amp#27;[35m[HTTP]&amp#27;[39m &amp#27;[90m&amp#27;[39m
&amp#27;[35m[HTTP]&amp#27;[39m &amp#27;[37m-->&amp#27;[39m &amp#27;[37mPOST&amp#27;[39m &amp#27;[37m/wd/hub/session/3e791dd2-35ad-4f36-bef6-960a3963f033/timeouts&amp#27;[39m
&amp#27;[35m[HTTP]&amp#27;[39m &amp#27;[90m{"implicit":20000}&amp#27;[39m
[debug] &amp#27;[35m[W3C (3e791dd2)]&amp#27;[39m Calling AppiumDriver.timeouts() with args: [null,null,null,null,20000,"3e791dd2-35ad-4f36-bef6-960a3963f033"]
[debug] &amp#27;[35m[BaseDriver]&amp#27;[39m W3C timeout argument: {"implicit":20000}}
[debug] &amp#27;[35m[BaseDriver]&amp#27;[39m Set implicit wait to 20000ms
[debug] &amp#27;[35m[W3C (3e791dd2)]&amp#27;[39m Responding to client with driver.timeouts() result: null
&amp#27;[35m[HTTP]&amp#27;[39m &amp#27;[37m<-- POST /wd/hub/session/3e791dd2-35ad-4f36-bef6-960a3963f033/timeouts &amp#27;[39m&amp#27;[32m200&amp#27;[39m &amp#27;[90m6 ms - 14&amp#27;[39m
&amp#27;[35m[HTTP]&amp#27;[39m &amp#27;[90m&amp#27;[39m
&amp#27;[35m[HTTP]&amp#27;[39m &amp#27;[37m-->&amp#27;[39m &amp#27;[37mGET&amp#27;[39m &amp#27;[37m/wd/hub/session/3e791dd2-35ad-4f36-bef6-960a3963f033/context&amp#27;[39m
&amp#27;[35m[HTTP]&amp#27;[39m &amp#27;[90m{}&amp#27;[39m
[debug] &amp#27;[35m[W3C (3e791dd2)]&amp#27;[39m Calling AppiumDriver.getCurrentContext() with args: ["3e791dd2-35ad-4f36-bef6-960a3963f033"]
[debug] &amp#27;[35m[W3C (3e791dd2)]&amp#27;[39m Responding to client with driver.getCurrentContext() result: "NATIVE_APP"
&amp#27;[35m[HTTP]&amp#27;[39m &amp#27;[37m<-- GET /wd/hub/session/3e791dd2-35ad-4f36-bef6-960a3963f033/context &amp#27;[39m&amp#27;[32m200&amp#27;[39m &amp#27;[90m2 ms - 22&amp#27;[39m
&amp#27;[35m[HTTP]&amp#27;[39m &amp#27;[90m&amp#27;[39m
&amp#27;[35m[HTTP]&amp#27;[39m &amp#27;[37m-->&amp#27;[39m &amp#27;[37mPOST&amp#27;[39m &amp#27;[37m/wd/hub/session/3e791dd2-35ad-4f36-bef6-960a3963f033/element&amp#27;[39m
&amp#27;[35m[HTTP]&amp#27;[39m &amp#27;[90m{"using":"xpath","value":"//*[@text = 'Join now']"}&amp#27;[39m
[debug] &amp#27;[35m[W3C (3e791dd2)]&amp#27;[39m Calling AppiumDriver.findElement() with args: ["xpath","//*[@text = 'Join now']","3e791dd2-35ad-4f36-bef6-960a3963f033"]
[debug] &amp#27;[35m[BaseDriver]&amp#27;[39m Valid locator strategies for this request: xpath, id, class name, accessibility id, css selector, -android uiautomator
[debug] &amp#27;[35m[BaseDriver]&amp#27;[39m Waiting up to 20000 ms for condition
[debug] &amp#27;[35m[WD Proxy]&amp#27;[39m Matched '/element' to command name 'findElement'
[debug] &amp#27;[35m[WD Proxy]&amp#27;[39m Proxying [POST /element] to [POST http://127.0.0.1:8201/wd/hub/session/01276b1b-58f6-4c0d-9b17-e895c0b0d197/element] with body: {"strategy":"xpath","selector":"//*[@text = 'Join now']","context":"","multiple":false}
&amp#27;[35m[WD Proxy]&amp#27;[39m Got response with status 404: {"sessionId":"01276b1b-58f6-4c0d-9b17-e895c0b0d197","value":{"error":"no such element","message":"An element could not be located on the page using the given search parameters","stacktrace":"io.appium.uiautomator2.common.exceptions.ElementNotFoundException: An element could not be located on the page using the given search parameters\n\tat io.appium.uiautomator2.handler.FindElement.findElement(FindElement.java:89)\n\tat io.appium.uiautomator2.handler.FindElement.safeHandle(FindElement.java:66)\n\tat io.appium.uiautomator2.handler.request.SafeRequestHandler.handle(SafeRequestHandler.java:41)\n\tat io.appium.uiautomator2.server.AppiumServlet.handleRequest(AppiumServlet.java:262)\n\tat io.appium.uiautomator2.server.AppiumServlet.handleHttpRequest(AppiumServlet.java:256)\n\tat io.appium.uiautomator2.http.ServerHandler.channelRead(ServerHandler.java:68)\n\tat io.netty.channel.AbstractChannelHandlerContext.invokeChannelRead(AbstractChannelHandlerContext.java:366)\n\tat io.netty.channel.AbstractChannelHandlerCont...
[debug] &amp#27;[35m[W3C]&amp#27;[39m Matched W3C error code 'no such element' to NoSuchElementError
[debug] &amp#27;[35m[BaseDriver]&amp#27;[39m Waited for 3028 ms so far
[debug] &amp#27;[35m[WD Proxy]&amp#27;[39m Matched '/element' to command name 'findElement'
[debug] &amp#27;[35m[WD Proxy]&amp#27;[39m Proxying [POST /element] to [POST http://127.0.0.1:8201/wd/hub/session/01276b1b-58f6-4c0d-9b17-e895c0b0d197/element] with body: {"strategy":"xpath","selector":"//*[@text = 'Join now']","context":"","multiple":false}
[debug] &amp#27;[35m[WD Proxy]&amp#27;[39m Got response with status 200: {"sessionId":"01276b1b-58f6-4c0d-9b17-e895c0b0d197","value":{"ELEMENT":"88635a49-308f-4cad-a441-b093975348ba","element-6066-11e4-a52e-4f735466cecf":"88635a49-308f-4cad-a441-b093975348ba"}}
[debug] &amp#27;[35m[W3C (3e791dd2)]&amp#27;[39m Responding to client with driver.findElement() result: {"element-6066-11e4-a52e-4f735466cecf":"88635a49-308f-4cad-a441-b093975348ba","ELEMENT":"88635a49-308f-4cad-a441-b093975348ba"}
&amp#27;[35m[HTTP]&amp#27;[39m &amp#27;[37m<-- POST /wd/hub/session/3e791dd2-35ad-4f36-bef6-960a3963f033/element &amp#27;[39m&amp#27;[32m200&amp#27;[39m &amp#27;[90m4590 ms - 137&amp#27;[39m
&amp#27;[35m[HTTP]&amp#27;[39m &amp#27;[90m&amp#27;[39m
&amp#27;[35m[HTTP]&amp#27;[39m &amp#27;[37m-->&amp#27;[39m &amp#27;[37mPOST&amp#27;[39m &amp#27;[37m/wd/hub/session/3e791dd2-35ad-4f36-bef6-960a3963f033/element/88635a49-308f-4cad-a441-b093975348ba/click&amp#27;[39m
&amp#27;[35m[HTTP]&amp#27;[39m &amp#27;[90m{"id":"88635a49-308f-4cad-a441-b093975348ba"}&amp#27;[39m
[debug] &amp#27;[35m[W3C (3e791dd2)]&amp#27;[39m Calling AppiumDriver.click() with args: ["88635a49-308f-4cad-a441-b093975348ba","3e791dd2-35ad-4f36-bef6-960a3963f033"]
[debug] &amp#27;[35m[WD Proxy]&amp#27;[39m Matched '/element/88635a49-308f-4cad-a441-b093975348ba/click' to command name 'click'
[debug] &amp#27;[35m[WD Proxy]&amp#27;[39m Proxying [POST /element/88635a49-308f-4cad-a441-b093975348ba/click] to [POST http://127.0.0.1:8201/wd/hub/session/01276b1b-58f6-4c0d-9b17-e895c0b0d197/element/88635a49-308f-4cad-a441-b093975348ba/click] with body: {"element":"88635a49-308f-4cad-a441-b093975348ba"}
[debug] &amp#27;[35m[WD Proxy]&amp#27;[39m Got response with status 200: {"sessionId":"01276b1b-58f6-4c0d-9b17-e895c0b0d197","value":null}
[debug] &amp#27;[35m[W3C (3e791dd2)]&amp#27;[39m Responding to client with driver.click() result: null
&amp#27;[35m[HTTP]&amp#27;[39m &amp#27;[37m<-- POST /wd/hub/session/3e791dd2-35ad-4f36-bef6-960a3963f033/element/88635a49-308f-4cad-a441-b093975348ba/click &amp#27;[39m&amp#27;[32m200&amp#27;[39m &amp#27;[90m515 ms - 14&amp#27;[39m
&amp#27;[35m[HTTP]&amp#27;[39m &amp#27;[90m&amp#27;[39m
&amp#27;[35m[HTTP]&amp#27;[39m &amp#27;[37m-->&amp#27;[39m &amp#27;[37mGET&amp#27;[39m &amp#27;[37m/wd/hub/session/3e791dd2-35ad-4f36-bef6-960a3963f033/context&amp#27;[39m
&amp#27;[35m[HTTP]&amp#27;[39m &amp#27;[90m{}&amp#27;[39m
[debug] &amp#27;[35m[W3C (3e791dd2)]&amp#27;[39m Calling AppiumDriver.getCurrentContext() with args: ["3e791dd2-35ad-4f36-bef6-960a3963f033"]
[debug] &amp#27;[35m[W3C (3e791dd2)]&amp#27;[39m Responding to client with driver.getCurrentContext() result: "NATIVE_APP"
&amp#27;[35m[HTTP]&amp#27;[39m &amp#27;[37m<-- GET /wd/hub/session/3e791dd2-35ad-4f36-bef6-960a3963f033/context &amp#27;[39m&amp#27;[32m200&amp#27;[39m &amp#27;[90m4 ms - 22&amp#27;[39m
&amp#27;[35m[HTTP]&amp#27;[39m &amp#27;[90m&amp#27;[39m
&amp#27;[35m[HTTP]&amp#27;[39m &amp#27;[37m-->&amp#27;[39m &amp#27;[37mPOST&amp#27;[39m &amp#27;[37m/wd/hub/session/3e791dd2-35ad-4f36-bef6-960a3963f033/element&amp#27;[39m
&amp#27;[35m[HTTP]&amp#27;[39m &amp#27;[90m{"using":"id","value":"com.turnkeyafrica.agencify:id/customerMobileNo"}&amp#27;[39m
[debug] &amp#27;[35m[W3C (3e791dd2)]&amp#27;[39m Calling AppiumDriver.findElement() with args: ["id","com.turnkeyafrica.agencify:id/customerMobileNo","3e791dd2-35ad-4f36-bef6-960a3963f033"]
[debug] &amp#27;[35m[BaseDriver]&amp#27;[39m Valid locator strategies for this request: xpath, id, class name, accessibility id, css selector, -android uiautomator
[debug] &amp#27;[35m[BaseDriver]&amp#27;[39m Waiting up to 20000 ms for condition
[debug] &amp#27;[35m[WD Proxy]&amp#27;[39m Matched '/element' to command name 'findElement'
[debug] &amp#27;[35m[WD Proxy]&amp#27;[39m Proxying [POST /element] to [POST http://127.0.0.1:8201/wd/hub/session/01276b1b-58f6-4c0d-9b17-e895c0b0d197/element] with body: {"strategy":"id","selector":"com.turnkeyafrica.agencify:id/customerMobileNo","context":"","multiple":false}
&amp#27;[35m[BaseDriver]&amp#27;[39m Shutting down because we waited 60 seconds for a command
&amp#27;[35m[Appium]&amp#27;[39m Closing session, cause was 'New Command Timeout of 60 seconds expired. Try customizing the timeout using the 'newCommandTimeout' desired capability'
&amp#27;[35m[Appium]&amp#27;[39m Removing session 'c4f12a99-2d5d-43f6-b7ca-d13d322cfbcd' from our master session list
[debug] &amp#27;[35m[UiAutomator2]&amp#27;[39m Deleting UiAutomator2 session
[debug] &amp#27;[35m[UiAutomator2]&amp#27;[39m Deleting UiAutomator2 server session
&amp#27;[35m[UiAutomator2]&amp#27;[39m Did not get confirmation UiAutomator2 deleteSession worked; Error was: UnknownError: An unknown server-side error occurred while processing the command. Original error: 'DELETE /' cannot be proxied to UiAutomator2 server because the instrumentation process is not running (probably crashed). Check the server log and/or the logcat output for more details
[debug] &amp#27;[35m[ADB]&amp#27;[39m Running 'C:\Users\John Mumo\AppData\Local\Android\Sdk\platform-tools\adb.exe -P 5037 -s 0329625863001980 shell am force-stop com.turnkeyafrica.agencify'
[debug] &amp#27;[35m[Logcat]&amp#27;[39m Stopping logcat capture
[debug] &amp#27;[35m[ADB]&amp#27;[39m Removing forwarded port socket connection: 8202 
[debug] &amp#27;[35m[ADB]&amp#27;[39m Running 'C:\Users\John Mumo\AppData\Local\Android\Sdk\platform-tools\adb.exe -P 5037 -s 0329625863001980 forward --remove tcp:8202'
&amp#27;[35m[WD Proxy]&amp#27;[39m Got response with status 404: {"sessionId":"01276b1b-58f6-4c0d-9b17-e895c0b0d197","value":{"error":"no such element","message":"An element could not be located on the page using the given search parameters","stacktrace":"io.appium.uiautomator2.common.exceptions.ElementNotFoundException: An element could not be located on the page using the given search parameters\n\tat io.appium.uiautomator2.handler.FindElement.safeHandle(FindElement.java:68)\n\tat io.appium.uiautomator2.handler.request.SafeRequestHandler.handle(SafeRequestHandler.java:41)\n\tat io.appium.uiautomator2.server.AppiumServlet.handleRequest(AppiumServlet.java:262)\n\tat io.appium.uiautomator2.server.AppiumServlet.handleHttpRequest(AppiumServlet.java:256)\n\tat io.appium.uiautomator2.http.ServerHandler.channelRead(ServerHandler.java:68)\n\tat io.netty.channel.AbstractChannelHandlerContext.invokeChannelRead(AbstractChannelHandlerContext.java:366)\n\tat io.netty.channel.AbstractChannelHandlerContext.invokeChannelRead(AbstractChannelHandlerContext.java:352)\n\tat io.netty.chann...
[debug] &amp#27;[35m[W3C]&amp#27;[39m Matched W3C error code 'no such element' to NoSuchElementError
[debug] &amp#27;[35m[BaseDriver]&amp#27;[39m Waited for 6300 ms so far
[debug] &amp#27;[35m[WD Proxy]&amp#27;[39m Matched '/element' to command name 'findElement'
[debug] &amp#27;[35m[WD Proxy]&amp#27;[39m Proxying [POST /element] to [POST http://127.0.0.1:8201/wd/hub/session/01276b1b-58f6-4c0d-9b17-e895c0b0d197/element] with body: {"strategy":"id","selector":"com.turnkeyafrica.agencify:id/customerMobileNo","context":"","multiple":false}
&amp#27;[35m[WD Proxy]&amp#27;[39m Got response with status 404: {"sessionId":"01276b1b-58f6-4c0d-9b17-e895c0b0d197","value":{"error":"no such element","message":"An element could not be located on the page using the given search parameters","stacktrace":"io.appium.uiautomator2.common.exceptions.ElementNotFoundException: An element could not be located on the page using the given search parameters\n\tat io.appium.uiautomator2.handler.FindElement.safeHandle(FindElement.java:68)\n\tat io.appium.uiautomator2.handler.request.SafeRequestHandler.handle(SafeRequestHandler.java:41)\n\tat io.appium.uiautomator2.server.AppiumServlet.handleRequest(AppiumServlet.java:262)\n\tat io.appium.uiautomator2.server.AppiumServlet.handleHttpRequest(AppiumServlet.java:256)\n\tat io.appium.uiautomator2.http.ServerHandler.channelRead(ServerHandler.java:68)\n\tat io.netty.channel.AbstractChannelHandlerContext.invokeChannelRead(AbstractChannelHandlerContext.java:366)\n\tat io.netty.channel.AbstractChannelHandlerContext.invokeChannelRead(AbstractChannelHandlerContext.java:352)\n\tat io.netty.chann...
[debug] &amp#27;[35m[W3C]&amp#27;[39m Matched W3C error code 'no such element' to NoSuchElementError
[debug] &amp#27;[35m[BaseDriver]&amp#27;[39m Waited for 6893 ms so far
[debug] &amp#27;[35m[WD Proxy]&amp#27;[39m Matched '/element' to command name 'findElement'
[debug] &amp#27;[35m[WD Proxy]&amp#27;[39m Proxying [POST /element] to [POST http://127.0.0.1:8201/wd/hub/session/01276b1b-58f6-4c0d-9b17-e895c0b0d197/element] with body: {"strategy":"id","selector":"com.turnkeyafrica.agencify:id/customerMobileNo","context":"","multiple":false}
&amp#27;[35m[WD Proxy]&amp#27;[39m Got response with status 404: {"sessionId":"01276b1b-58f6-4c0d-9b17-e895c0b0d197","value":{"error":"no such element","message":"An element could not be located on the page using the given search parameters","stacktrace":"io.appium.uiautomator2.common.exceptions.ElementNotFoundException: An element could not be located on the page using the given search parameters\n\tat io.appium.uiautomator2.handler.FindElement.safeHandle(FindElement.java:68)\n\tat io.appium.uiautomator2.handler.request.SafeRequestHandler.handle(SafeRequestHandler.java:41)\n\tat io.appium.uiautomator2.server.AppiumServlet.handleRequest(AppiumServlet.java:262)\n\tat io.appium.uiautomator2.server.AppiumServlet.handleHttpRequest(AppiumServlet.java:256)\n\tat io.appium.uiautomator2.http.ServerHandler.channelRead(ServerHandler.java:68)\n\tat io.netty.channel.AbstractChannelHandlerContext.invokeChannelRead(AbstractChannelHandlerContext.java:366)\n\tat io.netty.channel.AbstractChannelHandlerContext.invokeChannelRead(AbstractChannelHandlerContext.java:352)\n\tat io.netty.chann...
[debug] &amp#27;[35m[W3C]&amp#27;[39m Matched W3C error code 'no such element' to NoSuchElementError
[debug] &amp#27;[35m[BaseDriver]&amp#27;[39m Waited for 7934 ms so far
[debug] &amp#27;[35m[WD Proxy]&amp#27;[39m Matched '/element' to command name 'findElement'
[debug] &amp#27;[35m[WD Proxy]&amp#27;[39m Proxying [POST /element] to [POST http://127.0.0.1:8201/wd/hub/session/01276b1b-58f6-4c0d-9b17-e895c0b0d197/element] with body: {"strategy":"id","selector":"com.turnkeyafrica.agencify:id/customerMobileNo","context":"","multiple":false}
&amp#27;[35m[WD Proxy]&amp#27;[39m Got response with status 404: {"sessionId":"01276b1b-58f6-4c0d-9b17-e895c0b0d197","value":{"error":"no such element","message":"An element could not be located on the page using the given search parameters","stacktrace":"io.appium.uiautomator2.common.exceptions.ElementNotFoundException: An element could not be located on the page using the given search parameters\n\tat io.appium.uiautomator2.handler.FindElement.safeHandle(FindElement.java:68)\n\tat io.appium.uiautomator2.handler.request.SafeRequestHandler.handle(SafeRequestHandler.java:41)\n\tat io.appium.uiautomator2.server.AppiumServlet.handleRequest(AppiumServlet.java:262)\n\tat io.appium.uiautomator2.server.AppiumServlet.handleHttpRequest(AppiumServlet.java:256)\n\tat io.appium.uiautomator2.http.ServerHandler.channelRead(ServerHandler.java:68)\n\tat io.netty.channel.AbstractChannelHandlerContext.invokeChannelRead(AbstractChannelHandlerContext.java:366)\n\tat io.netty.channel.AbstractChannelHandlerContext.invokeChannelRead(AbstractChannelHandlerContext.java:352)\n\tat io.netty.chann...
[debug] &amp#27;[35m[W3C]&amp#27;[39m Matched W3C error code 'no such element' to NoSuchElementError
[debug] &amp#27;[35m[BaseDriver]&amp#27;[39m Waited for 8640 ms so far
[debug] &amp#27;[35m[WD Proxy]&amp#27;[39m Matched '/element' to command name 'findElement'
[debug] &amp#27;[35m[WD Proxy]&amp#27;[39m Proxying [POST /element] to [POST http://127.0.0.1:8201/wd/hub/session/01276b1b-58f6-4c0d-9b17-e895c0b0d197/element] with body: {"strategy":"id","selector":"com.turnkeyafrica.agencify:id/customerMobileNo","context":"","multiple":false}
&amp#27;[35m[WD Proxy]&amp#27;[39m Got response with status 404: {"sessionId":"01276b1b-58f6-4c0d-9b17-e895c0b0d197","value":{"error":"no such element","message":"An element could not be located on the page using the given search parameters","stacktrace":"io.appium.uiautomator2.common.exceptions.ElementNotFoundException: An element could not be located on the page using the given search parameters\n\tat io.appium.uiautomator2.handler.FindElement.safeHandle(FindElement.java:68)\n\tat io.appium.uiautomator2.handler.request.SafeRequestHandler.handle(SafeRequestHandler.java:41)\n\tat io.appium.uiautomator2.server.AppiumServlet.handleRequest(AppiumServlet.java:262)\n\tat io.appium.uiautomator2.server.AppiumServlet.handleHttpRequest(AppiumServlet.java:256)\n\tat io.appium.uiautomator2.http.ServerHandler.channelRead(ServerHandler.java:68)\n\tat io.netty.channel.AbstractChannelHandlerContext.invokeChannelRead(AbstractChannelHandlerContext.java:366)\n\tat io.netty.channel.AbstractChannelHandlerContext.invokeChannelRead(AbstractChannelHandlerContext.java:352)\n\tat io.netty.chann...
[debug] &amp#27;[35m[W3C]&amp#27;[39m Matched W3C error code 'no such element' to NoSuchElementError
[debug] &amp#27;[35m[BaseDriver]&amp#27;[39m Waited for 9627 ms so far
[debug] &amp#27;[35m[WD Proxy]&amp#27;[39m Matched '/element' to command name 'findElement'
[debug] &amp#27;[35m[WD Proxy]&amp#27;[39m Proxying [POST /element] to [POST http://127.0.0.1:8201/wd/hub/session/01276b1b-58f6-4c0d-9b17-e895c0b0d197/element] with body: {"strategy":"id","selector":"com.turnkeyafrica.agencify:id/customerMobileNo","context":"","multiple":false}
&amp#27;[35m[WD Proxy]&amp#27;[39m Got response with status 404: {"sessionId":"01276b1b-58f6-4c0d-9b17-e895c0b0d197","value":{"error":"no such element","message":"An element could not be located on the page using the given search parameters","stacktrace":"io.appium.uiautomator2.common.exceptions.ElementNotFoundException: An element could not be located on the page using the given search parameters\n\tat io.appium.uiautomator2.handler.FindElement.safeHandle(FindElement.java:68)\n\tat io.appium.uiautomator2.handler.request.SafeRequestHandler.handle(SafeRequestHandler.java:41)\n\tat io.appium.uiautomator2.server.AppiumServlet.handleRequest(AppiumServlet.java:262)\n\tat io.appium.uiautomator2.server.AppiumServlet.handleHttpRequest(AppiumServlet.java:256)\n\tat io.appium.uiautomator2.http.ServerHandler.channelRead(ServerHandler.java:68)\n\tat io.netty.channel.AbstractChannelHandlerContext.invokeChannelRead(AbstractChannelHandlerContext.java:366)\n\tat io.netty.channel.AbstractChannelHandlerContext.invokeChannelRead(AbstractChannelHandlerContext.java:352)\n\tat io.netty.chann...
[debug] &amp#27;[35m[W3C]&amp#27;[39m Matched W3C error code 'no such element' to NoSuchElementError
[debug] &amp#27;[35m[BaseDriver]&amp#27;[39m Waited for 10626 ms so far
[debug] &amp#27;[35m[WD Proxy]&amp#27;[39m Matched '/element' to command name 'findElement'
[debug] &amp#27;[35m[WD Proxy]&amp#27;[39m Proxying [POST /element] to [POST http://127.0.0.1:8201/wd/hub/session/01276b1b-58f6-4c0d-9b17-e895c0b0d197/element] with body: {"strategy":"id","selector":"com.turnkeyafrica.agencify:id/customerMobileNo","context":"","multiple":false}
&amp#27;[35m[WD Proxy]&amp#27;[39m Got response with status 404: {"sessionId":"01276b1b-58f6-4c0d-9b17-e895c0b0d197","value":{"error":"no such element","message":"An element could not be located on the page using the given search parameters","stacktrace":"io.appium.uiautomator2.common.exceptions.ElementNotFoundException: An element could not be located on the page using the given search parameters\n\tat io.appium.uiautomator2.handler.FindElement.safeHandle(FindElement.java:68)\n\tat io.appium.uiautomator2.handler.request.SafeRequestHandler.handle(SafeRequestHandler.java:41)\n\tat io.appium.uiautomator2.server.AppiumServlet.handleRequest(AppiumServlet.java:262)\n\tat io.appium.uiautomator2.server.AppiumServlet.handleHttpRequest(AppiumServlet.java:256)\n\tat io.appium.uiautomator2.http.ServerHandler.channelRead(ServerHandler.java:68)\n\tat io.netty.channel.AbstractChannelHandlerContext.invokeChannelRead(AbstractChannelHandlerContext.java:366)\n\tat io.netty.channel.AbstractChannelHandlerContext.invokeChannelRead(AbstractChannelHandlerContext.java:352)\n\tat io.netty.chann...
[debug] &amp#27;[35m[W3C]&amp#27;[39m Matched W3C error code 'no such element' to NoSuchElementError
[debug] &amp#27;[35m[BaseDriver]&amp#27;[39m Waited for 11725 ms so far
[debug] &amp#27;[35m[WD Proxy]&amp#27;[39m Matched '/element' to command name 'findElement'
[debug] &amp#27;[35m[WD Proxy]&amp#27;[39m Proxying [POST /element] to [POST http://127.0.0.1:8201/wd/hub/session/01276b1b-58f6-4c0d-9b17-e895c0b0d197/element] with body: {"strategy":"id","selector":"com.turnkeyafrica.agencify:id/customerMobileNo","context":"","multiple":false}
&amp#27;[35m[WD Proxy]&amp#27;[39m Got response with status 404: {"sessionId":"01276b1b-58f6-4c0d-9b17-e895c0b0d197","value":{"error":"no such element","message":"An element could not be located on the page using the given search parameters","stacktrace":"io.appium.uiautomator2.common.exceptions.ElementNotFoundException: An element could not be located on the page using the given search parameters\n\tat io.appium.uiautomator2.handler.FindElement.safeHandle(FindElement.java:68)\n\tat io.appium.uiautomator2.handler.request.SafeRequestHandler.handle(SafeRequestHandler.java:41)\n\tat io.appium.uiautomator2.server.AppiumServlet.handleRequest(AppiumServlet.java:262)\n\tat io.appium.uiautomator2.server.AppiumServlet.handleHttpRequest(AppiumServlet.java:256)\n\tat io.appium.uiautomator2.http.ServerHandler.channelRead(ServerHandler.java:68)\n\tat io.netty.channel.AbstractChannelHandlerContext.invokeChannelRead(AbstractChannelHandlerContext.java:366)\n\tat io.netty.channel.AbstractChannelHandlerContext.invokeChannelRead(AbstractChannelHandlerContext.java:352)\n\tat io.netty.chann...
[debug] &amp#27;[35m[W3C]&amp#27;[39m Matched W3C error code 'no such element' to NoSuchElementError
[debug] &amp#27;[35m[BaseDriver]&amp#27;[39m Waited for 12748 ms so far
[debug] &amp#27;[35m[WD Proxy]&amp#27;[39m Matched '/element' to command name 'findElement'
[debug] &amp#27;[35m[WD Proxy]&amp#27;[39m Proxying [POST /element] to [POST http://127.0.0.1:8201/wd/hub/session/01276b1b-58f6-4c0d-9b17-e895c0b0d197/element] with body: {"strategy":"id","selector":"com.turnkeyafrica.agencify:id/customerMobileNo","context":"","multiple":false}
&amp#27;[35m[WD Proxy]&amp#27;[39m Got response with status 404: {"sessionId":"01276b1b-58f6-4c0d-9b17-e895c0b0d197","value":{"error":"no such element","message":"An element could not be located on the page using the given search parameters","stacktrace":"io.appium.uiautomator2.common.exceptions.ElementNotFoundException: An element could not be located on the page using the given search parameters\n\tat io.appium.uiautomator2.handler.FindElement.safeHandle(FindElement.java:68)\n\tat io.appium.uiautomator2.handler.request.SafeRequestHandler.handle(SafeRequestHandler.java:41)\n\tat io.appium.uiautomator2.server.AppiumServlet.handleRequest(AppiumServlet.java:262)\n\tat io.appium.uiautomator2.server.AppiumServlet.handleHttpRequest(AppiumServlet.java:256)\n\tat io.appium.uiautomator2.http.ServerHandler.channelRead(ServerHandler.java:68)\n\tat io.netty.channel.AbstractChannelHandlerContext.invokeChannelRead(AbstractChannelHandlerContext.java:366)\n\tat io.netty.channel.AbstractChannelHandlerContext.invokeChannelRead(AbstractChannelHandlerContext.java:352)\n\tat io.netty.chann...
[debug] &amp#27;[35m[W3C]&amp#27;[39m Matched W3C error code 'no such element' to NoSuchElementError
[debug] &amp#27;[35m[BaseDriver]&amp#27;[39m Waited for 13739 ms so far
[debug] &amp#27;[35m[WD Proxy]&amp#27;[39m Matched '/element' to command name 'findElement'
[debug] &amp#27;[35m[WD Proxy]&amp#27;[39m Proxying [POST /element] to [POST http://127.0.0.1:8201/wd/hub/session/01276b1b-58f6-4c0d-9b17-e895c0b0d197/element] with body: {"strategy":"id","selector":"com.turnkeyafrica.agencify:id/customerMobileNo","context":"","multiple":false}
&amp#27;[35m[WD Proxy]&amp#27;[39m Got response with status 404: {"sessionId":"01276b1b-58f6-4c0d-9b17-e895c0b0d197","value":{"error":"no such element","message":"An element could not be located on the page using the given search parameters","stacktrace":"io.appium.uiautomator2.common.exceptions.ElementNotFoundException: An element could not be located on the page using the given search parameters\n\tat io.appium.uiautomator2.handler.FindElement.safeHandle(FindElement.java:68)\n\tat io.appium.uiautomator2.handler.request.SafeRequestHandler.handle(SafeRequestHandler.java:41)\n\tat io.appium.uiautomator2.server.AppiumServlet.handleRequest(AppiumServlet.java:262)\n\tat io.appium.uiautomator2.server.AppiumServlet.handleHttpRequest(AppiumServlet.java:256)\n\tat io.appium.uiautomator2.http.ServerHandler.channelRead(ServerHandler.java:68)\n\tat io.netty.channel.AbstractChannelHandlerContext.invokeChannelRead(AbstractChannelHandlerContext.java:366)\n\tat io.netty.channel.AbstractChannelHandlerContext.invokeChannelRead(AbstractChannelHandlerContext.java:352)\n\tat io.netty.chann...
[debug] &amp#27;[35m[W3C]&amp#27;[39m Matched W3C error code 'no such element' to NoSuchElementError
[debug] &amp#27;[35m[BaseDriver]&amp#27;[39m Waited for 15183 ms so far
[debug] &amp#27;[35m[WD Proxy]&amp#27;[39m Matched '/element' to command name 'findElement'
[debug] &amp#27;[35m[WD Proxy]&amp#27;[39m Proxying [POST /element] to [POST http://127.0.0.1:8201/wd/hub/session/01276b1b-58f6-4c0d-9b17-e895c0b0d197/element] with body: {"strategy":"id","selector":"com.turnkeyafrica.agencify:id/customerMobileNo","context":"","multiple":false}
&amp#27;[35m[WD Proxy]&amp#27;[39m Got response with status 404: {"sessionId":"01276b1b-58f6-4c0d-9b17-e895c0b0d197","value":{"error":"no such element","message":"An element could not be located on the page using the given search parameters","stacktrace":"io.appium.uiautomator2.common.exceptions.ElementNotFoundException: An element could not be located on the page using the given search parameters\n\tat io.appium.uiautomator2.handler.FindElement.safeHandle(FindElement.java:68)\n\tat io.appium.uiautomator2.handler.request.SafeRequestHandler.handle(SafeRequestHandler.java:41)\n\tat io.appium.uiautomator2.server.AppiumServlet.handleRequest(AppiumServlet.java:262)\n\tat io.appium.uiautomator2.server.AppiumServlet.handleHttpRequest(AppiumServlet.java:256)\n\tat io.appium.uiautomator2.http.ServerHandler.channelRead(ServerHandler.java:68)\n\tat io.netty.channel.AbstractChannelHandlerContext.invokeChannelRead(AbstractChannelHandlerContext.java:366)\n\tat io.netty.channel.AbstractChannelHandlerContext.invokeChannelRead(AbstractChannelHandlerContext.java:352)\n\tat io.netty.chann...
[debug] &amp#27;[35m[W3C]&amp#27;[39m Matched W3C error code 'no such element' to NoSuchElementError
[debug] &amp#27;[35m[BaseDriver]&amp#27;[39m Waited for 15900 ms so far
[debug] &amp#27;[35m[WD Proxy]&amp#27;[39m Matched '/element' to command name 'findElement'
[debug] &amp#27;[35m[WD Proxy]&amp#27;[39m Proxying [POST /element] to [POST http://127.0.0.1:8201/wd/hub/session/01276b1b-58f6-4c0d-9b17-e895c0b0d197/element] with body: {"strategy":"id","selector":"com.turnkeyafrica.agencify:id/customerMobileNo","context":"","multiple":false}
&amp#27;[35m[WD Proxy]&amp#27;[39m Got response with status 404: {"sessionId":"01276b1b-58f6-4c0d-9b17-e895c0b0d197","value":{"error":"no such element","message":"An element could not be located on the page using the given search parameters","stacktrace":"io.appium.uiautomator2.common.exceptions.ElementNotFoundException: An element could not be located on the page using the given search parameters\n\tat io.appium.uiautomator2.handler.FindElement.safeHandle(FindElement.java:68)\n\tat io.appium.uiautomator2.handler.request.SafeRequestHandler.handle(SafeRequestHandler.java:41)\n\tat io.appium.uiautomator2.server.AppiumServlet.handleRequest(AppiumServlet.java:262)\n\tat io.appium.uiautomator2.server.AppiumServlet.handleHttpRequest(AppiumServlet.java:256)\n\tat io.appium.uiautomator2.http.ServerHandler.channelRead(ServerHandler.java:68)\n\tat io.netty.channel.AbstractChannelHandlerContext.invokeChannelRead(AbstractChannelHandlerContext.java:366)\n\tat io.netty.channel.AbstractChannelHandlerContext.invokeChannelRead(AbstractChannelHandlerContext.java:352)\n\tat io.netty.chann...
[debug] &amp#27;[35m[W3C]&amp#27;[39m Matched W3C error code 'no such element' to NoSuchElementError
[debug] &amp#27;[35m[BaseDriver]&amp#27;[39m Waited for 16827 ms so far
[debug] &amp#27;[35m[WD Proxy]&amp#27;[39m Matched '/element' to command name 'findElement'
[debug] &amp#27;[35m[WD Proxy]&amp#27;[39m Proxying [POST /element] to [POST http://127.0.0.1:8201/wd/hub/session/01276b1b-58f6-4c0d-9b17-e895c0b0d197/element] with body: {"strategy":"id","selector":"com.turnkeyafrica.agencify:id/customerMobileNo","context":"","multiple":false}
&amp#27;[35m[WD Proxy]&amp#27;[39m Got response with status 404: {"sessionId":"01276b1b-58f6-4c0d-9b17-e895c0b0d197","value":{"error":"no such element","message":"An element could not be located on the page using the given search parameters","stacktrace":"io.appium.uiautomator2.common.exceptions.ElementNotFoundException: An element could not be located on the page using the given search parameters\n\tat io.appium.uiautomator2.handler.FindElement.safeHandle(FindElement.java:68)\n\tat io.appium.uiautomator2.handler.request.SafeRequestHandler.handle(SafeRequestHandler.java:41)\n\tat io.appium.uiautomator2.server.AppiumServlet.handleRequest(AppiumServlet.java:262)\n\tat io.appium.uiautomator2.server.AppiumServlet.handleHttpRequest(AppiumServlet.java:256)\n\tat io.appium.uiautomator2.http.ServerHandler.channelRead(ServerHandler.java:68)\n\tat io.netty.channel.AbstractChannelHandlerContext.invokeChannelRead(AbstractChannelHandlerContext.java:366)\n\tat io.netty.channel.AbstractChannelHandlerContext.invokeChannelRead(AbstractChannelHandlerContext.java:352)\n\tat io.netty.chann...
[debug] &amp#27;[35m[W3C]&amp#27;[39m Matched W3C error code 'no such element' to NoSuchElementError
[debug] &amp#27;[35m[BaseDriver]&amp#27;[39m Waited for 17725 ms so far
[debug] &amp#27;[35m[WD Proxy]&amp#27;[39m Matched '/element' to command name 'findElement'
[debug] &amp#27;[35m[WD Proxy]&amp#27;[39m Proxying [POST /element] to [POST http://127.0.0.1:8201/wd/hub/session/01276b1b-58f6-4c0d-9b17-e895c0b0d197/element] with body: {"strategy":"id","selector":"com.turnkeyafrica.agencify:id/customerMobileNo","context":"","multiple":false}
&amp#27;[35m[WD Proxy]&amp#27;[39m Got response with status 404: {"sessionId":"01276b1b-58f6-4c0d-9b17-e895c0b0d197","value":{"error":"no such element","message":"An element could not be located on the page using the given search parameters","stacktrace":"io.appium.uiautomator2.common.exceptions.ElementNotFoundException: An element could not be located on the page using the given search parameters\n\tat io.appium.uiautomator2.handler.FindElement.safeHandle(FindElement.java:68)\n\tat io.appium.uiautomator2.handler.request.SafeRequestHandler.handle(SafeRequestHandler.java:41)\n\tat io.appium.uiautomator2.server.AppiumServlet.handleRequest(AppiumServlet.java:262)\n\tat io.appium.uiautomator2.server.AppiumServlet.handleHttpRequest(AppiumServlet.java:256)\n\tat io.appium.uiautomator2.http.ServerHandler.channelRead(ServerHandler.java:68)\n\tat io.netty.channel.AbstractChannelHandlerContext.invokeChannelRead(AbstractChannelHandlerContext.java:366)\n\tat io.netty.channel.AbstractChannelHandlerContext.invokeChannelRead(AbstractChannelHandlerContext.java:352)\n\tat io.netty.chann...
[debug] &amp#27;[35m[W3C]&amp#27;[39m Matched W3C error code 'no such element' to NoSuchElementError
[debug] &amp#27;[35m[BaseDriver]&amp#27;[39m Waited for 18728 ms so far
[debug] &amp#27;[35m[WD Proxy]&amp#27;[39m Matched '/element' to command name 'findElement'
[debug] &amp#27;[35m[WD Proxy]&amp#27;[39m Proxying [POST /element] to [POST http://127.0.0.1:8201/wd/hub/session/01276b1b-58f6-4c0d-9b17-e895c0b0d197/element] with body: {"strategy":"id","selector":"com.turnkeyafrica.agencify:id/customerMobileNo","context":"","multiple":false}
&amp#27;[35m[WD Proxy]&amp#27;[39m Got response with status 404: {"sessionId":"01276b1b-58f6-4c0d-9b17-e895c0b0d197","value":{"error":"no such element","message":"An element could not be located on the page using the given search parameters","stacktrace":"io.appium.uiautomator2.common.exceptions.ElementNotFoundException: An element could not be located on the page using the given search parameters\n\tat io.appium.uiautomator2.handler.FindElement.safeHandle(FindElement.java:68)\n\tat io.appium.uiautomator2.handler.request.SafeRequestHandler.handle(SafeRequestHandler.java:41)\n\tat io.appium.uiautomator2.server.AppiumServlet.handleRequest(AppiumServlet.java:262)\n\tat io.appium.uiautomator2.server.AppiumServlet.handleHttpRequest(AppiumServlet.java:256)\n\tat io.appium.uiautomator2.http.ServerHandler.channelRead(ServerHandler.java:68)\n\tat io.netty.channel.AbstractChannelHandlerContext.invokeChannelRead(AbstractChannelHandlerContext.java:366)\n\tat io.netty.channel.AbstractChannelHandlerContext.invokeChannelRead(AbstractChannelHandlerContext.java:352)\n\tat io.netty.chann...
[debug] &amp#27;[35m[W3C]&amp#27;[39m Matched W3C error code 'no such element' to NoSuchElementError
[debug] &amp#27;[35m[BaseDriver]&amp#27;[39m Waited for 19700 ms so far
[debug] &amp#27;[35m[WD Proxy]&amp#27;[39m Matched '/element' to command name 'findElement'
[debug] &amp#27;[35m[WD Proxy]&amp#27;[39m Proxying [POST /element] to [POST http://127.0.0.1:8201/wd/hub/session/01276b1b-58f6-4c0d-9b17-e895c0b0d197/element] with body: {"strategy":"id","selector":"com.turnkeyafrica.agencify:id/customerMobileNo","context":"","multiple":false}
&amp#27;[35m[WD Proxy]&amp#27;[39m Got response with status 404: {"sessionId":"01276b1b-58f6-4c0d-9b17-e895c0b0d197","value":{"error":"no such element","message":"An element could not be located on the page using the given search parameters","stacktrace":"io.appium.uiautomator2.common.exceptions.ElementNotFoundException: An element could not be located on the page using the given search parameters\n\tat io.appium.uiautomator2.handler.FindElement.safeHandle(FindElement.java:68)\n\tat io.appium.uiautomator2.handler.request.SafeRequestHandler.handle(SafeRequestHandler.java:41)\n\tat io.appium.uiautomator2.server.AppiumServlet.handleRequest(AppiumServlet.java:262)\n\tat io.appium.uiautomator2.server.AppiumServlet.handleHttpRequest(AppiumServlet.java:256)\n\tat io.appium.uiautomator2.http.ServerHandler.channelRead(ServerHandler.java:68)\n\tat io.netty.channel.AbstractChannelHandlerContext.invokeChannelRead(AbstractChannelHandlerContext.java:366)\n\tat io.netty.channel.AbstractChannelHandlerContext.invokeChannelRead(AbstractChannelHandlerContext.java:352)\n\tat io.netty.chann...
[debug] &amp#27;[35m[W3C]&amp#27;[39m Matched W3C error code 'no such element' to NoSuchElementError
[debug] &amp#27;[35m[W3C (3e791dd2)]&amp#27;[39m Encountered internal error running command: NoSuchElementError: An element could not be located on the page using the given search parameters.
[debug] &amp#27;[35m[W3C (3e791dd2)]&amp#27;[39m     at AndroidUiautomator2Driver.findElOrEls (C:\Users\John Mumo\AppData\Roaming\npm\node_modules\appium\node_modules\appium-android-driver\lib\commands\find.js:75:11)
[debug] &amp#27;[35m[W3C (3e791dd2)]&amp#27;[39m     at runMicrotasks (<anonymous>)
[debug] &amp#27;[35m[W3C (3e791dd2)]&amp#27;[39m     at processTicksAndRejections (internal/process/task_queues.js:95:5)
[debug] &amp#27;[35m[W3C (3e791dd2)]&amp#27;[39m     at AndroidUiautomator2Driver.findElOrElsWithProcessing (C:\Users\John Mumo\AppData\Roaming\npm\node_modules\appium\node_modules\appium-base-driver\lib\basedriver\commands\find.js:33:12)
[debug] &amp#27;[35m[W3C (3e791dd2)]&amp#27;[39m     at AndroidUiautomator2Driver.findElement (C:\Users\John Mumo\AppData\Roaming\npm\node_modules\appium\node_modules\appium-base-driver\lib\basedriver\commands\find.js:53:10)
&amp#27;[35m[HTTP]&amp#27;[39m &amp#27;[37m<-- POST /wd/hub/session/3e791dd2-35ad-4f36-bef6-960a3963f033/element &amp#27;[39m&amp#27;[33m404&amp#27;[39m &amp#27;[90m20732 ms - 926&amp#27;[39m
&amp#27;[35m[HTTP]&amp#27;[39m &amp#27;[90m&amp#27;[39m
]]></system-out>
    <system-err><![CDATA[Sep 13, 2021 2:53:03 PM io.appium.java_client.remote.AppiumCommandExecutor$1 lambda$0
INFO: Detected dialect: W3C
]]></system-err>
  </testcase>
  <testcase name="SignUpWithNoPhnNo" classname="Agencify.SignUp" time="37.461">
    <system-out><![CDATA[&amp#27;[35m[HTTP]&amp#27;[39m &amp#27;[37m-->&amp#27;[39m &amp#27;[37mGET&amp#27;[39m &amp#27;[37m/wd/hub/session/3e791dd2-35ad-4f36-bef6-960a3963f033/screenshot&amp#27;[39m
&amp#27;[35m[HTTP]&amp#27;[39m &amp#27;[90m{}&amp#27;[39m
[debug] &amp#27;[35m[W3C (3e791dd2)]&amp#27;[39m Calling AppiumDriver.getScreenshot() with args: ["3e791dd2-35ad-4f36-bef6-960a3963f033"]
[debug] &amp#27;[35m[WD Proxy]&amp#27;[39m Matched '/screenshot' to command name 'getScreenshot'
[debug] &amp#27;[35m[WD Proxy]&amp#27;[39m Proxying [GET /screenshot] to [GET http://127.0.0.1:8201/wd/hub/session/01276b1b-58f6-4c0d-9b17-e895c0b0d197/screenshot] with no body
[debug] &amp#27;[35m[WD Proxy]&amp#27;[39m Got response with status 200: {"sessionId":"01276b1b-58f6-4c0d-9b17-e895c0b0d197","value":"iVBORw0KGgoAAAANSUhEUgAAAtAAAAWgCAYAAAB30nTTAAAABHNCSVQICAgIfAhkiAAAIABJREFU\neJzEvUnPLb2WJvTYETt23739ab5zvu7ml/dWJpWgQkIMSgJygGqGVAxBYloqwQ+AmqESU/gHiF+Q\nExBSKQcgISQyK7OyMm/7tad7+903saMzA4cdtsOOiP2ec7PW1Xffs8P28nK3/Kzljnz73V8y5MTk\nvwCm/CCEgBD+7yxjpW9mep6WyHh6HDW9wcDIV83fJpMrfhOy5d1EFjNtXf51+WRZJuuC5HXGwCRv\nVznrZBD8GJgWzhgDlOiE1vOpClfjVMWtSuvqIwDAMgYQPQ/GmNaPjmkDNZ2Zl7U/5v09bxprnCr5\nCRFtWYRp8mQZkNcBbxuRX/4tD6eUlPjID1XpjfI2IcYYQLKj0rnq0dYHRRwCgoxlVUxhKpljxp6N\nnDrH5GXUX2XamvwYY2BinFOq51lTvbIPIJN1waQOBkA8axopX5ahiGyPU0X15Su3rfgO6O2v9cU8\nfyG9ycI1vs32V8eFLV6WVfQvAJSW668895X7HC8Pr361bABkGxNoqlYWUqsvRvN2NPp6HifNUhAQ\nUAreJ40OQ2r0LKVUymdrJxEu0pq6XMxPQh+U0hMq5yuTTF1nhrGMIWMpKKG87Pl4L9rUKFvGZF+i\nhIJQoqo7K3G2FfOaIWOWZVJutW5UuW2/5RyuzCtZlsHzPOV3mselkneWxaDUAyEEaZoCYDJcyKPK\nrPIXcmZZatevOR9epgwALxNPw78RQp1tJMae+CtkUX/7vp9/Z5K/Kp9Zh3r/IgDytOp8JtKLNEo6\n6xgXbZBLIedMQkCoB+RtquqLLFPqL+Xt4vl+UTdZBkL1uhFdVMhAKYHv0o9mQrNSTVI/FZXTnI6d\nDEXhzQ5V5N8MXLkGeVW6Y2Rt...
[debug] &amp#27;[35m[W3C (3e791dd2)]&amp#27;[39m Responding to client with driver.getScreenshot() result: "iVBORw0KGgoAAAANSUhEUgAAAtAAAAWgCAYAAAB30nTTAAAABHNCSVQICAgIfAhkiAAAIABJREFU\neJzEvUnPLb2WJvTYETt23739ab5zvu7ml/dWJpWgQkIMSgJygGqGVAxBYloqwQ+AmqESU/gHiF+Q\nExBSKQcgISQyK7OyMm/7tad7+903saMzA4cdtsOOiP2ec7PW1Xffs8P28nK3/Kzljnz73V8y5MTk\nvwCm/CCEgBD+7yxjpW9mep6WyHh6HDW9wcDIV83fJpMrfhOy5d1EFjNtXf51+WRZJuuC5HXGwCRv\nVznrZBD8GJgWzhgDlOiE1vOpClfjVMWtSuvqIwDAMgYQPQ/GmNaPjmkDNZ2Zl7U/5v09bxprnCr5\nCRFtWYRp8mQZkNcBbxuRX/4tD6eUlPjID1XpjfI2IcYYQLKj0rnq0dYHRRwCgoxlVUxhKpljxp6N\nnDrH5GXUX2XamvwYY2BinFOq51lTvbIPIJN1waQOBkA8axopX5ahiGyPU0X15Su3rfgO6O2v9cU8\nfyG9ycI1vs32V8eFLV6WVfQvAJSW668895X7HC8Pr361bABkGxNoqlYWUqsvRvN2NPp6HifNUhAQ\nUAreJ40OQ2r0LKVUymdrJxEu0pq6XMxPQh+U0hMq5yuTTF1nhrGMIWMpKKG87Pl4L9rUKFvGZF+i\nhIJQoqo7K3G2FfOaIWOWZVJutW5UuW2/5RyuzCtZlsHzPOV3mselkneWxaDUAyEEaZoCYDJcyKPK\nrPIXcmZZatevOR9epgwALxNPw78RQp1tJMae+CtkUX/7vp9/Z5K/Kp9Zh3r/IgDytOp8JtKLNEo6\n6xgXbZBLIedMQkCoB+RtquqLLFPqL+Xt4vl+UTdZBkL1uhFdVMhAKYHv0o9mQrNSTVI/FZXTnI6d\nDEXhzQ5V5N8MXLkGeVW6Y2RtCu54hzGALuDs3FX8JU8HcHEpPFt9HQPC7P3CDvyfagA1NbDE9481\ncGD0/a...
&amp#27;[35m[HTTP]&amp#27;[39m &amp#27;[37m<-- GET /wd/hub/session/3e791dd2-35ad-4f36-bef6-960a3963f033/screenshot &amp#27;[39m&amp#27;[32m200&amp#27;[39m &amp#27;[90m1914 ms - 1275908&amp#27;[39m
&amp#27;[35m[HTTP]&amp#27;[39m &amp#27;[90m&amp#27;[39m
&amp#27;[35m[HTTP]&amp#27;[39m &amp#27;[37m-->&amp#27;[39m &amp#27;[37mGET&amp#27;[39m &amp#27;[37m/wd/hub/status&amp#27;[39m
&amp#27;[35m[HTTP]&amp#27;[39m &amp#27;[90m{}&amp#27;[39m
[debug] &amp#27;[35m[GENERIC]&amp#27;[39m Calling AppiumDriver.getStatus() with args: []
[debug] &amp#27;[35m[GENERIC]&amp#27;[39m Responding to client with driver.getStatus() result: {"build":{"version":"1.21.0"}}
&amp#27;[35m[HTTP]&amp#27;[39m &amp#27;[37m<-- GET /wd/hub/status &amp#27;[39m&amp#27;[32m200&amp#27;[39m &amp#27;[90m2 ms - 68&amp#27;[39m
&amp#27;[35m[HTTP]&amp#27;[39m &amp#27;[90m&amp#27;[39m
&amp#27;[35m[Appium]&amp#27;[39m Welcome to Appium v1.21.0
&amp#27;[35m[HTTP]&amp#27;[39m Could not start REST http interface listener. The requested port may already be in use. Please make sure there is no other instance of this server running already.
Fatal Error: listen EADDRINUSE: address already in use 0.0.0.0:4723
    at Server.setupListenHandle [as _listen2] (net.js:1320:16)
    at listenInCluster (net.js:1368:12)
    at doListen (net.js:1505:7)
    at processTicksAndRejections (internal/process/task_queues.js:83:21)
&amp#27;[35m[HTTP]&amp#27;[39m &amp#27;[37m-->&amp#27;[39m &amp#27;[37mGET&amp#27;[39m &amp#27;[37m/wd/hub/status&amp#27;[39m
&amp#27;[35m[HTTP]&amp#27;[39m &amp#27;[90m{}&amp#27;[39m
[debug] &amp#27;[35m[GENERIC]&amp#27;[39m Calling AppiumDriver.getStatus() with args: []
[debug] &amp#27;[35m[GENERIC]&amp#27;[39m Responding to client with driver.getStatus() result: {"build":{"version":"1.21.0"}}
&amp#27;[35m[HTTP]&amp#27;[39m &amp#27;[37m<-- GET /wd/hub/status &amp#27;[39m&amp#27;[32m200&amp#27;[39m &amp#27;[90m2 ms - 68&amp#27;[39m
&amp#27;[35m[HTTP]&amp#27;[39m &amp#27;[90m&amp#27;[39m
[debug] &amp#27;[35m[HTTP]&amp#27;[39m Request idempotency key: 5655e049-a425-4d18-a57c-75432980afbc
&amp#27;[35m[HTTP]&amp#27;[39m &amp#27;[37m-->&amp#27;[39m &amp#27;[37mPOST&amp#27;[39m &amp#27;[37m/wd/hub/session&amp#27;[39m
&amp#27;[35m[HTTP]&amp#27;[39m &amp#27;[90m{"desiredCapabilities":{"app":"C:\\Users\\John Mumo\\Desktop\\Agencify_App\\Agencify_App_Test\\src\\Agencify-universal-dev.apk","automationName":"uiautomator2","platformName":"Android","deviceName":"Android Device"},"capabilities":{"firstMatch":[{"appium:app":"C:\\Users\\John Mumo\\Desktop\\Agencify_App\\Agencify_App_Test\\src\\Agencify-universal-dev.apk","appium:automationName":"uiautomator2","appium:deviceName":"Android Device","platformName":"android"}]}}&amp#27;[39m
[debug] &amp#27;[35m[W3C]&amp#27;[39m Calling AppiumDriver.createSession() with args: [{"app":"C:\\Users\\John Mumo\\Desktop\\Agencify_App\\Agencify_App_Test\\src\\Agencify-universal-dev.apk","automationName":"uiautomator2","platformName":"Android","deviceName":"Android Device"},null,{"firstMatch":[{"appium:app":"C:\\Users\\John Mumo\\Desktop\\Agencify_App\\Agencify_App_Test\\src\\Agencify-universal-dev.apk","appium:automationName":"uiautomator2","appium:deviceName":"Android Device","platformName":"android"}]}]
[debug] &amp#27;[35m[BaseDriver]&amp#27;[39m Event 'newSessionRequested' logged at 1631534015209 (14:53:35 GMT+0300 (East Africa Time))
&amp#27;[35m[Appium]&amp#27;[39m Appium v1.21.0 creating new AndroidUiautomator2Driver (v1.65.0) session
[debug] &amp#27;[35m[BaseDriver]&amp#27;[39m W3C capabilities and MJSONWP desired capabilities were provided
[debug] &amp#27;[35m[BaseDriver]&amp#27;[39m Creating session with W3C capabilities: {
[debug] &amp#27;[35m[BaseDriver]&amp#27;[39m   "alwaysMatch": {
[debug] &amp#27;[35m[BaseDriver]&amp#27;[39m     "platformName": "android",
[debug] &amp#27;[35m[BaseDriver]&amp#27;[39m     "appium:app": "C:\\Users\\John Mumo\\Desktop\\Agencify_App\\Agencify_App_Test\\src\\Agencify-universal-dev.apk",
[debug] &amp#27;[35m[BaseDriver]&amp#27;[39m     "appium:automationName": "uiautomator2",
[debug] &amp#27;[35m[BaseDriver]&amp#27;[39m     "appium:deviceName": "Android Device"
[debug] &amp#27;[35m[BaseDriver]&amp#27;[39m   },
[debug] &amp#27;[35m[BaseDriver]&amp#27;[39m   "firstMatch": [
[debug] &amp#27;[35m[BaseDriver]&amp#27;[39m     {}
[debug] &amp#27;[35m[BaseDriver]&amp#27;[39m   ]
[debug] &amp#27;[35m[BaseDriver]&amp#27;[39m }
&amp#27;[35m[BaseDriver]&amp#27;[39m Session created with session id: 81f184a4-b4d4-4b42-bc53-209fc1953c65
&amp#27;[35m[BaseDriver]&amp#27;[39m Using local app 'C:\Users\John Mumo\Desktop\Agencify_App\Agencify_App_Test\src\Agencify-universal-dev.apk'
[debug] &amp#27;[35m[UiAutomator2]&amp#27;[39m Checking whether app is actually present
&amp#27;[35m[ADB]&amp#27;[39m Using 'adb.exe' from 'C:\Users\John Mumo\AppData\Local\Android\Sdk\platform-tools\adb.exe'
[debug] &amp#27;[35m[ADB]&amp#27;[39m Running 'C:\Users\John Mumo\AppData\Local\Android\Sdk\platform-tools\adb.exe -P 5037 start-server'
&amp#27;[35m[AndroidDriver]&amp#27;[39m Retrieving device list
[debug] &amp#27;[35m[ADB]&amp#27;[39m Trying to find a connected android device
[debug] &amp#27;[35m[ADB]&amp#27;[39m Getting connected devices
[debug] &amp#27;[35m[ADB]&amp#27;[39m Connected devices: [{"udid":"0329625863001980","state":"device"}]
&amp#27;[35m[AndroidDriver]&amp#27;[39m Using device: 0329625863001980
&amp#27;[35m[ADB]&amp#27;[39m Using 'adb.exe' from 'C:\Users\John Mumo\AppData\Local\Android\Sdk\platform-tools\adb.exe'
[debug] &amp#27;[35m[ADB]&amp#27;[39m Running 'C:\Users\John Mumo\AppData\Local\Android\Sdk\platform-tools\adb.exe -P 5037 start-server'
[debug] &amp#27;[35m[ADB]&amp#27;[39m Setting device id to 0329625863001980
[debug] &amp#27;[35m[ADB]&amp#27;[39m Running 'C:\Users\John Mumo\AppData\Local\Android\Sdk\platform-tools\adb.exe -P 5037 -s 0329625863001980 shell getprop ro.build.version.sdk'
[debug] &amp#27;[35m[ADB]&amp#27;[39m Current device property 'ro.build.version.sdk': 27
[debug] &amp#27;[35m[ADB]&amp#27;[39m Device API level: 27
[debug] &amp#27;[35m[AndroidDriver]&amp#27;[39m Parsing package and activity from app manifest
&amp#27;[35m[ADB]&amp#27;[39m Package name: 'com.turnkeyafrica.agencify'
&amp#27;[35m[ADB]&amp#27;[39m Main activity name: 'com.turnkeyafrica.agencify.ui.splash.Splash'
[debug] &amp#27;[35m[AndroidDriver]&amp#27;[39m Parsed package and activity are: com.turnkeyafrica.agencify/com.turnkeyafrica.agencify.ui.splash.Splash
[debug] &amp#27;[35m[ADB]&amp#27;[39m Running 'C:\Users\John Mumo\AppData\Local\Android\Sdk\platform-tools\adb.exe -P 5037 -s 0329625863001980 wait-for-device'
[debug] &amp#27;[35m[ADB]&amp#27;[39m Running 'C:\Users\John Mumo\AppData\Local\Android\Sdk\platform-tools\adb.exe -P 5037 -s 0329625863001980 shell echo ping'
[debug] &amp#27;[35m[AndroidDriver]&amp#27;[39m Pushing settings apk to device...
[debug] &amp#27;[35m[ADB]&amp#27;[39m Getting install status for io.appium.settings
[debug] &amp#27;[35m[ADB]&amp#27;[39m Running 'C:\Users\John Mumo\AppData\Local\Android\Sdk\platform-tools\adb.exe -P 5037 -s 0329625863001980 shell dumpsys package io.appium.settings'
[debug] &amp#27;[35m[ADB]&amp#27;[39m 'io.appium.settings' is installed
[debug] &amp#27;[35m[ADB]&amp#27;[39m Getting package info for 'io.appium.settings'
[debug] &amp#27;[35m[ADB]&amp#27;[39m Running 'C:\Users\John Mumo\AppData\Local\Android\Sdk\platform-tools\adb.exe -P 5037 -s 0329625863001980 shell dumpsys package io.appium.settings'
[debug] &amp#27;[35m[ADB]&amp#27;[39m The version name of the installed 'io.appium.settings' is greater or equal to the application version name ('3.3.0' >= '3.3.0')
[debug] &amp#27;[35m[ADB]&amp#27;[39m There is no need to install/upgrade 'C:\Users\John Mumo\AppData\Roaming\npm\node_modules\appium\node_modules\io.appium.settings\apks\settings_apk-debug.apk'
[debug] &amp#27;[35m[ADB]&amp#27;[39m Getting IDs of all 'io.appium.settings' processes
[debug] &amp#27;[35m[ADB]&amp#27;[39m Running 'C:\Users\John Mumo\AppData\Local\Android\Sdk\platform-tools\adb.exe -P 5037 -s 0329625863001980 shell 'pgrep --help; echo $?''
[debug] &amp#27;[35m[ADB]&amp#27;[39m Running 'C:\Users\John Mumo\AppData\Local\Android\Sdk\platform-tools\adb.exe -P 5037 -s 0329625863001980 shell pgrep -f \(\[\[:blank:\]\]\|\^\)io\.appium\.settings\(\[\[:blank:\]\]\|\$\)'
[debug] &amp#27;[35m[AndroidDriver]&amp#27;[39m io.appium.settings is already running. There is no need to reset its permissions.
[debug] &amp#27;[35m[ADB]&amp#27;[39m Running 'C:\Users\John Mumo\AppData\Local\Android\Sdk\platform-tools\adb.exe -P 5037 -s 0329625863001980 shell appops set io.appium.settings android:mock_location allow'
[debug] &amp#27;[35m[Logcat]&amp#27;[39m Starting logs capture with command: 'C:\\Users\\John Mumo\\AppData\\Local\\Android\\Sdk\\platform-tools\\adb.exe' -P 5037 -s 0329625863001980 logcat -v threadtime
[debug] &amp#27;[35m[UiAutomator2]&amp#27;[39m Forwarding UiAutomator2 Server port 6790 to local port 8202
[debug] &amp#27;[35m[ADB]&amp#27;[39m Forwarding system: 8202 to device: 6790
[debug] &amp#27;[35m[ADB]&amp#27;[39m Running 'C:\Users\John Mumo\AppData\Local\Android\Sdk\platform-tools\adb.exe -P 5037 -s 0329625863001980 forward tcp:8202 tcp:6790'
[debug] &amp#27;[35m[ADB]&amp#27;[39m Getting install status for io.appium.uiautomator2.server
[debug] &amp#27;[35m[ADB]&amp#27;[39m Running 'C:\Users\John Mumo\AppData\Local\Android\Sdk\platform-tools\adb.exe -P 5037 -s 0329625863001980 shell dumpsys package io.appium.uiautomator2.server'
[debug] &amp#27;[35m[ADB]&amp#27;[39m 'io.appium.uiautomator2.server' is installed
[debug] &amp#27;[35m[ADB]&amp#27;[39m Getting package info for 'io.appium.uiautomator2.server'
[debug] &amp#27;[35m[ADB]&amp#27;[39m Running 'C:\Users\John Mumo\AppData\Local\Android\Sdk\platform-tools\adb.exe -P 5037 -s 0329625863001980 shell dumpsys package io.appium.uiautomator2.server'
[debug] &amp#27;[35m[ADB]&amp#27;[39m The version name of the installed 'io.appium.uiautomator2.server' is greater or equal to the application version name ('4.21.1' >= '4.21.1')
[debug] &amp#27;[35m[UiAutomator2]&amp#27;[39m io.appium.uiautomator2.server installation state: sameVersionInstalled
[debug] &amp#27;[35m[ADB]&amp#27;[39m Checking app cert for C:\Users\John Mumo\AppData\Roaming\npm\node_modules\appium\node_modules\appium-uiautomator2-server\apks\appium-uiautomator2-server-v4.21.1.apk
&amp#27;[35m[ADB]&amp#27;[39m Using 'apksigner.jar' from 'C:\Users\John Mumo\AppData\Local\Android\Sdk\build-tools\31.0.0\lib\apksigner.jar'
[debug] &amp#27;[35m[ADB]&amp#27;[39m Starting apksigner: 'C:\\Program Files\\Java\\jdk1.8.0_301\\bin\\java.exe' -Xmx1024M -Xss1m -jar 'C:\\Users\\John Mumo\\AppData\\Local\\Android\\Sdk\\build-tools\\31.0.0\\lib\\apksigner.jar' verify --print-certs 'C:\\Users\\John Mumo\\AppData\\Roaming\\npm\\node_modules\\appium\\node_modules\\appium-uiautomator2-server\\apks\\appium-uiautomator2-server-v4.21.1.apk'
&amp#27;[35m[Appium]&amp#27;[39m Welcome to Appium v1.21.0
&amp#27;[35m[HTTP]&amp#27;[39m Could not start REST http interface listener. The requested port may already be in use. Please make sure there is no other instance of this server running already.
Fatal Error: listen EADDRINUSE: address already in use 0.0.0.0:4723
    at Server.setupListenHandle [as _listen2] (net.js:1320:16)
    at listenInCluster (net.js:1368:12)
    at doListen (net.js:1505:7)
    at processTicksAndRejections (internal/process/task_queues.js:83:21)
[debug] &amp#27;[35m[ADB]&amp#27;[39m apksigner stdout: Signer #1 certificate DN: EMAILADDRESS=android@android.com, CN=Android, OU=Android, O=Android, L=Mountain View, ST=California, C=US
[debug] &amp#27;[35m[ADB]&amp#27;[39m Signer #1 certificate SHA-256 digest: a40da80a59d170caa950cf15c18c454d47a39b26989d8b640ecd745ba71bf5dc
[debug] &amp#27;[35m[ADB]&amp#27;[39m Signer #1 certificate SHA-1 digest: 61ed377e85d386a8dfee6b864bd85b0bfaa5af81
[debug] &amp#27;[35m[ADB]&amp#27;[39m Signer #1 certificate MD5 digest: e89b158e4bcf988ebd09eb83f5378e87
[debug] &amp#27;[35m[ADB]&amp#27;[39m 
[debug] &amp#27;[35m[ADB]&amp#27;[39m sha256 hash did match for 'appium-uiautomator2-server-v4.21.1.apk'
&amp#27;[35m[ADB]&amp#27;[39m 'C:\Users\John Mumo\AppData\Roaming\npm\node_modules\appium\node_modules\appium-uiautomator2-server\apks\appium-uiautomator2-server-v4.21.1.apk' is signed with the default certificate
[debug] &amp#27;[35m[ADB]&amp#27;[39m Getting install status for io.appium.uiautomator2.server.test
[debug] &amp#27;[35m[ADB]&amp#27;[39m Running 'C:\Users\John Mumo\AppData\Local\Android\Sdk\platform-tools\adb.exe -P 5037 -s 0329625863001980 shell dumpsys package io.appium.uiautomator2.server.test'
[debug] &amp#27;[35m[ADB]&amp#27;[39m 'io.appium.uiautomator2.server.test' is installed
[debug] &amp#27;[35m[ADB]&amp#27;[39m Checking app cert for C:\Users\John Mumo\AppData\Roaming\npm\node_modules\appium\node_modules\appium-uiautomator2-server\apks\appium-uiautomator2-server-debug-androidTest.apk
[debug] &amp#27;[35m[ADB]&amp#27;[39m Starting apksigner: 'C:\\Program Files\\Java\\jdk1.8.0_301\\bin\\java.exe' -Xmx1024M -Xss1m -jar 'C:\\Users\\John Mumo\\AppData\\Local\\Android\\Sdk\\build-tools\\31.0.0\\lib\\apksigner.jar' verify --print-certs 'C:\\Users\\John Mumo\\AppData\\Roaming\\npm\\node_modules\\appium\\node_modules\\appium-uiautomator2-server\\apks\\appium-uiautomator2-server-debug-androidTest.apk'
[debug] &amp#27;[35m[ADB]&amp#27;[39m apksigner stdout: Signer #1 certificate DN: EMAILADDRESS=android@android.com, CN=Android, OU=Android, O=Android, L=Mountain View, ST=California, C=US
[debug] &amp#27;[35m[ADB]&amp#27;[39m Signer #1 certificate SHA-256 digest: a40da80a59d170caa950cf15c18c454d47a39b26989d8b640ecd745ba71bf5dc
[debug] &amp#27;[35m[ADB]&amp#27;[39m Signer #1 certificate SHA-1 digest: 61ed377e85d386a8dfee6b864bd85b0bfaa5af81
[debug] &amp#27;[35m[ADB]&amp#27;[39m Signer #1 certificate MD5 digest: e89b158e4bcf988ebd09eb83f5378e87
[debug] &amp#27;[35m[ADB]&amp#27;[39m 
[debug] &amp#27;[35m[ADB]&amp#27;[39m sha256 hash did match for 'appium-uiautomator2-server-debug-androidTest.apk'
&amp#27;[35m[ADB]&amp#27;[39m 'C:\Users\John Mumo\AppData\Roaming\npm\node_modules\appium\node_modules\appium-uiautomator2-server\apks\appium-uiautomator2-server-debug-androidTest.apk' is signed with the default certificate
&amp#27;[35m[UiAutomator2]&amp#27;[39m Server packages are not going to be (re)installed
[debug] &amp#27;[35m[UiAutomator2]&amp#27;[39m Waiting up to 30000ms for services to be available
[debug] &amp#27;[35m[ADB]&amp#27;[39m Running 'C:\Users\John Mumo\AppData\Local\Android\Sdk\platform-tools\adb.exe -P 5037 -s 0329625863001980 shell pm list instrumentation'
[debug] &amp#27;[35m[UiAutomator2]&amp#27;[39m Instrumentation target 'io.appium.uiautomator2.server.test/androidx.test.runner.AndroidJUnitRunner' is available
&amp#27;[35m[ADB]&amp#27;[39m Adding packages ["io.appium.settings","io.appium.uiautomator2.server","io.appium.uiautomator2.server.test"] to Doze whitelist
[debug] &amp#27;[35m[ADB]&amp#27;[39m Got the following command chunks to execute: [["dumpsys","deviceidle","whitelist","+io.appium.settings",";","dumpsys","deviceidle","whitelist","+io.appium.uiautomator2.server",";","dumpsys","deviceidle","whitelist","+io.appium.uiautomator2.server.test",";"]]
[debug] &amp#27;[35m[ADB]&amp#27;[39m Running 'C:\Users\John Mumo\AppData\Local\Android\Sdk\platform-tools\adb.exe -P 5037 -s 0329625863001980 shell dumpsys deviceidle whitelist +io.appium.settings ; dumpsys deviceidle whitelist +io.appium.uiautomator2.server ; dumpsys deviceidle whitelist +io.appium.uiautomator2.server.test ;'
[debug] &amp#27;[35m[ADB]&amp#27;[39m Checking app cert for C:\Users\John Mumo\Desktop\Agencify_App\Agencify_App_Test\src\Agencify-universal-dev.apk
[debug] &amp#27;[35m[ADB]&amp#27;[39m Starting apksigner: 'C:\\Program Files\\Java\\jdk1.8.0_301\\bin\\java.exe' -Xmx1024M -Xss1m -jar 'C:\\Users\\John Mumo\\AppData\\Local\\Android\\Sdk\\build-tools\\31.0.0\\lib\\apksigner.jar' verify --print-certs 'C:\\Users\\John Mumo\\Desktop\\Agencify_App\\Agencify_App_Test\\src\\Agencify-universal-dev.apk'
[debug] &amp#27;[35m[ADB]&amp#27;[39m apksigner stdout: Signer #1 certificate DN: CN=Kelvin Macharia, OU=1, O=Turnkey Africa Ltd, L=Nairobi, ST=Nairobi, C=254
[debug] &amp#27;[35m[ADB]&amp#27;[39m Signer #1 certificate SHA-256 digest: bea01f45993c5444da0c012e5d2217651ee76b2920c5b0e47f40ddfcfb87035a
[debug] &amp#27;[35m[ADB]&amp#27;[39m Signer #1 certificate SHA-1 digest: 4294fd12d78ada03cb413c6008895e8972c7740b
[debug] &amp#27;[35m[ADB]&amp#27;[39m Signer #1 certificate MD5 digest: b5678b443b80dfdec285fc9379bf8baf
[debug] &amp#27;[35m[ADB]&amp#27;[39m 
&amp#27;[35m[ADB]&amp#27;[39m 'C:\Users\John Mumo\Desktop\Agencify_App\Agencify_App_Test\src\Agencify-universal-dev.apk' is signed with a non-default certificate
[debug] &amp#27;[35m[ADB]&amp#27;[39m Getting install status for com.turnkeyafrica.agencify
[debug] &amp#27;[35m[ADB]&amp#27;[39m Running 'C:\Users\John Mumo\AppData\Local\Android\Sdk\platform-tools\adb.exe -P 5037 -s 0329625863001980 shell dumpsys package com.turnkeyafrica.agencify'
[debug] &amp#27;[35m[ADB]&amp#27;[39m 'com.turnkeyafrica.agencify' is installed
[debug] &amp#27;[35m[ADB]&amp#27;[39m Getting package info for 'com.turnkeyafrica.agencify'
[debug] &amp#27;[35m[ADB]&amp#27;[39m Running 'C:\Users\John Mumo\AppData\Local\Android\Sdk\platform-tools\adb.exe -P 5037 -s 0329625863001980 shell dumpsys package com.turnkeyafrica.agencify'
[debug] &amp#27;[35m[ADB]&amp#27;[39m The version code of the installed 'com.turnkeyafrica.agencify' is greater than the application version code (96 > 95)
[debug] &amp#27;[35m[ADB]&amp#27;[39m There is no need to downgrade 'com.turnkeyafrica.agencify'
&amp#27;[35m[AndroidDriver]&amp#27;[39m Performing fast reset on 'com.turnkeyafrica.agencify'
[debug] &amp#27;[35m[ADB]&amp#27;[39m Getting install status for com.turnkeyafrica.agencify
[debug] &amp#27;[35m[ADB]&amp#27;[39m Running 'C:\Users\John Mumo\AppData\Local\Android\Sdk\platform-tools\adb.exe -P 5037 -s 0329625863001980 shell dumpsys package com.turnkeyafrica.agencify'
[debug] &amp#27;[35m[ADB]&amp#27;[39m 'com.turnkeyafrica.agencify' is installed
[debug] &amp#27;[35m[ADB]&amp#27;[39m Running 'C:\Users\John Mumo\AppData\Local\Android\Sdk\platform-tools\adb.exe -P 5037 -s 0329625863001980 shell am force-stop com.turnkeyafrica.agencify'
[debug] &amp#27;[35m[ADB]&amp#27;[39m Running 'C:\Users\John Mumo\AppData\Local\Android\Sdk\platform-tools\adb.exe -P 5037 -s 0329625863001980 shell pm clear com.turnkeyafrica.agencify'
[debug] &amp#27;[35m[AndroidDriver]&amp#27;[39m Performed fast reset on the installed 'com.turnkeyafrica.agencify' application (stop and clear)
[debug] &amp#27;[35m[UiAutomator2]&amp#27;[39m Performing shallow cleanup of automation leftovers
[debug] &amp#27;[35m[UiAutomator2]&amp#27;[39m The following obsolete sessions are still running: [null]
[debug] &amp#27;[35m[UiAutomator2]&amp#27;[39m Cleaning up the obsolete sessions
&amp#27;[35m[BaseDriver]&amp#27;[39m Shutting down because we waited 60 seconds for a command
&amp#27;[35m[Appium]&amp#27;[39m Closing session, cause was 'New Command Timeout of 60 seconds expired. Try customizing the timeout using the 'newCommandTimeout' desired capability'
&amp#27;[35m[Appium]&amp#27;[39m Removing session 'ab4ba6bc-f5aa-410e-be86-6987641435d8' from our master session list
[debug] &amp#27;[35m[UiAutomator2]&amp#27;[39m Deleting UiAutomator2 session
[debug] &amp#27;[35m[UiAutomator2]&amp#27;[39m Deleting UiAutomator2 server session
&amp#27;[35m[UiAutomator2]&amp#27;[39m Did not get confirmation UiAutomator2 deleteSession worked; Error was: UnknownError: An unknown server-side error occurred while processing the command. Original error: 'DELETE /' cannot be proxied to UiAutomator2 server because the instrumentation process is not running (probably crashed). Check the server log and/or the logcat output for more details
[debug] &amp#27;[35m[ADB]&amp#27;[39m Running 'C:\Users\John Mumo\AppData\Local\Android\Sdk\platform-tools\adb.exe -P 5037 -s 0329625863001980 shell am force-stop com.turnkeyafrica.agencify'
[debug] &amp#27;[35m[Instrumentation]&amp#27;[39m .
[debug] &amp#27;[35m[Logcat]&amp#27;[39m Stopping logcat capture
[debug] &amp#27;[35m[ADB]&amp#27;[39m Removing forwarded port socket connection: 8200 
[debug] &amp#27;[35m[ADB]&amp#27;[39m Running 'C:\Users\John Mumo\AppData\Local\Android\Sdk\platform-tools\adb.exe -P 5037 -s 0329625863001980 forward --remove tcp:8200'
[debug] &amp#27;[35m[Instrumentation]&amp#27;[39m Time: 44.131
[debug] &amp#27;[35m[Instrumentation]&amp#27;[39m 
[debug] &amp#27;[35m[Instrumentation]&amp#27;[39m OK (1 test)
[debug] &amp#27;[35m[Instrumentation]&amp#27;[39m The process has exited with code 0
[debug] &amp#27;[35m[ADB]&amp#27;[39m Running 'C:\Users\John Mumo\AppData\Local\Android\Sdk\platform-tools\adb.exe -P 5037 -s 0329625863001980 shell am force-stop io.appium.uiautomator2.server.test'
&amp#27;[35m[UiAutomator2]&amp#27;[39m Starting UIAutomator2 server 4.21.1
&amp#27;[35m[UiAutomator2]&amp#27;[39m Using UIAutomator2 server from 'C:\Users\John Mumo\AppData\Roaming\npm\node_modules\appium\node_modules\appium-uiautomator2-server\apks\appium-uiautomator2-server-v4.21.1.apk' and test from 'C:\Users\John Mumo\AppData\Roaming\npm\node_modules\appium\node_modules\appium-uiautomator2-server\apks\appium-uiautomator2-server-debug-androidTest.apk'
&amp#27;[35m[UiAutomator2]&amp#27;[39m Waiting up to 30000ms for UiAutomator2 to be online...
[debug] &amp#27;[35m[ADB]&amp#27;[39m Creating ADB subprocess with args: ["-P",5037,"-s","0329625863001980","shell","am","instrument","-w","-e","disableAnalytics",true,"io.appium.uiautomator2.server.test/androidx.test.runner.AndroidJUnitRunner"]
[debug] &amp#27;[35m[WD Proxy]&amp#27;[39m Matched '/status' to command name 'getStatus'
[debug] &amp#27;[35m[WD Proxy]&amp#27;[39m Proxying [GET /status] to [GET http://127.0.0.1:8202/wd/hub/status] with no body
&amp#27;[35m[WD Proxy]&amp#27;[39m socket hang up
[debug] &amp#27;[35m[WD Proxy]&amp#27;[39m Matched '/status' to command name 'getStatus'
[debug] &amp#27;[35m[WD Proxy]&amp#27;[39m Proxying [GET /status] to [GET http://127.0.0.1:8202/wd/hub/status] with no body
&amp#27;[35m[WD Proxy]&amp#27;[39m socket hang up
[debug] &amp#27;[35m[WD Proxy]&amp#27;[39m Matched '/status' to command name 'getStatus'
[debug] &amp#27;[35m[WD Proxy]&amp#27;[39m Proxying [GET /status] to [GET http://127.0.0.1:8202/wd/hub/status] with no body
&amp#27;[35m[WD Proxy]&amp#27;[39m socket hang up
[debug] &amp#27;[35m[Instrumentation]&amp#27;[39m io.appium.uiautomator2.server.test.AppiumUiAutomator2Server:
[debug] &amp#27;[35m[WD Proxy]&amp#27;[39m Matched '/status' to command name 'getStatus'
[debug] &amp#27;[35m[WD Proxy]&amp#27;[39m Proxying [GET /status] to [GET http://127.0.0.1:8202/wd/hub/status] with no body
&amp#27;[35m[WD Proxy]&amp#27;[39m socket hang up
[debug] &amp#27;[35m[WD Proxy]&amp#27;[39m Matched '/status' to command name 'getStatus'
[debug] &amp#27;[35m[WD Proxy]&amp#27;[39m Proxying [GET /status] to [GET http://127.0.0.1:8202/wd/hub/status] with no body
[debug] &amp#27;[35m[WD Proxy]&amp#27;[39m Got response with status 200: {"sessionId":"None","value":{"message":"UiAutomator2 Server is ready to accept commands","ready":true}}
[debug] &amp#27;[35m[UiAutomator2]&amp#27;[39m The initialization of the instrumentation process took 4409ms
[debug] &amp#27;[35m[WD Proxy]&amp#27;[39m Matched '/session' to command name 'createSession'
[debug] &amp#27;[35m[WD Proxy]&amp#27;[39m Proxying [POST /session] to [POST http://127.0.0.1:8202/wd/hub/session] with body: {"capabilities":{"firstMatch":[{"platform":"LINUX","webStorageEnabled":false,"takesScreenshot":true,"javascriptEnabled":true,"databaseEnabled":false,"networkConnectionEnabled":true,"locationContextEnabled":false,"warnings":{},"desired":{"platformName":"android","app":"C:\\Users\\John Mumo\\Desktop\\Agencify_App\\Agencify_App_Test\\src\\Agencify-universal-dev.apk","automationName":"uiautomator2","deviceName":"Android Device"},"platformName":"android","app":"C:\\Users\\John Mumo\\Desktop\\Agencify_App\\Agencify_App_Test\\src\\Agencify-universal-dev.apk","automationName":"uiautomator2","deviceName":"0329625863001980","deviceUDID":"0329625863001980","appPackage":"com.turnkeyafrica.agencify"}],"alwaysMatch":{}}}
[debug] &amp#27;[35m[WD Proxy]&amp#27;[39m Got response with status 200: {"sessionId":"9c3dbfb9-5144-4471-ab30-3e94ec8ef3ad","value":{"capabilities":{"firstMatch":[{"platform":"LINUX","webStorageEnabled":false,"takesScreenshot":true,"javascriptEnabled":true,"databaseEnabled":false,"networkConnectionEnabled":true,"locationContextEnabled":false,"warnings":{},"desired":{"platformName":"android","app":"C:\\Users\\John Mumo\\Desktop\\Agencify_App\\Agencify_App_Test\\src\\Agencify-universal-dev.apk","automationName":"uiautomator2","deviceName":"Android Device"},"platformName":"android","app":"C:\\Users\\John Mumo\\Desktop\\Agencify_App\\Agencify_App_Test\\src\\Agencify-universal-dev.apk","automationName":"uiautomator2","deviceName":"0329625863001980","deviceUDID":"0329625863001980","appPackage":"com.turnkeyafrica.agencify"}],"alwaysMatch":{}},"sessionId":"9c3dbfb9-5144-4471-ab30-3e94ec8ef3ad"}}
&amp#27;[35m[WD Proxy]&amp#27;[39m Determined the downstream protocol as 'W3C'
[debug] &amp#27;[35m[WD Proxy]&amp#27;[39m Proxying [GET /appium/device/info] to [GET http://127.0.0.1:8202/wd/hub/session/9c3dbfb9-5144-4471-ab30-3e94ec8ef3ad/appium/device/info] with no body
[debug] &amp#27;[35m[WD Proxy]&amp#27;[39m Got response with status 200: {"sessionId":"9c3dbfb9-5144-4471-ab30-3e94ec8ef3ad","value":{"androidId":"2d21e1b2791b275f","apiVersion":"27","bluetooth":{"state":"OFF"},"brand":"TECNO","carrierName":"Safaricom","displayDensity":320,"locale":"en_US","manufacturer":"TECNO MOBILE LIMITED","model":"TECNO CA7","networks":[{"capabilities":{"SSID":null,"linkDownBandwidthKbps":1048576,"linkUpstreamBandwidthKbps":1048576,"networkCapabilities":"NET_CAPABILITY_NOT_METERED,NET_CAPABILITY_INTERNET,NET_CAPABILITY_NOT_RESTRICTED,NET_CAPABILITY_TRUSTED,NET_CAPABILITY_NOT_VPN,NET_CAPABILITY_VALIDATED,NET_CAPABILITY_NOT_ROAMING","signalStrength":-50,"transportTypes":"TRANSPORT_WIFI"},"detailedState":"CONNECTED","extraInfo":"\"Mumo\"","isAvailable":true,"isConnected":true,"isFailover":false,"isRoaming":false,"state":"CONNECTED","subtype":0,"subtypeName":"","type":1,"typeName":"WIFI"}],"platformVersion":"8.1.0","realDisplaySize":"720x1440","timeZone":"Africa/Nairobi"}}
[debug] &amp#27;[35m[ADB]&amp#27;[39m Running 'C:\Users\John Mumo\AppData\Local\Android\Sdk\platform-tools\adb.exe -P 5037 -s 0329625863001980 shell dumpsys window'
&amp#27;[35m[AndroidDriver]&amp#27;[39m Screen already unlocked, doing nothing
&amp#27;[35m[UiAutomator2]&amp#27;[39m Starting 'com.turnkeyafrica.agencify/com.turnkeyafrica.agencify.ui.splash.Splash and waiting for 'com.turnkeyafrica.agencify/com.turnkeyafrica.agencify.ui.splash.Splash'
[debug] &amp#27;[35m[ADB]&amp#27;[39m Running 'C:\Users\John Mumo\AppData\Local\Android\Sdk\platform-tools\adb.exe -P 5037 -s 0329625863001980 shell am start -W -n com.turnkeyafrica.agencify/com.turnkeyafrica.agencify.ui.splash.Splash -S -a android.intent.action.MAIN -c android.intent.category.LAUNCHER -f 0x10200000'
[debug] &amp#27;[35m[ADB]&amp#27;[39m Waiting up to 20000ms for activity matching pkg: 'com.turnkeyafrica.agencify' and activity: 'com.turnkeyafrica.agencify.ui.splash.Splash' to be focused
[debug] &amp#27;[35m[ADB]&amp#27;[39m Possible activities, to be checked: 'com.turnkeyafrica.agencify.ui.splash.Splash', 'com.turnkeyafrica.agencify.com.turnkeyafrica.agencify.ui.splash.Splash'
[debug] &amp#27;[35m[ADB]&amp#27;[39m Getting focused package and activity
[debug] &amp#27;[35m[ADB]&amp#27;[39m Running 'C:\Users\John Mumo\AppData\Local\Android\Sdk\platform-tools\adb.exe -P 5037 -s 0329625863001980 shell dumpsys window windows'
[debug] &amp#27;[35m[ADB]&amp#27;[39m Found package: 'com.turnkeyafrica.agencify' and fully qualified activity name : 'com.turnkeyafrica.agencify.ui.splash.Splash'
[debug] &amp#27;[35m[WD Proxy]&amp#27;[39m Proxying [GET /appium/device/pixel_ratio] to [GET http://127.0.0.1:8202/wd/hub/session/9c3dbfb9-5144-4471-ab30-3e94ec8ef3ad/appium/device/pixel_ratio] with no body
[debug] &amp#27;[35m[WD Proxy]&amp#27;[39m Got response with status 200: {"sessionId":"9c3dbfb9-5144-4471-ab30-3e94ec8ef3ad","value":2}
[debug] &amp#27;[35m[WD Proxy]&amp#27;[39m Matched '/appium/device/system_bars' to command name 'getSystemBars'
[debug] &amp#27;[35m[WD Proxy]&amp#27;[39m Proxying [GET /appium/device/system_bars] to [GET http://127.0.0.1:8202/wd/hub/session/9c3dbfb9-5144-4471-ab30-3e94ec8ef3ad/appium/device/system_bars] with no body
[debug] &amp#27;[35m[WD Proxy]&amp#27;[39m Got response with status 200: {"sessionId":"9c3dbfb9-5144-4471-ab30-3e94ec8ef3ad","value":{"statusBar":48}}
[debug] &amp#27;[35m[WD Proxy]&amp#27;[39m Matched '/window/current/size' to command name 'getWindowSize'
[debug] &amp#27;[35m[WD Proxy]&amp#27;[39m Proxying [GET /window/current/size] to [GET http://127.0.0.1:8202/wd/hub/session/9c3dbfb9-5144-4471-ab30-3e94ec8ef3ad/window/current/size] with no body
[debug] &amp#27;[35m[WD Proxy]&amp#27;[39m Got response with status 200: {"sessionId":"9c3dbfb9-5144-4471-ab30-3e94ec8ef3ad","value":{"height":1344,"width":720}}
&amp#27;[35m[Appium]&amp#27;[39m New AndroidUiautomator2Driver session created successfully, session 81f184a4-b4d4-4b42-bc53-209fc1953c65 added to master session list
[debug] &amp#27;[35m[BaseDriver]&amp#27;[39m Event 'newSessionStarted' logged at 1631534031122 (14:53:51 GMT+0300 (East Africa Time))
[debug] &amp#27;[35m[W3C (81f184a4)]&amp#27;[39m Cached the protocol value 'W3C' for the new session 81f184a4-b4d4-4b42-bc53-209fc1953c65
[debug] &amp#27;[35m[W3C (81f184a4)]&amp#27;[39m Responding to client with driver.createSession() result: {"capabilities":{"platform":"LINUX","webStorageEnabled":false,"takesScreenshot":true,"javascriptEnabled":true,"databaseEnabled":false,"networkConnectionEnabled":true,"locationContextEnabled":false,"warnings":{},"desired":{"platformName":"android","app":"C:\\Users\\John Mumo\\Desktop\\Agencify_App\\Agencify_App_Test\\src\\Agencify-universal-dev.apk","automationName":"uiautomator2","deviceName":"Android Device"},"platformName":"android","app":"C:\\Users\\John Mumo\\Desktop\\Agencify_App\\Agencify_App_Test\\src\\Agencify-universal-dev.apk","automationName":"uiautomator2","deviceName":"0329625863001980","deviceUDID":"0329625863001980","appPackage":"com.turnkeyafrica.agencify","deviceApiLevel":27,"platformVersion":"8.1.0","deviceScreenSize":"720x1440","deviceScreenDensity":320,"deviceModel":"TECNO CA7","deviceManufacturer":"TECNO MOBILE LIMITED","pixelRatio":2,"statBarHeight":48,"viewportRect":{"left":0,"top":48,"width":720,"height":1296}}}
&amp#27;[35m[HTTP]&amp#27;[39m &amp#27;[37m<-- POST /wd/hub/session &amp#27;[39m&amp#27;[32m200&amp#27;[39m &amp#27;[90m15916 ms - 1010&amp#27;[39m
&amp#27;[35m[HTTP]&amp#27;[39m &amp#27;[90m&amp#27;[39m
&amp#27;[35m[HTTP]&amp#27;[39m &amp#27;[37m-->&amp#27;[39m &amp#27;[37mPOST&amp#27;[39m &amp#27;[37m/wd/hub/session/81f184a4-b4d4-4b42-bc53-209fc1953c65/timeouts&amp#27;[39m
&amp#27;[35m[HTTP]&amp#27;[39m &amp#27;[90m{"implicit":20000}&amp#27;[39m
[debug] &amp#27;[35m[W3C (81f184a4)]&amp#27;[39m Calling AppiumDriver.timeouts() with args: [null,null,null,null,20000,"81f184a4-b4d4-4b42-bc53-209fc1953c65"]
[debug] &amp#27;[35m[BaseDriver]&amp#27;[39m W3C timeout argument: {"implicit":20000}}
[debug] &amp#27;[35m[BaseDriver]&amp#27;[39m Set implicit wait to 20000ms
[debug] &amp#27;[35m[W3C (81f184a4)]&amp#27;[39m Responding to client with driver.timeouts() result: null
&amp#27;[35m[HTTP]&amp#27;[39m &amp#27;[37m<-- POST /wd/hub/session/81f184a4-b4d4-4b42-bc53-209fc1953c65/timeouts &amp#27;[39m&amp#27;[32m200&amp#27;[39m &amp#27;[90m5 ms - 14&amp#27;[39m
&amp#27;[35m[HTTP]&amp#27;[39m &amp#27;[90m&amp#27;[39m
&amp#27;[35m[HTTP]&amp#27;[39m &amp#27;[37m-->&amp#27;[39m &amp#27;[37mGET&amp#27;[39m &amp#27;[37m/wd/hub/session/81f184a4-b4d4-4b42-bc53-209fc1953c65/context&amp#27;[39m
&amp#27;[35m[HTTP]&amp#27;[39m &amp#27;[90m{}&amp#27;[39m
[debug] &amp#27;[35m[W3C (81f184a4)]&amp#27;[39m Calling AppiumDriver.getCurrentContext() with args: ["81f184a4-b4d4-4b42-bc53-209fc1953c65"]
[debug] &amp#27;[35m[W3C (81f184a4)]&amp#27;[39m Responding to client with driver.getCurrentContext() result: "NATIVE_APP"
&amp#27;[35m[HTTP]&amp#27;[39m &amp#27;[37m<-- GET /wd/hub/session/81f184a4-b4d4-4b42-bc53-209fc1953c65/context &amp#27;[39m&amp#27;[32m200&amp#27;[39m &amp#27;[90m2 ms - 22&amp#27;[39m
&amp#27;[35m[HTTP]&amp#27;[39m &amp#27;[90m&amp#27;[39m
&amp#27;[35m[HTTP]&amp#27;[39m &amp#27;[37m-->&amp#27;[39m &amp#27;[37mPOST&amp#27;[39m &amp#27;[37m/wd/hub/session/81f184a4-b4d4-4b42-bc53-209fc1953c65/element&amp#27;[39m
&amp#27;[35m[HTTP]&amp#27;[39m &amp#27;[90m{"using":"xpath","value":"//*[@text = 'Join now']"}&amp#27;[39m
[debug] &amp#27;[35m[W3C (81f184a4)]&amp#27;[39m Calling AppiumDriver.findElement() with args: ["xpath","//*[@text = 'Join now']","81f184a4-b4d4-4b42-bc53-209fc1953c65"]
[debug] &amp#27;[35m[BaseDriver]&amp#27;[39m Valid locator strategies for this request: xpath, id, class name, accessibility id, css selector, -android uiautomator
[debug] &amp#27;[35m[BaseDriver]&amp#27;[39m Waiting up to 20000 ms for condition
[debug] &amp#27;[35m[WD Proxy]&amp#27;[39m Matched '/element' to command name 'findElement'
[debug] &amp#27;[35m[WD Proxy]&amp#27;[39m Proxying [POST /element] to [POST http://127.0.0.1:8202/wd/hub/session/9c3dbfb9-5144-4471-ab30-3e94ec8ef3ad/element] with body: {"strategy":"xpath","selector":"//*[@text = 'Join now']","context":"","multiple":false}
&amp#27;[35m[WD Proxy]&amp#27;[39m Got response with status 404: {"sessionId":"9c3dbfb9-5144-4471-ab30-3e94ec8ef3ad","value":{"error":"no such element","message":"An element could not be located on the page using the given search parameters","stacktrace":"io.appium.uiautomator2.common.exceptions.ElementNotFoundException: An element could not be located on the page using the given search parameters\n\tat io.appium.uiautomator2.handler.FindElement.findElement(FindElement.java:89)\n\tat io.appium.uiautomator2.handler.FindElement.safeHandle(FindElement.java:66)\n\tat io.appium.uiautomator2.handler.request.SafeRequestHandler.handle(SafeRequestHandler.java:41)\n\tat io.appium.uiautomator2.server.AppiumServlet.handleRequest(AppiumServlet.java:262)\n\tat io.appium.uiautomator2.server.AppiumServlet.handleHttpRequest(AppiumServlet.java:256)\n\tat io.appium.uiautomator2.http.ServerHandler.channelRead(ServerHandler.java:68)\n\tat io.netty.channel.AbstractChannelHandlerContext.invokeChannelRead(AbstractChannelHandlerContext.java:366)\n\tat io.netty.channel.AbstractChannelHandlerCont...
[debug] &amp#27;[35m[W3C]&amp#27;[39m Matched W3C error code 'no such element' to NoSuchElementError
[debug] &amp#27;[35m[BaseDriver]&amp#27;[39m Waited for 2119 ms so far
[debug] &amp#27;[35m[WD Proxy]&amp#27;[39m Matched '/element' to command name 'findElement'
[debug] &amp#27;[35m[WD Proxy]&amp#27;[39m Proxying [POST /element] to [POST http://127.0.0.1:8202/wd/hub/session/9c3dbfb9-5144-4471-ab30-3e94ec8ef3ad/element] with body: {"strategy":"xpath","selector":"//*[@text = 'Join now']","context":"","multiple":false}
&amp#27;[35m[WD Proxy]&amp#27;[39m Got response with status 404: {"sessionId":"9c3dbfb9-5144-4471-ab30-3e94ec8ef3ad","value":{"error":"no such element","message":"An element could not be located on the page using the given search parameters","stacktrace":"io.appium.uiautomator2.common.exceptions.ElementNotFoundException: An element could not be located on the page using the given search parameters\n\tat io.appium.uiautomator2.handler.FindElement.findElement(FindElement.java:89)\n\tat io.appium.uiautomator2.handler.FindElement.safeHandle(FindElement.java:66)\n\tat io.appium.uiautomator2.handler.request.SafeRequestHandler.handle(SafeRequestHandler.java:41)\n\tat io.appium.uiautomator2.server.AppiumServlet.handleRequest(AppiumServlet.java:262)\n\tat io.appium.uiautomator2.server.AppiumServlet.handleHttpRequest(AppiumServlet.java:256)\n\tat io.appium.uiautomator2.http.ServerHandler.channelRead(ServerHandler.java:68)\n\tat io.netty.channel.AbstractChannelHandlerContext.invokeChannelRead(AbstractChannelHandlerContext.java:366)\n\tat io.netty.channel.AbstractChannelHandlerCont...
[debug] &amp#27;[35m[W3C]&amp#27;[39m Matched W3C error code 'no such element' to NoSuchElementError
[debug] &amp#27;[35m[BaseDriver]&amp#27;[39m Waited for 3228 ms so far
[debug] &amp#27;[35m[WD Proxy]&amp#27;[39m Matched '/element' to command name 'findElement'
[debug] &amp#27;[35m[WD Proxy]&amp#27;[39m Proxying [POST /element] to [POST http://127.0.0.1:8202/wd/hub/session/9c3dbfb9-5144-4471-ab30-3e94ec8ef3ad/element] with body: {"strategy":"xpath","selector":"//*[@text = 'Join now']","context":"","multiple":false}
[debug] &amp#27;[35m[WD Proxy]&amp#27;[39m Got response with status 200: {"sessionId":"9c3dbfb9-5144-4471-ab30-3e94ec8ef3ad","value":{"ELEMENT":"cf6c7d49-749c-4887-b6f4-38c1c20b2578","element-6066-11e4-a52e-4f735466cecf":"cf6c7d49-749c-4887-b6f4-38c1c20b2578"}}
[debug] &amp#27;[35m[W3C (81f184a4)]&amp#27;[39m Responding to client with driver.findElement() result: {"element-6066-11e4-a52e-4f735466cecf":"cf6c7d49-749c-4887-b6f4-38c1c20b2578","ELEMENT":"cf6c7d49-749c-4887-b6f4-38c1c20b2578"}
&amp#27;[35m[HTTP]&amp#27;[39m &amp#27;[37m<-- POST /wd/hub/session/81f184a4-b4d4-4b42-bc53-209fc1953c65/element &amp#27;[39m&amp#27;[32m200&amp#27;[39m &amp#27;[90m5149 ms - 137&amp#27;[39m
&amp#27;[35m[HTTP]&amp#27;[39m &amp#27;[90m&amp#27;[39m
&amp#27;[35m[HTTP]&amp#27;[39m &amp#27;[37m-->&amp#27;[39m &amp#27;[37mPOST&amp#27;[39m &amp#27;[37m/wd/hub/session/81f184a4-b4d4-4b42-bc53-209fc1953c65/element/cf6c7d49-749c-4887-b6f4-38c1c20b2578/click&amp#27;[39m
&amp#27;[35m[HTTP]&amp#27;[39m &amp#27;[90m{"id":"cf6c7d49-749c-4887-b6f4-38c1c20b2578"}&amp#27;[39m
[debug] &amp#27;[35m[W3C (81f184a4)]&amp#27;[39m Calling AppiumDriver.click() with args: ["cf6c7d49-749c-4887-b6f4-38c1c20b2578","81f184a4-b4d4-4b42-bc53-209fc1953c65"]
[debug] &amp#27;[35m[WD Proxy]&amp#27;[39m Matched '/element/cf6c7d49-749c-4887-b6f4-38c1c20b2578/click' to command name 'click'
[debug] &amp#27;[35m[WD Proxy]&amp#27;[39m Proxying [POST /element/cf6c7d49-749c-4887-b6f4-38c1c20b2578/click] to [POST http://127.0.0.1:8202/wd/hub/session/9c3dbfb9-5144-4471-ab30-3e94ec8ef3ad/element/cf6c7d49-749c-4887-b6f4-38c1c20b2578/click] with body: {"element":"cf6c7d49-749c-4887-b6f4-38c1c20b2578"}
[debug] &amp#27;[35m[WD Proxy]&amp#27;[39m Got response with status 200: {"sessionId":"9c3dbfb9-5144-4471-ab30-3e94ec8ef3ad","value":null}
[debug] &amp#27;[35m[W3C (81f184a4)]&amp#27;[39m Responding to client with driver.click() result: null
&amp#27;[35m[HTTP]&amp#27;[39m &amp#27;[37m<-- POST /wd/hub/session/81f184a4-b4d4-4b42-bc53-209fc1953c65/element/cf6c7d49-749c-4887-b6f4-38c1c20b2578/click &amp#27;[39m&amp#27;[32m200&amp#27;[39m &amp#27;[90m722 ms - 14&amp#27;[39m
&amp#27;[35m[HTTP]&amp#27;[39m &amp#27;[90m&amp#27;[39m
&amp#27;[35m[HTTP]&amp#27;[39m &amp#27;[37m-->&amp#27;[39m &amp#27;[37mGET&amp#27;[39m &amp#27;[37m/wd/hub/session/81f184a4-b4d4-4b42-bc53-209fc1953c65/context&amp#27;[39m
&amp#27;[35m[HTTP]&amp#27;[39m &amp#27;[90m{}&amp#27;[39m
[debug] &amp#27;[35m[W3C (81f184a4)]&amp#27;[39m Calling AppiumDriver.getCurrentContext() with args: ["81f184a4-b4d4-4b42-bc53-209fc1953c65"]
[debug] &amp#27;[35m[W3C (81f184a4)]&amp#27;[39m Responding to client with driver.getCurrentContext() result: "NATIVE_APP"
&amp#27;[35m[HTTP]&amp#27;[39m &amp#27;[37m<-- GET /wd/hub/session/81f184a4-b4d4-4b42-bc53-209fc1953c65/context &amp#27;[39m&amp#27;[32m200&amp#27;[39m &amp#27;[90m2 ms - 22&amp#27;[39m
&amp#27;[35m[HTTP]&amp#27;[39m &amp#27;[90m&amp#27;[39m
&amp#27;[35m[HTTP]&amp#27;[39m &amp#27;[37m-->&amp#27;[39m &amp#27;[37mPOST&amp#27;[39m &amp#27;[37m/wd/hub/session/81f184a4-b4d4-4b42-bc53-209fc1953c65/element&amp#27;[39m
&amp#27;[35m[HTTP]&amp#27;[39m &amp#27;[90m{"using":"id","value":"com.turnkeyafrica.agencify:id/customerEmailAddress"}&amp#27;[39m
[debug] &amp#27;[35m[W3C (81f184a4)]&amp#27;[39m Calling AppiumDriver.findElement() with args: ["id","com.turnkeyafrica.agencify:id/customerEmailAddress","81f184a4-b4d4-4b42-bc53-209fc1953c65"]
[debug] &amp#27;[35m[BaseDriver]&amp#27;[39m Valid locator strategies for this request: xpath, id, class name, accessibility id, css selector, -android uiautomator
[debug] &amp#27;[35m[BaseDriver]&amp#27;[39m Waiting up to 20000 ms for condition
[debug] &amp#27;[35m[WD Proxy]&amp#27;[39m Matched '/element' to command name 'findElement'
[debug] &amp#27;[35m[WD Proxy]&amp#27;[39m Proxying [POST /element] to [POST http://127.0.0.1:8202/wd/hub/session/9c3dbfb9-5144-4471-ab30-3e94ec8ef3ad/element] with body: {"strategy":"id","selector":"com.turnkeyafrica.agencify:id/customerEmailAddress","context":"","multiple":false}
[debug] &amp#27;[35m[WD Proxy]&amp#27;[39m Got response with status 200: {"sessionId":"9c3dbfb9-5144-4471-ab30-3e94ec8ef3ad","value":{"ELEMENT":"7ec6c32f-185b-4a9c-9f59-04229a7cdfe6","element-6066-11e4-a52e-4f735466cecf":"7ec6c32f-185b-4a9c-9f59-04229a7cdfe6"}}
[debug] &amp#27;[35m[W3C (81f184a4)]&amp#27;[39m Responding to client with driver.findElement() result: {"element-6066-11e4-a52e-4f735466cecf":"7ec6c32f-185b-4a9c-9f59-04229a7cdfe6","ELEMENT":"7ec6c32f-185b-4a9c-9f59-04229a7cdfe6"}
&amp#27;[35m[HTTP]&amp#27;[39m &amp#27;[37m<-- POST /wd/hub/session/81f184a4-b4d4-4b42-bc53-209fc1953c65/element &amp#27;[39m&amp#27;[32m200&amp#27;[39m &amp#27;[90m1074 ms - 137&amp#27;[39m
&amp#27;[35m[HTTP]&amp#27;[39m &amp#27;[90m&amp#27;[39m
&amp#27;[35m[HTTP]&amp#27;[39m &amp#27;[37m-->&amp#27;[39m &amp#27;[37mPOST&amp#27;[39m &amp#27;[37m/wd/hub/session/81f184a4-b4d4-4b42-bc53-209fc1953c65/element/7ec6c32f-185b-4a9c-9f59-04229a7cdfe6/value&amp#27;[39m
&amp#27;[35m[HTTP]&amp#27;[39m &amp#27;[90m{"id":"7ec6c32f-185b-4a9c-9f59-04229a7cdfe6","text":"john.mumo@turnkeyafrica.com","value":["j","o","h","n",".","m","u","m","o","@","t","u","r","n","k","e","y","a","f","r","i","c","a",".","c","o","m"]}&amp#27;[39m
[debug] &amp#27;[35m[W3C (81f184a4)]&amp#27;[39m Calling AppiumDriver.setValue() with args: [["j","o","h","n",".","m","u","m","o","@","t","u","r","n","k","e","y","a","f","r","i","c","a",".","c","o","m"],"7ec6c32f-185b-4a9c-9f59-04229a7cdfe6","81f184a4-b4d4-4b42-bc53-209fc1953c65"]
[debug] &amp#27;[35m[WD Proxy]&amp#27;[39m Matched '/element/7ec6c32f-185b-4a9c-9f59-04229a7cdfe6/value' to command name 'setValue'
[debug] &amp#27;[35m[Protocol Converter]&amp#27;[39m Added 'value' property ["j","o","h","n",".","m","u","m","o","@","t","u","r","n","k","e","y","a","f","r","i","c","a",".","c","o","m"] to 'setValue' request body
[debug] &amp#27;[35m[WD Proxy]&amp#27;[39m Proxying [POST /element/7ec6c32f-185b-4a9c-9f59-04229a7cdfe6/value] to [POST http://127.0.0.1:8202/wd/hub/session/9c3dbfb9-5144-4471-ab30-3e94ec8ef3ad/element/7ec6c32f-185b-4a9c-9f59-04229a7cdfe6/value] with body: {"elementId":"7ec6c32f-185b-4a9c-9f59-04229a7cdfe6","text":"john.mumo@turnkeyafrica.com","replace":false,"value":["j","o","h","n",".","m","u","m","o","@","t","u","r","n","k","e","y","a","f","r","i","c","a",".","c","o","m"]}
[debug] &amp#27;[35m[WD Proxy]&amp#27;[39m Got response with status 200: {"sessionId":"9c3dbfb9-5144-4471-ab30-3e94ec8ef3ad","value":null}
[debug] &amp#27;[35m[W3C (81f184a4)]&amp#27;[39m Responding to client with driver.setValue() result: null
&amp#27;[35m[HTTP]&amp#27;[39m &amp#27;[37m<-- POST /wd/hub/session/81f184a4-b4d4-4b42-bc53-209fc1953c65/element/7ec6c32f-185b-4a9c-9f59-04229a7cdfe6/value &amp#27;[39m&amp#27;[32m200&amp#27;[39m &amp#27;[90m2615 ms - 14&amp#27;[39m
&amp#27;[35m[HTTP]&amp#27;[39m &amp#27;[90m&amp#27;[39m
&amp#27;[35m[HTTP]&amp#27;[39m &amp#27;[37m-->&amp#27;[39m &amp#27;[37mGET&amp#27;[39m &amp#27;[37m/wd/hub/session/81f184a4-b4d4-4b42-bc53-209fc1953c65/context&amp#27;[39m
&amp#27;[35m[HTTP]&amp#27;[39m &amp#27;[90m{}&amp#27;[39m
[debug] &amp#27;[35m[W3C (81f184a4)]&amp#27;[39m Calling AppiumDriver.getCurrentContext() with args: ["81f184a4-b4d4-4b42-bc53-209fc1953c65"]
[debug] &amp#27;[35m[W3C (81f184a4)]&amp#27;[39m Responding to client with driver.getCurrentContext() result: "NATIVE_APP"
&amp#27;[35m[HTTP]&amp#27;[39m &amp#27;[37m<-- GET /wd/hub/session/81f184a4-b4d4-4b42-bc53-209fc1953c65/context &amp#27;[39m&amp#27;[32m200&amp#27;[39m &amp#27;[90m5 ms - 22&amp#27;[39m
&amp#27;[35m[HTTP]&amp#27;[39m &amp#27;[90m&amp#27;[39m
&amp#27;[35m[HTTP]&amp#27;[39m &amp#27;[37m-->&amp#27;[39m &amp#27;[37mPOST&amp#27;[39m &amp#27;[37m/wd/hub/session/81f184a4-b4d4-4b42-bc53-209fc1953c65/element&amp#27;[39m
&amp#27;[35m[HTTP]&amp#27;[39m &amp#27;[90m{"using":"id","value":"com.turnkeyafrica.agencify:id/password"}&amp#27;[39m
[debug] &amp#27;[35m[W3C (81f184a4)]&amp#27;[39m Calling AppiumDriver.findElement() with args: ["id","com.turnkeyafrica.agencify:id/password","81f184a4-b4d4-4b42-bc53-209fc1953c65"]
[debug] &amp#27;[35m[BaseDriver]&amp#27;[39m Valid locator strategies for this request: xpath, id, class name, accessibility id, css selector, -android uiautomator
[debug] &amp#27;[35m[BaseDriver]&amp#27;[39m Waiting up to 20000 ms for condition
[debug] &amp#27;[35m[WD Proxy]&amp#27;[39m Matched '/element' to command name 'findElement'
[debug] &amp#27;[35m[WD Proxy]&amp#27;[39m Proxying [POST /element] to [POST http://127.0.0.1:8202/wd/hub/session/9c3dbfb9-5144-4471-ab30-3e94ec8ef3ad/element] with body: {"strategy":"id","selector":"com.turnkeyafrica.agencify:id/password","context":"","multiple":false}
[debug] &amp#27;[35m[WD Proxy]&amp#27;[39m Got response with status 200: {"sessionId":"9c3dbfb9-5144-4471-ab30-3e94ec8ef3ad","value":{"ELEMENT":"a2e3055c-8446-4c7c-84cc-0737de9fa1be","element-6066-11e4-a52e-4f735466cecf":"a2e3055c-8446-4c7c-84cc-0737de9fa1be"}}
[debug] &amp#27;[35m[W3C (81f184a4)]&amp#27;[39m Responding to client with driver.findElement() result: {"element-6066-11e4-a52e-4f735466cecf":"a2e3055c-8446-4c7c-84cc-0737de9fa1be","ELEMENT":"a2e3055c-8446-4c7c-84cc-0737de9fa1be"}
&amp#27;[35m[HTTP]&amp#27;[39m &amp#27;[37m<-- POST /wd/hub/session/81f184a4-b4d4-4b42-bc53-209fc1953c65/element &amp#27;[39m&amp#27;[32m200&amp#27;[39m &amp#27;[90m1044 ms - 137&amp#27;[39m
&amp#27;[35m[HTTP]&amp#27;[39m &amp#27;[90m&amp#27;[39m
&amp#27;[35m[HTTP]&amp#27;[39m &amp#27;[37m-->&amp#27;[39m &amp#27;[37mPOST&amp#27;[39m &amp#27;[37m/wd/hub/session/81f184a4-b4d4-4b42-bc53-209fc1953c65/element/a2e3055c-8446-4c7c-84cc-0737de9fa1be/value&amp#27;[39m
&amp#27;[35m[HTTP]&amp#27;[39m &amp#27;[90m{"id":"a2e3055c-8446-4c7c-84cc-0737de9fa1be","text":"33608681","value":["3","3","6","0","8","6","8","1"]}&amp#27;[39m
[debug] &amp#27;[35m[W3C (81f184a4)]&amp#27;[39m Calling AppiumDriver.setValue() with args: [["3","3","6","0","8","6","8","1"],"a2e3055c-8446-4c7c-84cc-0737de9fa1be","81f184a4-b4d4-4b42-bc53-209fc1953c65"]
[debug] &amp#27;[35m[WD Proxy]&amp#27;[39m Matched '/element/a2e3055c-8446-4c7c-84cc-0737de9fa1be/value' to command name 'setValue'
[debug] &amp#27;[35m[Protocol Converter]&amp#27;[39m Added 'value' property ["3","3","6","0","8","6","8","1"] to 'setValue' request body
[debug] &amp#27;[35m[WD Proxy]&amp#27;[39m Proxying [POST /element/a2e3055c-8446-4c7c-84cc-0737de9fa1be/value] to [POST http://127.0.0.1:8202/wd/hub/session/9c3dbfb9-5144-4471-ab30-3e94ec8ef3ad/element/a2e3055c-8446-4c7c-84cc-0737de9fa1be/value] with body: {"elementId":"a2e3055c-8446-4c7c-84cc-0737de9fa1be","text":"33608681","replace":false,"value":["3","3","6","0","8","6","8","1"]}
[debug] &amp#27;[35m[WD Proxy]&amp#27;[39m Got response with status 200: {"sessionId":"9c3dbfb9-5144-4471-ab30-3e94ec8ef3ad","value":null}
[debug] &amp#27;[35m[W3C (81f184a4)]&amp#27;[39m Responding to client with driver.setValue() result: null
&amp#27;[35m[HTTP]&amp#27;[39m &amp#27;[37m<-- POST /wd/hub/session/81f184a4-b4d4-4b42-bc53-209fc1953c65/element/a2e3055c-8446-4c7c-84cc-0737de9fa1be/value &amp#27;[39m&amp#27;[32m200&amp#27;[39m &amp#27;[90m918 ms - 14&amp#27;[39m
&amp#27;[35m[HTTP]&amp#27;[39m &amp#27;[90m&amp#27;[39m
&amp#27;[35m[HTTP]&amp#27;[39m &amp#27;[37m-->&amp#27;[39m &amp#27;[37mPOST&amp#27;[39m &amp#27;[37m/wd/hub/session/81f184a4-b4d4-4b42-bc53-209fc1953c65/element&amp#27;[39m
&amp#27;[35m[HTTP]&amp#27;[39m &amp#27;[90m{"using":"id","value":"com.turnkeyafrica.agencify:id/checkBox"}&amp#27;[39m
[debug] &amp#27;[35m[W3C (81f184a4)]&amp#27;[39m Calling AppiumDriver.findElement() with args: ["id","com.turnkeyafrica.agencify:id/checkBox","81f184a4-b4d4-4b42-bc53-209fc1953c65"]
[debug] &amp#27;[35m[BaseDriver]&amp#27;[39m Valid locator strategies for this request: xpath, id, class name, accessibility id, css selector, -android uiautomator
[debug] &amp#27;[35m[BaseDriver]&amp#27;[39m Waiting up to 20000 ms for condition
[debug] &amp#27;[35m[WD Proxy]&amp#27;[39m Matched '/element' to command name 'findElement'
[debug] &amp#27;[35m[WD Proxy]&amp#27;[39m Proxying [POST /element] to [POST http://127.0.0.1:8202/wd/hub/session/9c3dbfb9-5144-4471-ab30-3e94ec8ef3ad/element] with body: {"strategy":"id","selector":"com.turnkeyafrica.agencify:id/checkBox","context":"","multiple":false}
[debug] &amp#27;[35m[WD Proxy]&amp#27;[39m Got response with status 200: {"sessionId":"9c3dbfb9-5144-4471-ab30-3e94ec8ef3ad","value":{"ELEMENT":"c5aaed59-1b73-49df-a3a0-d4a295cd4e5c","element-6066-11e4-a52e-4f735466cecf":"c5aaed59-1b73-49df-a3a0-d4a295cd4e5c"}}
[debug] &amp#27;[35m[W3C (81f184a4)]&amp#27;[39m Responding to client with driver.findElement() result: {"element-6066-11e4-a52e-4f735466cecf":"c5aaed59-1b73-49df-a3a0-d4a295cd4e5c","ELEMENT":"c5aaed59-1b73-49df-a3a0-d4a295cd4e5c"}
&amp#27;[35m[HTTP]&amp#27;[39m &amp#27;[37m<-- POST /wd/hub/session/81f184a4-b4d4-4b42-bc53-209fc1953c65/element &amp#27;[39m&amp#27;[32m200&amp#27;[39m &amp#27;[90m1094 ms - 137&amp#27;[39m
&amp#27;[35m[HTTP]&amp#27;[39m &amp#27;[90m&amp#27;[39m
&amp#27;[35m[HTTP]&amp#27;[39m &amp#27;[37m-->&amp#27;[39m &amp#27;[37mPOST&amp#27;[39m &amp#27;[37m/wd/hub/session/81f184a4-b4d4-4b42-bc53-209fc1953c65/touch/perform&amp#27;[39m
&amp#27;[35m[HTTP]&amp#27;[39m &amp#27;[90m{"actions":[{"action":"tap","options":{"element":"c5aaed59-1b73-49df-a3a0-d4a295cd4e5c"}}]}&amp#27;[39m
[debug] &amp#27;[35m[W3C (81f184a4)]&amp#27;[39m Calling AppiumDriver.performTouch() with args: [[{"action":"tap","options":{"element":"c5aaed59-1b73-49df-a3a0-d4a295cd4e5c"}}],"81f184a4-b4d4-4b42-bc53-209fc1953c65"]
&amp#27;[35m[UiAutomator2]&amp#27;[39m calling get location: c5aaed59-1b73-49df-a3a0-d4a295cd4e5c
[debug] &amp#27;[35m[WD Proxy]&amp#27;[39m Matched '/element/c5aaed59-1b73-49df-a3a0-d4a295cd4e5c/location' to command name 'getLocation'
[debug] &amp#27;[35m[WD Proxy]&amp#27;[39m Proxying [GET /element/c5aaed59-1b73-49df-a3a0-d4a295cd4e5c/location] to [GET http://127.0.0.1:8202/wd/hub/session/9c3dbfb9-5144-4471-ab30-3e94ec8ef3ad/element/c5aaed59-1b73-49df-a3a0-d4a295cd4e5c/location] with no body
[debug] &amp#27;[35m[WD Proxy]&amp#27;[39m Got response with status 200: {"sessionId":"9c3dbfb9-5144-4471-ab30-3e94ec8ef3ad","value":{"x":16,"y":665}}
[debug] &amp#27;[35m[WD Proxy]&amp#27;[39m Matched '/element/c5aaed59-1b73-49df-a3a0-d4a295cd4e5c/size' to command name 'getSize'
[debug] &amp#27;[35m[WD Proxy]&amp#27;[39m Proxying [GET /element/c5aaed59-1b73-49df-a3a0-d4a295cd4e5c/size] to [GET http://127.0.0.1:8202/wd/hub/session/9c3dbfb9-5144-4471-ab30-3e94ec8ef3ad/element/c5aaed59-1b73-49df-a3a0-d4a295cd4e5c/size] with no body
[debug] &amp#27;[35m[WD Proxy]&amp#27;[39m Got response with status 200: {"sessionId":"9c3dbfb9-5144-4471-ab30-3e94ec8ef3ad","value":{"height":96,"width":96}}
[debug] &amp#27;[35m[WD Proxy]&amp#27;[39m Proxying [POST /appium/tap] to [POST http://127.0.0.1:8202/wd/hub/session/9c3dbfb9-5144-4471-ab30-3e94ec8ef3ad/appium/tap] with body: {"x":64,"y":713,"undefined":null}
[debug] &amp#27;[35m[WD Proxy]&amp#27;[39m Got response with status 200: {"sessionId":"9c3dbfb9-5144-4471-ab30-3e94ec8ef3ad","value":null}
[debug] &amp#27;[35m[W3C (81f184a4)]&amp#27;[39m Responding to client with driver.performTouch() result: null
&amp#27;[35m[HTTP]&amp#27;[39m &amp#27;[37m<-- POST /wd/hub/session/81f184a4-b4d4-4b42-bc53-209fc1953c65/touch/perform &amp#27;[39m&amp#27;[32m200&amp#27;[39m &amp#27;[90m851 ms - 14&amp#27;[39m
&amp#27;[35m[HTTP]&amp#27;[39m &amp#27;[90m&amp#27;[39m
&amp#27;[35m[HTTP]&amp#27;[39m &amp#27;[37m-->&amp#27;[39m &amp#27;[37mGET&amp#27;[39m &amp#27;[37m/wd/hub/session/81f184a4-b4d4-4b42-bc53-209fc1953c65/context&amp#27;[39m
&amp#27;[35m[HTTP]&amp#27;[39m &amp#27;[90m{}&amp#27;[39m
[debug] &amp#27;[35m[W3C (81f184a4)]&amp#27;[39m Calling AppiumDriver.getCurrentContext() with args: ["81f184a4-b4d4-4b42-bc53-209fc1953c65"]
[debug] &amp#27;[35m[W3C (81f184a4)]&amp#27;[39m Responding to client with driver.getCurrentContext() result: "NATIVE_APP"
&amp#27;[35m[HTTP]&amp#27;[39m &amp#27;[37m<-- GET /wd/hub/session/81f184a4-b4d4-4b42-bc53-209fc1953c65/context &amp#27;[39m&amp#27;[32m200&amp#27;[39m &amp#27;[90m3 ms - 22&amp#27;[39m
&amp#27;[35m[HTTP]&amp#27;[39m &amp#27;[90m&amp#27;[39m
&amp#27;[35m[HTTP]&amp#27;[39m &amp#27;[37m-->&amp#27;[39m &amp#27;[37mPOST&amp#27;[39m &amp#27;[37m/wd/hub/session/81f184a4-b4d4-4b42-bc53-209fc1953c65/element&amp#27;[39m
&amp#27;[35m[HTTP]&amp#27;[39m &amp#27;[90m{"using":"id","value":"com.turnkeyafrica.agencify:id/btn_sign_up"}&amp#27;[39m
[debug] &amp#27;[35m[W3C (81f184a4)]&amp#27;[39m Calling AppiumDriver.findElement() with args: ["id","com.turnkeyafrica.agencify:id/btn_sign_up","81f184a4-b4d4-4b42-bc53-209fc1953c65"]
[debug] &amp#27;[35m[BaseDriver]&amp#27;[39m Valid locator strategies for this request: xpath, id, class name, accessibility id, css selector, -android uiautomator
[debug] &amp#27;[35m[BaseDriver]&amp#27;[39m Waiting up to 20000 ms for condition
[debug] &amp#27;[35m[WD Proxy]&amp#27;[39m Matched '/element' to command name 'findElement'
[debug] &amp#27;[35m[WD Proxy]&amp#27;[39m Proxying [POST /element] to [POST http://127.0.0.1:8202/wd/hub/session/9c3dbfb9-5144-4471-ab30-3e94ec8ef3ad/element] with body: {"strategy":"id","selector":"com.turnkeyafrica.agencify:id/btn_sign_up","context":"","multiple":false}
[debug] &amp#27;[35m[WD Proxy]&amp#27;[39m Got response with status 200: {"sessionId":"9c3dbfb9-5144-4471-ab30-3e94ec8ef3ad","value":{"ELEMENT":"363ccfdc-0f5f-4d4a-ba94-cf00b07ac2b6","element-6066-11e4-a52e-4f735466cecf":"363ccfdc-0f5f-4d4a-ba94-cf00b07ac2b6"}}
[debug] &amp#27;[35m[W3C (81f184a4)]&amp#27;[39m Responding to client with driver.findElement() result: {"element-6066-11e4-a52e-4f735466cecf":"363ccfdc-0f5f-4d4a-ba94-cf00b07ac2b6","ELEMENT":"363ccfdc-0f5f-4d4a-ba94-cf00b07ac2b6"}
&amp#27;[35m[HTTP]&amp#27;[39m &amp#27;[37m<-- POST /wd/hub/session/81f184a4-b4d4-4b42-bc53-209fc1953c65/element &amp#27;[39m&amp#27;[32m200&amp#27;[39m &amp#27;[90m107 ms - 137&amp#27;[39m
&amp#27;[35m[HTTP]&amp#27;[39m &amp#27;[90m&amp#27;[39m
&amp#27;[35m[HTTP]&amp#27;[39m &amp#27;[37m-->&amp#27;[39m &amp#27;[37mPOST&amp#27;[39m &amp#27;[37m/wd/hub/session/81f184a4-b4d4-4b42-bc53-209fc1953c65/element/363ccfdc-0f5f-4d4a-ba94-cf00b07ac2b6/click&amp#27;[39m
&amp#27;[35m[HTTP]&amp#27;[39m &amp#27;[90m{"id":"363ccfdc-0f5f-4d4a-ba94-cf00b07ac2b6"}&amp#27;[39m
[debug] &amp#27;[35m[W3C (81f184a4)]&amp#27;[39m Calling AppiumDriver.click() with args: ["363ccfdc-0f5f-4d4a-ba94-cf00b07ac2b6","81f184a4-b4d4-4b42-bc53-209fc1953c65"]
[debug] &amp#27;[35m[WD Proxy]&amp#27;[39m Matched '/element/363ccfdc-0f5f-4d4a-ba94-cf00b07ac2b6/click' to command name 'click'
[debug] &amp#27;[35m[WD Proxy]&amp#27;[39m Proxying [POST /element/363ccfdc-0f5f-4d4a-ba94-cf00b07ac2b6/click] to [POST http://127.0.0.1:8202/wd/hub/session/9c3dbfb9-5144-4471-ab30-3e94ec8ef3ad/element/363ccfdc-0f5f-4d4a-ba94-cf00b07ac2b6/click] with body: {"element":"363ccfdc-0f5f-4d4a-ba94-cf00b07ac2b6"}
[debug] &amp#27;[35m[WD Proxy]&amp#27;[39m Got response with status 200: {"sessionId":"9c3dbfb9-5144-4471-ab30-3e94ec8ef3ad","value":null}
[debug] &amp#27;[35m[W3C (81f184a4)]&amp#27;[39m Responding to client with driver.click() result: null
&amp#27;[35m[HTTP]&amp#27;[39m &amp#27;[37m<-- POST /wd/hub/session/81f184a4-b4d4-4b42-bc53-209fc1953c65/element/363ccfdc-0f5f-4d4a-ba94-cf00b07ac2b6/click &amp#27;[39m&amp#27;[32m200&amp#27;[39m &amp#27;[90m62 ms - 14&amp#27;[39m
&amp#27;[35m[HTTP]&amp#27;[39m &amp#27;[90m&amp#27;[39m
&amp#27;[35m[HTTP]&amp#27;[39m &amp#27;[37m-->&amp#27;[39m &amp#27;[37mGET&amp#27;[39m &amp#27;[37m/wd/hub/session/81f184a4-b4d4-4b42-bc53-209fc1953c65/context&amp#27;[39m
&amp#27;[35m[HTTP]&amp#27;[39m &amp#27;[90m{}&amp#27;[39m
[debug] &amp#27;[35m[W3C (81f184a4)]&amp#27;[39m Calling AppiumDriver.getCurrentContext() with args: ["81f184a4-b4d4-4b42-bc53-209fc1953c65"]
[debug] &amp#27;[35m[W3C (81f184a4)]&amp#27;[39m Responding to client with driver.getCurrentContext() result: "NATIVE_APP"
&amp#27;[35m[HTTP]&amp#27;[39m &amp#27;[37m<-- GET /wd/hub/session/81f184a4-b4d4-4b42-bc53-209fc1953c65/context &amp#27;[39m&amp#27;[32m200&amp#27;[39m &amp#27;[90m4 ms - 22&amp#27;[39m
&amp#27;[35m[HTTP]&amp#27;[39m &amp#27;[90m&amp#27;[39m
&amp#27;[35m[HTTP]&amp#27;[39m &amp#27;[37m-->&amp#27;[39m &amp#27;[37mPOST&amp#27;[39m &amp#27;[37m/wd/hub/session/81f184a4-b4d4-4b42-bc53-209fc1953c65/element&amp#27;[39m
&amp#27;[35m[HTTP]&amp#27;[39m &amp#27;[90m{"using":"id","value":"com.turnkeyafrica.agencify:id/textinput_error"}&amp#27;[39m
[debug] &amp#27;[35m[W3C (81f184a4)]&amp#27;[39m Calling AppiumDriver.findElement() with args: ["id","com.turnkeyafrica.agencify:id/textinput_error","81f184a4-b4d4-4b42-bc53-209fc1953c65"]
[debug] &amp#27;[35m[BaseDriver]&amp#27;[39m Valid locator strategies for this request: xpath, id, class name, accessibility id, css selector, -android uiautomator
[debug] &amp#27;[35m[BaseDriver]&amp#27;[39m Waiting up to 20000 ms for condition
[debug] &amp#27;[35m[WD Proxy]&amp#27;[39m Matched '/element' to command name 'findElement'
[debug] &amp#27;[35m[WD Proxy]&amp#27;[39m Proxying [POST /element] to [POST http://127.0.0.1:8202/wd/hub/session/9c3dbfb9-5144-4471-ab30-3e94ec8ef3ad/element] with body: {"strategy":"id","selector":"com.turnkeyafrica.agencify:id/textinput_error","context":"","multiple":false}
[debug] &amp#27;[35m[WD Proxy]&amp#27;[39m Got response with status 200: {"sessionId":"9c3dbfb9-5144-4471-ab30-3e94ec8ef3ad","value":{"ELEMENT":"af9ac589-c83c-4d22-a21d-9aca0510a41f","element-6066-11e4-a52e-4f735466cecf":"af9ac589-c83c-4d22-a21d-9aca0510a41f"}}
[debug] &amp#27;[35m[W3C (81f184a4)]&amp#27;[39m Responding to client with driver.findElement() result: {"element-6066-11e4-a52e-4f735466cecf":"af9ac589-c83c-4d22-a21d-9aca0510a41f","ELEMENT":"af9ac589-c83c-4d22-a21d-9aca0510a41f"}
&amp#27;[35m[HTTP]&amp#27;[39m &amp#27;[37m<-- POST /wd/hub/session/81f184a4-b4d4-4b42-bc53-209fc1953c65/element &amp#27;[39m&amp#27;[32m200&amp#27;[39m &amp#27;[90m1103 ms - 137&amp#27;[39m
&amp#27;[35m[HTTP]&amp#27;[39m &amp#27;[90m&amp#27;[39m
&amp#27;[35m[HTTP]&amp#27;[39m &amp#27;[37m-->&amp#27;[39m &amp#27;[37mGET&amp#27;[39m &amp#27;[37m/wd/hub/session/81f184a4-b4d4-4b42-bc53-209fc1953c65/element/af9ac589-c83c-4d22-a21d-9aca0510a41f/text&amp#27;[39m
&amp#27;[35m[HTTP]&amp#27;[39m &amp#27;[90m{}&amp#27;[39m
&amp#27;[35m[W3C (81f184a4)]&amp#27;[39m Driver proxy active, passing request on via HTTP proxy
[debug] &amp#27;[35m[WD Proxy]&amp#27;[39m Matched '/wd/hub/session/81f184a4-b4d4-4b42-bc53-209fc1953c65/element/af9ac589-c83c-4d22-a21d-9aca0510a41f/text' to command name 'getText'
[debug] &amp#27;[35m[WD Proxy]&amp#27;[39m Proxying [GET /wd/hub/session/81f184a4-b4d4-4b42-bc53-209fc1953c65/element/af9ac589-c83c-4d22-a21d-9aca0510a41f/text] to [GET http://127.0.0.1:8202/wd/hub/session/9c3dbfb9-5144-4471-ab30-3e94ec8ef3ad/element/af9ac589-c83c-4d22-a21d-9aca0510a41f/text] with no body
[debug] &amp#27;[35m[WD Proxy]&amp#27;[39m Got response with status 200: {"sessionId":"9c3dbfb9-5144-4471-ab30-3e94ec8ef3ad","value":"Invalid mobile number"}
&amp#27;[35m[WD Proxy]&amp#27;[39m Replacing sessionId 9c3dbfb9-5144-4471-ab30-3e94ec8ef3ad with 81f184a4-b4d4-4b42-bc53-209fc1953c65
&amp#27;[35m[HTTP]&amp#27;[39m &amp#27;[37m<-- GET /wd/hub/session/81f184a4-b4d4-4b42-bc53-209fc1953c65/element/af9ac589-c83c-4d22-a21d-9aca0510a41f/text &amp#27;[39m&amp#27;[32m200&amp#27;[39m &amp#27;[90m64 ms - 84&amp#27;[39m
&amp#27;[35m[HTTP]&amp#27;[39m &amp#27;[90m&amp#27;[39m
&amp#27;[35m[HTTP]&amp#27;[39m &amp#27;[37m-->&amp#27;[39m &amp#27;[37mGET&amp#27;[39m &amp#27;[37m/wd/hub/status&amp#27;[39m
&amp#27;[35m[HTTP]&amp#27;[39m &amp#27;[90m{}&amp#27;[39m
[debug] &amp#27;[35m[GENERIC]&amp#27;[39m Calling AppiumDriver.getStatus() with args: []
[debug] &amp#27;[35m[GENERIC]&amp#27;[39m Responding to client with driver.getStatus() result: {"build":{"version":"1.21.0"}}
&amp#27;[35m[HTTP]&amp#27;[39m &amp#27;[37m<-- GET /wd/hub/status &amp#27;[39m&amp#27;[32m200&amp#27;[39m &amp#27;[90m2 ms - 68&amp#27;[39m
&amp#27;[35m[HTTP]&amp#27;[39m &amp#27;[90m&amp#27;[39m
]]></system-out>
    <system-err><![CDATA[Sep 13, 2021 2:53:51 PM io.appium.java_client.remote.AppiumCommandExecutor$1 lambda$0
INFO: Detected dialect: W3C
[main] WARN io.appium.java_client.service.local.AppiumDriverLocalService - No explicit timeout could be applied to the process termination
java.lang.NullPointerException
	at io.appium.java_client.service.local.AppiumDriverLocalService.destroyProcess(AppiumDriverLocalService.java:219)
	at io.appium.java_client.service.local.AppiumDriverLocalService.destroyProcess(AppiumDriverLocalService.java:234)
	at io.appium.java_client.service.local.AppiumDriverLocalService.stop(AppiumDriverLocalService.java:186)
	at Agencify.SignUp.SignUpWithNoPhnNo(SignUp.java:48)
	at sun.reflect.NativeMethodAccessorImpl.invoke0(Native Method)
	at sun.reflect.NativeMethodAccessorImpl.invoke(NativeMethodAccessorImpl.java:62)
	at sun.reflect.DelegatingMethodAccessorImpl.invoke(DelegatingMethodAccessorImpl.java:43)
	at java.lang.reflect.Method.invoke(Method.java:498)
	at org.testng.internal.MethodInvocationHelper.invokeMethod(MethodInvocationHelper.java:124)
	at org.testng.internal.Invoker.invokeMethod(Invoker.java:583)
	at org.testng.internal.Invoker.invokeTestMethod(Invoker.java:719)
	at org.testng.internal.Invoker.invokeTestMethods(Invoker.java:989)
	at org.testng.internal.TestMethodWorker.invokeTestMethods(TestMethodWorker.java:125)
	at org.testng.internal.TestMethodWorker.run(TestMethodWorker.java:109)
	at org.testng.TestRunner.privateRun(TestRunner.java:648)
	at org.testng.TestRunner.run(TestRunner.java:505)
	at org.testng.SuiteRunner.runTest(SuiteRunner.java:455)
	at org.testng.SuiteRunner.runSequentially(SuiteRunner.java:450)
	at org.testng.SuiteRunner.privateRun(SuiteRunner.java:415)
	at org.testng.SuiteRunner.run(SuiteRunner.java:364)
	at org.testng.SuiteRunnerWorker.runSuite(SuiteRunnerWorker.java:52)
	at org.testng.SuiteRunnerWorker.run(SuiteRunnerWorker.java:84)
	at org.testng.TestNG.runSuitesSequentially(TestNG.java:1208)
	at org.testng.TestNG.runSuitesLocally(TestNG.java:1137)
	at org.testng.TestNG.runSuites(TestNG.java:1049)
	at org.testng.TestNG.run(TestNG.java:1017)
	at org.apache.maven.surefire.testng.TestNGExecutor.run(TestNGExecutor.java:284)
	at org.apache.maven.surefire.testng.TestNGXmlTestSuite.execute(TestNGXmlTestSuite.java:75)
	at org.apache.maven.surefire.testng.TestNGProvider.invoke(TestNGProvider.java:119)
	at org.apache.maven.surefire.booter.ForkedBooter.runSuitesInProcess(ForkedBooter.java:428)
	at org.apache.maven.surefire.booter.ForkedBooter.execute(ForkedBooter.java:162)
	at org.apache.maven.surefire.booter.ForkedBooter.run(ForkedBooter.java:562)
	at org.apache.maven.surefire.booter.ForkedBooter.main(ForkedBooter.java:548)
]]></system-err>
  </testcase>
  <testcase name="SignUpWithNopassword" classname="Agencify.SignUp" time="38.975">
    <failure message="Can&apos;t locate an element by this strategy: By.xpath: //*[@text = &apos;Join now&apos;]" type="org.openqa.selenium.NoSuchElementException"><![CDATA[org.openqa.selenium.NoSuchElementException: Can't locate an element by this strategy: By.xpath: //*[@text = 'Join now']
	at Agencify.SignUp.SignUpWithNopassword(SignUp.java:56)
Caused by: org.openqa.selenium.TimeoutException: Expected condition failed: waiting for io.appium.java_client.pagefactory.AppiumElementLocator$WaitingFunction@31198ceb (tried for 1 second(s) with 500 milliseconds interval)
	at Agencify.SignUp.SignUpWithNopassword(SignUp.java:56)
Caused by: org.openqa.selenium.NoSuchElementException: 
An element could not be located on the page using the given search parameters.
For documentation on this error, please visit: https://www.seleniumhq.org/exceptions/no_such_element.html
Build info: version: '3.141.59', revision: 'e82be7d358', time: '2018-11-14T08:17:03'
System info: host: 'DESKTOP-20S6TDS', ip: '192.168.0.102', os.name: 'Windows 10', os.arch: 'amd64', os.version: '10.0', java.version: '1.8.0_301'
Driver info: io.appium.java_client.android.AndroidDriver
Capabilities {app: C:\Users\John Mumo\Desktop\..., appPackage: com.turnkeyafrica.agencify, automationName: uiautomator2, databaseEnabled: false, desired: {app: C:\Users\John Mumo\Desktop\..., automationName: uiautomator2, deviceName: Android Device, platformName: android}, deviceApiLevel: 27, deviceManufacturer: TECNO MOBILE LIMITED, deviceModel: TECNO CA7, deviceName: 0329625863001980, deviceScreenDensity: 320, deviceScreenSize: 720x1440, deviceUDID: 0329625863001980, javascriptEnabled: true, locationContextEnabled: false, networkConnectionEnabled: true, pixelRatio: 2, platform: LINUX, platformName: Android, platformVersion: 8.1.0, statBarHeight: 48, takesScreenshot: true, viewportRect: {height: 1296, left: 0, top: 48, width: 720}, warnings: {}, webStorageEnabled: false}
Session ID: c929a997-8ea9-4c21-b5b4-437f44a468c6
*** Element info: {Using=xpath, value=//*[@text = 'Join now']}
	at Agencify.SignUp.SignUpWithNopassword(SignUp.java:56)
]]></failure>
    <system-out><![CDATA[&amp#27;[35m[HTTP]&amp#27;[39m &amp#27;[37m-->&amp#27;[39m &amp#27;[37mGET&amp#27;[39m &amp#27;[37m/wd/hub/status&amp#27;[39m
&amp#27;[35m[HTTP]&amp#27;[39m &amp#27;[90m{}&amp#27;[39m
[debug] &amp#27;[35m[GENERIC]&amp#27;[39m Calling AppiumDriver.getStatus() with args: []
[debug] &amp#27;[35m[GENERIC]&amp#27;[39m Responding to client with driver.getStatus() result: {"build":{"version":"1.21.0"}}
&amp#27;[35m[HTTP]&amp#27;[39m &amp#27;[37m<-- GET /wd/hub/status &amp#27;[39m&amp#27;[32m200&amp#27;[39m &amp#27;[90m1 ms - 68&amp#27;[39m
&amp#27;[35m[HTTP]&amp#27;[39m &amp#27;[90m&amp#27;[39m
&amp#27;[35m[Appium]&amp#27;[39m Welcome to Appium v1.21.0
&amp#27;[35m[HTTP]&amp#27;[39m Could not start REST http interface listener. The requested port may already be in use. Please make sure there is no other instance of this server running already.
Fatal Error: listen EADDRINUSE: address already in use 0.0.0.0:4723
    at Server.setupListenHandle [as _listen2] (net.js:1320:16)
    at listenInCluster (net.js:1368:12)
    at doListen (net.js:1505:7)
    at processTicksAndRejections (internal/process/task_queues.js:83:21)
&amp#27;[35m[HTTP]&amp#27;[39m &amp#27;[37m-->&amp#27;[39m &amp#27;[37mGET&amp#27;[39m &amp#27;[37m/wd/hub/status&amp#27;[39m
&amp#27;[35m[HTTP]&amp#27;[39m &amp#27;[90m{}&amp#27;[39m
[debug] &amp#27;[35m[GENERIC]&amp#27;[39m Calling AppiumDriver.getStatus() with args: []
[debug] &amp#27;[35m[GENERIC]&amp#27;[39m Responding to client with driver.getStatus() result: {"build":{"version":"1.21.0"}}
&amp#27;[35m[HTTP]&amp#27;[39m &amp#27;[37m<-- GET /wd/hub/status &amp#27;[39m&amp#27;[32m200&amp#27;[39m &amp#27;[90m2 ms - 68&amp#27;[39m
&amp#27;[35m[HTTP]&amp#27;[39m &amp#27;[90m&amp#27;[39m
[debug] &amp#27;[35m[HTTP]&amp#27;[39m Request idempotency key: 4441be74-29a4-4f0c-8059-5298fc063f3b
&amp#27;[35m[HTTP]&amp#27;[39m &amp#27;[37m-->&amp#27;[39m &amp#27;[37mPOST&amp#27;[39m &amp#27;[37m/wd/hub/session&amp#27;[39m
&amp#27;[35m[HTTP]&amp#27;[39m &amp#27;[90m{"desiredCapabilities":{"app":"C:\\Users\\John Mumo\\Desktop\\Agencify_App\\Agencify_App_Test\\src\\Agencify-universal-dev.apk","automationName":"uiautomator2","platformName":"Android","deviceName":"Android Device"},"capabilities":{"firstMatch":[{"appium:app":"C:\\Users\\John Mumo\\Desktop\\Agencify_App\\Agencify_App_Test\\src\\Agencify-universal-dev.apk","appium:automationName":"uiautomator2","appium:deviceName":"Android Device","platformName":"android"}]}}&amp#27;[39m
[debug] &amp#27;[35m[W3C]&amp#27;[39m Calling AppiumDriver.createSession() with args: [{"app":"C:\\Users\\John Mumo\\Desktop\\Agencify_App\\Agencify_App_Test\\src\\Agencify-universal-dev.apk","automationName":"uiautomator2","platformName":"Android","deviceName":"Android Device"},null,{"firstMatch":[{"appium:app":"C:\\Users\\John Mumo\\Desktop\\Agencify_App\\Agencify_App_Test\\src\\Agencify-universal-dev.apk","appium:automationName":"uiautomator2","appium:deviceName":"Android Device","platformName":"android"}]}]
[debug] &amp#27;[35m[BaseDriver]&amp#27;[39m Event 'newSessionRequested' logged at 1631534052921 (14:54:12 GMT+0300 (East Africa Time))
&amp#27;[35m[Appium]&amp#27;[39m Appium v1.21.0 creating new AndroidUiautomator2Driver (v1.65.0) session
[debug] &amp#27;[35m[BaseDriver]&amp#27;[39m W3C capabilities and MJSONWP desired capabilities were provided
[debug] &amp#27;[35m[BaseDriver]&amp#27;[39m Creating session with W3C capabilities: {
[debug] &amp#27;[35m[BaseDriver]&amp#27;[39m   "alwaysMatch": {
[debug] &amp#27;[35m[BaseDriver]&amp#27;[39m     "platformName": "android",
[debug] &amp#27;[35m[BaseDriver]&amp#27;[39m     "appium:app": "C:\\Users\\John Mumo\\Desktop\\Agencify_App\\Agencify_App_Test\\src\\Agencify-universal-dev.apk",
[debug] &amp#27;[35m[BaseDriver]&amp#27;[39m     "appium:automationName": "uiautomator2",
[debug] &amp#27;[35m[BaseDriver]&amp#27;[39m     "appium:deviceName": "Android Device"
[debug] &amp#27;[35m[BaseDriver]&amp#27;[39m   },
[debug] &amp#27;[35m[BaseDriver]&amp#27;[39m   "firstMatch": [
[debug] &amp#27;[35m[BaseDriver]&amp#27;[39m     {}
[debug] &amp#27;[35m[BaseDriver]&amp#27;[39m   ]
[debug] &amp#27;[35m[BaseDriver]&amp#27;[39m }
&amp#27;[35m[BaseDriver]&amp#27;[39m Session created with session id: c929a997-8ea9-4c21-b5b4-437f44a468c6
&amp#27;[35m[BaseDriver]&amp#27;[39m Using local app 'C:\Users\John Mumo\Desktop\Agencify_App\Agencify_App_Test\src\Agencify-universal-dev.apk'
[debug] &amp#27;[35m[UiAutomator2]&amp#27;[39m Checking whether app is actually present
&amp#27;[35m[ADB]&amp#27;[39m Using 'adb.exe' from 'C:\Users\John Mumo\AppData\Local\Android\Sdk\platform-tools\adb.exe'
[debug] &amp#27;[35m[ADB]&amp#27;[39m Running 'C:\Users\John Mumo\AppData\Local\Android\Sdk\platform-tools\adb.exe -P 5037 start-server'
&amp#27;[35m[AndroidDriver]&amp#27;[39m Retrieving device list
[debug] &amp#27;[35m[ADB]&amp#27;[39m Trying to find a connected android device
[debug] &amp#27;[35m[ADB]&amp#27;[39m Getting connected devices
[debug] &amp#27;[35m[ADB]&amp#27;[39m Connected devices: [{"udid":"0329625863001980","state":"device"}]
&amp#27;[35m[AndroidDriver]&amp#27;[39m Using device: 0329625863001980
&amp#27;[35m[ADB]&amp#27;[39m Using 'adb.exe' from 'C:\Users\John Mumo\AppData\Local\Android\Sdk\platform-tools\adb.exe'
[debug] &amp#27;[35m[ADB]&amp#27;[39m Running 'C:\Users\John Mumo\AppData\Local\Android\Sdk\platform-tools\adb.exe -P 5037 start-server'
[debug] &amp#27;[35m[ADB]&amp#27;[39m Setting device id to 0329625863001980
[debug] &amp#27;[35m[ADB]&amp#27;[39m Running 'C:\Users\John Mumo\AppData\Local\Android\Sdk\platform-tools\adb.exe -P 5037 -s 0329625863001980 shell getprop ro.build.version.sdk'
[debug] &amp#27;[35m[ADB]&amp#27;[39m Current device property 'ro.build.version.sdk': 27
[debug] &amp#27;[35m[ADB]&amp#27;[39m Device API level: 27
[debug] &amp#27;[35m[AndroidDriver]&amp#27;[39m Parsing package and activity from app manifest
&amp#27;[35m[ADB]&amp#27;[39m Package name: 'com.turnkeyafrica.agencify'
&amp#27;[35m[ADB]&amp#27;[39m Main activity name: 'com.turnkeyafrica.agencify.ui.splash.Splash'
[debug] &amp#27;[35m[AndroidDriver]&amp#27;[39m Parsed package and activity are: com.turnkeyafrica.agencify/com.turnkeyafrica.agencify.ui.splash.Splash
[debug] &amp#27;[35m[ADB]&amp#27;[39m Running 'C:\Users\John Mumo\AppData\Local\Android\Sdk\platform-tools\adb.exe -P 5037 -s 0329625863001980 wait-for-device'
[debug] &amp#27;[35m[ADB]&amp#27;[39m Running 'C:\Users\John Mumo\AppData\Local\Android\Sdk\platform-tools\adb.exe -P 5037 -s 0329625863001980 shell echo ping'
[debug] &amp#27;[35m[AndroidDriver]&amp#27;[39m Pushing settings apk to device...
[debug] &amp#27;[35m[ADB]&amp#27;[39m Getting install status for io.appium.settings
[debug] &amp#27;[35m[ADB]&amp#27;[39m Running 'C:\Users\John Mumo\AppData\Local\Android\Sdk\platform-tools\adb.exe -P 5037 -s 0329625863001980 shell dumpsys package io.appium.settings'
[debug] &amp#27;[35m[ADB]&amp#27;[39m 'io.appium.settings' is installed
[debug] &amp#27;[35m[ADB]&amp#27;[39m Getting package info for 'io.appium.settings'
[debug] &amp#27;[35m[ADB]&amp#27;[39m Running 'C:\Users\John Mumo\AppData\Local\Android\Sdk\platform-tools\adb.exe -P 5037 -s 0329625863001980 shell dumpsys package io.appium.settings'
[debug] &amp#27;[35m[ADB]&amp#27;[39m The version name of the installed 'io.appium.settings' is greater or equal to the application version name ('3.3.0' >= '3.3.0')
[debug] &amp#27;[35m[ADB]&amp#27;[39m There is no need to install/upgrade 'C:\Users\John Mumo\AppData\Roaming\npm\node_modules\appium\node_modules\io.appium.settings\apks\settings_apk-debug.apk'
[debug] &amp#27;[35m[ADB]&amp#27;[39m Getting IDs of all 'io.appium.settings' processes
[debug] &amp#27;[35m[ADB]&amp#27;[39m Running 'C:\Users\John Mumo\AppData\Local\Android\Sdk\platform-tools\adb.exe -P 5037 -s 0329625863001980 shell 'pgrep --help; echo $?''
[debug] &amp#27;[35m[ADB]&amp#27;[39m Running 'C:\Users\John Mumo\AppData\Local\Android\Sdk\platform-tools\adb.exe -P 5037 -s 0329625863001980 shell pgrep -f \(\[\[:blank:\]\]\|\^\)io\.appium\.settings\(\[\[:blank:\]\]\|\$\)'
[debug] &amp#27;[35m[AndroidDriver]&amp#27;[39m io.appium.settings is already running. There is no need to reset its permissions.
[debug] &amp#27;[35m[ADB]&amp#27;[39m Running 'C:\Users\John Mumo\AppData\Local\Android\Sdk\platform-tools\adb.exe -P 5037 -s 0329625863001980 shell appops set io.appium.settings android:mock_location allow'
[debug] &amp#27;[35m[Logcat]&amp#27;[39m Starting logs capture with command: 'C:\\Users\\John Mumo\\AppData\\Local\\Android\\Sdk\\platform-tools\\adb.exe' -P 5037 -s 0329625863001980 logcat -v threadtime
[debug] &amp#27;[35m[UiAutomator2]&amp#27;[39m Forwarding UiAutomator2 Server port 6790 to local port 8200
[debug] &amp#27;[35m[ADB]&amp#27;[39m Forwarding system: 8200 to device: 6790
[debug] &amp#27;[35m[ADB]&amp#27;[39m Running 'C:\Users\John Mumo\AppData\Local\Android\Sdk\platform-tools\adb.exe -P 5037 -s 0329625863001980 forward tcp:8200 tcp:6790'
[debug] &amp#27;[35m[ADB]&amp#27;[39m Getting install status for io.appium.uiautomator2.server
[debug] &amp#27;[35m[ADB]&amp#27;[39m Running 'C:\Users\John Mumo\AppData\Local\Android\Sdk\platform-tools\adb.exe -P 5037 -s 0329625863001980 shell dumpsys package io.appium.uiautomator2.server'
[debug] &amp#27;[35m[ADB]&amp#27;[39m 'io.appium.uiautomator2.server' is installed
[debug] &amp#27;[35m[ADB]&amp#27;[39m Getting package info for 'io.appium.uiautomator2.server'
[debug] &amp#27;[35m[ADB]&amp#27;[39m Running 'C:\Users\John Mumo\AppData\Local\Android\Sdk\platform-tools\adb.exe -P 5037 -s 0329625863001980 shell dumpsys package io.appium.uiautomator2.server'
[debug] &amp#27;[35m[ADB]&amp#27;[39m The version name of the installed 'io.appium.uiautomator2.server' is greater or equal to the application version name ('4.21.1' >= '4.21.1')
[debug] &amp#27;[35m[UiAutomator2]&amp#27;[39m io.appium.uiautomator2.server installation state: sameVersionInstalled
[debug] &amp#27;[35m[ADB]&amp#27;[39m Checking app cert for C:\Users\John Mumo\AppData\Roaming\npm\node_modules\appium\node_modules\appium-uiautomator2-server\apks\appium-uiautomator2-server-v4.21.1.apk
&amp#27;[35m[ADB]&amp#27;[39m Using 'apksigner.jar' from 'C:\Users\John Mumo\AppData\Local\Android\Sdk\build-tools\31.0.0\lib\apksigner.jar'
[debug] &amp#27;[35m[ADB]&amp#27;[39m Starting apksigner: 'C:\\Program Files\\Java\\jdk1.8.0_301\\bin\\java.exe' -Xmx1024M -Xss1m -jar 'C:\\Users\\John Mumo\\AppData\\Local\\Android\\Sdk\\build-tools\\31.0.0\\lib\\apksigner.jar' verify --print-certs 'C:\\Users\\John Mumo\\AppData\\Roaming\\npm\\node_modules\\appium\\node_modules\\appium-uiautomator2-server\\apks\\appium-uiautomator2-server-v4.21.1.apk'
&amp#27;[35m[Appium]&amp#27;[39m Welcome to Appium v1.21.0
&amp#27;[35m[HTTP]&amp#27;[39m Could not start REST http interface listener. The requested port may already be in use. Please make sure there is no other instance of this server running already.
Fatal Error: listen EADDRINUSE: address already in use 0.0.0.0:4723
    at Server.setupListenHandle [as _listen2] (net.js:1320:16)
    at listenInCluster (net.js:1368:12)
    at doListen (net.js:1505:7)
    at processTicksAndRejections (internal/process/task_queues.js:83:21)
[debug] &amp#27;[35m[ADB]&amp#27;[39m apksigner stdout: Signer #1 certificate DN: EMAILADDRESS=android@android.com, CN=Android, OU=Android, O=Android, L=Mountain View, ST=California, C=US
[debug] &amp#27;[35m[ADB]&amp#27;[39m Signer #1 certificate SHA-256 digest: a40da80a59d170caa950cf15c18c454d47a39b26989d8b640ecd745ba71bf5dc
[debug] &amp#27;[35m[ADB]&amp#27;[39m Signer #1 certificate SHA-1 digest: 61ed377e85d386a8dfee6b864bd85b0bfaa5af81
[debug] &amp#27;[35m[ADB]&amp#27;[39m Signer #1 certificate MD5 digest: e89b158e4bcf988ebd09eb83f5378e87
[debug] &amp#27;[35m[ADB]&amp#27;[39m 
[debug] &amp#27;[35m[ADB]&amp#27;[39m sha256 hash did match for 'appium-uiautomator2-server-v4.21.1.apk'
&amp#27;[35m[ADB]&amp#27;[39m 'C:\Users\John Mumo\AppData\Roaming\npm\node_modules\appium\node_modules\appium-uiautomator2-server\apks\appium-uiautomator2-server-v4.21.1.apk' is signed with the default certificate
[debug] &amp#27;[35m[ADB]&amp#27;[39m Getting install status for io.appium.uiautomator2.server.test
[debug] &amp#27;[35m[ADB]&amp#27;[39m Running 'C:\Users\John Mumo\AppData\Local\Android\Sdk\platform-tools\adb.exe -P 5037 -s 0329625863001980 shell dumpsys package io.appium.uiautomator2.server.test'
[debug] &amp#27;[35m[ADB]&amp#27;[39m 'io.appium.uiautomator2.server.test' is installed
[debug] &amp#27;[35m[ADB]&amp#27;[39m Checking app cert for C:\Users\John Mumo\AppData\Roaming\npm\node_modules\appium\node_modules\appium-uiautomator2-server\apks\appium-uiautomator2-server-debug-androidTest.apk
[debug] &amp#27;[35m[ADB]&amp#27;[39m Starting apksigner: 'C:\\Program Files\\Java\\jdk1.8.0_301\\bin\\java.exe' -Xmx1024M -Xss1m -jar 'C:\\Users\\John Mumo\\AppData\\Local\\Android\\Sdk\\build-tools\\31.0.0\\lib\\apksigner.jar' verify --print-certs 'C:\\Users\\John Mumo\\AppData\\Roaming\\npm\\node_modules\\appium\\node_modules\\appium-uiautomator2-server\\apks\\appium-uiautomator2-server-debug-androidTest.apk'
[debug] &amp#27;[35m[ADB]&amp#27;[39m apksigner stdout: Signer #1 certificate DN: EMAILADDRESS=android@android.com, CN=Android, OU=Android, O=Android, L=Mountain View, ST=California, C=US
[debug] &amp#27;[35m[ADB]&amp#27;[39m Signer #1 certificate SHA-256 digest: a40da80a59d170caa950cf15c18c454d47a39b26989d8b640ecd745ba71bf5dc
[debug] &amp#27;[35m[ADB]&amp#27;[39m Signer #1 certificate SHA-1 digest: 61ed377e85d386a8dfee6b864bd85b0bfaa5af81
[debug] &amp#27;[35m[ADB]&amp#27;[39m Signer #1 certificate MD5 digest: e89b158e4bcf988ebd09eb83f5378e87
[debug] &amp#27;[35m[ADB]&amp#27;[39m 
[debug] &amp#27;[35m[ADB]&amp#27;[39m sha256 hash did match for 'appium-uiautomator2-server-debug-androidTest.apk'
&amp#27;[35m[ADB]&amp#27;[39m 'C:\Users\John Mumo\AppData\Roaming\npm\node_modules\appium\node_modules\appium-uiautomator2-server\apks\appium-uiautomator2-server-debug-androidTest.apk' is signed with the default certificate
&amp#27;[35m[UiAutomator2]&amp#27;[39m Server packages are not going to be (re)installed
[debug] &amp#27;[35m[UiAutomator2]&amp#27;[39m Waiting up to 30000ms for services to be available
[debug] &amp#27;[35m[ADB]&amp#27;[39m Running 'C:\Users\John Mumo\AppData\Local\Android\Sdk\platform-tools\adb.exe -P 5037 -s 0329625863001980 shell pm list instrumentation'
[debug] &amp#27;[35m[UiAutomator2]&amp#27;[39m Instrumentation target 'io.appium.uiautomator2.server.test/androidx.test.runner.AndroidJUnitRunner' is available
&amp#27;[35m[ADB]&amp#27;[39m Adding packages ["io.appium.settings","io.appium.uiautomator2.server","io.appium.uiautomator2.server.test"] to Doze whitelist
[debug] &amp#27;[35m[ADB]&amp#27;[39m Got the following command chunks to execute: [["dumpsys","deviceidle","whitelist","+io.appium.settings",";","dumpsys","deviceidle","whitelist","+io.appium.uiautomator2.server",";","dumpsys","deviceidle","whitelist","+io.appium.uiautomator2.server.test",";"]]
[debug] &amp#27;[35m[ADB]&amp#27;[39m Running 'C:\Users\John Mumo\AppData\Local\Android\Sdk\platform-tools\adb.exe -P 5037 -s 0329625863001980 shell dumpsys deviceidle whitelist +io.appium.settings ; dumpsys deviceidle whitelist +io.appium.uiautomator2.server ; dumpsys deviceidle whitelist +io.appium.uiautomator2.server.test ;'
[debug] &amp#27;[35m[ADB]&amp#27;[39m Checking app cert for C:\Users\John Mumo\Desktop\Agencify_App\Agencify_App_Test\src\Agencify-universal-dev.apk
[debug] &amp#27;[35m[ADB]&amp#27;[39m Starting apksigner: 'C:\\Program Files\\Java\\jdk1.8.0_301\\bin\\java.exe' -Xmx1024M -Xss1m -jar 'C:\\Users\\John Mumo\\AppData\\Local\\Android\\Sdk\\build-tools\\31.0.0\\lib\\apksigner.jar' verify --print-certs 'C:\\Users\\John Mumo\\Desktop\\Agencify_App\\Agencify_App_Test\\src\\Agencify-universal-dev.apk'
[debug] &amp#27;[35m[ADB]&amp#27;[39m apksigner stdout: Signer #1 certificate DN: CN=Kelvin Macharia, OU=1, O=Turnkey Africa Ltd, L=Nairobi, ST=Nairobi, C=254
[debug] &amp#27;[35m[ADB]&amp#27;[39m Signer #1 certificate SHA-256 digest: bea01f45993c5444da0c012e5d2217651ee76b2920c5b0e47f40ddfcfb87035a
[debug] &amp#27;[35m[ADB]&amp#27;[39m Signer #1 certificate SHA-1 digest: 4294fd12d78ada03cb413c6008895e8972c7740b
[debug] &amp#27;[35m[ADB]&amp#27;[39m Signer #1 certificate MD5 digest: b5678b443b80dfdec285fc9379bf8baf
[debug] &amp#27;[35m[ADB]&amp#27;[39m 
&amp#27;[35m[ADB]&amp#27;[39m 'C:\Users\John Mumo\Desktop\Agencify_App\Agencify_App_Test\src\Agencify-universal-dev.apk' is signed with a non-default certificate
[debug] &amp#27;[35m[ADB]&amp#27;[39m Getting install status for com.turnkeyafrica.agencify
[debug] &amp#27;[35m[ADB]&amp#27;[39m Running 'C:\Users\John Mumo\AppData\Local\Android\Sdk\platform-tools\adb.exe -P 5037 -s 0329625863001980 shell dumpsys package com.turnkeyafrica.agencify'
[debug] &amp#27;[35m[ADB]&amp#27;[39m 'com.turnkeyafrica.agencify' is installed
[debug] &amp#27;[35m[ADB]&amp#27;[39m Getting package info for 'com.turnkeyafrica.agencify'
[debug] &amp#27;[35m[ADB]&amp#27;[39m Running 'C:\Users\John Mumo\AppData\Local\Android\Sdk\platform-tools\adb.exe -P 5037 -s 0329625863001980 shell dumpsys package com.turnkeyafrica.agencify'
[debug] &amp#27;[35m[ADB]&amp#27;[39m The version code of the installed 'com.turnkeyafrica.agencify' is greater than the application version code (96 > 95)
[debug] &amp#27;[35m[ADB]&amp#27;[39m There is no need to downgrade 'com.turnkeyafrica.agencify'
&amp#27;[35m[AndroidDriver]&amp#27;[39m Performing fast reset on 'com.turnkeyafrica.agencify'
[debug] &amp#27;[35m[ADB]&amp#27;[39m Getting install status for com.turnkeyafrica.agencify
[debug] &amp#27;[35m[ADB]&amp#27;[39m Running 'C:\Users\John Mumo\AppData\Local\Android\Sdk\platform-tools\adb.exe -P 5037 -s 0329625863001980 shell dumpsys package com.turnkeyafrica.agencify'
[debug] &amp#27;[35m[ADB]&amp#27;[39m 'com.turnkeyafrica.agencify' is installed
[debug] &amp#27;[35m[ADB]&amp#27;[39m Running 'C:\Users\John Mumo\AppData\Local\Android\Sdk\platform-tools\adb.exe -P 5037 -s 0329625863001980 shell am force-stop com.turnkeyafrica.agencify'
[debug] &amp#27;[35m[ADB]&amp#27;[39m Running 'C:\Users\John Mumo\AppData\Local\Android\Sdk\platform-tools\adb.exe -P 5037 -s 0329625863001980 shell pm clear com.turnkeyafrica.agencify'
[debug] &amp#27;[35m[AndroidDriver]&amp#27;[39m Performed fast reset on the installed 'com.turnkeyafrica.agencify' application (stop and clear)
[debug] &amp#27;[35m[UiAutomator2]&amp#27;[39m Performing shallow cleanup of automation leftovers
[debug] &amp#27;[35m[UiAutomator2]&amp#27;[39m The following obsolete sessions are still running: [null]
[debug] &amp#27;[35m[UiAutomator2]&amp#27;[39m Cleaning up the obsolete sessions
[debug] &amp#27;[35m[Instrumentation]&amp#27;[39m .
[debug] &amp#27;[35m[Instrumentation]&amp#27;[39m Time: 34.172
[debug] &amp#27;[35m[Instrumentation]&amp#27;[39m 
[debug] &amp#27;[35m[Instrumentation]&amp#27;[39m OK (1 test)
[debug] &amp#27;[35m[Instrumentation]&amp#27;[39m The process has exited with code 0
[debug] &amp#27;[35m[ADB]&amp#27;[39m Running 'C:\Users\John Mumo\AppData\Local\Android\Sdk\platform-tools\adb.exe -P 5037 -s 0329625863001980 shell am force-stop io.appium.uiautomator2.server.test'
&amp#27;[35m[UiAutomator2]&amp#27;[39m Starting UIAutomator2 server 4.21.1
&amp#27;[35m[UiAutomator2]&amp#27;[39m Using UIAutomator2 server from 'C:\Users\John Mumo\AppData\Roaming\npm\node_modules\appium\node_modules\appium-uiautomator2-server\apks\appium-uiautomator2-server-v4.21.1.apk' and test from 'C:\Users\John Mumo\AppData\Roaming\npm\node_modules\appium\node_modules\appium-uiautomator2-server\apks\appium-uiautomator2-server-debug-androidTest.apk'
&amp#27;[35m[UiAutomator2]&amp#27;[39m Waiting up to 30000ms for UiAutomator2 to be online...
[debug] &amp#27;[35m[ADB]&amp#27;[39m Creating ADB subprocess with args: ["-P",5037,"-s","0329625863001980","shell","am","instrument","-w","-e","disableAnalytics",true,"io.appium.uiautomator2.server.test/androidx.test.runner.AndroidJUnitRunner"]
[debug] &amp#27;[35m[WD Proxy]&amp#27;[39m Matched '/status' to command name 'getStatus'
[debug] &amp#27;[35m[WD Proxy]&amp#27;[39m Proxying [GET /status] to [GET http://127.0.0.1:8200/wd/hub/status] with no body
&amp#27;[35m[WD Proxy]&amp#27;[39m socket hang up
[debug] &amp#27;[35m[WD Proxy]&amp#27;[39m Matched '/status' to command name 'getStatus'
[debug] &amp#27;[35m[WD Proxy]&amp#27;[39m Proxying [GET /status] to [GET http://127.0.0.1:8200/wd/hub/status] with no body
&amp#27;[35m[WD Proxy]&amp#27;[39m socket hang up
[debug] &amp#27;[35m[Instrumentation]&amp#27;[39m io.appium.uiautomator2.server.test.AppiumUiAutomator2Server:
[debug] &amp#27;[35m[WD Proxy]&amp#27;[39m Matched '/status' to command name 'getStatus'
[debug] &amp#27;[35m[WD Proxy]&amp#27;[39m Proxying [GET /status] to [GET http://127.0.0.1:8200/wd/hub/status] with no body
&amp#27;[35m[WD Proxy]&amp#27;[39m socket hang up
[debug] &amp#27;[35m[WD Proxy]&amp#27;[39m Matched '/status' to command name 'getStatus'
[debug] &amp#27;[35m[WD Proxy]&amp#27;[39m Proxying [GET /status] to [GET http://127.0.0.1:8200/wd/hub/status] with no body
&amp#27;[35m[WD Proxy]&amp#27;[39m socket hang up
[debug] &amp#27;[35m[WD Proxy]&amp#27;[39m Matched '/status' to command name 'getStatus'
[debug] &amp#27;[35m[WD Proxy]&amp#27;[39m Proxying [GET /status] to [GET http://127.0.0.1:8200/wd/hub/status] with no body
[debug] &amp#27;[35m[WD Proxy]&amp#27;[39m Got response with status 200: {"sessionId":"None","value":{"message":"UiAutomator2 Server is ready to accept commands","ready":true}}
[debug] &amp#27;[35m[UiAutomator2]&amp#27;[39m The initialization of the instrumentation process took 4224ms
[debug] &amp#27;[35m[WD Proxy]&amp#27;[39m Matched '/session' to command name 'createSession'
[debug] &amp#27;[35m[WD Proxy]&amp#27;[39m Proxying [POST /session] to [POST http://127.0.0.1:8200/wd/hub/session] with body: {"capabilities":{"firstMatch":[{"platform":"LINUX","webStorageEnabled":false,"takesScreenshot":true,"javascriptEnabled":true,"databaseEnabled":false,"networkConnectionEnabled":true,"locationContextEnabled":false,"warnings":{},"desired":{"platformName":"android","app":"C:\\Users\\John Mumo\\Desktop\\Agencify_App\\Agencify_App_Test\\src\\Agencify-universal-dev.apk","automationName":"uiautomator2","deviceName":"Android Device"},"platformName":"android","app":"C:\\Users\\John Mumo\\Desktop\\Agencify_App\\Agencify_App_Test\\src\\Agencify-universal-dev.apk","automationName":"uiautomator2","deviceName":"0329625863001980","deviceUDID":"0329625863001980","appPackage":"com.turnkeyafrica.agencify"}],"alwaysMatch":{}}}
[debug] &amp#27;[35m[WD Proxy]&amp#27;[39m Got response with status 200: {"sessionId":"f5442001-6ff9-4e31-b59e-e26f8e50a1bf","value":{"capabilities":{"firstMatch":[{"platform":"LINUX","webStorageEnabled":false,"takesScreenshot":true,"javascriptEnabled":true,"databaseEnabled":false,"networkConnectionEnabled":true,"locationContextEnabled":false,"warnings":{},"desired":{"platformName":"android","app":"C:\\Users\\John Mumo\\Desktop\\Agencify_App\\Agencify_App_Test\\src\\Agencify-universal-dev.apk","automationName":"uiautomator2","deviceName":"Android Device"},"platformName":"android","app":"C:\\Users\\John Mumo\\Desktop\\Agencify_App\\Agencify_App_Test\\src\\Agencify-universal-dev.apk","automationName":"uiautomator2","deviceName":"0329625863001980","deviceUDID":"0329625863001980","appPackage":"com.turnkeyafrica.agencify"}],"alwaysMatch":{}},"sessionId":"f5442001-6ff9-4e31-b59e-e26f8e50a1bf"}}
&amp#27;[35m[WD Proxy]&amp#27;[39m Determined the downstream protocol as 'W3C'
[debug] &amp#27;[35m[WD Proxy]&amp#27;[39m Proxying [GET /appium/device/info] to [GET http://127.0.0.1:8200/wd/hub/session/f5442001-6ff9-4e31-b59e-e26f8e50a1bf/appium/device/info] with no body
[debug] &amp#27;[35m[WD Proxy]&amp#27;[39m Got response with status 200: {"sessionId":"f5442001-6ff9-4e31-b59e-e26f8e50a1bf","value":{"androidId":"2d21e1b2791b275f","apiVersion":"27","bluetooth":{"state":"OFF"},"brand":"TECNO","carrierName":"Safaricom","displayDensity":320,"locale":"en_US","manufacturer":"TECNO MOBILE LIMITED","model":"TECNO CA7","networks":[{"capabilities":{"SSID":null,"linkDownBandwidthKbps":1048576,"linkUpstreamBandwidthKbps":1048576,"networkCapabilities":"NET_CAPABILITY_NOT_METERED,NET_CAPABILITY_INTERNET,NET_CAPABILITY_NOT_RESTRICTED,NET_CAPABILITY_TRUSTED,NET_CAPABILITY_NOT_VPN,NET_CAPABILITY_VALIDATED,NET_CAPABILITY_NOT_ROAMING","signalStrength":-50,"transportTypes":"TRANSPORT_WIFI"},"detailedState":"CONNECTED","extraInfo":"\"Mumo\"","isAvailable":true,"isConnected":true,"isFailover":false,"isRoaming":false,"state":"CONNECTED","subtype":0,"subtypeName":"","type":1,"typeName":"WIFI"}],"platformVersion":"8.1.0","realDisplaySize":"720x1440","timeZone":"Africa/Nairobi"}}
[debug] &amp#27;[35m[ADB]&amp#27;[39m Running 'C:\Users\John Mumo\AppData\Local\Android\Sdk\platform-tools\adb.exe -P 5037 -s 0329625863001980 shell dumpsys window'
&amp#27;[35m[AndroidDriver]&amp#27;[39m Screen already unlocked, doing nothing
&amp#27;[35m[UiAutomator2]&amp#27;[39m Starting 'com.turnkeyafrica.agencify/com.turnkeyafrica.agencify.ui.splash.Splash and waiting for 'com.turnkeyafrica.agencify/com.turnkeyafrica.agencify.ui.splash.Splash'
[debug] &amp#27;[35m[ADB]&amp#27;[39m Running 'C:\Users\John Mumo\AppData\Local\Android\Sdk\platform-tools\adb.exe -P 5037 -s 0329625863001980 shell am start -W -n com.turnkeyafrica.agencify/com.turnkeyafrica.agencify.ui.splash.Splash -S -a android.intent.action.MAIN -c android.intent.category.LAUNCHER -f 0x10200000'
[debug] &amp#27;[35m[ADB]&amp#27;[39m Waiting up to 20000ms for activity matching pkg: 'com.turnkeyafrica.agencify' and activity: 'com.turnkeyafrica.agencify.ui.splash.Splash' to be focused
[debug] &amp#27;[35m[ADB]&amp#27;[39m Possible activities, to be checked: 'com.turnkeyafrica.agencify.ui.splash.Splash', 'com.turnkeyafrica.agencify.com.turnkeyafrica.agencify.ui.splash.Splash'
[debug] &amp#27;[35m[ADB]&amp#27;[39m Getting focused package and activity
[debug] &amp#27;[35m[ADB]&amp#27;[39m Running 'C:\Users\John Mumo\AppData\Local\Android\Sdk\platform-tools\adb.exe -P 5037 -s 0329625863001980 shell dumpsys window windows'
[debug] &amp#27;[35m[ADB]&amp#27;[39m Found package: 'com.turnkeyafrica.agencify' and fully qualified activity name : 'com.turnkeyafrica.agencify.ui.splash.Splash'
[debug] &amp#27;[35m[WD Proxy]&amp#27;[39m Proxying [GET /appium/device/pixel_ratio] to [GET http://127.0.0.1:8200/wd/hub/session/f5442001-6ff9-4e31-b59e-e26f8e50a1bf/appium/device/pixel_ratio] with no body
[debug] &amp#27;[35m[WD Proxy]&amp#27;[39m Got response with status 200: {"sessionId":"f5442001-6ff9-4e31-b59e-e26f8e50a1bf","value":2}
[debug] &amp#27;[35m[WD Proxy]&amp#27;[39m Matched '/appium/device/system_bars' to command name 'getSystemBars'
[debug] &amp#27;[35m[WD Proxy]&amp#27;[39m Proxying [GET /appium/device/system_bars] to [GET http://127.0.0.1:8200/wd/hub/session/f5442001-6ff9-4e31-b59e-e26f8e50a1bf/appium/device/system_bars] with no body
[debug] &amp#27;[35m[WD Proxy]&amp#27;[39m Got response with status 200: {"sessionId":"f5442001-6ff9-4e31-b59e-e26f8e50a1bf","value":{"statusBar":48}}
[debug] &amp#27;[35m[WD Proxy]&amp#27;[39m Matched '/window/current/size' to command name 'getWindowSize'
[debug] &amp#27;[35m[WD Proxy]&amp#27;[39m Proxying [GET /window/current/size] to [GET http://127.0.0.1:8200/wd/hub/session/f5442001-6ff9-4e31-b59e-e26f8e50a1bf/window/current/size] with no body
[debug] &amp#27;[35m[WD Proxy]&amp#27;[39m Got response with status 200: {"sessionId":"f5442001-6ff9-4e31-b59e-e26f8e50a1bf","value":{"height":1344,"width":720}}
&amp#27;[35m[Appium]&amp#27;[39m New AndroidUiautomator2Driver session created successfully, session c929a997-8ea9-4c21-b5b4-437f44a468c6 added to master session list
[debug] &amp#27;[35m[BaseDriver]&amp#27;[39m Event 'newSessionStarted' logged at 1631534068150 (14:54:28 GMT+0300 (East Africa Time))
[debug] &amp#27;[35m[W3C (c929a997)]&amp#27;[39m Cached the protocol value 'W3C' for the new session c929a997-8ea9-4c21-b5b4-437f44a468c6
[debug] &amp#27;[35m[W3C (c929a997)]&amp#27;[39m Responding to client with driver.createSession() result: {"capabilities":{"platform":"LINUX","webStorageEnabled":false,"takesScreenshot":true,"javascriptEnabled":true,"databaseEnabled":false,"networkConnectionEnabled":true,"locationContextEnabled":false,"warnings":{},"desired":{"platformName":"android","app":"C:\\Users\\John Mumo\\Desktop\\Agencify_App\\Agencify_App_Test\\src\\Agencify-universal-dev.apk","automationName":"uiautomator2","deviceName":"Android Device"},"platformName":"android","app":"C:\\Users\\John Mumo\\Desktop\\Agencify_App\\Agencify_App_Test\\src\\Agencify-universal-dev.apk","automationName":"uiautomator2","deviceName":"0329625863001980","deviceUDID":"0329625863001980","appPackage":"com.turnkeyafrica.agencify","deviceApiLevel":27,"platformVersion":"8.1.0","deviceScreenSize":"720x1440","deviceScreenDensity":320,"deviceModel":"TECNO CA7","deviceManufacturer":"TECNO MOBILE LIMITED","pixelRatio":2,"statBarHeight":48,"viewportRect":{"left":0,"top":48,"width":720,"height":1296}}}
&amp#27;[35m[HTTP]&amp#27;[39m &amp#27;[37m<-- POST /wd/hub/session &amp#27;[39m&amp#27;[32m200&amp#27;[39m &amp#27;[90m15232 ms - 1010&amp#27;[39m
&amp#27;[35m[HTTP]&amp#27;[39m &amp#27;[90m&amp#27;[39m
&amp#27;[35m[HTTP]&amp#27;[39m &amp#27;[37m-->&amp#27;[39m &amp#27;[37mPOST&amp#27;[39m &amp#27;[37m/wd/hub/session/c929a997-8ea9-4c21-b5b4-437f44a468c6/timeouts&amp#27;[39m
&amp#27;[35m[HTTP]&amp#27;[39m &amp#27;[90m{"implicit":20000}&amp#27;[39m
[debug] &amp#27;[35m[W3C (c929a997)]&amp#27;[39m Calling AppiumDriver.timeouts() with args: [null,null,null,null,20000,"c929a997-8ea9-4c21-b5b4-437f44a468c6"]
[debug] &amp#27;[35m[BaseDriver]&amp#27;[39m W3C timeout argument: {"implicit":20000}}
[debug] &amp#27;[35m[BaseDriver]&amp#27;[39m Set implicit wait to 20000ms
[debug] &amp#27;[35m[W3C (c929a997)]&amp#27;[39m Responding to client with driver.timeouts() result: null
&amp#27;[35m[HTTP]&amp#27;[39m &amp#27;[37m<-- POST /wd/hub/session/c929a997-8ea9-4c21-b5b4-437f44a468c6/timeouts &amp#27;[39m&amp#27;[32m200&amp#27;[39m &amp#27;[90m3 ms - 14&amp#27;[39m
&amp#27;[35m[HTTP]&amp#27;[39m &amp#27;[90m&amp#27;[39m
&amp#27;[35m[HTTP]&amp#27;[39m &amp#27;[37m-->&amp#27;[39m &amp#27;[37mGET&amp#27;[39m &amp#27;[37m/wd/hub/session/c929a997-8ea9-4c21-b5b4-437f44a468c6/context&amp#27;[39m
&amp#27;[35m[HTTP]&amp#27;[39m &amp#27;[90m{}&amp#27;[39m
[debug] &amp#27;[35m[W3C (c929a997)]&amp#27;[39m Calling AppiumDriver.getCurrentContext() with args: ["c929a997-8ea9-4c21-b5b4-437f44a468c6"]
[debug] &amp#27;[35m[W3C (c929a997)]&amp#27;[39m Responding to client with driver.getCurrentContext() result: "NATIVE_APP"
&amp#27;[35m[HTTP]&amp#27;[39m &amp#27;[37m<-- GET /wd/hub/session/c929a997-8ea9-4c21-b5b4-437f44a468c6/context &amp#27;[39m&amp#27;[32m200&amp#27;[39m &amp#27;[90m2 ms - 22&amp#27;[39m
&amp#27;[35m[HTTP]&amp#27;[39m &amp#27;[90m&amp#27;[39m
&amp#27;[35m[HTTP]&amp#27;[39m &amp#27;[37m-->&amp#27;[39m &amp#27;[37mPOST&amp#27;[39m &amp#27;[37m/wd/hub/session/c929a997-8ea9-4c21-b5b4-437f44a468c6/element&amp#27;[39m
&amp#27;[35m[HTTP]&amp#27;[39m &amp#27;[90m{"using":"xpath","value":"//*[@text = 'Join now']"}&amp#27;[39m
[debug] &amp#27;[35m[W3C (c929a997)]&amp#27;[39m Calling AppiumDriver.findElement() with args: ["xpath","//*[@text = 'Join now']","c929a997-8ea9-4c21-b5b4-437f44a468c6"]
[debug] &amp#27;[35m[BaseDriver]&amp#27;[39m Valid locator strategies for this request: xpath, id, class name, accessibility id, css selector, -android uiautomator
[debug] &amp#27;[35m[BaseDriver]&amp#27;[39m Waiting up to 20000 ms for condition
[debug] &amp#27;[35m[WD Proxy]&amp#27;[39m Matched '/element' to command name 'findElement'
[debug] &amp#27;[35m[WD Proxy]&amp#27;[39m Proxying [POST /element] to [POST http://127.0.0.1:8200/wd/hub/session/f5442001-6ff9-4e31-b59e-e26f8e50a1bf/element] with body: {"strategy":"xpath","selector":"//*[@text = 'Join now']","context":"","multiple":false}
&amp#27;[35m[WD Proxy]&amp#27;[39m Got response with status 404: {"sessionId":"f5442001-6ff9-4e31-b59e-e26f8e50a1bf","value":{"error":"no such element","message":"An element could not be located on the page using the given search parameters","stacktrace":"io.appium.uiautomator2.common.exceptions.ElementNotFoundException: An element could not be located on the page using the given search parameters\n\tat io.appium.uiautomator2.handler.FindElement.findElement(FindElement.java:89)\n\tat io.appium.uiautomator2.handler.FindElement.safeHandle(FindElement.java:66)\n\tat io.appium.uiautomator2.handler.request.SafeRequestHandler.handle(SafeRequestHandler.java:41)\n\tat io.appium.uiautomator2.server.AppiumServlet.handleRequest(AppiumServlet.java:262)\n\tat io.appium.uiautomator2.server.AppiumServlet.handleHttpRequest(AppiumServlet.java:256)\n\tat io.appium.uiautomator2.http.ServerHandler.channelRead(ServerHandler.java:68)\n\tat io.netty.channel.AbstractChannelHandlerContext.invokeChannelRead(AbstractChannelHandlerContext.java:366)\n\tat io.netty.channel.AbstractChannelHandlerCont...
[debug] &amp#27;[35m[W3C]&amp#27;[39m Matched W3C error code 'no such element' to NoSuchElementError
[debug] &amp#27;[35m[BaseDriver]&amp#27;[39m Waited for 2112 ms so far
[debug] &amp#27;[35m[WD Proxy]&amp#27;[39m Matched '/element' to command name 'findElement'
[debug] &amp#27;[35m[WD Proxy]&amp#27;[39m Proxying [POST /element] to [POST http://127.0.0.1:8200/wd/hub/session/f5442001-6ff9-4e31-b59e-e26f8e50a1bf/element] with body: {"strategy":"xpath","selector":"//*[@text = 'Join now']","context":"","multiple":false}
&amp#27;[35m[BaseDriver]&amp#27;[39m Shutting down because we waited 60 seconds for a command
&amp#27;[35m[Appium]&amp#27;[39m Closing session, cause was 'New Command Timeout of 60 seconds expired. Try customizing the timeout using the 'newCommandTimeout' desired capability'
&amp#27;[35m[Appium]&amp#27;[39m Removing session '3e791dd2-35ad-4f36-bef6-960a3963f033' from our master session list
[debug] &amp#27;[35m[UiAutomator2]&amp#27;[39m Deleting UiAutomator2 session
[debug] &amp#27;[35m[UiAutomator2]&amp#27;[39m Deleting UiAutomator2 server session
&amp#27;[35m[UiAutomator2]&amp#27;[39m Did not get confirmation UiAutomator2 deleteSession worked; Error was: UnknownError: An unknown server-side error occurred while processing the command. Original error: 'DELETE /' cannot be proxied to UiAutomator2 server because the instrumentation process is not running (probably crashed). Check the server log and/or the logcat output for more details
[debug] &amp#27;[35m[ADB]&amp#27;[39m Running 'C:\Users\John Mumo\AppData\Local\Android\Sdk\platform-tools\adb.exe -P 5037 -s 0329625863001980 shell am force-stop com.turnkeyafrica.agencify'
[debug] &amp#27;[35m[Logcat]&amp#27;[39m Stopping logcat capture
[debug] &amp#27;[35m[ADB]&amp#27;[39m Removing forwarded port socket connection: 8201 
[debug] &amp#27;[35m[ADB]&amp#27;[39m Running 'C:\Users\John Mumo\AppData\Local\Android\Sdk\platform-tools\adb.exe -P 5037 -s 0329625863001980 forward --remove tcp:8201'
&amp#27;[35m[WD Proxy]&amp#27;[39m Got response with status 404: {"sessionId":"f5442001-6ff9-4e31-b59e-e26f8e50a1bf","value":{"error":"no such element","message":"An element could not be located on the page using the given search parameters","stacktrace":"io.appium.uiautomator2.common.exceptions.ElementNotFoundException: An element could not be located on the page using the given search parameters\n\tat io.appium.uiautomator2.handler.FindElement.findElement(FindElement.java:89)\n\tat io.appium.uiautomator2.handler.FindElement.safeHandle(FindElement.java:66)\n\tat io.appium.uiautomator2.handler.request.SafeRequestHandler.handle(SafeRequestHandler.java:41)\n\tat io.appium.uiautomator2.server.AppiumServlet.handleRequest(AppiumServlet.java:262)\n\tat io.appium.uiautomator2.server.AppiumServlet.handleHttpRequest(AppiumServlet.java:256)\n\tat io.appium.uiautomator2.http.ServerHandler.channelRead(ServerHandler.java:68)\n\tat io.netty.channel.AbstractChannelHandlerContext.invokeChannelRead(AbstractChannelHandlerContext.java:366)\n\tat io.netty.channel.AbstractChannelHandlerCont...
[debug] &amp#27;[35m[W3C]&amp#27;[39m Matched W3C error code 'no such element' to NoSuchElementError
[debug] &amp#27;[35m[BaseDriver]&amp#27;[39m Waited for 4826 ms so far
[debug] &amp#27;[35m[WD Proxy]&amp#27;[39m Matched '/element' to command name 'findElement'
[debug] &amp#27;[35m[WD Proxy]&amp#27;[39m Proxying [POST /element] to [POST http://127.0.0.1:8200/wd/hub/session/f5442001-6ff9-4e31-b59e-e26f8e50a1bf/element] with body: {"strategy":"xpath","selector":"//*[@text = 'Join now']","context":"","multiple":false}
&amp#27;[35m[WD Proxy]&amp#27;[39m Got response with status 404: {"sessionId":"f5442001-6ff9-4e31-b59e-e26f8e50a1bf","value":{"error":"no such element","message":"An element could not be located on the page using the given search parameters","stacktrace":"io.appium.uiautomator2.common.exceptions.ElementNotFoundException: An element could not be located on the page using the given search parameters\n\tat io.appium.uiautomator2.handler.FindElement.findElement(FindElement.java:89)\n\tat io.appium.uiautomator2.handler.FindElement.safeHandle(FindElement.java:66)\n\tat io.appium.uiautomator2.handler.request.SafeRequestHandler.handle(SafeRequestHandler.java:41)\n\tat io.appium.uiautomator2.server.AppiumServlet.handleRequest(AppiumServlet.java:262)\n\tat io.appium.uiautomator2.server.AppiumServlet.handleHttpRequest(AppiumServlet.java:256)\n\tat io.appium.uiautomator2.http.ServerHandler.channelRead(ServerHandler.java:68)\n\tat io.netty.channel.AbstractChannelHandlerContext.invokeChannelRead(AbstractChannelHandlerContext.java:366)\n\tat io.netty.channel.AbstractChannelHandlerCont...
[debug] &amp#27;[35m[W3C]&amp#27;[39m Matched W3C error code 'no such element' to NoSuchElementError
[debug] &amp#27;[35m[BaseDriver]&amp#27;[39m Waited for 5901 ms so far
[debug] &amp#27;[35m[WD Proxy]&amp#27;[39m Matched '/element' to command name 'findElement'
[debug] &amp#27;[35m[WD Proxy]&amp#27;[39m Proxying [POST /element] to [POST http://127.0.0.1:8200/wd/hub/session/f5442001-6ff9-4e31-b59e-e26f8e50a1bf/element] with body: {"strategy":"xpath","selector":"//*[@text = 'Join now']","context":"","multiple":false}
&amp#27;[35m[WD Proxy]&amp#27;[39m Got response with status 404: {"sessionId":"f5442001-6ff9-4e31-b59e-e26f8e50a1bf","value":{"error":"no such element","message":"An element could not be located on the page using the given search parameters","stacktrace":"io.appium.uiautomator2.common.exceptions.ElementNotFoundException: An element could not be located on the page using the given search parameters\n\tat io.appium.uiautomator2.handler.FindElement.findElement(FindElement.java:89)\n\tat io.appium.uiautomator2.handler.FindElement.safeHandle(FindElement.java:66)\n\tat io.appium.uiautomator2.handler.request.SafeRequestHandler.handle(SafeRequestHandler.java:41)\n\tat io.appium.uiautomator2.server.AppiumServlet.handleRequest(AppiumServlet.java:262)\n\tat io.appium.uiautomator2.server.AppiumServlet.handleHttpRequest(AppiumServlet.java:256)\n\tat io.appium.uiautomator2.http.ServerHandler.channelRead(ServerHandler.java:68)\n\tat io.netty.channel.AbstractChannelHandlerContext.invokeChannelRead(AbstractChannelHandlerContext.java:366)\n\tat io.netty.channel.AbstractChannelHandlerCont...
[debug] &amp#27;[35m[W3C]&amp#27;[39m Matched W3C error code 'no such element' to NoSuchElementError
[debug] &amp#27;[35m[BaseDriver]&amp#27;[39m Waited for 6661 ms so far
[debug] &amp#27;[35m[WD Proxy]&amp#27;[39m Matched '/element' to command name 'findElement'
[debug] &amp#27;[35m[WD Proxy]&amp#27;[39m Proxying [POST /element] to [POST http://127.0.0.1:8200/wd/hub/session/f5442001-6ff9-4e31-b59e-e26f8e50a1bf/element] with body: {"strategy":"xpath","selector":"//*[@text = 'Join now']","context":"","multiple":false}
&amp#27;[35m[WD Proxy]&amp#27;[39m Got response with status 404: {"sessionId":"f5442001-6ff9-4e31-b59e-e26f8e50a1bf","value":{"error":"no such element","message":"An element could not be located on the page using the given search parameters","stacktrace":"io.appium.uiautomator2.common.exceptions.ElementNotFoundException: An element could not be located on the page using the given search parameters\n\tat io.appium.uiautomator2.handler.FindElement.findElement(FindElement.java:89)\n\tat io.appium.uiautomator2.handler.FindElement.safeHandle(FindElement.java:66)\n\tat io.appium.uiautomator2.handler.request.SafeRequestHandler.handle(SafeRequestHandler.java:41)\n\tat io.appium.uiautomator2.server.AppiumServlet.handleRequest(AppiumServlet.java:262)\n\tat io.appium.uiautomator2.server.AppiumServlet.handleHttpRequest(AppiumServlet.java:256)\n\tat io.appium.uiautomator2.http.ServerHandler.channelRead(ServerHandler.java:68)\n\tat io.netty.channel.AbstractChannelHandlerContext.invokeChannelRead(AbstractChannelHandlerContext.java:366)\n\tat io.netty.channel.AbstractChannelHandlerCont...
[debug] &amp#27;[35m[W3C]&amp#27;[39m Matched W3C error code 'no such element' to NoSuchElementError
[debug] &amp#27;[35m[BaseDriver]&amp#27;[39m Waited for 7575 ms so far
[debug] &amp#27;[35m[WD Proxy]&amp#27;[39m Matched '/element' to command name 'findElement'
[debug] &amp#27;[35m[WD Proxy]&amp#27;[39m Proxying [POST /element] to [POST http://127.0.0.1:8200/wd/hub/session/f5442001-6ff9-4e31-b59e-e26f8e50a1bf/element] with body: {"strategy":"xpath","selector":"//*[@text = 'Join now']","context":"","multiple":false}
&amp#27;[35m[WD Proxy]&amp#27;[39m Got response with status 404: {"sessionId":"f5442001-6ff9-4e31-b59e-e26f8e50a1bf","value":{"error":"no such element","message":"An element could not be located on the page using the given search parameters","stacktrace":"io.appium.uiautomator2.common.exceptions.ElementNotFoundException: An element could not be located on the page using the given search parameters\n\tat io.appium.uiautomator2.handler.FindElement.findElement(FindElement.java:89)\n\tat io.appium.uiautomator2.handler.FindElement.safeHandle(FindElement.java:66)\n\tat io.appium.uiautomator2.handler.request.SafeRequestHandler.handle(SafeRequestHandler.java:41)\n\tat io.appium.uiautomator2.server.AppiumServlet.handleRequest(AppiumServlet.java:262)\n\tat io.appium.uiautomator2.server.AppiumServlet.handleHttpRequest(AppiumServlet.java:256)\n\tat io.appium.uiautomator2.http.ServerHandler.channelRead(ServerHandler.java:68)\n\tat io.netty.channel.AbstractChannelHandlerContext.invokeChannelRead(AbstractChannelHandlerContext.java:366)\n\tat io.netty.channel.AbstractChannelHandlerCont...
[debug] &amp#27;[35m[W3C]&amp#27;[39m Matched W3C error code 'no such element' to NoSuchElementError
[debug] &amp#27;[35m[BaseDriver]&amp#27;[39m Waited for 8545 ms so far
[debug] &amp#27;[35m[WD Proxy]&amp#27;[39m Matched '/element' to command name 'findElement'
[debug] &amp#27;[35m[WD Proxy]&amp#27;[39m Proxying [POST /element] to [POST http://127.0.0.1:8200/wd/hub/session/f5442001-6ff9-4e31-b59e-e26f8e50a1bf/element] with body: {"strategy":"xpath","selector":"//*[@text = 'Join now']","context":"","multiple":false}
&amp#27;[35m[WD Proxy]&amp#27;[39m Got response with status 404: {"sessionId":"f5442001-6ff9-4e31-b59e-e26f8e50a1bf","value":{"error":"no such element","message":"An element could not be located on the page using the given search parameters","stacktrace":"io.appium.uiautomator2.common.exceptions.ElementNotFoundException: An element could not be located on the page using the given search parameters\n\tat io.appium.uiautomator2.handler.FindElement.findElement(FindElement.java:89)\n\tat io.appium.uiautomator2.handler.FindElement.safeHandle(FindElement.java:66)\n\tat io.appium.uiautomator2.handler.request.SafeRequestHandler.handle(SafeRequestHandler.java:41)\n\tat io.appium.uiautomator2.server.AppiumServlet.handleRequest(AppiumServlet.java:262)\n\tat io.appium.uiautomator2.server.AppiumServlet.handleHttpRequest(AppiumServlet.java:256)\n\tat io.appium.uiautomator2.http.ServerHandler.channelRead(ServerHandler.java:68)\n\tat io.netty.channel.AbstractChannelHandlerContext.invokeChannelRead(AbstractChannelHandlerContext.java:366)\n\tat io.netty.channel.AbstractChannelHandlerCont...
[debug] &amp#27;[35m[W3C]&amp#27;[39m Matched W3C error code 'no such element' to NoSuchElementError
[debug] &amp#27;[35m[BaseDriver]&amp#27;[39m Waited for 9555 ms so far
[debug] &amp#27;[35m[WD Proxy]&amp#27;[39m Matched '/element' to command name 'findElement'
[debug] &amp#27;[35m[WD Proxy]&amp#27;[39m Proxying [POST /element] to [POST http://127.0.0.1:8200/wd/hub/session/f5442001-6ff9-4e31-b59e-e26f8e50a1bf/element] with body: {"strategy":"xpath","selector":"//*[@text = 'Join now']","context":"","multiple":false}
&amp#27;[35m[WD Proxy]&amp#27;[39m Got response with status 404: {"sessionId":"f5442001-6ff9-4e31-b59e-e26f8e50a1bf","value":{"error":"no such element","message":"An element could not be located on the page using the given search parameters","stacktrace":"io.appium.uiautomator2.common.exceptions.ElementNotFoundException: An element could not be located on the page using the given search parameters\n\tat io.appium.uiautomator2.handler.FindElement.findElement(FindElement.java:89)\n\tat io.appium.uiautomator2.handler.FindElement.safeHandle(FindElement.java:66)\n\tat io.appium.uiautomator2.handler.request.SafeRequestHandler.handle(SafeRequestHandler.java:41)\n\tat io.appium.uiautomator2.server.AppiumServlet.handleRequest(AppiumServlet.java:262)\n\tat io.appium.uiautomator2.server.AppiumServlet.handleHttpRequest(AppiumServlet.java:256)\n\tat io.appium.uiautomator2.http.ServerHandler.channelRead(ServerHandler.java:68)\n\tat io.netty.channel.AbstractChannelHandlerContext.invokeChannelRead(AbstractChannelHandlerContext.java:366)\n\tat io.netty.channel.AbstractChannelHandlerCont...
[debug] &amp#27;[35m[W3C]&amp#27;[39m Matched W3C error code 'no such element' to NoSuchElementError
[debug] &amp#27;[35m[BaseDriver]&amp#27;[39m Waited for 10541 ms so far
[debug] &amp#27;[35m[WD Proxy]&amp#27;[39m Matched '/element' to command name 'findElement'
[debug] &amp#27;[35m[WD Proxy]&amp#27;[39m Proxying [POST /element] to [POST http://127.0.0.1:8200/wd/hub/session/f5442001-6ff9-4e31-b59e-e26f8e50a1bf/element] with body: {"strategy":"xpath","selector":"//*[@text = 'Join now']","context":"","multiple":false}
&amp#27;[35m[WD Proxy]&amp#27;[39m Got response with status 404: {"sessionId":"f5442001-6ff9-4e31-b59e-e26f8e50a1bf","value":{"error":"no such element","message":"An element could not be located on the page using the given search parameters","stacktrace":"io.appium.uiautomator2.common.exceptions.ElementNotFoundException: An element could not be located on the page using the given search parameters\n\tat io.appium.uiautomator2.handler.FindElement.findElement(FindElement.java:89)\n\tat io.appium.uiautomator2.handler.FindElement.safeHandle(FindElement.java:66)\n\tat io.appium.uiautomator2.handler.request.SafeRequestHandler.handle(SafeRequestHandler.java:41)\n\tat io.appium.uiautomator2.server.AppiumServlet.handleRequest(AppiumServlet.java:262)\n\tat io.appium.uiautomator2.server.AppiumServlet.handleHttpRequest(AppiumServlet.java:256)\n\tat io.appium.uiautomator2.http.ServerHandler.channelRead(ServerHandler.java:68)\n\tat io.netty.channel.AbstractChannelHandlerContext.invokeChannelRead(AbstractChannelHandlerContext.java:366)\n\tat io.netty.channel.AbstractChannelHandlerCont...
[debug] &amp#27;[35m[W3C]&amp#27;[39m Matched W3C error code 'no such element' to NoSuchElementError
[debug] &amp#27;[35m[BaseDriver]&amp#27;[39m Waited for 11562 ms so far
[debug] &amp#27;[35m[WD Proxy]&amp#27;[39m Matched '/element' to command name 'findElement'
[debug] &amp#27;[35m[WD Proxy]&amp#27;[39m Proxying [POST /element] to [POST http://127.0.0.1:8200/wd/hub/session/f5442001-6ff9-4e31-b59e-e26f8e50a1bf/element] with body: {"strategy":"xpath","selector":"//*[@text = 'Join now']","context":"","multiple":false}
&amp#27;[35m[WD Proxy]&amp#27;[39m Got response with status 404: {"sessionId":"f5442001-6ff9-4e31-b59e-e26f8e50a1bf","value":{"error":"no such element","message":"An element could not be located on the page using the given search parameters","stacktrace":"io.appium.uiautomator2.common.exceptions.ElementNotFoundException: An element could not be located on the page using the given search parameters\n\tat io.appium.uiautomator2.handler.FindElement.findElement(FindElement.java:89)\n\tat io.appium.uiautomator2.handler.FindElement.safeHandle(FindElement.java:66)\n\tat io.appium.uiautomator2.handler.request.SafeRequestHandler.handle(SafeRequestHandler.java:41)\n\tat io.appium.uiautomator2.server.AppiumServlet.handleRequest(AppiumServlet.java:262)\n\tat io.appium.uiautomator2.server.AppiumServlet.handleHttpRequest(AppiumServlet.java:256)\n\tat io.appium.uiautomator2.http.ServerHandler.channelRead(ServerHandler.java:68)\n\tat io.netty.channel.AbstractChannelHandlerContext.invokeChannelRead(AbstractChannelHandlerContext.java:366)\n\tat io.netty.channel.AbstractChannelHandlerCont...
[debug] &amp#27;[35m[W3C]&amp#27;[39m Matched W3C error code 'no such element' to NoSuchElementError
[debug] &amp#27;[35m[BaseDriver]&amp#27;[39m Waited for 12530 ms so far
[debug] &amp#27;[35m[WD Proxy]&amp#27;[39m Matched '/element' to command name 'findElement'
[debug] &amp#27;[35m[WD Proxy]&amp#27;[39m Proxying [POST /element] to [POST http://127.0.0.1:8200/wd/hub/session/f5442001-6ff9-4e31-b59e-e26f8e50a1bf/element] with body: {"strategy":"xpath","selector":"//*[@text = 'Join now']","context":"","multiple":false}
&amp#27;[35m[WD Proxy]&amp#27;[39m Got response with status 404: {"sessionId":"f5442001-6ff9-4e31-b59e-e26f8e50a1bf","value":{"error":"no such element","message":"An element could not be located on the page using the given search parameters","stacktrace":"io.appium.uiautomator2.common.exceptions.ElementNotFoundException: An element could not be located on the page using the given search parameters\n\tat io.appium.uiautomator2.handler.FindElement.findElement(FindElement.java:89)\n\tat io.appium.uiautomator2.handler.FindElement.safeHandle(FindElement.java:66)\n\tat io.appium.uiautomator2.handler.request.SafeRequestHandler.handle(SafeRequestHandler.java:41)\n\tat io.appium.uiautomator2.server.AppiumServlet.handleRequest(AppiumServlet.java:262)\n\tat io.appium.uiautomator2.server.AppiumServlet.handleHttpRequest(AppiumServlet.java:256)\n\tat io.appium.uiautomator2.http.ServerHandler.channelRead(ServerHandler.java:68)\n\tat io.netty.channel.AbstractChannelHandlerContext.invokeChannelRead(AbstractChannelHandlerContext.java:366)\n\tat io.netty.channel.AbstractChannelHandlerCont...
[debug] &amp#27;[35m[W3C]&amp#27;[39m Matched W3C error code 'no such element' to NoSuchElementError
[debug] &amp#27;[35m[BaseDriver]&amp#27;[39m Waited for 13552 ms so far
[debug] &amp#27;[35m[WD Proxy]&amp#27;[39m Matched '/element' to command name 'findElement'
[debug] &amp#27;[35m[WD Proxy]&amp#27;[39m Proxying [POST /element] to [POST http://127.0.0.1:8200/wd/hub/session/f5442001-6ff9-4e31-b59e-e26f8e50a1bf/element] with body: {"strategy":"xpath","selector":"//*[@text = 'Join now']","context":"","multiple":false}
&amp#27;[35m[WD Proxy]&amp#27;[39m Got response with status 404: {"sessionId":"f5442001-6ff9-4e31-b59e-e26f8e50a1bf","value":{"error":"no such element","message":"An element could not be located on the page using the given search parameters","stacktrace":"io.appium.uiautomator2.common.exceptions.ElementNotFoundException: An element could not be located on the page using the given search parameters\n\tat io.appium.uiautomator2.handler.FindElement.findElement(FindElement.java:89)\n\tat io.appium.uiautomator2.handler.FindElement.safeHandle(FindElement.java:66)\n\tat io.appium.uiautomator2.handler.request.SafeRequestHandler.handle(SafeRequestHandler.java:41)\n\tat io.appium.uiautomator2.server.AppiumServlet.handleRequest(AppiumServlet.java:262)\n\tat io.appium.uiautomator2.server.AppiumServlet.handleHttpRequest(AppiumServlet.java:256)\n\tat io.appium.uiautomator2.http.ServerHandler.channelRead(ServerHandler.java:68)\n\tat io.netty.channel.AbstractChannelHandlerContext.invokeChannelRead(AbstractChannelHandlerContext.java:366)\n\tat io.netty.channel.AbstractChannelHandlerCont...
[debug] &amp#27;[35m[W3C]&amp#27;[39m Matched W3C error code 'no such element' to NoSuchElementError
[debug] &amp#27;[35m[BaseDriver]&amp#27;[39m Waited for 14681 ms so far
[debug] &amp#27;[35m[WD Proxy]&amp#27;[39m Matched '/element' to command name 'findElement'
[debug] &amp#27;[35m[WD Proxy]&amp#27;[39m Proxying [POST /element] to [POST http://127.0.0.1:8200/wd/hub/session/f5442001-6ff9-4e31-b59e-e26f8e50a1bf/element] with body: {"strategy":"xpath","selector":"//*[@text = 'Join now']","context":"","multiple":false}
&amp#27;[35m[WD Proxy]&amp#27;[39m Got response with status 404: {"sessionId":"f5442001-6ff9-4e31-b59e-e26f8e50a1bf","value":{"error":"no such element","message":"An element could not be located on the page using the given search parameters","stacktrace":"io.appium.uiautomator2.common.exceptions.ElementNotFoundException: An element could not be located on the page using the given search parameters\n\tat io.appium.uiautomator2.handler.FindElement.findElement(FindElement.java:89)\n\tat io.appium.uiautomator2.handler.FindElement.safeHandle(FindElement.java:66)\n\tat io.appium.uiautomator2.handler.request.SafeRequestHandler.handle(SafeRequestHandler.java:41)\n\tat io.appium.uiautomator2.server.AppiumServlet.handleRequest(AppiumServlet.java:262)\n\tat io.appium.uiautomator2.server.AppiumServlet.handleHttpRequest(AppiumServlet.java:256)\n\tat io.appium.uiautomator2.http.ServerHandler.channelRead(ServerHandler.java:68)\n\tat io.netty.channel.AbstractChannelHandlerContext.invokeChannelRead(AbstractChannelHandlerContext.java:366)\n\tat io.netty.channel.AbstractChannelHandlerCont...
[debug] &amp#27;[35m[W3C]&amp#27;[39m Matched W3C error code 'no such element' to NoSuchElementError
[debug] &amp#27;[35m[BaseDriver]&amp#27;[39m Waited for 15724 ms so far
[debug] &amp#27;[35m[WD Proxy]&amp#27;[39m Matched '/element' to command name 'findElement'
[debug] &amp#27;[35m[WD Proxy]&amp#27;[39m Proxying [POST /element] to [POST http://127.0.0.1:8200/wd/hub/session/f5442001-6ff9-4e31-b59e-e26f8e50a1bf/element] with body: {"strategy":"xpath","selector":"//*[@text = 'Join now']","context":"","multiple":false}
&amp#27;[35m[WD Proxy]&amp#27;[39m Got response with status 404: {"sessionId":"f5442001-6ff9-4e31-b59e-e26f8e50a1bf","value":{"error":"no such element","message":"An element could not be located on the page using the given search parameters","stacktrace":"io.appium.uiautomator2.common.exceptions.ElementNotFoundException: An element could not be located on the page using the given search parameters\n\tat io.appium.uiautomator2.handler.FindElement.findElement(FindElement.java:89)\n\tat io.appium.uiautomator2.handler.FindElement.safeHandle(FindElement.java:66)\n\tat io.appium.uiautomator2.handler.request.SafeRequestHandler.handle(SafeRequestHandler.java:41)\n\tat io.appium.uiautomator2.server.AppiumServlet.handleRequest(AppiumServlet.java:262)\n\tat io.appium.uiautomator2.server.AppiumServlet.handleHttpRequest(AppiumServlet.java:256)\n\tat io.appium.uiautomator2.http.ServerHandler.channelRead(ServerHandler.java:68)\n\tat io.netty.channel.AbstractChannelHandlerContext.invokeChannelRead(AbstractChannelHandlerContext.java:366)\n\tat io.netty.channel.AbstractChannelHandlerCont...
[debug] &amp#27;[35m[W3C]&amp#27;[39m Matched W3C error code 'no such element' to NoSuchElementError
[debug] &amp#27;[35m[BaseDriver]&amp#27;[39m Waited for 16746 ms so far
[debug] &amp#27;[35m[WD Proxy]&amp#27;[39m Matched '/element' to command name 'findElement'
[debug] &amp#27;[35m[WD Proxy]&amp#27;[39m Proxying [POST /element] to [POST http://127.0.0.1:8200/wd/hub/session/f5442001-6ff9-4e31-b59e-e26f8e50a1bf/element] with body: {"strategy":"xpath","selector":"//*[@text = 'Join now']","context":"","multiple":false}
&amp#27;[35m[WD Proxy]&amp#27;[39m Got response with status 404: {"sessionId":"f5442001-6ff9-4e31-b59e-e26f8e50a1bf","value":{"error":"no such element","message":"An element could not be located on the page using the given search parameters","stacktrace":"io.appium.uiautomator2.common.exceptions.ElementNotFoundException: An element could not be located on the page using the given search parameters\n\tat io.appium.uiautomator2.handler.FindElement.findElement(FindElement.java:89)\n\tat io.appium.uiautomator2.handler.FindElement.safeHandle(FindElement.java:66)\n\tat io.appium.uiautomator2.handler.request.SafeRequestHandler.handle(SafeRequestHandler.java:41)\n\tat io.appium.uiautomator2.server.AppiumServlet.handleRequest(AppiumServlet.java:262)\n\tat io.appium.uiautomator2.server.AppiumServlet.handleHttpRequest(AppiumServlet.java:256)\n\tat io.appium.uiautomator2.http.ServerHandler.channelRead(ServerHandler.java:68)\n\tat io.netty.channel.AbstractChannelHandlerContext.invokeChannelRead(AbstractChannelHandlerContext.java:366)\n\tat io.netty.channel.AbstractChannelHandlerCont...
[debug] &amp#27;[35m[W3C]&amp#27;[39m Matched W3C error code 'no such element' to NoSuchElementError
[debug] &amp#27;[35m[BaseDriver]&amp#27;[39m Waited for 17742 ms so far
[debug] &amp#27;[35m[WD Proxy]&amp#27;[39m Matched '/element' to command name 'findElement'
[debug] &amp#27;[35m[WD Proxy]&amp#27;[39m Proxying [POST /element] to [POST http://127.0.0.1:8200/wd/hub/session/f5442001-6ff9-4e31-b59e-e26f8e50a1bf/element] with body: {"strategy":"xpath","selector":"//*[@text = 'Join now']","context":"","multiple":false}
&amp#27;[35m[WD Proxy]&amp#27;[39m Got response with status 404: {"sessionId":"f5442001-6ff9-4e31-b59e-e26f8e50a1bf","value":{"error":"no such element","message":"An element could not be located on the page using the given search parameters","stacktrace":"io.appium.uiautomator2.common.exceptions.ElementNotFoundException: An element could not be located on the page using the given search parameters\n\tat io.appium.uiautomator2.handler.FindElement.findElement(FindElement.java:89)\n\tat io.appium.uiautomator2.handler.FindElement.safeHandle(FindElement.java:66)\n\tat io.appium.uiautomator2.handler.request.SafeRequestHandler.handle(SafeRequestHandler.java:41)\n\tat io.appium.uiautomator2.server.AppiumServlet.handleRequest(AppiumServlet.java:262)\n\tat io.appium.uiautomator2.server.AppiumServlet.handleHttpRequest(AppiumServlet.java:256)\n\tat io.appium.uiautomator2.http.ServerHandler.channelRead(ServerHandler.java:68)\n\tat io.netty.channel.AbstractChannelHandlerContext.invokeChannelRead(AbstractChannelHandlerContext.java:366)\n\tat io.netty.channel.AbstractChannelHandlerCont...
[debug] &amp#27;[35m[W3C]&amp#27;[39m Matched W3C error code 'no such element' to NoSuchElementError
[debug] &amp#27;[35m[BaseDriver]&amp#27;[39m Waited for 18735 ms so far
[debug] &amp#27;[35m[WD Proxy]&amp#27;[39m Matched '/element' to command name 'findElement'
[debug] &amp#27;[35m[WD Proxy]&amp#27;[39m Proxying [POST /element] to [POST http://127.0.0.1:8200/wd/hub/session/f5442001-6ff9-4e31-b59e-e26f8e50a1bf/element] with body: {"strategy":"xpath","selector":"//*[@text = 'Join now']","context":"","multiple":false}
&amp#27;[35m[WD Proxy]&amp#27;[39m Got response with status 404: {"sessionId":"f5442001-6ff9-4e31-b59e-e26f8e50a1bf","value":{"error":"no such element","message":"An element could not be located on the page using the given search parameters","stacktrace":"io.appium.uiautomator2.common.exceptions.ElementNotFoundException: An element could not be located on the page using the given search parameters\n\tat io.appium.uiautomator2.handler.FindElement.findElement(FindElement.java:89)\n\tat io.appium.uiautomator2.handler.FindElement.safeHandle(FindElement.java:66)\n\tat io.appium.uiautomator2.handler.request.SafeRequestHandler.handle(SafeRequestHandler.java:41)\n\tat io.appium.uiautomator2.server.AppiumServlet.handleRequest(AppiumServlet.java:262)\n\tat io.appium.uiautomator2.server.AppiumServlet.handleHttpRequest(AppiumServlet.java:256)\n\tat io.appium.uiautomator2.http.ServerHandler.channelRead(ServerHandler.java:68)\n\tat io.netty.channel.AbstractChannelHandlerContext.invokeChannelRead(AbstractChannelHandlerContext.java:366)\n\tat io.netty.channel.AbstractChannelHandlerCont...
[debug] &amp#27;[35m[W3C]&amp#27;[39m Matched W3C error code 'no such element' to NoSuchElementError
[debug] &amp#27;[35m[W3C (c929a997)]&amp#27;[39m Encountered internal error running command: NoSuchElementError: An element could not be located on the page using the given search parameters.
[debug] &amp#27;[35m[W3C (c929a997)]&amp#27;[39m     at AndroidUiautomator2Driver.findElOrEls (C:\Users\John Mumo\AppData\Roaming\npm\node_modules\appium\node_modules\appium-android-driver\lib\commands\find.js:75:11)
[debug] &amp#27;[35m[W3C (c929a997)]&amp#27;[39m     at runMicrotasks (<anonymous>)
[debug] &amp#27;[35m[W3C (c929a997)]&amp#27;[39m     at processTicksAndRejections (internal/process/task_queues.js:95:5)
[debug] &amp#27;[35m[W3C (c929a997)]&amp#27;[39m     at AndroidUiautomator2Driver.findElOrElsWithProcessing (C:\Users\John Mumo\AppData\Roaming\npm\node_modules\appium\node_modules\appium-base-driver\lib\basedriver\commands\find.js:33:12)
[debug] &amp#27;[35m[W3C (c929a997)]&amp#27;[39m     at AndroidUiautomator2Driver.findElement (C:\Users\John Mumo\AppData\Roaming\npm\node_modules\appium\node_modules\appium-base-driver\lib\basedriver\commands\find.js:53:10)
&amp#27;[35m[HTTP]&amp#27;[39m &amp#27;[37m<-- POST /wd/hub/session/c929a997-8ea9-4c21-b5b4-437f44a468c6/element &amp#27;[39m&amp#27;[33m404&amp#27;[39m &amp#27;[90m20021 ms - 926&amp#27;[39m
&amp#27;[35m[HTTP]&amp#27;[39m &amp#27;[90m&amp#27;[39m
]]></system-out>
    <system-err><![CDATA[Sep 13, 2021 2:54:28 PM io.appium.java_client.remote.AppiumCommandExecutor$1 lambda$0
INFO: Detected dialect: W3C
]]></system-err>
  </testcase>
  <testcase name="SignUpWithWithShortPassWord" classname="Agencify.SignUp" time="40.906">
    <system-out><![CDATA[&amp#27;[35m[HTTP]&amp#27;[39m &amp#27;[37m-->&amp#27;[39m &amp#27;[37mGET&amp#27;[39m &amp#27;[37m/wd/hub/session/c929a997-8ea9-4c21-b5b4-437f44a468c6/screenshot&amp#27;[39m
&amp#27;[35m[HTTP]&amp#27;[39m &amp#27;[90m{}&amp#27;[39m
[debug] &amp#27;[35m[W3C (c929a997)]&amp#27;[39m Calling AppiumDriver.getScreenshot() with args: ["c929a997-8ea9-4c21-b5b4-437f44a468c6"]
[debug] &amp#27;[35m[WD Proxy]&amp#27;[39m Matched '/screenshot' to command name 'getScreenshot'
[debug] &amp#27;[35m[WD Proxy]&amp#27;[39m Proxying [GET /screenshot] to [GET http://127.0.0.1:8200/wd/hub/session/f5442001-6ff9-4e31-b59e-e26f8e50a1bf/screenshot] with no body
[debug] &amp#27;[35m[WD Proxy]&amp#27;[39m Got response with status 200: {"sessionId":"f5442001-6ff9-4e31-b59e-e26f8e50a1bf","value":"iVBORw0KGgoAAAANSUhEUgAAAtAAAAWgCAYAAAB30nTTAAAABHNCSVQICAgIfAhkiAAAIABJREFU\neJzEvUmvJcuWJvSZu2/f7rvfp4lzTkTciHvfvZkvXzZFV4CY1KAKJAQjBjBCiDFC8AOgZsCAGeIP\nIPEDgAkIqZQTQEIisyrJrOK1t432dLtvvDcG5mZuZm7m7vtEvKz18mac7dYt65Z9a5nZMvK7b/+S\noiQq/gKo9IMQAkLY30VBa9/09CwtEfHUOHJ6LQOtXLl8E0+2+F3IVHYXXvS0beW3lVMUhWgLUrYZ\nBRV52+rZxgPPj4Iq4ZRSQIpOnPZ8msLlOE1xm9LaxggA0IICRC2DUqqMo1P6QE6nl2Ucj+V4L7vG\nGKeJf0J4X1ZhCj9FAZRtwPqGl1d+K8Mdh9TyER+a0mv17UKUUoAUJ6WztaNpDPI4BAQFLZoyhS5k\nTpl7JrLKHD0vrf0a07aURykF5fPccdQyW5pXjAEUoi2okMEAiGtMI/grClSRzXGaqL1+9b7l3wG1\n/5WxWJbPudezsM1vvf/leWGKVxQN4wuA49Tbr7721cccqw9rfrluAEQfEyiiVlRSaS/qlP2ojfUy\nTl7kICBwHLAxqQ0Y0iJnHccR/Jn6iYfztLos5+sTlwe19MQR65VOuqzTw2hBUdAcDnFY3cv5XvWp\nVreCirHkEAfEIbK4MxLLtmFd03gsikLwLbeNzLfpt1jDpXWlKAq4riv9zsu4jsi7KFI4jgtCCPI8\nB0BFOOdH5lnOn/NZFLlZvpb5sDoVAFidWBr2jRDH2kd87vF/OS/yb8/zyu9U5C/zp7ehOr4IgDKt\nvJ7x9DyNlM44x3kflFyINZMQEMcFyj6V5UVRSO2Xs35xPa9qm6IAcdS24UOU8+A4BJ5NPuoJ9UbV\nSf5UNU53OnUx5JXXB1RVfjdw...
[debug] &amp#27;[35m[W3C (c929a997)]&amp#27;[39m Responding to client with driver.getScreenshot() result: "iVBORw0KGgoAAAANSUhEUgAAAtAAAAWgCAYAAAB30nTTAAAABHNCSVQICAgIfAhkiAAAIABJREFU\neJzEvUmvJcuWJvSZu2/f7rvfp4lzTkTciHvfvZkvXzZFV4CY1KAKJAQjBjBCiDFC8AOgZsCAGeIP\nIPEDgAkIqZQTQEIisyrJrOK1t432dLtvvDcG5mZuZm7m7vtEvKz18mac7dYt65Z9a5nZMvK7b/+S\noiQq/gKo9IMQAkLY30VBa9/09CwtEfHUOHJ6LQOtXLl8E0+2+F3IVHYXXvS0beW3lVMUhWgLUrYZ\nBRV52+rZxgPPj4Iq4ZRSQIpOnPZ8msLlOE1xm9LaxggA0IICRC2DUqqMo1P6QE6nl2Ucj+V4L7vG\nGKeJf0J4X1ZhCj9FAZRtwPqGl1d+K8Mdh9TyER+a0mv17UKUUoAUJ6WztaNpDPI4BAQFLZoyhS5k\nTpl7JrLKHD0vrf0a07aURykF5fPccdQyW5pXjAEUoi2okMEAiGtMI/grClSRzXGaqL1+9b7l3wG1\n/5WxWJbPudezsM1vvf/leWGKVxQN4wuA49Tbr7721cccqw9rfrluAEQfEyiiVlRSaS/qlP2ojfUy\nTl7kICBwHLAxqQ0Y0iJnHccR/Jn6iYfztLos5+sTlwe19MQR65VOuqzTw2hBUdAcDnFY3cv5XvWp\nVreCirHkEAfEIbK4MxLLtmFd03gsikLwLbeNzLfpt1jDpXWlKAq4riv9zsu4jsi7KFI4jgtCCPI8\nB0BFOOdH5lnOn/NZFLlZvpb5sDoVAFidWBr2jRDH2kd87vF/OS/yb8/zyu9U5C/zp7ehOr4IgDKt\nvJ7x9DyNlM44x3kflFyINZMQEMcFyj6V5UVRSO2Xs35xPa9qm6IAcdS24UOU8+A4BJ5NPuoJ9UbV\nSf5UNU53OnUx5JXXB1RVfjdwZZvkTelO4bUruGMDRgO6gHVwN+Uv8rQAF5vAM7XXKSDMPC7MwP+p\nClBXBY...
&amp#27;[35m[HTTP]&amp#27;[39m &amp#27;[37m<-- GET /wd/hub/session/c929a997-8ea9-4c21-b5b4-437f44a468c6/screenshot &amp#27;[39m&amp#27;[32m200&amp#27;[39m &amp#27;[90m1901 ms - 1275478&amp#27;[39m
&amp#27;[35m[HTTP]&amp#27;[39m &amp#27;[90m&amp#27;[39m
&amp#27;[35m[HTTP]&amp#27;[39m &amp#27;[37m-->&amp#27;[39m &amp#27;[37mGET&amp#27;[39m &amp#27;[37m/wd/hub/status&amp#27;[39m
&amp#27;[35m[HTTP]&amp#27;[39m &amp#27;[90m{}&amp#27;[39m
[debug] &amp#27;[35m[GENERIC]&amp#27;[39m Calling AppiumDriver.getStatus() with args: []
[debug] &amp#27;[35m[GENERIC]&amp#27;[39m Responding to client with driver.getStatus() result: {"build":{"version":"1.21.0"}}
&amp#27;[35m[HTTP]&amp#27;[39m &amp#27;[37m<-- GET /wd/hub/status &amp#27;[39m&amp#27;[32m200&amp#27;[39m &amp#27;[90m2 ms - 68&amp#27;[39m
&amp#27;[35m[HTTP]&amp#27;[39m &amp#27;[90m&amp#27;[39m
&amp#27;[35m[Appium]&amp#27;[39m Welcome to Appium v1.21.0
&amp#27;[35m[HTTP]&amp#27;[39m Could not start REST http interface listener. The requested port may already be in use. Please make sure there is no other instance of this server running already.
Fatal Error: listen EADDRINUSE: address already in use 0.0.0.0:4723
    at Server.setupListenHandle [as _listen2] (net.js:1320:16)
    at listenInCluster (net.js:1368:12)
    at doListen (net.js:1505:7)
    at processTicksAndRejections (internal/process/task_queues.js:83:21)
&amp#27;[35m[HTTP]&amp#27;[39m &amp#27;[37m-->&amp#27;[39m &amp#27;[37mGET&amp#27;[39m &amp#27;[37m/wd/hub/status&amp#27;[39m
&amp#27;[35m[HTTP]&amp#27;[39m &amp#27;[90m{}&amp#27;[39m
[debug] &amp#27;[35m[GENERIC]&amp#27;[39m Calling AppiumDriver.getStatus() with args: []
[debug] &amp#27;[35m[GENERIC]&amp#27;[39m Responding to client with driver.getStatus() result: {"build":{"version":"1.21.0"}}
&amp#27;[35m[HTTP]&amp#27;[39m &amp#27;[37m<-- GET /wd/hub/status &amp#27;[39m&amp#27;[32m200&amp#27;[39m &amp#27;[90m1 ms - 68&amp#27;[39m
&amp#27;[35m[HTTP]&amp#27;[39m &amp#27;[90m&amp#27;[39m
[debug] &amp#27;[35m[HTTP]&amp#27;[39m Request idempotency key: 88ad5717-912d-4495-a01c-8f53b2c074e0
&amp#27;[35m[HTTP]&amp#27;[39m &amp#27;[37m-->&amp#27;[39m &amp#27;[37mPOST&amp#27;[39m &amp#27;[37m/wd/hub/session&amp#27;[39m
&amp#27;[35m[HTTP]&amp#27;[39m &amp#27;[90m{"desiredCapabilities":{"app":"C:\\Users\\John Mumo\\Desktop\\Agencify_App\\Agencify_App_Test\\src\\Agencify-universal-dev.apk","automationName":"uiautomator2","platformName":"Android","deviceName":"Android Device"},"capabilities":{"firstMatch":[{"appium:app":"C:\\Users\\John Mumo\\Desktop\\Agencify_App\\Agencify_App_Test\\src\\Agencify-universal-dev.apk","appium:automationName":"uiautomator2","appium:deviceName":"Android Device","platformName":"android"}]}}&amp#27;[39m
[debug] &amp#27;[35m[W3C]&amp#27;[39m Calling AppiumDriver.createSession() with args: [{"app":"C:\\Users\\John Mumo\\Desktop\\Agencify_App\\Agencify_App_Test\\src\\Agencify-universal-dev.apk","automationName":"uiautomator2","platformName":"Android","deviceName":"Android Device"},null,{"firstMatch":[{"appium:app":"C:\\Users\\John Mumo\\Desktop\\Agencify_App\\Agencify_App_Test\\src\\Agencify-universal-dev.apk","appium:automationName":"uiautomator2","appium:deviceName":"Android Device","platformName":"android"}]}]
[debug] &amp#27;[35m[BaseDriver]&amp#27;[39m Event 'newSessionRequested' logged at 1631534094972 (14:54:54 GMT+0300 (East Africa Time))
&amp#27;[35m[Appium]&amp#27;[39m Appium v1.21.0 creating new AndroidUiautomator2Driver (v1.65.0) session
[debug] &amp#27;[35m[BaseDriver]&amp#27;[39m W3C capabilities and MJSONWP desired capabilities were provided
[debug] &amp#27;[35m[BaseDriver]&amp#27;[39m Creating session with W3C capabilities: {
[debug] &amp#27;[35m[BaseDriver]&amp#27;[39m   "alwaysMatch": {
[debug] &amp#27;[35m[BaseDriver]&amp#27;[39m     "platformName": "android",
[debug] &amp#27;[35m[BaseDriver]&amp#27;[39m     "appium:app": "C:\\Users\\John Mumo\\Desktop\\Agencify_App\\Agencify_App_Test\\src\\Agencify-universal-dev.apk",
[debug] &amp#27;[35m[BaseDriver]&amp#27;[39m     "appium:automationName": "uiautomator2",
[debug] &amp#27;[35m[BaseDriver]&amp#27;[39m     "appium:deviceName": "Android Device"
[debug] &amp#27;[35m[BaseDriver]&amp#27;[39m   },
[debug] &amp#27;[35m[BaseDriver]&amp#27;[39m   "firstMatch": [
[debug] &amp#27;[35m[BaseDriver]&amp#27;[39m     {}
[debug] &amp#27;[35m[BaseDriver]&amp#27;[39m   ]
[debug] &amp#27;[35m[BaseDriver]&amp#27;[39m }
&amp#27;[35m[BaseDriver]&amp#27;[39m Session created with session id: d1f02816-1d87-4777-afc8-4f179730fc9c
&amp#27;[35m[BaseDriver]&amp#27;[39m Using local app 'C:\Users\John Mumo\Desktop\Agencify_App\Agencify_App_Test\src\Agencify-universal-dev.apk'
[debug] &amp#27;[35m[UiAutomator2]&amp#27;[39m Checking whether app is actually present
&amp#27;[35m[ADB]&amp#27;[39m Using 'adb.exe' from 'C:\Users\John Mumo\AppData\Local\Android\Sdk\platform-tools\adb.exe'
[debug] &amp#27;[35m[ADB]&amp#27;[39m Running 'C:\Users\John Mumo\AppData\Local\Android\Sdk\platform-tools\adb.exe -P 5037 start-server'
&amp#27;[35m[AndroidDriver]&amp#27;[39m Retrieving device list
[debug] &amp#27;[35m[ADB]&amp#27;[39m Trying to find a connected android device
[debug] &amp#27;[35m[ADB]&amp#27;[39m Getting connected devices
[debug] &amp#27;[35m[ADB]&amp#27;[39m Connected devices: [{"udid":"0329625863001980","state":"device"}]
&amp#27;[35m[AndroidDriver]&amp#27;[39m Using device: 0329625863001980
&amp#27;[35m[ADB]&amp#27;[39m Using 'adb.exe' from 'C:\Users\John Mumo\AppData\Local\Android\Sdk\platform-tools\adb.exe'
[debug] &amp#27;[35m[ADB]&amp#27;[39m Running 'C:\Users\John Mumo\AppData\Local\Android\Sdk\platform-tools\adb.exe -P 5037 start-server'
[debug] &amp#27;[35m[ADB]&amp#27;[39m Setting device id to 0329625863001980
[debug] &amp#27;[35m[ADB]&amp#27;[39m Running 'C:\Users\John Mumo\AppData\Local\Android\Sdk\platform-tools\adb.exe -P 5037 -s 0329625863001980 shell getprop ro.build.version.sdk'
[debug] &amp#27;[35m[ADB]&amp#27;[39m Current device property 'ro.build.version.sdk': 27
[debug] &amp#27;[35m[ADB]&amp#27;[39m Device API level: 27
[debug] &amp#27;[35m[AndroidDriver]&amp#27;[39m Parsing package and activity from app manifest
&amp#27;[35m[ADB]&amp#27;[39m Package name: 'com.turnkeyafrica.agencify'
&amp#27;[35m[ADB]&amp#27;[39m Main activity name: 'com.turnkeyafrica.agencify.ui.splash.Splash'
[debug] &amp#27;[35m[AndroidDriver]&amp#27;[39m Parsed package and activity are: com.turnkeyafrica.agencify/com.turnkeyafrica.agencify.ui.splash.Splash
[debug] &amp#27;[35m[ADB]&amp#27;[39m Running 'C:\Users\John Mumo\AppData\Local\Android\Sdk\platform-tools\adb.exe -P 5037 -s 0329625863001980 wait-for-device'
[debug] &amp#27;[35m[ADB]&amp#27;[39m Running 'C:\Users\John Mumo\AppData\Local\Android\Sdk\platform-tools\adb.exe -P 5037 -s 0329625863001980 shell echo ping'
[debug] &amp#27;[35m[AndroidDriver]&amp#27;[39m Pushing settings apk to device...
[debug] &amp#27;[35m[ADB]&amp#27;[39m Getting install status for io.appium.settings
[debug] &amp#27;[35m[ADB]&amp#27;[39m Running 'C:\Users\John Mumo\AppData\Local\Android\Sdk\platform-tools\adb.exe -P 5037 -s 0329625863001980 shell dumpsys package io.appium.settings'
[debug] &amp#27;[35m[ADB]&amp#27;[39m 'io.appium.settings' is installed
[debug] &amp#27;[35m[ADB]&amp#27;[39m Getting package info for 'io.appium.settings'
[debug] &amp#27;[35m[ADB]&amp#27;[39m Running 'C:\Users\John Mumo\AppData\Local\Android\Sdk\platform-tools\adb.exe -P 5037 -s 0329625863001980 shell dumpsys package io.appium.settings'
[debug] &amp#27;[35m[ADB]&amp#27;[39m The version name of the installed 'io.appium.settings' is greater or equal to the application version name ('3.3.0' >= '3.3.0')
[debug] &amp#27;[35m[ADB]&amp#27;[39m There is no need to install/upgrade 'C:\Users\John Mumo\AppData\Roaming\npm\node_modules\appium\node_modules\io.appium.settings\apks\settings_apk-debug.apk'
[debug] &amp#27;[35m[ADB]&amp#27;[39m Getting IDs of all 'io.appium.settings' processes
[debug] &amp#27;[35m[ADB]&amp#27;[39m Running 'C:\Users\John Mumo\AppData\Local\Android\Sdk\platform-tools\adb.exe -P 5037 -s 0329625863001980 shell 'pgrep --help; echo $?''
[debug] &amp#27;[35m[ADB]&amp#27;[39m Running 'C:\Users\John Mumo\AppData\Local\Android\Sdk\platform-tools\adb.exe -P 5037 -s 0329625863001980 shell pgrep -f \(\[\[:blank:\]\]\|\^\)io\.appium\.settings\(\[\[:blank:\]\]\|\$\)'
[debug] &amp#27;[35m[AndroidDriver]&amp#27;[39m io.appium.settings is already running. There is no need to reset its permissions.
[debug] &amp#27;[35m[ADB]&amp#27;[39m Running 'C:\Users\John Mumo\AppData\Local\Android\Sdk\platform-tools\adb.exe -P 5037 -s 0329625863001980 shell appops set io.appium.settings android:mock_location allow'
[debug] &amp#27;[35m[Logcat]&amp#27;[39m Starting logs capture with command: 'C:\\Users\\John Mumo\\AppData\\Local\\Android\\Sdk\\platform-tools\\adb.exe' -P 5037 -s 0329625863001980 logcat -v threadtime
[debug] &amp#27;[35m[UiAutomator2]&amp#27;[39m Forwarding UiAutomator2 Server port 6790 to local port 8201
[debug] &amp#27;[35m[ADB]&amp#27;[39m Forwarding system: 8201 to device: 6790
[debug] &amp#27;[35m[ADB]&amp#27;[39m Running 'C:\Users\John Mumo\AppData\Local\Android\Sdk\platform-tools\adb.exe -P 5037 -s 0329625863001980 forward tcp:8201 tcp:6790'
[debug] &amp#27;[35m[ADB]&amp#27;[39m Getting install status for io.appium.uiautomator2.server
[debug] &amp#27;[35m[ADB]&amp#27;[39m Running 'C:\Users\John Mumo\AppData\Local\Android\Sdk\platform-tools\adb.exe -P 5037 -s 0329625863001980 shell dumpsys package io.appium.uiautomator2.server'
[debug] &amp#27;[35m[ADB]&amp#27;[39m 'io.appium.uiautomator2.server' is installed
[debug] &amp#27;[35m[ADB]&amp#27;[39m Getting package info for 'io.appium.uiautomator2.server'
[debug] &amp#27;[35m[ADB]&amp#27;[39m Running 'C:\Users\John Mumo\AppData\Local\Android\Sdk\platform-tools\adb.exe -P 5037 -s 0329625863001980 shell dumpsys package io.appium.uiautomator2.server'
[debug] &amp#27;[35m[ADB]&amp#27;[39m The version name of the installed 'io.appium.uiautomator2.server' is greater or equal to the application version name ('4.21.1' >= '4.21.1')
[debug] &amp#27;[35m[UiAutomator2]&amp#27;[39m io.appium.uiautomator2.server installation state: sameVersionInstalled
[debug] &amp#27;[35m[ADB]&amp#27;[39m Checking app cert for C:\Users\John Mumo\AppData\Roaming\npm\node_modules\appium\node_modules\appium-uiautomator2-server\apks\appium-uiautomator2-server-v4.21.1.apk
&amp#27;[35m[ADB]&amp#27;[39m Using 'apksigner.jar' from 'C:\Users\John Mumo\AppData\Local\Android\Sdk\build-tools\31.0.0\lib\apksigner.jar'
[debug] &amp#27;[35m[ADB]&amp#27;[39m Starting apksigner: 'C:\\Program Files\\Java\\jdk1.8.0_301\\bin\\java.exe' -Xmx1024M -Xss1m -jar 'C:\\Users\\John Mumo\\AppData\\Local\\Android\\Sdk\\build-tools\\31.0.0\\lib\\apksigner.jar' verify --print-certs 'C:\\Users\\John Mumo\\AppData\\Roaming\\npm\\node_modules\\appium\\node_modules\\appium-uiautomator2-server\\apks\\appium-uiautomator2-server-v4.21.1.apk'
&amp#27;[35m[Appium]&amp#27;[39m Welcome to Appium v1.21.0
&amp#27;[35m[HTTP]&amp#27;[39m Could not start REST http interface listener. The requested port may already be in use. Please make sure there is no other instance of this server running already.
Fatal Error: listen EADDRINUSE: address already in use 0.0.0.0:4723
    at Server.setupListenHandle [as _listen2] (net.js:1320:16)
    at listenInCluster (net.js:1368:12)
    at doListen (net.js:1505:7)
    at processTicksAndRejections (internal/process/task_queues.js:83:21)
[debug] &amp#27;[35m[ADB]&amp#27;[39m apksigner stdout: Signer #1 certificate DN: EMAILADDRESS=android@android.com, CN=Android, OU=Android, O=Android, L=Mountain View, ST=California, C=US
[debug] &amp#27;[35m[ADB]&amp#27;[39m Signer #1 certificate SHA-256 digest: a40da80a59d170caa950cf15c18c454d47a39b26989d8b640ecd745ba71bf5dc
[debug] &amp#27;[35m[ADB]&amp#27;[39m Signer #1 certificate SHA-1 digest: 61ed377e85d386a8dfee6b864bd85b0bfaa5af81
[debug] &amp#27;[35m[ADB]&amp#27;[39m Signer #1 certificate MD5 digest: e89b158e4bcf988ebd09eb83f5378e87
[debug] &amp#27;[35m[ADB]&amp#27;[39m 
[debug] &amp#27;[35m[ADB]&amp#27;[39m sha256 hash did match for 'appium-uiautomator2-server-v4.21.1.apk'
&amp#27;[35m[ADB]&amp#27;[39m 'C:\Users\John Mumo\AppData\Roaming\npm\node_modules\appium\node_modules\appium-uiautomator2-server\apks\appium-uiautomator2-server-v4.21.1.apk' is signed with the default certificate
[debug] &amp#27;[35m[ADB]&amp#27;[39m Getting install status for io.appium.uiautomator2.server.test
[debug] &amp#27;[35m[ADB]&amp#27;[39m Running 'C:\Users\John Mumo\AppData\Local\Android\Sdk\platform-tools\adb.exe -P 5037 -s 0329625863001980 shell dumpsys package io.appium.uiautomator2.server.test'
[debug] &amp#27;[35m[ADB]&amp#27;[39m 'io.appium.uiautomator2.server.test' is installed
[debug] &amp#27;[35m[ADB]&amp#27;[39m Checking app cert for C:\Users\John Mumo\AppData\Roaming\npm\node_modules\appium\node_modules\appium-uiautomator2-server\apks\appium-uiautomator2-server-debug-androidTest.apk
[debug] &amp#27;[35m[ADB]&amp#27;[39m Starting apksigner: 'C:\\Program Files\\Java\\jdk1.8.0_301\\bin\\java.exe' -Xmx1024M -Xss1m -jar 'C:\\Users\\John Mumo\\AppData\\Local\\Android\\Sdk\\build-tools\\31.0.0\\lib\\apksigner.jar' verify --print-certs 'C:\\Users\\John Mumo\\AppData\\Roaming\\npm\\node_modules\\appium\\node_modules\\appium-uiautomator2-server\\apks\\appium-uiautomator2-server-debug-androidTest.apk'
[debug] &amp#27;[35m[ADB]&amp#27;[39m apksigner stdout: Signer #1 certificate DN: EMAILADDRESS=android@android.com, CN=Android, OU=Android, O=Android, L=Mountain View, ST=California, C=US
[debug] &amp#27;[35m[ADB]&amp#27;[39m Signer #1 certificate SHA-256 digest: a40da80a59d170caa950cf15c18c454d47a39b26989d8b640ecd745ba71bf5dc
[debug] &amp#27;[35m[ADB]&amp#27;[39m Signer #1 certificate SHA-1 digest: 61ed377e85d386a8dfee6b864bd85b0bfaa5af81
[debug] &amp#27;[35m[ADB]&amp#27;[39m Signer #1 certificate MD5 digest: e89b158e4bcf988ebd09eb83f5378e87
[debug] &amp#27;[35m[ADB]&amp#27;[39m 
[debug] &amp#27;[35m[ADB]&amp#27;[39m sha256 hash did match for 'appium-uiautomator2-server-debug-androidTest.apk'
&amp#27;[35m[ADB]&amp#27;[39m 'C:\Users\John Mumo\AppData\Roaming\npm\node_modules\appium\node_modules\appium-uiautomator2-server\apks\appium-uiautomator2-server-debug-androidTest.apk' is signed with the default certificate
&amp#27;[35m[UiAutomator2]&amp#27;[39m Server packages are not going to be (re)installed
[debug] &amp#27;[35m[UiAutomator2]&amp#27;[39m Waiting up to 30000ms for services to be available
[debug] &amp#27;[35m[ADB]&amp#27;[39m Running 'C:\Users\John Mumo\AppData\Local\Android\Sdk\platform-tools\adb.exe -P 5037 -s 0329625863001980 shell pm list instrumentation'
[debug] &amp#27;[35m[UiAutomator2]&amp#27;[39m Instrumentation target 'io.appium.uiautomator2.server.test/androidx.test.runner.AndroidJUnitRunner' is available
&amp#27;[35m[ADB]&amp#27;[39m Adding packages ["io.appium.settings","io.appium.uiautomator2.server","io.appium.uiautomator2.server.test"] to Doze whitelist
[debug] &amp#27;[35m[ADB]&amp#27;[39m Got the following command chunks to execute: [["dumpsys","deviceidle","whitelist","+io.appium.settings",";","dumpsys","deviceidle","whitelist","+io.appium.uiautomator2.server",";","dumpsys","deviceidle","whitelist","+io.appium.uiautomator2.server.test",";"]]
[debug] &amp#27;[35m[ADB]&amp#27;[39m Running 'C:\Users\John Mumo\AppData\Local\Android\Sdk\platform-tools\adb.exe -P 5037 -s 0329625863001980 shell dumpsys deviceidle whitelist +io.appium.settings ; dumpsys deviceidle whitelist +io.appium.uiautomator2.server ; dumpsys deviceidle whitelist +io.appium.uiautomator2.server.test ;'
[debug] &amp#27;[35m[ADB]&amp#27;[39m Checking app cert for C:\Users\John Mumo\Desktop\Agencify_App\Agencify_App_Test\src\Agencify-universal-dev.apk
[debug] &amp#27;[35m[ADB]&amp#27;[39m Starting apksigner: 'C:\\Program Files\\Java\\jdk1.8.0_301\\bin\\java.exe' -Xmx1024M -Xss1m -jar 'C:\\Users\\John Mumo\\AppData\\Local\\Android\\Sdk\\build-tools\\31.0.0\\lib\\apksigner.jar' verify --print-certs 'C:\\Users\\John Mumo\\Desktop\\Agencify_App\\Agencify_App_Test\\src\\Agencify-universal-dev.apk'
[debug] &amp#27;[35m[ADB]&amp#27;[39m apksigner stdout: Signer #1 certificate DN: CN=Kelvin Macharia, OU=1, O=Turnkey Africa Ltd, L=Nairobi, ST=Nairobi, C=254
[debug] &amp#27;[35m[ADB]&amp#27;[39m Signer #1 certificate SHA-256 digest: bea01f45993c5444da0c012e5d2217651ee76b2920c5b0e47f40ddfcfb87035a
[debug] &amp#27;[35m[ADB]&amp#27;[39m Signer #1 certificate SHA-1 digest: 4294fd12d78ada03cb413c6008895e8972c7740b
[debug] &amp#27;[35m[ADB]&amp#27;[39m Signer #1 certificate MD5 digest: b5678b443b80dfdec285fc9379bf8baf
[debug] &amp#27;[35m[ADB]&amp#27;[39m 
&amp#27;[35m[ADB]&amp#27;[39m 'C:\Users\John Mumo\Desktop\Agencify_App\Agencify_App_Test\src\Agencify-universal-dev.apk' is signed with a non-default certificate
[debug] &amp#27;[35m[ADB]&amp#27;[39m Getting install status for com.turnkeyafrica.agencify
[debug] &amp#27;[35m[ADB]&amp#27;[39m Running 'C:\Users\John Mumo\AppData\Local\Android\Sdk\platform-tools\adb.exe -P 5037 -s 0329625863001980 shell dumpsys package com.turnkeyafrica.agencify'
[debug] &amp#27;[35m[ADB]&amp#27;[39m 'com.turnkeyafrica.agencify' is installed
[debug] &amp#27;[35m[ADB]&amp#27;[39m Getting package info for 'com.turnkeyafrica.agencify'
[debug] &amp#27;[35m[ADB]&amp#27;[39m Running 'C:\Users\John Mumo\AppData\Local\Android\Sdk\platform-tools\adb.exe -P 5037 -s 0329625863001980 shell dumpsys package com.turnkeyafrica.agencify'
[debug] &amp#27;[35m[ADB]&amp#27;[39m The version code of the installed 'com.turnkeyafrica.agencify' is greater than the application version code (96 > 95)
[debug] &amp#27;[35m[ADB]&amp#27;[39m There is no need to downgrade 'com.turnkeyafrica.agencify'
&amp#27;[35m[AndroidDriver]&amp#27;[39m Performing fast reset on 'com.turnkeyafrica.agencify'
[debug] &amp#27;[35m[ADB]&amp#27;[39m Getting install status for com.turnkeyafrica.agencify
[debug] &amp#27;[35m[ADB]&amp#27;[39m Running 'C:\Users\John Mumo\AppData\Local\Android\Sdk\platform-tools\adb.exe -P 5037 -s 0329625863001980 shell dumpsys package com.turnkeyafrica.agencify'
[debug] &amp#27;[35m[ADB]&amp#27;[39m 'com.turnkeyafrica.agencify' is installed
[debug] &amp#27;[35m[ADB]&amp#27;[39m Running 'C:\Users\John Mumo\AppData\Local\Android\Sdk\platform-tools\adb.exe -P 5037 -s 0329625863001980 shell am force-stop com.turnkeyafrica.agencify'
[debug] &amp#27;[35m[ADB]&amp#27;[39m Running 'C:\Users\John Mumo\AppData\Local\Android\Sdk\platform-tools\adb.exe -P 5037 -s 0329625863001980 shell pm clear com.turnkeyafrica.agencify'
[debug] &amp#27;[35m[AndroidDriver]&amp#27;[39m Performed fast reset on the installed 'com.turnkeyafrica.agencify' application (stop and clear)
[debug] &amp#27;[35m[UiAutomator2]&amp#27;[39m Performing shallow cleanup of automation leftovers
[debug] &amp#27;[35m[UiAutomator2]&amp#27;[39m The following obsolete sessions are still running: [null]
[debug] &amp#27;[35m[UiAutomator2]&amp#27;[39m Cleaning up the obsolete sessions
&amp#27;[35m[BaseDriver]&amp#27;[39m Shutting down because we waited 60 seconds for a command
&amp#27;[35m[Appium]&amp#27;[39m Closing session, cause was 'New Command Timeout of 60 seconds expired. Try customizing the timeout using the 'newCommandTimeout' desired capability'
&amp#27;[35m[Appium]&amp#27;[39m Removing session '81f184a4-b4d4-4b42-bc53-209fc1953c65' from our master session list
[debug] &amp#27;[35m[UiAutomator2]&amp#27;[39m Deleting UiAutomator2 session
[debug] &amp#27;[35m[UiAutomator2]&amp#27;[39m Deleting UiAutomator2 server session
&amp#27;[35m[UiAutomator2]&amp#27;[39m Did not get confirmation UiAutomator2 deleteSession worked; Error was: UnknownError: An unknown server-side error occurred while processing the command. Original error: 'DELETE /' cannot be proxied to UiAutomator2 server because the instrumentation process is not running (probably crashed). Check the server log and/or the logcat output for more details
[debug] &amp#27;[35m[ADB]&amp#27;[39m Running 'C:\Users\John Mumo\AppData\Local\Android\Sdk\platform-tools\adb.exe -P 5037 -s 0329625863001980 shell am force-stop com.turnkeyafrica.agencify'
[debug] &amp#27;[35m[Logcat]&amp#27;[39m Stopping logcat capture
[debug] &amp#27;[35m[ADB]&amp#27;[39m Removing forwarded port socket connection: 8202 
[debug] &amp#27;[35m[ADB]&amp#27;[39m Running 'C:\Users\John Mumo\AppData\Local\Android\Sdk\platform-tools\adb.exe -P 5037 -s 0329625863001980 forward --remove tcp:8202'
[debug] &amp#27;[35m[Instrumentation]&amp#27;[39m .
[debug] &amp#27;[35m[Instrumentation]&amp#27;[39m Time: 42.111
[debug] &amp#27;[35m[Instrumentation]&amp#27;[39m 
[debug] &amp#27;[35m[Instrumentation]&amp#27;[39m OK (1 test)
[debug] &amp#27;[35m[ADB]&amp#27;[39m Running 'C:\Users\John Mumo\AppData\Local\Android\Sdk\platform-tools\adb.exe -P 5037 -s 0329625863001980 shell am force-stop io.appium.uiautomator2.server.test'
&amp#27;[35m[UiAutomator2]&amp#27;[39m Starting UIAutomator2 server 4.21.1
&amp#27;[35m[UiAutomator2]&amp#27;[39m Using UIAutomator2 server from 'C:\Users\John Mumo\AppData\Roaming\npm\node_modules\appium\node_modules\appium-uiautomator2-server\apks\appium-uiautomator2-server-v4.21.1.apk' and test from 'C:\Users\John Mumo\AppData\Roaming\npm\node_modules\appium\node_modules\appium-uiautomator2-server\apks\appium-uiautomator2-server-debug-androidTest.apk'
&amp#27;[35m[UiAutomator2]&amp#27;[39m Waiting up to 30000ms for UiAutomator2 to be online...
[debug] &amp#27;[35m[ADB]&amp#27;[39m Creating ADB subprocess with args: ["-P",5037,"-s","0329625863001980","shell","am","instrument","-w","-e","disableAnalytics",true,"io.appium.uiautomator2.server.test/androidx.test.runner.AndroidJUnitRunner"]
[debug] &amp#27;[35m[WD Proxy]&amp#27;[39m Matched '/status' to command name 'getStatus'
[debug] &amp#27;[35m[WD Proxy]&amp#27;[39m Proxying [GET /status] to [GET http://127.0.0.1:8201/wd/hub/status] with no body
&amp#27;[35m[WD Proxy]&amp#27;[39m socket hang up
[debug] &amp#27;[35m[Instrumentation]&amp#27;[39m The process has exited with code 0
[debug] &amp#27;[35m[WD Proxy]&amp#27;[39m Matched '/status' to command name 'getStatus'
[debug] &amp#27;[35m[WD Proxy]&amp#27;[39m Proxying [GET /status] to [GET http://127.0.0.1:8201/wd/hub/status] with no body
&amp#27;[35m[WD Proxy]&amp#27;[39m socket hang up
[debug] &amp#27;[35m[WD Proxy]&amp#27;[39m Matched '/status' to command name 'getStatus'
[debug] &amp#27;[35m[WD Proxy]&amp#27;[39m Proxying [GET /status] to [GET http://127.0.0.1:8201/wd/hub/status] with no body
&amp#27;[35m[WD Proxy]&amp#27;[39m socket hang up
[debug] &amp#27;[35m[Instrumentation]&amp#27;[39m io.appium.uiautomator2.server.test.AppiumUiAutomator2Server:
[debug] &amp#27;[35m[WD Proxy]&amp#27;[39m Matched '/status' to command name 'getStatus'
[debug] &amp#27;[35m[WD Proxy]&amp#27;[39m Proxying [GET /status] to [GET http://127.0.0.1:8201/wd/hub/status] with no body
&amp#27;[35m[WD Proxy]&amp#27;[39m socket hang up
[debug] &amp#27;[35m[WD Proxy]&amp#27;[39m Matched '/status' to command name 'getStatus'
[debug] &amp#27;[35m[WD Proxy]&amp#27;[39m Proxying [GET /status] to [GET http://127.0.0.1:8201/wd/hub/status] with no body
[debug] &amp#27;[35m[WD Proxy]&amp#27;[39m Got response with status 200: {"sessionId":"None","value":{"message":"UiAutomator2 Server is ready to accept commands","ready":true}}
[debug] &amp#27;[35m[UiAutomator2]&amp#27;[39m The initialization of the instrumentation process took 4389ms
[debug] &amp#27;[35m[WD Proxy]&amp#27;[39m Matched '/session' to command name 'createSession'
[debug] &amp#27;[35m[WD Proxy]&amp#27;[39m Proxying [POST /session] to [POST http://127.0.0.1:8201/wd/hub/session] with body: {"capabilities":{"firstMatch":[{"platform":"LINUX","webStorageEnabled":false,"takesScreenshot":true,"javascriptEnabled":true,"databaseEnabled":false,"networkConnectionEnabled":true,"locationContextEnabled":false,"warnings":{},"desired":{"platformName":"android","app":"C:\\Users\\John Mumo\\Desktop\\Agencify_App\\Agencify_App_Test\\src\\Agencify-universal-dev.apk","automationName":"uiautomator2","deviceName":"Android Device"},"platformName":"android","app":"C:\\Users\\John Mumo\\Desktop\\Agencify_App\\Agencify_App_Test\\src\\Agencify-universal-dev.apk","automationName":"uiautomator2","deviceName":"0329625863001980","deviceUDID":"0329625863001980","appPackage":"com.turnkeyafrica.agencify"}],"alwaysMatch":{}}}
[debug] &amp#27;[35m[WD Proxy]&amp#27;[39m Got response with status 200: {"sessionId":"c7a18110-6c2e-447a-8c0f-da86dfcdc22c","value":{"capabilities":{"firstMatch":[{"platform":"LINUX","webStorageEnabled":false,"takesScreenshot":true,"javascriptEnabled":true,"databaseEnabled":false,"networkConnectionEnabled":true,"locationContextEnabled":false,"warnings":{},"desired":{"platformName":"android","app":"C:\\Users\\John Mumo\\Desktop\\Agencify_App\\Agencify_App_Test\\src\\Agencify-universal-dev.apk","automationName":"uiautomator2","deviceName":"Android Device"},"platformName":"android","app":"C:\\Users\\John Mumo\\Desktop\\Agencify_App\\Agencify_App_Test\\src\\Agencify-universal-dev.apk","automationName":"uiautomator2","deviceName":"0329625863001980","deviceUDID":"0329625863001980","appPackage":"com.turnkeyafrica.agencify"}],"alwaysMatch":{}},"sessionId":"c7a18110-6c2e-447a-8c0f-da86dfcdc22c"}}
&amp#27;[35m[WD Proxy]&amp#27;[39m Determined the downstream protocol as 'W3C'
[debug] &amp#27;[35m[WD Proxy]&amp#27;[39m Proxying [GET /appium/device/info] to [GET http://127.0.0.1:8201/wd/hub/session/c7a18110-6c2e-447a-8c0f-da86dfcdc22c/appium/device/info] with no body
[debug] &amp#27;[35m[WD Proxy]&amp#27;[39m Got response with status 200: {"sessionId":"c7a18110-6c2e-447a-8c0f-da86dfcdc22c","value":{"androidId":"2d21e1b2791b275f","apiVersion":"27","bluetooth":{"state":"OFF"},"brand":"TECNO","carrierName":"Safaricom","displayDensity":320,"locale":"en_US","manufacturer":"TECNO MOBILE LIMITED","model":"TECNO CA7","networks":[{"capabilities":{"SSID":null,"linkDownBandwidthKbps":1048576,"linkUpstreamBandwidthKbps":1048576,"networkCapabilities":"NET_CAPABILITY_NOT_METERED,NET_CAPABILITY_INTERNET,NET_CAPABILITY_NOT_RESTRICTED,NET_CAPABILITY_TRUSTED,NET_CAPABILITY_NOT_VPN,NET_CAPABILITY_VALIDATED,NET_CAPABILITY_NOT_ROAMING","signalStrength":-50,"transportTypes":"TRANSPORT_WIFI"},"detailedState":"CONNECTED","extraInfo":"\"Mumo\"","isAvailable":true,"isConnected":true,"isFailover":false,"isRoaming":false,"state":"CONNECTED","subtype":0,"subtypeName":"","type":1,"typeName":"WIFI"}],"platformVersion":"8.1.0","realDisplaySize":"720x1440","timeZone":"Africa/Nairobi"}}
[debug] &amp#27;[35m[ADB]&amp#27;[39m Running 'C:\Users\John Mumo\AppData\Local\Android\Sdk\platform-tools\adb.exe -P 5037 -s 0329625863001980 shell dumpsys window'
&amp#27;[35m[AndroidDriver]&amp#27;[39m Screen already unlocked, doing nothing
&amp#27;[35m[UiAutomator2]&amp#27;[39m Starting 'com.turnkeyafrica.agencify/com.turnkeyafrica.agencify.ui.splash.Splash and waiting for 'com.turnkeyafrica.agencify/com.turnkeyafrica.agencify.ui.splash.Splash'
[debug] &amp#27;[35m[ADB]&amp#27;[39m Running 'C:\Users\John Mumo\AppData\Local\Android\Sdk\platform-tools\adb.exe -P 5037 -s 0329625863001980 shell am start -W -n com.turnkeyafrica.agencify/com.turnkeyafrica.agencify.ui.splash.Splash -S -a android.intent.action.MAIN -c android.intent.category.LAUNCHER -f 0x10200000'
[debug] &amp#27;[35m[ADB]&amp#27;[39m Waiting up to 20000ms for activity matching pkg: 'com.turnkeyafrica.agencify' and activity: 'com.turnkeyafrica.agencify.ui.splash.Splash' to be focused
[debug] &amp#27;[35m[ADB]&amp#27;[39m Possible activities, to be checked: 'com.turnkeyafrica.agencify.ui.splash.Splash', 'com.turnkeyafrica.agencify.com.turnkeyafrica.agencify.ui.splash.Splash'
[debug] &amp#27;[35m[ADB]&amp#27;[39m Getting focused package and activity
[debug] &amp#27;[35m[ADB]&amp#27;[39m Running 'C:\Users\John Mumo\AppData\Local\Android\Sdk\platform-tools\adb.exe -P 5037 -s 0329625863001980 shell dumpsys window windows'
[debug] &amp#27;[35m[ADB]&amp#27;[39m Found package: 'com.turnkeyafrica.agencify' and fully qualified activity name : 'com.turnkeyafrica.agencify.ui.splash.Splash'
[debug] &amp#27;[35m[WD Proxy]&amp#27;[39m Proxying [GET /appium/device/pixel_ratio] to [GET http://127.0.0.1:8201/wd/hub/session/c7a18110-6c2e-447a-8c0f-da86dfcdc22c/appium/device/pixel_ratio] with no body
[debug] &amp#27;[35m[WD Proxy]&amp#27;[39m Got response with status 200: {"sessionId":"c7a18110-6c2e-447a-8c0f-da86dfcdc22c","value":2}
[debug] &amp#27;[35m[WD Proxy]&amp#27;[39m Matched '/appium/device/system_bars' to command name 'getSystemBars'
[debug] &amp#27;[35m[WD Proxy]&amp#27;[39m Proxying [GET /appium/device/system_bars] to [GET http://127.0.0.1:8201/wd/hub/session/c7a18110-6c2e-447a-8c0f-da86dfcdc22c/appium/device/system_bars] with no body
[debug] &amp#27;[35m[WD Proxy]&amp#27;[39m Got response with status 200: {"sessionId":"c7a18110-6c2e-447a-8c0f-da86dfcdc22c","value":{"statusBar":48}}
[debug] &amp#27;[35m[WD Proxy]&amp#27;[39m Matched '/window/current/size' to command name 'getWindowSize'
[debug] &amp#27;[35m[WD Proxy]&amp#27;[39m Proxying [GET /window/current/size] to [GET http://127.0.0.1:8201/wd/hub/session/c7a18110-6c2e-447a-8c0f-da86dfcdc22c/window/current/size] with no body
[debug] &amp#27;[35m[WD Proxy]&amp#27;[39m Got response with status 200: {"sessionId":"c7a18110-6c2e-447a-8c0f-da86dfcdc22c","value":{"height":1344,"width":720}}
&amp#27;[35m[Appium]&amp#27;[39m New AndroidUiautomator2Driver session created successfully, session d1f02816-1d87-4777-afc8-4f179730fc9c added to master session list
[debug] &amp#27;[35m[BaseDriver]&amp#27;[39m Event 'newSessionStarted' logged at 1631534112720 (14:55:12 GMT+0300 (East Africa Time))
[debug] &amp#27;[35m[W3C (d1f02816)]&amp#27;[39m Cached the protocol value 'W3C' for the new session d1f02816-1d87-4777-afc8-4f179730fc9c
[debug] &amp#27;[35m[W3C (d1f02816)]&amp#27;[39m Responding to client with driver.createSession() result: {"capabilities":{"platform":"LINUX","webStorageEnabled":false,"takesScreenshot":true,"javascriptEnabled":true,"databaseEnabled":false,"networkConnectionEnabled":true,"locationContextEnabled":false,"warnings":{},"desired":{"platformName":"android","app":"C:\\Users\\John Mumo\\Desktop\\Agencify_App\\Agencify_App_Test\\src\\Agencify-universal-dev.apk","automationName":"uiautomator2","deviceName":"Android Device"},"platformName":"android","app":"C:\\Users\\John Mumo\\Desktop\\Agencify_App\\Agencify_App_Test\\src\\Agencify-universal-dev.apk","automationName":"uiautomator2","deviceName":"0329625863001980","deviceUDID":"0329625863001980","appPackage":"com.turnkeyafrica.agencify","deviceApiLevel":27,"platformVersion":"8.1.0","deviceScreenSize":"720x1440","deviceScreenDensity":320,"deviceModel":"TECNO CA7","deviceManufacturer":"TECNO MOBILE LIMITED","pixelRatio":2,"statBarHeight":48,"viewportRect":{"left":0,"top":48,"width":720,"height":1296}}}
&amp#27;[35m[HTTP]&amp#27;[39m &amp#27;[37m<-- POST /wd/hub/session &amp#27;[39m&amp#27;[32m200&amp#27;[39m &amp#27;[90m17751 ms - 1010&amp#27;[39m
&amp#27;[35m[HTTP]&amp#27;[39m &amp#27;[90m&amp#27;[39m
&amp#27;[35m[HTTP]&amp#27;[39m &amp#27;[37m-->&amp#27;[39m &amp#27;[37mPOST&amp#27;[39m &amp#27;[37m/wd/hub/session/d1f02816-1d87-4777-afc8-4f179730fc9c/timeouts&amp#27;[39m
&amp#27;[35m[HTTP]&amp#27;[39m &amp#27;[90m{"implicit":20000}&amp#27;[39m
[debug] &amp#27;[35m[W3C (d1f02816)]&amp#27;[39m Calling AppiumDriver.timeouts() with args: [null,null,null,null,20000,"d1f02816-1d87-4777-afc8-4f179730fc9c"]
[debug] &amp#27;[35m[BaseDriver]&amp#27;[39m W3C timeout argument: {"implicit":20000}}
[debug] &amp#27;[35m[BaseDriver]&amp#27;[39m Set implicit wait to 20000ms
[debug] &amp#27;[35m[W3C (d1f02816)]&amp#27;[39m Responding to client with driver.timeouts() result: null
&amp#27;[35m[HTTP]&amp#27;[39m &amp#27;[37m<-- POST /wd/hub/session/d1f02816-1d87-4777-afc8-4f179730fc9c/timeouts &amp#27;[39m&amp#27;[32m200&amp#27;[39m &amp#27;[90m3 ms - 14&amp#27;[39m
&amp#27;[35m[HTTP]&amp#27;[39m &amp#27;[90m&amp#27;[39m
&amp#27;[35m[HTTP]&amp#27;[39m &amp#27;[37m-->&amp#27;[39m &amp#27;[37mGET&amp#27;[39m &amp#27;[37m/wd/hub/session/d1f02816-1d87-4777-afc8-4f179730fc9c/context&amp#27;[39m
&amp#27;[35m[HTTP]&amp#27;[39m &amp#27;[90m{}&amp#27;[39m
[debug] &amp#27;[35m[W3C (d1f02816)]&amp#27;[39m Calling AppiumDriver.getCurrentContext() with args: ["d1f02816-1d87-4777-afc8-4f179730fc9c"]
[debug] &amp#27;[35m[W3C (d1f02816)]&amp#27;[39m Responding to client with driver.getCurrentContext() result: "NATIVE_APP"
&amp#27;[35m[HTTP]&amp#27;[39m &amp#27;[37m<-- GET /wd/hub/session/d1f02816-1d87-4777-afc8-4f179730fc9c/context &amp#27;[39m&amp#27;[32m200&amp#27;[39m &amp#27;[90m3 ms - 22&amp#27;[39m
&amp#27;[35m[HTTP]&amp#27;[39m &amp#27;[90m&amp#27;[39m
&amp#27;[35m[HTTP]&amp#27;[39m &amp#27;[37m-->&amp#27;[39m &amp#27;[37mPOST&amp#27;[39m &amp#27;[37m/wd/hub/session/d1f02816-1d87-4777-afc8-4f179730fc9c/element&amp#27;[39m
&amp#27;[35m[HTTP]&amp#27;[39m &amp#27;[90m{"using":"xpath","value":"//*[@text = 'Join now']"}&amp#27;[39m
[debug] &amp#27;[35m[W3C (d1f02816)]&amp#27;[39m Calling AppiumDriver.findElement() with args: ["xpath","//*[@text = 'Join now']","d1f02816-1d87-4777-afc8-4f179730fc9c"]
[debug] &amp#27;[35m[BaseDriver]&amp#27;[39m Valid locator strategies for this request: xpath, id, class name, accessibility id, css selector, -android uiautomator
[debug] &amp#27;[35m[BaseDriver]&amp#27;[39m Waiting up to 20000 ms for condition
[debug] &amp#27;[35m[WD Proxy]&amp#27;[39m Matched '/element' to command name 'findElement'
[debug] &amp#27;[35m[WD Proxy]&amp#27;[39m Proxying [POST /element] to [POST http://127.0.0.1:8201/wd/hub/session/c7a18110-6c2e-447a-8c0f-da86dfcdc22c/element] with body: {"strategy":"xpath","selector":"//*[@text = 'Join now']","context":"","multiple":false}
&amp#27;[35m[WD Proxy]&amp#27;[39m Got response with status 404: {"sessionId":"c7a18110-6c2e-447a-8c0f-da86dfcdc22c","value":{"error":"no such element","message":"An element could not be located on the page using the given search parameters","stacktrace":"io.appium.uiautomator2.common.exceptions.ElementNotFoundException: An element could not be located on the page using the given search parameters\n\tat io.appium.uiautomator2.handler.FindElement.findElement(FindElement.java:89)\n\tat io.appium.uiautomator2.handler.FindElement.safeHandle(FindElement.java:66)\n\tat io.appium.uiautomator2.handler.request.SafeRequestHandler.handle(SafeRequestHandler.java:41)\n\tat io.appium.uiautomator2.server.AppiumServlet.handleRequest(AppiumServlet.java:262)\n\tat io.appium.uiautomator2.server.AppiumServlet.handleHttpRequest(AppiumServlet.java:256)\n\tat io.appium.uiautomator2.http.ServerHandler.channelRead(ServerHandler.java:68)\n\tat io.netty.channel.AbstractChannelHandlerContext.invokeChannelRead(AbstractChannelHandlerContext.java:366)\n\tat io.netty.channel.AbstractChannelHandlerCont...
[debug] &amp#27;[35m[W3C]&amp#27;[39m Matched W3C error code 'no such element' to NoSuchElementError
[debug] &amp#27;[35m[BaseDriver]&amp#27;[39m Waited for 1477 ms so far
[debug] &amp#27;[35m[WD Proxy]&amp#27;[39m Matched '/element' to command name 'findElement'
[debug] &amp#27;[35m[WD Proxy]&amp#27;[39m Proxying [POST /element] to [POST http://127.0.0.1:8201/wd/hub/session/c7a18110-6c2e-447a-8c0f-da86dfcdc22c/element] with body: {"strategy":"xpath","selector":"//*[@text = 'Join now']","context":"","multiple":false}
&amp#27;[35m[WD Proxy]&amp#27;[39m Got response with status 404: {"sessionId":"c7a18110-6c2e-447a-8c0f-da86dfcdc22c","value":{"error":"no such element","message":"An element could not be located on the page using the given search parameters","stacktrace":"io.appium.uiautomator2.common.exceptions.ElementNotFoundException: An element could not be located on the page using the given search parameters\n\tat io.appium.uiautomator2.handler.FindElement.findElement(FindElement.java:89)\n\tat io.appium.uiautomator2.handler.FindElement.safeHandle(FindElement.java:66)\n\tat io.appium.uiautomator2.handler.request.SafeRequestHandler.handle(SafeRequestHandler.java:41)\n\tat io.appium.uiautomator2.server.AppiumServlet.handleRequest(AppiumServlet.java:262)\n\tat io.appium.uiautomator2.server.AppiumServlet.handleHttpRequest(AppiumServlet.java:256)\n\tat io.appium.uiautomator2.http.ServerHandler.channelRead(ServerHandler.java:68)\n\tat io.netty.channel.AbstractChannelHandlerContext.invokeChannelRead(AbstractChannelHandlerContext.java:366)\n\tat io.netty.channel.AbstractChannelHandlerCont...
[debug] &amp#27;[35m[W3C]&amp#27;[39m Matched W3C error code 'no such element' to NoSuchElementError
[debug] &amp#27;[35m[BaseDriver]&amp#27;[39m Waited for 2927 ms so far
[debug] &amp#27;[35m[WD Proxy]&amp#27;[39m Matched '/element' to command name 'findElement'
[debug] &amp#27;[35m[WD Proxy]&amp#27;[39m Proxying [POST /element] to [POST http://127.0.0.1:8201/wd/hub/session/c7a18110-6c2e-447a-8c0f-da86dfcdc22c/element] with body: {"strategy":"xpath","selector":"//*[@text = 'Join now']","context":"","multiple":false}
[debug] &amp#27;[35m[WD Proxy]&amp#27;[39m Got response with status 200: {"sessionId":"c7a18110-6c2e-447a-8c0f-da86dfcdc22c","value":{"ELEMENT":"e27f5035-4618-42d7-aebb-2f962a743144","element-6066-11e4-a52e-4f735466cecf":"e27f5035-4618-42d7-aebb-2f962a743144"}}
[debug] &amp#27;[35m[W3C (d1f02816)]&amp#27;[39m Responding to client with driver.findElement() result: {"element-6066-11e4-a52e-4f735466cecf":"e27f5035-4618-42d7-aebb-2f962a743144","ELEMENT":"e27f5035-4618-42d7-aebb-2f962a743144"}
&amp#27;[35m[HTTP]&amp#27;[39m &amp#27;[37m<-- POST /wd/hub/session/d1f02816-1d87-4777-afc8-4f179730fc9c/element &amp#27;[39m&amp#27;[32m200&amp#27;[39m &amp#27;[90m4533 ms - 137&amp#27;[39m
&amp#27;[35m[HTTP]&amp#27;[39m &amp#27;[90m&amp#27;[39m
&amp#27;[35m[HTTP]&amp#27;[39m &amp#27;[37m-->&amp#27;[39m &amp#27;[37mPOST&amp#27;[39m &amp#27;[37m/wd/hub/session/d1f02816-1d87-4777-afc8-4f179730fc9c/element/e27f5035-4618-42d7-aebb-2f962a743144/click&amp#27;[39m
&amp#27;[35m[HTTP]&amp#27;[39m &amp#27;[90m{"id":"e27f5035-4618-42d7-aebb-2f962a743144"}&amp#27;[39m
[debug] &amp#27;[35m[W3C (d1f02816)]&amp#27;[39m Calling AppiumDriver.click() with args: ["e27f5035-4618-42d7-aebb-2f962a743144","d1f02816-1d87-4777-afc8-4f179730fc9c"]
[debug] &amp#27;[35m[WD Proxy]&amp#27;[39m Matched '/element/e27f5035-4618-42d7-aebb-2f962a743144/click' to command name 'click'
[debug] &amp#27;[35m[WD Proxy]&amp#27;[39m Proxying [POST /element/e27f5035-4618-42d7-aebb-2f962a743144/click] to [POST http://127.0.0.1:8201/wd/hub/session/c7a18110-6c2e-447a-8c0f-da86dfcdc22c/element/e27f5035-4618-42d7-aebb-2f962a743144/click] with body: {"element":"e27f5035-4618-42d7-aebb-2f962a743144"}
[debug] &amp#27;[35m[WD Proxy]&amp#27;[39m Got response with status 200: {"sessionId":"c7a18110-6c2e-447a-8c0f-da86dfcdc22c","value":null}
[debug] &amp#27;[35m[W3C (d1f02816)]&amp#27;[39m Responding to client with driver.click() result: null
&amp#27;[35m[HTTP]&amp#27;[39m &amp#27;[37m<-- POST /wd/hub/session/d1f02816-1d87-4777-afc8-4f179730fc9c/element/e27f5035-4618-42d7-aebb-2f962a743144/click &amp#27;[39m&amp#27;[32m200&amp#27;[39m &amp#27;[90m530 ms - 14&amp#27;[39m
&amp#27;[35m[HTTP]&amp#27;[39m &amp#27;[90m&amp#27;[39m
&amp#27;[35m[HTTP]&amp#27;[39m &amp#27;[37m-->&amp#27;[39m &amp#27;[37mGET&amp#27;[39m &amp#27;[37m/wd/hub/session/d1f02816-1d87-4777-afc8-4f179730fc9c/context&amp#27;[39m
&amp#27;[35m[HTTP]&amp#27;[39m &amp#27;[90m{}&amp#27;[39m
[debug] &amp#27;[35m[W3C (d1f02816)]&amp#27;[39m Calling AppiumDriver.getCurrentContext() with args: ["d1f02816-1d87-4777-afc8-4f179730fc9c"]
[debug] &amp#27;[35m[W3C (d1f02816)]&amp#27;[39m Responding to client with driver.getCurrentContext() result: "NATIVE_APP"
&amp#27;[35m[HTTP]&amp#27;[39m &amp#27;[37m<-- GET /wd/hub/session/d1f02816-1d87-4777-afc8-4f179730fc9c/context &amp#27;[39m&amp#27;[32m200&amp#27;[39m &amp#27;[90m5 ms - 22&amp#27;[39m
&amp#27;[35m[HTTP]&amp#27;[39m &amp#27;[90m&amp#27;[39m
&amp#27;[35m[HTTP]&amp#27;[39m &amp#27;[37m-->&amp#27;[39m &amp#27;[37mPOST&amp#27;[39m &amp#27;[37m/wd/hub/session/d1f02816-1d87-4777-afc8-4f179730fc9c/element&amp#27;[39m
&amp#27;[35m[HTTP]&amp#27;[39m &amp#27;[90m{"using":"id","value":"com.turnkeyafrica.agencify:id/customerEmailAddress"}&amp#27;[39m
[debug] &amp#27;[35m[W3C (d1f02816)]&amp#27;[39m Calling AppiumDriver.findElement() with args: ["id","com.turnkeyafrica.agencify:id/customerEmailAddress","d1f02816-1d87-4777-afc8-4f179730fc9c"]
[debug] &amp#27;[35m[BaseDriver]&amp#27;[39m Valid locator strategies for this request: xpath, id, class name, accessibility id, css selector, -android uiautomator
[debug] &amp#27;[35m[BaseDriver]&amp#27;[39m Waiting up to 20000 ms for condition
[debug] &amp#27;[35m[WD Proxy]&amp#27;[39m Matched '/element' to command name 'findElement'
[debug] &amp#27;[35m[WD Proxy]&amp#27;[39m Proxying [POST /element] to [POST http://127.0.0.1:8201/wd/hub/session/c7a18110-6c2e-447a-8c0f-da86dfcdc22c/element] with body: {"strategy":"id","selector":"com.turnkeyafrica.agencify:id/customerEmailAddress","context":"","multiple":false}
[debug] &amp#27;[35m[WD Proxy]&amp#27;[39m Got response with status 200: {"sessionId":"c7a18110-6c2e-447a-8c0f-da86dfcdc22c","value":{"ELEMENT":"a99da6f2-aab2-454e-9ea3-d980ae4a3a85","element-6066-11e4-a52e-4f735466cecf":"a99da6f2-aab2-454e-9ea3-d980ae4a3a85"}}
[debug] &amp#27;[35m[W3C (d1f02816)]&amp#27;[39m Responding to client with driver.findElement() result: {"element-6066-11e4-a52e-4f735466cecf":"a99da6f2-aab2-454e-9ea3-d980ae4a3a85","ELEMENT":"a99da6f2-aab2-454e-9ea3-d980ae4a3a85"}
&amp#27;[35m[HTTP]&amp#27;[39m &amp#27;[37m<-- POST /wd/hub/session/d1f02816-1d87-4777-afc8-4f179730fc9c/element &amp#27;[39m&amp#27;[32m200&amp#27;[39m &amp#27;[90m1018 ms - 137&amp#27;[39m
&amp#27;[35m[HTTP]&amp#27;[39m &amp#27;[90m&amp#27;[39m
&amp#27;[35m[HTTP]&amp#27;[39m &amp#27;[37m-->&amp#27;[39m &amp#27;[37mPOST&amp#27;[39m &amp#27;[37m/wd/hub/session/d1f02816-1d87-4777-afc8-4f179730fc9c/element/a99da6f2-aab2-454e-9ea3-d980ae4a3a85/value&amp#27;[39m
&amp#27;[35m[HTTP]&amp#27;[39m &amp#27;[90m{"id":"a99da6f2-aab2-454e-9ea3-d980ae4a3a85","text":"john.mumo@turnkeyafrica.com","value":["j","o","h","n",".","m","u","m","o","@","t","u","r","n","k","e","y","a","f","r","i","c","a",".","c","o","m"]}&amp#27;[39m
[debug] &amp#27;[35m[W3C (d1f02816)]&amp#27;[39m Calling AppiumDriver.setValue() with args: [["j","o","h","n",".","m","u","m","o","@","t","u","r","n","k","e","y","a","f","r","i","c","a",".","c","o","m"],"a99da6f2-aab2-454e-9ea3-d980ae4a3a85","d1f02816-1d87-4777-afc8-4f179730fc9c"]
[debug] &amp#27;[35m[WD Proxy]&amp#27;[39m Matched '/element/a99da6f2-aab2-454e-9ea3-d980ae4a3a85/value' to command name 'setValue'
[debug] &amp#27;[35m[Protocol Converter]&amp#27;[39m Added 'value' property ["j","o","h","n",".","m","u","m","o","@","t","u","r","n","k","e","y","a","f","r","i","c","a",".","c","o","m"] to 'setValue' request body
[debug] &amp#27;[35m[WD Proxy]&amp#27;[39m Proxying [POST /element/a99da6f2-aab2-454e-9ea3-d980ae4a3a85/value] to [POST http://127.0.0.1:8201/wd/hub/session/c7a18110-6c2e-447a-8c0f-da86dfcdc22c/element/a99da6f2-aab2-454e-9ea3-d980ae4a3a85/value] with body: {"elementId":"a99da6f2-aab2-454e-9ea3-d980ae4a3a85","text":"john.mumo@turnkeyafrica.com","replace":false,"value":["j","o","h","n",".","m","u","m","o","@","t","u","r","n","k","e","y","a","f","r","i","c","a",".","c","o","m"]}
[debug] &amp#27;[35m[WD Proxy]&amp#27;[39m Got response with status 200: {"sessionId":"c7a18110-6c2e-447a-8c0f-da86dfcdc22c","value":null}
[debug] &amp#27;[35m[W3C (d1f02816)]&amp#27;[39m Responding to client with driver.setValue() result: null
&amp#27;[35m[HTTP]&amp#27;[39m &amp#27;[37m<-- POST /wd/hub/session/d1f02816-1d87-4777-afc8-4f179730fc9c/element/a99da6f2-aab2-454e-9ea3-d980ae4a3a85/value &amp#27;[39m&amp#27;[32m200&amp#27;[39m &amp#27;[90m1867 ms - 14&amp#27;[39m
&amp#27;[35m[HTTP]&amp#27;[39m &amp#27;[90m&amp#27;[39m
&amp#27;[35m[HTTP]&amp#27;[39m &amp#27;[37m-->&amp#27;[39m &amp#27;[37mGET&amp#27;[39m &amp#27;[37m/wd/hub/session/d1f02816-1d87-4777-afc8-4f179730fc9c/context&amp#27;[39m
&amp#27;[35m[HTTP]&amp#27;[39m &amp#27;[90m{}&amp#27;[39m
[debug] &amp#27;[35m[W3C (d1f02816)]&amp#27;[39m Calling AppiumDriver.getCurrentContext() with args: ["d1f02816-1d87-4777-afc8-4f179730fc9c"]
[debug] &amp#27;[35m[W3C (d1f02816)]&amp#27;[39m Responding to client with driver.getCurrentContext() result: "NATIVE_APP"
&amp#27;[35m[HTTP]&amp#27;[39m &amp#27;[37m<-- GET /wd/hub/session/d1f02816-1d87-4777-afc8-4f179730fc9c/context &amp#27;[39m&amp#27;[32m200&amp#27;[39m &amp#27;[90m4 ms - 22&amp#27;[39m
&amp#27;[35m[HTTP]&amp#27;[39m &amp#27;[90m&amp#27;[39m
&amp#27;[35m[HTTP]&amp#27;[39m &amp#27;[37m-->&amp#27;[39m &amp#27;[37mPOST&amp#27;[39m &amp#27;[37m/wd/hub/session/d1f02816-1d87-4777-afc8-4f179730fc9c/element&amp#27;[39m
&amp#27;[35m[HTTP]&amp#27;[39m &amp#27;[90m{"using":"id","value":"com.turnkeyafrica.agencify:id/customerMobileNo"}&amp#27;[39m
[debug] &amp#27;[35m[W3C (d1f02816)]&amp#27;[39m Calling AppiumDriver.findElement() with args: ["id","com.turnkeyafrica.agencify:id/customerMobileNo","d1f02816-1d87-4777-afc8-4f179730fc9c"]
[debug] &amp#27;[35m[BaseDriver]&amp#27;[39m Valid locator strategies for this request: xpath, id, class name, accessibility id, css selector, -android uiautomator
[debug] &amp#27;[35m[BaseDriver]&amp#27;[39m Waiting up to 20000 ms for condition
[debug] &amp#27;[35m[WD Proxy]&amp#27;[39m Matched '/element' to command name 'findElement'
[debug] &amp#27;[35m[WD Proxy]&amp#27;[39m Proxying [POST /element] to [POST http://127.0.0.1:8201/wd/hub/session/c7a18110-6c2e-447a-8c0f-da86dfcdc22c/element] with body: {"strategy":"id","selector":"com.turnkeyafrica.agencify:id/customerMobileNo","context":"","multiple":false}
[debug] &amp#27;[35m[WD Proxy]&amp#27;[39m Got response with status 200: {"sessionId":"c7a18110-6c2e-447a-8c0f-da86dfcdc22c","value":{"ELEMENT":"8c803488-22e2-4b28-a210-6f227e911f07","element-6066-11e4-a52e-4f735466cecf":"8c803488-22e2-4b28-a210-6f227e911f07"}}
[debug] &amp#27;[35m[W3C (d1f02816)]&amp#27;[39m Responding to client with driver.findElement() result: {"element-6066-11e4-a52e-4f735466cecf":"8c803488-22e2-4b28-a210-6f227e911f07","ELEMENT":"8c803488-22e2-4b28-a210-6f227e911f07"}
&amp#27;[35m[HTTP]&amp#27;[39m &amp#27;[37m<-- POST /wd/hub/session/d1f02816-1d87-4777-afc8-4f179730fc9c/element &amp#27;[39m&amp#27;[32m200&amp#27;[39m &amp#27;[90m1016 ms - 137&amp#27;[39m
&amp#27;[35m[HTTP]&amp#27;[39m &amp#27;[90m&amp#27;[39m
&amp#27;[35m[HTTP]&amp#27;[39m &amp#27;[37m-->&amp#27;[39m &amp#27;[37mPOST&amp#27;[39m &amp#27;[37m/wd/hub/session/d1f02816-1d87-4777-afc8-4f179730fc9c/element/8c803488-22e2-4b28-a210-6f227e911f07/value&amp#27;[39m
&amp#27;[35m[HTTP]&amp#27;[39m &amp#27;[90m{"id":"8c803488-22e2-4b28-a210-6f227e911f07","text":"0710595143","value":["0","7","1","0","5","9","5","1","4","3"]}&amp#27;[39m
[debug] &amp#27;[35m[W3C (d1f02816)]&amp#27;[39m Calling AppiumDriver.setValue() with args: [["0","7","1","0","5","9","5","1","4","3"],"8c803488-22e2-4b28-a210-6f227e911f07","d1f02816-1d87-4777-afc8-4f179730fc9c"]
[debug] &amp#27;[35m[WD Proxy]&amp#27;[39m Matched '/element/8c803488-22e2-4b28-a210-6f227e911f07/value' to command name 'setValue'
[debug] &amp#27;[35m[Protocol Converter]&amp#27;[39m Added 'value' property ["0","7","1","0","5","9","5","1","4","3"] to 'setValue' request body
[debug] &amp#27;[35m[WD Proxy]&amp#27;[39m Proxying [POST /element/8c803488-22e2-4b28-a210-6f227e911f07/value] to [POST http://127.0.0.1:8201/wd/hub/session/c7a18110-6c2e-447a-8c0f-da86dfcdc22c/element/8c803488-22e2-4b28-a210-6f227e911f07/value] with body: {"elementId":"8c803488-22e2-4b28-a210-6f227e911f07","text":"0710595143","replace":false,"value":["0","7","1","0","5","9","5","1","4","3"]}
[debug] &amp#27;[35m[WD Proxy]&amp#27;[39m Got response with status 200: {"sessionId":"c7a18110-6c2e-447a-8c0f-da86dfcdc22c","value":null}
[debug] &amp#27;[35m[W3C (d1f02816)]&amp#27;[39m Responding to client with driver.setValue() result: null
&amp#27;[35m[HTTP]&amp#27;[39m &amp#27;[37m<-- POST /wd/hub/session/d1f02816-1d87-4777-afc8-4f179730fc9c/element/8c803488-22e2-4b28-a210-6f227e911f07/value &amp#27;[39m&amp#27;[32m200&amp#27;[39m &amp#27;[90m1170 ms - 14&amp#27;[39m
&amp#27;[35m[HTTP]&amp#27;[39m &amp#27;[90m&amp#27;[39m
&amp#27;[35m[HTTP]&amp#27;[39m &amp#27;[37m-->&amp#27;[39m &amp#27;[37mGET&amp#27;[39m &amp#27;[37m/wd/hub/session/d1f02816-1d87-4777-afc8-4f179730fc9c/context&amp#27;[39m
&amp#27;[35m[HTTP]&amp#27;[39m &amp#27;[90m{}&amp#27;[39m
[debug] &amp#27;[35m[W3C (d1f02816)]&amp#27;[39m Calling AppiumDriver.getCurrentContext() with args: ["d1f02816-1d87-4777-afc8-4f179730fc9c"]
[debug] &amp#27;[35m[W3C (d1f02816)]&amp#27;[39m Responding to client with driver.getCurrentContext() result: "NATIVE_APP"
&amp#27;[35m[HTTP]&amp#27;[39m &amp#27;[37m<-- GET /wd/hub/session/d1f02816-1d87-4777-afc8-4f179730fc9c/context &amp#27;[39m&amp#27;[32m200&amp#27;[39m &amp#27;[90m5 ms - 22&amp#27;[39m
&amp#27;[35m[HTTP]&amp#27;[39m &amp#27;[90m&amp#27;[39m
&amp#27;[35m[HTTP]&amp#27;[39m &amp#27;[37m-->&amp#27;[39m &amp#27;[37mPOST&amp#27;[39m &amp#27;[37m/wd/hub/session/d1f02816-1d87-4777-afc8-4f179730fc9c/element&amp#27;[39m
&amp#27;[35m[HTTP]&amp#27;[39m &amp#27;[90m{"using":"id","value":"com.turnkeyafrica.agencify:id/password"}&amp#27;[39m
[debug] &amp#27;[35m[W3C (d1f02816)]&amp#27;[39m Calling AppiumDriver.findElement() with args: ["id","com.turnkeyafrica.agencify:id/password","d1f02816-1d87-4777-afc8-4f179730fc9c"]
[debug] &amp#27;[35m[BaseDriver]&amp#27;[39m Valid locator strategies for this request: xpath, id, class name, accessibility id, css selector, -android uiautomator
[debug] &amp#27;[35m[BaseDriver]&amp#27;[39m Waiting up to 20000 ms for condition
[debug] &amp#27;[35m[WD Proxy]&amp#27;[39m Matched '/element' to command name 'findElement'
[debug] &amp#27;[35m[WD Proxy]&amp#27;[39m Proxying [POST /element] to [POST http://127.0.0.1:8201/wd/hub/session/c7a18110-6c2e-447a-8c0f-da86dfcdc22c/element] with body: {"strategy":"id","selector":"com.turnkeyafrica.agencify:id/password","context":"","multiple":false}
[debug] &amp#27;[35m[WD Proxy]&amp#27;[39m Got response with status 200: {"sessionId":"c7a18110-6c2e-447a-8c0f-da86dfcdc22c","value":{"ELEMENT":"018a6c7e-5ce3-4393-a3bb-c3125698395c","element-6066-11e4-a52e-4f735466cecf":"018a6c7e-5ce3-4393-a3bb-c3125698395c"}}
[debug] &amp#27;[35m[W3C (d1f02816)]&amp#27;[39m Responding to client with driver.findElement() result: {"element-6066-11e4-a52e-4f735466cecf":"018a6c7e-5ce3-4393-a3bb-c3125698395c","ELEMENT":"018a6c7e-5ce3-4393-a3bb-c3125698395c"}
&amp#27;[35m[HTTP]&amp#27;[39m &amp#27;[37m<-- POST /wd/hub/session/d1f02816-1d87-4777-afc8-4f179730fc9c/element &amp#27;[39m&amp#27;[32m200&amp#27;[39m &amp#27;[90m866 ms - 137&amp#27;[39m
&amp#27;[35m[HTTP]&amp#27;[39m &amp#27;[90m&amp#27;[39m
&amp#27;[35m[HTTP]&amp#27;[39m &amp#27;[37m-->&amp#27;[39m &amp#27;[37mPOST&amp#27;[39m &amp#27;[37m/wd/hub/session/d1f02816-1d87-4777-afc8-4f179730fc9c/element/018a6c7e-5ce3-4393-a3bb-c3125698395c/value&amp#27;[39m
&amp#27;[35m[HTTP]&amp#27;[39m &amp#27;[90m{"id":"018a6c7e-5ce3-4393-a3bb-c3125698395c","text":"3360","value":["3","3","6","0"]}&amp#27;[39m
[debug] &amp#27;[35m[W3C (d1f02816)]&amp#27;[39m Calling AppiumDriver.setValue() with args: [["3","3","6","0"],"018a6c7e-5ce3-4393-a3bb-c3125698395c","d1f02816-1d87-4777-afc8-4f179730fc9c"]
[debug] &amp#27;[35m[WD Proxy]&amp#27;[39m Matched '/element/018a6c7e-5ce3-4393-a3bb-c3125698395c/value' to command name 'setValue'
[debug] &amp#27;[35m[Protocol Converter]&amp#27;[39m Added 'value' property ["3","3","6","0"] to 'setValue' request body
[debug] &amp#27;[35m[WD Proxy]&amp#27;[39m Proxying [POST /element/018a6c7e-5ce3-4393-a3bb-c3125698395c/value] to [POST http://127.0.0.1:8201/wd/hub/session/c7a18110-6c2e-447a-8c0f-da86dfcdc22c/element/018a6c7e-5ce3-4393-a3bb-c3125698395c/value] with body: {"elementId":"018a6c7e-5ce3-4393-a3bb-c3125698395c","text":"3360","replace":false,"value":["3","3","6","0"]}
[debug] &amp#27;[35m[WD Proxy]&amp#27;[39m Got response with status 200: {"sessionId":"c7a18110-6c2e-447a-8c0f-da86dfcdc22c","value":null}
[debug] &amp#27;[35m[W3C (d1f02816)]&amp#27;[39m Responding to client with driver.setValue() result: null
&amp#27;[35m[HTTP]&amp#27;[39m &amp#27;[37m<-- POST /wd/hub/session/d1f02816-1d87-4777-afc8-4f179730fc9c/element/018a6c7e-5ce3-4393-a3bb-c3125698395c/value &amp#27;[39m&amp#27;[32m200&amp#27;[39m &amp#27;[90m877 ms - 14&amp#27;[39m
&amp#27;[35m[HTTP]&amp#27;[39m &amp#27;[90m&amp#27;[39m
&amp#27;[35m[HTTP]&amp#27;[39m &amp#27;[37m-->&amp#27;[39m &amp#27;[37mPOST&amp#27;[39m &amp#27;[37m/wd/hub/session/d1f02816-1d87-4777-afc8-4f179730fc9c/element&amp#27;[39m
&amp#27;[35m[HTTP]&amp#27;[39m &amp#27;[90m{"using":"id","value":"com.turnkeyafrica.agencify:id/checkBox"}&amp#27;[39m
[debug] &amp#27;[35m[W3C (d1f02816)]&amp#27;[39m Calling AppiumDriver.findElement() with args: ["id","com.turnkeyafrica.agencify:id/checkBox","d1f02816-1d87-4777-afc8-4f179730fc9c"]
[debug] &amp#27;[35m[BaseDriver]&amp#27;[39m Valid locator strategies for this request: xpath, id, class name, accessibility id, css selector, -android uiautomator
[debug] &amp#27;[35m[BaseDriver]&amp#27;[39m Waiting up to 20000 ms for condition
[debug] &amp#27;[35m[WD Proxy]&amp#27;[39m Matched '/element' to command name 'findElement'
[debug] &amp#27;[35m[WD Proxy]&amp#27;[39m Proxying [POST /element] to [POST http://127.0.0.1:8201/wd/hub/session/c7a18110-6c2e-447a-8c0f-da86dfcdc22c/element] with body: {"strategy":"id","selector":"com.turnkeyafrica.agencify:id/checkBox","context":"","multiple":false}
[debug] &amp#27;[35m[WD Proxy]&amp#27;[39m Got response with status 200: {"sessionId":"c7a18110-6c2e-447a-8c0f-da86dfcdc22c","value":{"ELEMENT":"68e64403-1a78-4a1c-a986-0a5f4e971679","element-6066-11e4-a52e-4f735466cecf":"68e64403-1a78-4a1c-a986-0a5f4e971679"}}
[debug] &amp#27;[35m[W3C (d1f02816)]&amp#27;[39m Responding to client with driver.findElement() result: {"element-6066-11e4-a52e-4f735466cecf":"68e64403-1a78-4a1c-a986-0a5f4e971679","ELEMENT":"68e64403-1a78-4a1c-a986-0a5f4e971679"}
&amp#27;[35m[HTTP]&amp#27;[39m &amp#27;[37m<-- POST /wd/hub/session/d1f02816-1d87-4777-afc8-4f179730fc9c/element &amp#27;[39m&amp#27;[32m200&amp#27;[39m &amp#27;[90m1301 ms - 137&amp#27;[39m
&amp#27;[35m[HTTP]&amp#27;[39m &amp#27;[90m&amp#27;[39m
&amp#27;[35m[HTTP]&amp#27;[39m &amp#27;[37m-->&amp#27;[39m &amp#27;[37mPOST&amp#27;[39m &amp#27;[37m/wd/hub/session/d1f02816-1d87-4777-afc8-4f179730fc9c/touch/perform&amp#27;[39m
&amp#27;[35m[HTTP]&amp#27;[39m &amp#27;[90m{"actions":[{"action":"tap","options":{"element":"68e64403-1a78-4a1c-a986-0a5f4e971679"}}]}&amp#27;[39m
[debug] &amp#27;[35m[W3C (d1f02816)]&amp#27;[39m Calling AppiumDriver.performTouch() with args: [[{"action":"tap","options":{"element":"68e64403-1a78-4a1c-a986-0a5f4e971679"}}],"d1f02816-1d87-4777-afc8-4f179730fc9c"]
&amp#27;[35m[UiAutomator2]&amp#27;[39m calling get location: 68e64403-1a78-4a1c-a986-0a5f4e971679
[debug] &amp#27;[35m[WD Proxy]&amp#27;[39m Matched '/element/68e64403-1a78-4a1c-a986-0a5f4e971679/location' to command name 'getLocation'
[debug] &amp#27;[35m[WD Proxy]&amp#27;[39m Proxying [GET /element/68e64403-1a78-4a1c-a986-0a5f4e971679/location] to [GET http://127.0.0.1:8201/wd/hub/session/c7a18110-6c2e-447a-8c0f-da86dfcdc22c/element/68e64403-1a78-4a1c-a986-0a5f4e971679/location] with no body
[debug] &amp#27;[35m[WD Proxy]&amp#27;[39m Got response with status 200: {"sessionId":"c7a18110-6c2e-447a-8c0f-da86dfcdc22c","value":{"x":16,"y":665}}
[debug] &amp#27;[35m[WD Proxy]&amp#27;[39m Matched '/element/68e64403-1a78-4a1c-a986-0a5f4e971679/size' to command name 'getSize'
[debug] &amp#27;[35m[WD Proxy]&amp#27;[39m Proxying [GET /element/68e64403-1a78-4a1c-a986-0a5f4e971679/size] to [GET http://127.0.0.1:8201/wd/hub/session/c7a18110-6c2e-447a-8c0f-da86dfcdc22c/element/68e64403-1a78-4a1c-a986-0a5f4e971679/size] with no body
[debug] &amp#27;[35m[WD Proxy]&amp#27;[39m Got response with status 200: {"sessionId":"c7a18110-6c2e-447a-8c0f-da86dfcdc22c","value":{"height":96,"width":96}}
[debug] &amp#27;[35m[WD Proxy]&amp#27;[39m Proxying [POST /appium/tap] to [POST http://127.0.0.1:8201/wd/hub/session/c7a18110-6c2e-447a-8c0f-da86dfcdc22c/appium/tap] with body: {"x":64,"y":713,"undefined":null}
[debug] &amp#27;[35m[WD Proxy]&amp#27;[39m Got response with status 200: {"sessionId":"c7a18110-6c2e-447a-8c0f-da86dfcdc22c","value":null}
[debug] &amp#27;[35m[W3C (d1f02816)]&amp#27;[39m Responding to client with driver.performTouch() result: null
&amp#27;[35m[HTTP]&amp#27;[39m &amp#27;[37m<-- POST /wd/hub/session/d1f02816-1d87-4777-afc8-4f179730fc9c/touch/perform &amp#27;[39m&amp#27;[32m200&amp#27;[39m &amp#27;[90m931 ms - 14&amp#27;[39m
&amp#27;[35m[HTTP]&amp#27;[39m &amp#27;[90m&amp#27;[39m
&amp#27;[35m[HTTP]&amp#27;[39m &amp#27;[37m-->&amp#27;[39m &amp#27;[37mGET&amp#27;[39m &amp#27;[37m/wd/hub/session/d1f02816-1d87-4777-afc8-4f179730fc9c/context&amp#27;[39m
&amp#27;[35m[HTTP]&amp#27;[39m &amp#27;[90m{}&amp#27;[39m
[debug] &amp#27;[35m[W3C (d1f02816)]&amp#27;[39m Calling AppiumDriver.getCurrentContext() with args: ["d1f02816-1d87-4777-afc8-4f179730fc9c"]
[debug] &amp#27;[35m[W3C (d1f02816)]&amp#27;[39m Responding to client with driver.getCurrentContext() result: "NATIVE_APP"
&amp#27;[35m[HTTP]&amp#27;[39m &amp#27;[37m<-- GET /wd/hub/session/d1f02816-1d87-4777-afc8-4f179730fc9c/context &amp#27;[39m&amp#27;[32m200&amp#27;[39m &amp#27;[90m4 ms - 22&amp#27;[39m
&amp#27;[35m[HTTP]&amp#27;[39m &amp#27;[90m&amp#27;[39m
&amp#27;[35m[HTTP]&amp#27;[39m &amp#27;[37m-->&amp#27;[39m &amp#27;[37mPOST&amp#27;[39m &amp#27;[37m/wd/hub/session/d1f02816-1d87-4777-afc8-4f179730fc9c/element&amp#27;[39m
&amp#27;[35m[HTTP]&amp#27;[39m &amp#27;[90m{"using":"id","value":"com.turnkeyafrica.agencify:id/btn_sign_up"}&amp#27;[39m
[debug] &amp#27;[35m[W3C (d1f02816)]&amp#27;[39m Calling AppiumDriver.findElement() with args: ["id","com.turnkeyafrica.agencify:id/btn_sign_up","d1f02816-1d87-4777-afc8-4f179730fc9c"]
[debug] &amp#27;[35m[BaseDriver]&amp#27;[39m Valid locator strategies for this request: xpath, id, class name, accessibility id, css selector, -android uiautomator
[debug] &amp#27;[35m[BaseDriver]&amp#27;[39m Waiting up to 20000 ms for condition
[debug] &amp#27;[35m[WD Proxy]&amp#27;[39m Matched '/element' to command name 'findElement'
[debug] &amp#27;[35m[WD Proxy]&amp#27;[39m Proxying [POST /element] to [POST http://127.0.0.1:8201/wd/hub/session/c7a18110-6c2e-447a-8c0f-da86dfcdc22c/element] with body: {"strategy":"id","selector":"com.turnkeyafrica.agencify:id/btn_sign_up","context":"","multiple":false}
[debug] &amp#27;[35m[WD Proxy]&amp#27;[39m Got response with status 200: {"sessionId":"c7a18110-6c2e-447a-8c0f-da86dfcdc22c","value":{"ELEMENT":"4c6fbd24-654f-46df-84f0-3edd21670f66","element-6066-11e4-a52e-4f735466cecf":"4c6fbd24-654f-46df-84f0-3edd21670f66"}}
[debug] &amp#27;[35m[W3C (d1f02816)]&amp#27;[39m Responding to client with driver.findElement() result: {"element-6066-11e4-a52e-4f735466cecf":"4c6fbd24-654f-46df-84f0-3edd21670f66","ELEMENT":"4c6fbd24-654f-46df-84f0-3edd21670f66"}
&amp#27;[35m[HTTP]&amp#27;[39m &amp#27;[37m<-- POST /wd/hub/session/d1f02816-1d87-4777-afc8-4f179730fc9c/element &amp#27;[39m&amp#27;[32m200&amp#27;[39m &amp#27;[90m978 ms - 137&amp#27;[39m
&amp#27;[35m[HTTP]&amp#27;[39m &amp#27;[90m&amp#27;[39m
&amp#27;[35m[HTTP]&amp#27;[39m &amp#27;[37m-->&amp#27;[39m &amp#27;[37mPOST&amp#27;[39m &amp#27;[37m/wd/hub/session/d1f02816-1d87-4777-afc8-4f179730fc9c/element/4c6fbd24-654f-46df-84f0-3edd21670f66/click&amp#27;[39m
&amp#27;[35m[HTTP]&amp#27;[39m &amp#27;[90m{"id":"4c6fbd24-654f-46df-84f0-3edd21670f66"}&amp#27;[39m
[debug] &amp#27;[35m[W3C (d1f02816)]&amp#27;[39m Calling AppiumDriver.click() with args: ["4c6fbd24-654f-46df-84f0-3edd21670f66","d1f02816-1d87-4777-afc8-4f179730fc9c"]
[debug] &amp#27;[35m[WD Proxy]&amp#27;[39m Matched '/element/4c6fbd24-654f-46df-84f0-3edd21670f66/click' to command name 'click'
[debug] &amp#27;[35m[WD Proxy]&amp#27;[39m Proxying [POST /element/4c6fbd24-654f-46df-84f0-3edd21670f66/click] to [POST http://127.0.0.1:8201/wd/hub/session/c7a18110-6c2e-447a-8c0f-da86dfcdc22c/element/4c6fbd24-654f-46df-84f0-3edd21670f66/click] with body: {"element":"4c6fbd24-654f-46df-84f0-3edd21670f66"}
[debug] &amp#27;[35m[WD Proxy]&amp#27;[39m Got response with status 200: {"sessionId":"c7a18110-6c2e-447a-8c0f-da86dfcdc22c","value":null}
[debug] &amp#27;[35m[W3C (d1f02816)]&amp#27;[39m Responding to client with driver.click() result: null
&amp#27;[35m[HTTP]&amp#27;[39m &amp#27;[37m<-- POST /wd/hub/session/d1f02816-1d87-4777-afc8-4f179730fc9c/element/4c6fbd24-654f-46df-84f0-3edd21670f66/click &amp#27;[39m&amp#27;[32m200&amp#27;[39m &amp#27;[90m74 ms - 14&amp#27;[39m
&amp#27;[35m[HTTP]&amp#27;[39m &amp#27;[90m&amp#27;[39m
&amp#27;[35m[HTTP]&amp#27;[39m &amp#27;[37m-->&amp#27;[39m &amp#27;[37mGET&amp#27;[39m &amp#27;[37m/wd/hub/session/d1f02816-1d87-4777-afc8-4f179730fc9c/context&amp#27;[39m
&amp#27;[35m[HTTP]&amp#27;[39m &amp#27;[90m{}&amp#27;[39m
[debug] &amp#27;[35m[W3C (d1f02816)]&amp#27;[39m Calling AppiumDriver.getCurrentContext() with args: ["d1f02816-1d87-4777-afc8-4f179730fc9c"]
[debug] &amp#27;[35m[W3C (d1f02816)]&amp#27;[39m Responding to client with driver.getCurrentContext() result: "NATIVE_APP"
&amp#27;[35m[HTTP]&amp#27;[39m &amp#27;[37m<-- GET /wd/hub/session/d1f02816-1d87-4777-afc8-4f179730fc9c/context &amp#27;[39m&amp#27;[32m200&amp#27;[39m &amp#27;[90m3 ms - 22&amp#27;[39m
&amp#27;[35m[HTTP]&amp#27;[39m &amp#27;[90m&amp#27;[39m
&amp#27;[35m[HTTP]&amp#27;[39m &amp#27;[37m-->&amp#27;[39m &amp#27;[37mPOST&amp#27;[39m &amp#27;[37m/wd/hub/session/d1f02816-1d87-4777-afc8-4f179730fc9c/element&amp#27;[39m
&amp#27;[35m[HTTP]&amp#27;[39m &amp#27;[90m{"using":"id","value":"com.turnkeyafrica.agencify:id/textinput_error"}&amp#27;[39m
[debug] &amp#27;[35m[W3C (d1f02816)]&amp#27;[39m Calling AppiumDriver.findElement() with args: ["id","com.turnkeyafrica.agencify:id/textinput_error","d1f02816-1d87-4777-afc8-4f179730fc9c"]
[debug] &amp#27;[35m[BaseDriver]&amp#27;[39m Valid locator strategies for this request: xpath, id, class name, accessibility id, css selector, -android uiautomator
[debug] &amp#27;[35m[BaseDriver]&amp#27;[39m Waiting up to 20000 ms for condition
[debug] &amp#27;[35m[WD Proxy]&amp#27;[39m Matched '/element' to command name 'findElement'
[debug] &amp#27;[35m[WD Proxy]&amp#27;[39m Proxying [POST /element] to [POST http://127.0.0.1:8201/wd/hub/session/c7a18110-6c2e-447a-8c0f-da86dfcdc22c/element] with body: {"strategy":"id","selector":"com.turnkeyafrica.agencify:id/textinput_error","context":"","multiple":false}
[debug] &amp#27;[35m[WD Proxy]&amp#27;[39m Got response with status 200: {"sessionId":"c7a18110-6c2e-447a-8c0f-da86dfcdc22c","value":{"ELEMENT":"6865e147-cf0c-460f-976f-f07997313662","element-6066-11e4-a52e-4f735466cecf":"6865e147-cf0c-460f-976f-f07997313662"}}
[debug] &amp#27;[35m[W3C (d1f02816)]&amp#27;[39m Responding to client with driver.findElement() result: {"element-6066-11e4-a52e-4f735466cecf":"6865e147-cf0c-460f-976f-f07997313662","ELEMENT":"6865e147-cf0c-460f-976f-f07997313662"}
&amp#27;[35m[HTTP]&amp#27;[39m &amp#27;[37m<-- POST /wd/hub/session/d1f02816-1d87-4777-afc8-4f179730fc9c/element &amp#27;[39m&amp#27;[32m200&amp#27;[39m &amp#27;[90m963 ms - 137&amp#27;[39m
&amp#27;[35m[HTTP]&amp#27;[39m &amp#27;[90m&amp#27;[39m
&amp#27;[35m[HTTP]&amp#27;[39m &amp#27;[37m-->&amp#27;[39m &amp#27;[37mGET&amp#27;[39m &amp#27;[37m/wd/hub/session/d1f02816-1d87-4777-afc8-4f179730fc9c/element/6865e147-cf0c-460f-976f-f07997313662/text&amp#27;[39m
&amp#27;[35m[HTTP]&amp#27;[39m &amp#27;[90m{}&amp#27;[39m
&amp#27;[35m[W3C (d1f02816)]&amp#27;[39m Driver proxy active, passing request on via HTTP proxy
[debug] &amp#27;[35m[WD Proxy]&amp#27;[39m Matched '/wd/hub/session/d1f02816-1d87-4777-afc8-4f179730fc9c/element/6865e147-cf0c-460f-976f-f07997313662/text' to command name 'getText'
[debug] &amp#27;[35m[WD Proxy]&amp#27;[39m Proxying [GET /wd/hub/session/d1f02816-1d87-4777-afc8-4f179730fc9c/element/6865e147-cf0c-460f-976f-f07997313662/text] to [GET http://127.0.0.1:8201/wd/hub/session/c7a18110-6c2e-447a-8c0f-da86dfcdc22c/element/6865e147-cf0c-460f-976f-f07997313662/text] with no body
[debug] &amp#27;[35m[WD Proxy]&amp#27;[39m Got response with status 200: {"sessionId":"c7a18110-6c2e-447a-8c0f-da86dfcdc22c","value":"Password must be at least 8 characters"}
&amp#27;[35m[WD Proxy]&amp#27;[39m Replacing sessionId c7a18110-6c2e-447a-8c0f-da86dfcdc22c with d1f02816-1d87-4777-afc8-4f179730fc9c
&amp#27;[35m[HTTP]&amp#27;[39m &amp#27;[37m<-- GET /wd/hub/session/d1f02816-1d87-4777-afc8-4f179730fc9c/element/6865e147-cf0c-460f-976f-f07997313662/text &amp#27;[39m&amp#27;[32m200&amp#27;[39m &amp#27;[90m831 ms - 101&amp#27;[39m
&amp#27;[35m[HTTP]&amp#27;[39m &amp#27;[90m&amp#27;[39m
&amp#27;[35m[HTTP]&amp#27;[39m &amp#27;[37m-->&amp#27;[39m &amp#27;[37mGET&amp#27;[39m &amp#27;[37m/wd/hub/status&amp#27;[39m
&amp#27;[35m[HTTP]&amp#27;[39m &amp#27;[90m{}&amp#27;[39m
[debug] &amp#27;[35m[GENERIC]&amp#27;[39m Calling AppiumDriver.getStatus() with args: []
[debug] &amp#27;[35m[GENERIC]&amp#27;[39m Responding to client with driver.getStatus() result: {"build":{"version":"1.21.0"}}
&amp#27;[35m[HTTP]&amp#27;[39m &amp#27;[37m<-- GET /wd/hub/status &amp#27;[39m&amp#27;[32m200&amp#27;[39m &amp#27;[90m2 ms - 68&amp#27;[39m
&amp#27;[35m[HTTP]&amp#27;[39m &amp#27;[90m&amp#27;[39m
]]></system-out>
    <system-err><![CDATA[Sep 13, 2021 2:55:12 PM io.appium.java_client.remote.AppiumCommandExecutor$1 lambda$0
INFO: Detected dialect: W3C
[main] WARN io.appium.java_client.service.local.AppiumDriverLocalService - No explicit timeout could be applied to the process termination
java.lang.NullPointerException
	at io.appium.java_client.service.local.AppiumDriverLocalService.destroyProcess(AppiumDriverLocalService.java:219)
	at io.appium.java_client.service.local.AppiumDriverLocalService.destroyProcess(AppiumDriverLocalService.java:234)
	at io.appium.java_client.service.local.AppiumDriverLocalService.stop(AppiumDriverLocalService.java:186)
	at Agencify.SignUp.SignUpWithWithShortPassWord(SignUp.java:97)
	at sun.reflect.NativeMethodAccessorImpl.invoke0(Native Method)
	at sun.reflect.NativeMethodAccessorImpl.invoke(NativeMethodAccessorImpl.java:62)
	at sun.reflect.DelegatingMethodAccessorImpl.invoke(DelegatingMethodAccessorImpl.java:43)
	at java.lang.reflect.Method.invoke(Method.java:498)
	at org.testng.internal.MethodInvocationHelper.invokeMethod(MethodInvocationHelper.java:124)
	at org.testng.internal.Invoker.invokeMethod(Invoker.java:583)
	at org.testng.internal.Invoker.invokeTestMethod(Invoker.java:719)
	at org.testng.internal.Invoker.invokeTestMethods(Invoker.java:989)
	at org.testng.internal.TestMethodWorker.invokeTestMethods(TestMethodWorker.java:125)
	at org.testng.internal.TestMethodWorker.run(TestMethodWorker.java:109)
	at org.testng.TestRunner.privateRun(TestRunner.java:648)
	at org.testng.TestRunner.run(TestRunner.java:505)
	at org.testng.SuiteRunner.runTest(SuiteRunner.java:455)
	at org.testng.SuiteRunner.runSequentially(SuiteRunner.java:450)
	at org.testng.SuiteRunner.privateRun(SuiteRunner.java:415)
	at org.testng.SuiteRunner.run(SuiteRunner.java:364)
	at org.testng.SuiteRunnerWorker.runSuite(SuiteRunnerWorker.java:52)
	at org.testng.SuiteRunnerWorker.run(SuiteRunnerWorker.java:84)
	at org.testng.TestNG.runSuitesSequentially(TestNG.java:1208)
	at org.testng.TestNG.runSuitesLocally(TestNG.java:1137)
	at org.testng.TestNG.runSuites(TestNG.java:1049)
	at org.testng.TestNG.run(TestNG.java:1017)
	at org.apache.maven.surefire.testng.TestNGExecutor.run(TestNGExecutor.java:284)
	at org.apache.maven.surefire.testng.TestNGXmlTestSuite.execute(TestNGXmlTestSuite.java:75)
	at org.apache.maven.surefire.testng.TestNGProvider.invoke(TestNGProvider.java:119)
	at org.apache.maven.surefire.booter.ForkedBooter.runSuitesInProcess(ForkedBooter.java:428)
	at org.apache.maven.surefire.booter.ForkedBooter.execute(ForkedBooter.java:162)
	at org.apache.maven.surefire.booter.ForkedBooter.run(ForkedBooter.java:562)
	at org.apache.maven.surefire.booter.ForkedBooter.main(ForkedBooter.java:548)
]]></system-err>
  </testcase>
</testsuite>