<?xml version="1.0" encoding="UTF-8"?>
<!-- Generated by org.testng.reporters.JUnitReportReporter -->
<testsuite skipped="0" hostname="DESKTOP-20S6TDS" name="org.example.AppTest" tests="1" failures="0" timestamp="13 Sep 2021 10:29:06 GMT" time="0.010" errors="0">
  <testcase name="shouldAnswerWithTrue" time="0.010" classname="org.example.AppTest"/>
</testsuite> <!-- org.example.AppTest -->
